{"numFailedTestSuites":1,"numFailedTests":1,"numPassedTestSuites":9,"numPassedTests":242,"numPendingTestSuites":0,"numPendingTests":0,"numRuntimeErrorTestSuites":0,"numTodoTests":0,"numTotalTestSuites":10,"numTotalTests":243,"openHandles":[],"snapshot":{"added":0,"didUpdate":false,"failure":false,"filesAdded":0,"filesRemoved":0,"filesRemovedList":[],"filesUnmatched":0,"filesUpdated":0,"matched":0,"total":0,"unchecked":0,"uncheckedKeysByFile":[],"unmatched":0,"updated":0},"startTime":1772462089066,"success":false,"testResults":[{"assertionResults":[{"ancestorTitles":["main bootstrap"],"duration":727,"failing":false,"failureDetails":[],"failureMessages":[],"fullName":"main bootstrap should initialize app with middleware and swagger","invocations":1,"location":null,"numPassingAsserts":6,"retryReasons":[],"startAt":1772462089527,"status":"passed","title":"should initialize app with middleware and swagger"},{"ancestorTitles":["main bootstrap"],"duration":68,"failing":false,"failureDetails":[{"matcherResult":{"message":"expect(received).toBeInstanceOf(expected)\n\nExpected constructor: Error\n\nReceived value has no prototype\nReceived value: undefined","pass":false}},{}],"failureMessages":["Error: expect(received).toBeInstanceOf(expected)\n\nExpected constructor: Error\n\nReceived value has no prototype\nReceived value: undefined\n    at Object.<anonymous> (C:\\Users\\user\\Documents\\projects\\order_friends\\src\\main.spec.ts:150:32)","Error: Missing required environment variables in production: TOSS_SECRET_KEY, JWT_SECRET\n    at validateEnvironment (C:\\Users\\user\\Documents\\projects\\order_friends\\src\\main.ts:31:13)\n    at bootstrap (C:\\Users\\user\\Documents\\projects\\order_friends\\src\\main.ts:58:3)\n    at Object.<anonymous> (C:\\Users\\user\\Documents\\projects\\order_friends\\src\\main.ts:181:6)\n    at Runtime._execModule (C:\\Users\\user\\Documents\\projects\\order_friends\\node_modules\\jest-runtime\\build\\index.js:1268:24)\n    at Runtime._loadModule (C:\\Users\\user\\Documents\\projects\\order_friends\\node_modules\\jest-runtime\\build\\index.js:944:12)\n    at Runtime.requireModule (C:\\Users\\user\\Documents\\projects\\order_friends\\node_modules\\jest-runtime\\build\\index.js:832:12)\n    at Runtime.requireActual (C:\\Users\\user\\Documents\\projects\\order_friends\\node_modules\\jest-runtime\\build\\index.js:859:17)\n    at Object.requireActual (C:\\Users\\user\\Documents\\projects\\order_friends\\node_modules\\jest-runtime\\build\\index.js:1780:41)\n    at C:\\Users\\user\\Documents\\projects\\order_friends\\src\\main.spec.ts:90:17\n    at Runtime.isolateModules (C:\\Users\\user\\Documents\\projects\\order_friends\\node_modules\\jest-runtime\\build\\index.js:986:7)\n    at Object.isolateModules (C:\\Users\\user\\Documents\\projects\\order_friends\\node_modules\\jest-runtime\\build\\index.js:1705:12)\n    at runMain (C:\\Users\\user\\Documents\\projects\\order_friends\\src\\main.spec.ts:83:10)\n    at Object.<anonymous> (C:\\Users\\user\\Documents\\projects\\order_friends\\src\\main.spec.ts:147:59)\n    at Promise.finally.completed (C:\\Users\\user\\Documents\\projects\\order_friends\\node_modules\\jest-circus\\build\\jestAdapterInit.js:1557:28)\n    at new Promise (<anonymous>)\n    at callAsyncCircusFn (C:\\Users\\user\\Documents\\projects\\order_friends\\node_modules\\jest-circus\\build\\jestAdapterInit.js:1497:10)\n    at _callCircusTest (C:\\Users\\user\\Documents\\projects\\order_friends\\node_modules\\jest-circus\\build\\jestAdapterInit.js:1007:40)\n    at _runTest (C:\\Users\\user\\Documents\\projects\\order_friends\\node_modules\\jest-circus\\build\\jestAdapterInit.js:947:3)\n    at C:\\Users\\user\\Documents\\projects\\order_friends\\node_modules\\jest-circus\\build\\jestAdapterInit.js:849:7\n    at _runTestsForDescribeBlock (C:\\Users\\user\\Documents\\projects\\order_friends\\node_modules\\jest-circus\\build\\jestAdapterInit.js:862:11)\n    at _runTestsForDescribeBlock (C:\\Users\\user\\Documents\\projects\\order_friends\\node_modules\\jest-circus\\build\\jestAdapterInit.js:857:11)\n    at run (C:\\Users\\user\\Documents\\projects\\order_friends\\node_modules\\jest-circus\\build\\jestAdapterInit.js:761:3)\n    at runAndTransformResultsToJestFormat (C:\\Users\\user\\Documents\\projects\\order_friends\\node_modules\\jest-circus\\build\\jestAdapterInit.js:1918:21)\n    at jestAdapter (C:\\Users\\user\\Documents\\projects\\order_friends\\node_modules\\jest-circus\\build\\runner.js:101:19)\n    at runTestInternal (C:\\Users\\user\\Documents\\projects\\order_friends\\node_modules\\jest-runner\\build\\index.js:275:16)\n    at runTest (C:\\Users\\user\\Documents\\projects\\order_friends\\node_modules\\jest-runner\\build\\index.js:343:7)"],"fullName":"main bootstrap should throw in production when required env vars are missing","invocations":1,"location":null,"numPassingAsserts":1,"retryReasons":[],"startAt":1772462090255,"status":"failed","title":"should throw in production when required env vars are missing"},{"ancestorTitles":["main bootstrap"],"duration":77,"failing":false,"failureDetails":[],"failureMessages":[],"fullName":"main bootstrap should start successfully in production when all required env vars are set","invocations":1,"location":null,"numPassingAsserts":1,"retryReasons":[],"startAt":1772462090332,"status":"passed","title":"should start successfully in production when all required env vars are set"},{"ancestorTitles":["main bootstrap"],"duration":67,"failing":false,"failureDetails":[],"failureMessages":[],"fullName":"main bootstrap should allow and block cors origins","invocations":1,"location":null,"numPassingAsserts":6,"retryReasons":[],"startAt":1772462090409,"status":"passed","title":"should allow and block cors origins"}],"endTime":1772462090489,"message":"  ● main bootstrap › should throw in production when required env vars are missing\n\n    expect(received).toBeInstanceOf(expected)\n\n    Expected constructor: Error\n\n    Received value has no prototype\n    Received value: undefined\n\n    \u001b[0m \u001b[90m 148 |\u001b[39m\n     \u001b[90m 149 |\u001b[39m     expect(nestFactoryMock\u001b[33m.\u001b[39mcreate)\u001b[33m.\u001b[39mnot\u001b[33m.\u001b[39mtoHaveBeenCalled()\u001b[33m;\u001b[39m\n    \u001b[31m\u001b[1m>\u001b[22m\u001b[39m\u001b[90m 150 |\u001b[39m     expect(unhandledRejection)\u001b[33m.\u001b[39mtoBeInstanceOf(\u001b[33mError\u001b[39m)\u001b[33m;\u001b[39m\n     \u001b[90m     |\u001b[39m                                \u001b[31m\u001b[1m^\u001b[22m\u001b[39m\n     \u001b[90m 151 |\u001b[39m     expect((unhandledRejection \u001b[36mas\u001b[39m \u001b[33mError\u001b[39m)\u001b[33m.\u001b[39mmessage)\u001b[33m.\u001b[39mtoContain(\n     \u001b[90m 152 |\u001b[39m       \u001b[32m'Missing required environment variables in production'\u001b[39m\u001b[33m,\u001b[39m\n     \u001b[90m 153 |\u001b[39m     )\u001b[33m;\u001b[39m\u001b[0m\n\n      at Object.<anonymous> (main.spec.ts:150:32)\n\n  ● main bootstrap › should throw in production when required env vars are missing\n\n    Missing required environment variables in production: TOSS_SECRET_KEY, JWT_SECRET\n\n    \u001b[0m \u001b[90m 29 |\u001b[39m\n     \u001b[90m 30 |\u001b[39m     \u001b[36mif\u001b[39m (missingVars\u001b[33m.\u001b[39mlength \u001b[33m>\u001b[39m \u001b[35m0\u001b[39m) {\n    \u001b[31m\u001b[1m>\u001b[22m\u001b[39m\u001b[90m 31 |\u001b[39m       \u001b[36mthrow\u001b[39m \u001b[36mnew\u001b[39m \u001b[33mError\u001b[39m(\n     \u001b[90m    |\u001b[39m             \u001b[31m\u001b[1m^\u001b[22m\u001b[39m\n     \u001b[90m 32 |\u001b[39m         \u001b[32m`Missing required environment variables in production: ${missingVars.join(', ')}`\u001b[39m\u001b[33m,\u001b[39m\n     \u001b[90m 33 |\u001b[39m       )\u001b[33m;\u001b[39m\n     \u001b[90m 34 |\u001b[39m     }\u001b[0m\n\n      at validateEnvironment (main.ts:31:13)\n      at bootstrap (main.ts:58:3)\n      at Object.<anonymous> (main.ts:181:6)\n      at main.spec.ts:90:17\n      at runMain (main.spec.ts:83:10)\n      at Object.<anonymous> (main.spec.ts:147:59)\n","name":"C:\\Users\\user\\Documents\\projects\\order_friends\\src\\main.spec.ts","startTime":1772462089291,"status":"failed","summary":""},{"assertionResults":[{"ancestorTitles":["PaymentsService"],"duration":1,"failing":false,"failureDetails":[],"failureMessages":[],"fullName":"PaymentsService isUuid should validate","invocations":1,"location":null,"numPassingAsserts":2,"retryReasons":[],"startAt":1772462090835,"status":"passed","title":"isUuid should validate"},{"ancestorTitles":["PaymentsService"],"duration":1,"failing":false,"failureDetails":[],"failureMessages":[],"fullName":"PaymentsService constructor should honor timeout and mock mode env","invocations":1,"location":null,"numPassingAsserts":4,"retryReasons":[],"startAt":1772462090837,"status":"passed","title":"constructor should honor timeout and mock mode env"},{"ancestorTitles":["PaymentsService"],"duration":1,"failing":false,"failureDetails":[],"failureMessages":[],"fullName":"PaymentsService constructor should use explicit secrets and base url","invocations":1,"location":null,"numPassingAsserts":6,"retryReasons":[],"startAt":1772462090838,"status":"passed","title":"constructor should use explicit secrets and base url"},{"ancestorTitles":["PaymentsService"],"duration":0,"failing":false,"failureDetails":[],"failureMessages":[],"fullName":"PaymentsService resolveOrderId should resolve uuid with branch filter","invocations":1,"location":null,"numPassingAsserts":2,"retryReasons":[],"startAt":1772462090839,"status":"passed","title":"resolveOrderId should resolve uuid with branch filter"},{"ancestorTitles":["PaymentsService"],"duration":0,"failing":false,"failureDetails":[],"failureMessages":[],"fullName":"PaymentsService resolveOrderId should return null when no branch filter and no match","invocations":1,"location":null,"numPassingAsserts":2,"retryReasons":[],"startAt":1772462090840,"status":"passed","title":"resolveOrderId should return null when no branch filter and no match"},{"ancestorTitles":["PaymentsService"],"duration":1,"failing":false,"failureDetails":[],"failureMessages":[],"fullName":"PaymentsService getOrderForPayment should throw when order is missing","invocations":1,"location":null,"numPassingAsserts":1,"retryReasons":[],"startAt":1772462090840,"status":"passed","title":"getOrderForPayment should throw when order is missing"},{"ancestorTitles":["PaymentsService"],"duration":29,"failing":false,"failureDetails":[],"failureMessages":[],"fullName":"PaymentsService preparePayment should throw when order not found","invocations":1,"location":null,"numPassingAsserts":1,"retryReasons":[],"startAt":1772462090841,"status":"passed","title":"preparePayment should throw when order not found"},{"ancestorTitles":["PaymentsService"],"duration":0,"failing":false,"failureDetails":[],"failureMessages":[],"fullName":"PaymentsService preparePayment should return details when valid","invocations":1,"location":null,"numPassingAsserts":2,"retryReasons":[],"startAt":1772462090871,"status":"passed","title":"preparePayment should return details when valid"},{"ancestorTitles":["PaymentsService"],"duration":1,"failing":false,"failureDetails":[],"failureMessages":[],"fullName":"PaymentsService preparePayment should build order name for multiple items","invocations":1,"location":null,"numPassingAsserts":1,"retryReasons":[],"startAt":1772462090872,"status":"passed","title":"preparePayment should build order name for multiple items"},{"ancestorTitles":["PaymentsService"],"duration":1,"failing":false,"failureDetails":[],"failureMessages":[],"fullName":"PaymentsService preparePayment should fall back to default names and contact","invocations":1,"location":null,"numPassingAsserts":4,"retryReasons":[],"startAt":1772462090873,"status":"passed","title":"preparePayment should fall back to default names and contact"},{"ancestorTitles":["PaymentsService"],"duration":2,"failing":false,"failureDetails":[],"failureMessages":[],"fullName":"PaymentsService preparePayment should throw on order fetch error","invocations":1,"location":null,"numPassingAsserts":1,"retryReasons":[],"startAt":1772462090874,"status":"passed","title":"preparePayment should throw on order fetch error"},{"ancestorTitles":["PaymentsService"],"duration":1,"failing":false,"failureDetails":[],"failureMessages":[],"fullName":"PaymentsService preparePayment should reject cancelled orders and already paid","invocations":1,"location":null,"numPassingAsserts":2,"retryReasons":[],"startAt":1772462090876,"status":"passed","title":"preparePayment should reject cancelled orders and already paid"},{"ancestorTitles":["PaymentsService"],"duration":1,"failing":false,"failureDetails":[],"failureMessages":[],"fullName":"PaymentsService preparePayment should reject amount mismatch and existing success payment","invocations":1,"location":null,"numPassingAsserts":2,"retryReasons":[],"startAt":1772462090878,"status":"passed","title":"preparePayment should reject amount mismatch and existing success payment"},{"ancestorTitles":["PaymentsService"],"duration":1,"failing":false,"failureDetails":[],"failureMessages":[],"fullName":"PaymentsService confirmPayment should throw when orderId cannot be resolved","invocations":1,"location":null,"numPassingAsserts":1,"retryReasons":[],"startAt":1772462090879,"status":"passed","title":"confirmPayment should throw when orderId cannot be resolved"},{"ancestorTitles":["PaymentsService"],"duration":1,"failing":false,"failureDetails":[],"failureMessages":[],"fullName":"PaymentsService confirmPayment should succeed in mock mode","invocations":1,"location":null,"numPassingAsserts":1,"retryReasons":[],"startAt":1772462090880,"status":"passed","title":"confirmPayment should succeed in mock mode"},{"ancestorTitles":["PaymentsService"],"duration":1,"failing":false,"failureDetails":[],"failureMessages":[],"fullName":"PaymentsService confirmPayment should return existing payment when already paid","invocations":1,"location":null,"numPassingAsserts":2,"retryReasons":[],"startAt":1772462090881,"status":"passed","title":"confirmPayment should return existing payment when already paid"},{"ancestorTitles":["PaymentsService"],"duration":0,"failing":false,"failureDetails":[],"failureMessages":[],"fullName":"PaymentsService confirmPayment should return existing payment for idempotency key","invocations":1,"location":null,"numPassingAsserts":2,"retryReasons":[],"startAt":1772462090882,"status":"passed","title":"confirmPayment should return existing payment for idempotency key"},{"ancestorTitles":["PaymentsService"],"duration":2,"failing":false,"failureDetails":[],"failureMessages":[],"fullName":"PaymentsService confirmPayment should default amount and paidAt for idempotent success","invocations":1,"location":null,"numPassingAsserts":2,"retryReasons":[],"startAt":1772462090883,"status":"passed","title":"confirmPayment should default amount and paidAt for idempotent success"},{"ancestorTitles":["PaymentsService"],"duration":1,"failing":false,"failureDetails":[],"failureMessages":[],"fullName":"PaymentsService confirmPayment should throw when idempotency key used by another order","invocations":1,"location":null,"numPassingAsserts":1,"retryReasons":[],"startAt":1772462090885,"status":"passed","title":"confirmPayment should throw when idempotency key used by another order"},{"ancestorTitles":["PaymentsService"],"duration":1,"failing":false,"failureDetails":[],"failureMessages":[],"fullName":"PaymentsService confirmPayment should throw when idempotency amount mismatches","invocations":1,"location":null,"numPassingAsserts":1,"retryReasons":[],"startAt":1772462090886,"status":"passed","title":"confirmPayment should throw when idempotency amount mismatches"},{"ancestorTitles":["PaymentsService"],"duration":1,"failing":false,"failureDetails":[],"failureMessages":[],"fullName":"PaymentsService confirmPayment should update pending idempotent payment","invocations":1,"location":null,"numPassingAsserts":1,"retryReasons":[],"startAt":1772462090887,"status":"passed","title":"confirmPayment should update pending idempotent payment"},{"ancestorTitles":["PaymentsService"],"duration":1,"failing":false,"failureDetails":[],"failureMessages":[],"fullName":"PaymentsService confirmPayment should reject on amount mismatch","invocations":1,"location":null,"numPassingAsserts":1,"retryReasons":[],"startAt":1772462090888,"status":"passed","title":"confirmPayment should reject on amount mismatch"},{"ancestorTitles":["PaymentsService"],"duration":1,"failing":false,"failureDetails":[],"failureMessages":[],"fullName":"PaymentsService confirmPayment should throw when existing success payment amount mismatches","invocations":1,"location":null,"numPassingAsserts":1,"retryReasons":[],"startAt":1772462090889,"status":"passed","title":"confirmPayment should throw when existing success payment amount mismatches"},{"ancestorTitles":["PaymentsService"],"duration":1,"failing":false,"failureDetails":[],"failureMessages":[],"fullName":"PaymentsService confirmPayment should update existing payment record","invocations":1,"location":null,"numPassingAsserts":1,"retryReasons":[],"startAt":1772462090890,"status":"passed","title":"confirmPayment should update existing payment record"},{"ancestorTitles":["PaymentsService"],"duration":3,"failing":false,"failureDetails":[],"failureMessages":[],"fullName":"PaymentsService confirmPayment should throw provider exception when api fails","invocations":1,"location":null,"numPassingAsserts":1,"retryReasons":[],"startAt":1772462090891,"status":"passed","title":"confirmPayment should throw provider exception when api fails"},{"ancestorTitles":["PaymentsService"],"duration":2,"failing":false,"failureDetails":[],"failureMessages":[],"fullName":"PaymentsService confirmPayment should mark existing payment as failed on provider error","invocations":1,"location":null,"numPassingAsserts":2,"retryReasons":[],"startAt":1772462090894,"status":"passed","title":"confirmPayment should mark existing payment as failed on provider error"},{"ancestorTitles":["PaymentsService"],"duration":2,"failing":false,"failureDetails":[],"failureMessages":[],"fullName":"PaymentsService confirmPayment should store null idempotency key when provider error and existing payment lacks key","invocations":1,"location":null,"numPassingAsserts":2,"retryReasons":[],"startAt":1772462090896,"status":"passed","title":"confirmPayment should store null idempotency key when provider error and existing payment lacks key"},{"ancestorTitles":["PaymentsService"],"duration":1,"failing":false,"failureDetails":[],"failureMessages":[],"fullName":"PaymentsService confirmPayment should update existing payment and throw on update error","invocations":1,"location":null,"numPassingAsserts":1,"retryReasons":[],"startAt":1772462090898,"status":"passed","title":"confirmPayment should update existing payment and throw on update error"},{"ancestorTitles":["PaymentsService"],"duration":1,"failing":false,"failureDetails":[],"failureMessages":[],"fullName":"PaymentsService confirmPayment should throw when secret key missing in production","invocations":1,"location":null,"numPassingAsserts":1,"retryReasons":[],"startAt":1772462090899,"status":"passed","title":"confirmPayment should throw when secret key missing in production"},{"ancestorTitles":["PaymentsService"],"duration":0,"failing":false,"failureDetails":[],"failureMessages":[],"fullName":"PaymentsService confirmPayment should succeed with real API response","invocations":1,"location":null,"numPassingAsserts":1,"retryReasons":[],"startAt":1772462090900,"status":"passed","title":"confirmPayment should succeed with real API response"},{"ancestorTitles":["PaymentsService"],"duration":1,"failing":false,"failureDetails":[],"failureMessages":[],"fullName":"PaymentsService confirmPayment should use dto paymentKey when provider response lacks key","invocations":1,"location":null,"numPassingAsserts":1,"retryReasons":[],"startAt":1772462090901,"status":"passed","title":"confirmPayment should use dto paymentKey when provider response lacks key"},{"ancestorTitles":["PaymentsService"],"duration":1,"failing":false,"failureDetails":[],"failureMessages":[],"fullName":"PaymentsService confirmPayment should throw when insert fails","invocations":1,"location":null,"numPassingAsserts":1,"retryReasons":[],"startAt":1772462090902,"status":"passed","title":"confirmPayment should throw when insert fails"},{"ancestorTitles":["PaymentsService"],"duration":1,"failing":false,"failureDetails":[],"failureMessages":[],"fullName":"PaymentsService confirmPayment should return idempotent payment on unique constraint","invocations":1,"location":null,"numPassingAsserts":2,"retryReasons":[],"startAt":1772462090903,"status":"passed","title":"confirmPayment should return idempotent payment on unique constraint"},{"ancestorTitles":["PaymentsService"],"duration":0,"failing":false,"failureDetails":[],"failureMessages":[],"fullName":"PaymentsService getPaymentStatus should throw when payment missing","invocations":1,"location":null,"numPassingAsserts":1,"retryReasons":[],"startAt":1772462090904,"status":"passed","title":"getPaymentStatus should throw when payment missing"},{"ancestorTitles":["PaymentsService"],"duration":0,"failing":false,"failureDetails":[],"failureMessages":[],"fullName":"PaymentsService getPaymentStatus should throw on fetch error","invocations":1,"location":null,"numPassingAsserts":1,"retryReasons":[],"startAt":1772462090905,"status":"passed","title":"getPaymentStatus should throw on fetch error"},{"ancestorTitles":["PaymentsService"],"duration":0,"failing":false,"failureDetails":[],"failureMessages":[],"fullName":"PaymentsService getPaymentStatus should return status when payment exists","invocations":1,"location":null,"numPassingAsserts":3,"retryReasons":[],"startAt":1772462090906,"status":"passed","title":"getPaymentStatus should return status when payment exists"},{"ancestorTitles":["PaymentsService"],"duration":0,"failing":false,"failureDetails":[],"failureMessages":[],"fullName":"PaymentsService getPaymentStatus should throw when order id cannot be resolved","invocations":1,"location":null,"numPassingAsserts":1,"retryReasons":[],"startAt":1772462090907,"status":"passed","title":"getPaymentStatus should throw when order id cannot be resolved"},{"ancestorTitles":["PaymentsService"],"duration":1,"failing":false,"failureDetails":[],"failureMessages":[],"fullName":"PaymentsService getPaymentStatus should map defaults when nullable fields are missing","invocations":1,"location":null,"numPassingAsserts":2,"retryReasons":[],"startAt":1772462090907,"status":"passed","title":"getPaymentStatus should map defaults when nullable fields are missing"},{"ancestorTitles":["PaymentsService"],"duration":1,"failing":false,"failureDetails":[],"failureMessages":[],"fullName":"PaymentsService getPayments should return paginated list","invocations":1,"location":null,"numPassingAsserts":2,"retryReasons":[],"startAt":1772462090909,"status":"passed","title":"getPayments should return paginated list"},{"ancestorTitles":["PaymentsService"],"duration":1,"failing":false,"failureDetails":[],"failureMessages":[],"fullName":"PaymentsService getPayments should map defaults when join data is missing","invocations":1,"location":null,"numPassingAsserts":3,"retryReasons":[],"startAt":1772462090910,"status":"passed","title":"getPayments should map defaults when join data is missing"},{"ancestorTitles":["PaymentsService"],"duration":1,"failing":false,"failureDetails":[],"failureMessages":[],"fullName":"PaymentsService getPayments should use default pagination and handle missing count","invocations":1,"location":null,"numPassingAsserts":1,"retryReasons":[],"startAt":1772462090911,"status":"passed","title":"getPayments should use default pagination and handle missing count"},{"ancestorTitles":["PaymentsService"],"duration":1,"failing":false,"failureDetails":[],"failureMessages":[],"fullName":"PaymentsService getPayments should throw on error","invocations":1,"location":null,"numPassingAsserts":1,"retryReasons":[],"startAt":1772462090912,"status":"passed","title":"getPayments should throw on error"},{"ancestorTitles":["PaymentsService"],"duration":1,"failing":false,"failureDetails":[],"failureMessages":[],"fullName":"PaymentsService getPaymentDetail should return detail and throw on not found","invocations":1,"location":null,"numPassingAsserts":2,"retryReasons":[],"startAt":1772462090913,"status":"passed","title":"getPaymentDetail should return detail and throw on not found"},{"ancestorTitles":["PaymentsService"],"duration":1,"failing":false,"failureDetails":[],"failureMessages":[],"fullName":"PaymentsService getPaymentDetail should map defaults when nullable fields missing","invocations":1,"location":null,"numPassingAsserts":12,"retryReasons":[],"startAt":1772462090914,"status":"passed","title":"getPaymentDetail should map defaults when nullable fields missing"},{"ancestorTitles":["PaymentsService"],"duration":1,"failing":false,"failureDetails":[],"failureMessages":[],"fullName":"PaymentsService getPaymentDetail should throw on fetch error","invocations":1,"location":null,"numPassingAsserts":1,"retryReasons":[],"startAt":1772462090915,"status":"passed","title":"getPaymentDetail should throw on fetch error"},{"ancestorTitles":["PaymentsService"],"duration":1,"failing":false,"failureDetails":[],"failureMessages":[],"fullName":"PaymentsService refundPayment should throw on fetch error and not found","invocations":1,"location":null,"numPassingAsserts":2,"retryReasons":[],"startAt":1772462090917,"status":"passed","title":"refundPayment should throw on fetch error and not found"},{"ancestorTitles":["PaymentsService"],"duration":0,"failing":false,"failureDetails":[],"failureMessages":[],"fullName":"PaymentsService refundPayment should throw when provider payment key missing in non-mock mode","invocations":1,"location":null,"numPassingAsserts":1,"retryReasons":[],"startAt":1772462090918,"status":"passed","title":"refundPayment should throw when provider payment key missing in non-mock mode"},{"ancestorTitles":["PaymentsService"],"duration":1,"failing":false,"failureDetails":[],"failureMessages":[],"fullName":"PaymentsService refundPayment should throw when secret key is missing in non-mock mode","invocations":1,"location":null,"numPassingAsserts":1,"retryReasons":[],"startAt":1772462090918,"status":"passed","title":"refundPayment should throw when secret key is missing in non-mock mode"},{"ancestorTitles":["PaymentsService"],"duration":1,"failing":false,"failureDetails":[],"failureMessages":[],"fullName":"PaymentsService refundPayment should update in non-mock mode","invocations":1,"location":null,"numPassingAsserts":1,"retryReasons":[],"startAt":1772462090919,"status":"passed","title":"refundPayment should update in non-mock mode"},{"ancestorTitles":["PaymentsService"],"duration":1,"failing":false,"failureDetails":[],"failureMessages":[],"fullName":"PaymentsService refundPayment should throw when refund api fails with non-provider error","invocations":1,"location":null,"numPassingAsserts":1,"retryReasons":[],"startAt":1772462090921,"status":"passed","title":"refundPayment should throw when refund api fails with non-provider error"},{"ancestorTitles":["PaymentsService"],"duration":2,"failing":false,"failureDetails":[],"failureMessages":[],"fullName":"PaymentsService refundPayment should throw on update error","invocations":1,"location":null,"numPassingAsserts":1,"retryReasons":[],"startAt":1772462090922,"status":"passed","title":"refundPayment should throw on update error"},{"ancestorTitles":["PaymentsService"],"duration":1,"failing":false,"failureDetails":[],"failureMessages":[],"fullName":"PaymentsService callTossApi should throw on non-ok response and abort","invocations":1,"location":null,"numPassingAsserts":2,"retryReasons":[],"startAt":1772462090924,"status":"passed","title":"callTossApi should throw on non-ok response and abort"},{"ancestorTitles":["PaymentsService"],"duration":2,"failing":false,"failureDetails":[],"failureMessages":[],"fullName":"PaymentsService callTossApi should rethrow unexpected error","invocations":1,"location":null,"numPassingAsserts":1,"retryReasons":[],"startAt":1772462090925,"status":"passed","title":"callTossApi should rethrow unexpected error"},{"ancestorTitles":["PaymentsService"],"duration":1,"failing":false,"failureDetails":[],"failureMessages":[],"fullName":"PaymentsService callTossApi should return raw body when response is not JSON","invocations":1,"location":null,"numPassingAsserts":1,"retryReasons":[],"startAt":1772462090927,"status":"passed","title":"callTossApi should return raw body when response is not JSON"},{"ancestorTitles":["PaymentsService"],"duration":0,"failing":false,"failureDetails":[],"failureMessages":[],"fullName":"PaymentsService callTossApi should return null on empty response body","invocations":1,"location":null,"numPassingAsserts":1,"retryReasons":[],"startAt":1772462090928,"status":"passed","title":"callTossApi should return null on empty response body"},{"ancestorTitles":["PaymentsService"],"duration":0,"failing":false,"failureDetails":[],"failureMessages":[],"fullName":"PaymentsService callTossApi should use HTTP status when error body is empty","invocations":1,"location":null,"numPassingAsserts":1,"retryReasons":[],"startAt":1772462090929,"status":"passed","title":"callTossApi should use HTTP status when error body is empty"},{"ancestorTitles":["PaymentsService"],"duration":0,"failing":false,"failureDetails":[],"failureMessages":[],"fullName":"PaymentsService callTossApi should throw when secret key is missing","invocations":1,"location":null,"numPassingAsserts":1,"retryReasons":[],"startAt":1772462090930,"status":"passed","title":"callTossApi should throw when secret key is missing"},{"ancestorTitles":["PaymentsService"],"duration":1,"failing":false,"failureDetails":[],"failureMessages":[],"fullName":"PaymentsService handleTossWebhook should log unhandled events and update log","invocations":1,"location":null,"numPassingAsserts":0,"retryReasons":[],"startAt":1772462090930,"status":"passed","title":"handleTossWebhook should log unhandled events and update log"},{"ancestorTitles":["PaymentsService"],"duration":1,"failing":false,"failureDetails":[],"failureMessages":[],"fullName":"PaymentsService handleTossWebhook should skip processed update when payment is missing","invocations":1,"location":null,"numPassingAsserts":1,"retryReasons":[],"startAt":1772462090931,"status":"passed","title":"handleTossWebhook should skip processed update when payment is missing"},{"ancestorTitles":["PaymentsService"],"duration":1,"failing":false,"failureDetails":[],"failureMessages":[],"fullName":"PaymentsService handleTossWebhook should process PAYMENT_CONFIRMED with signature","invocations":1,"location":null,"numPassingAsserts":0,"retryReasons":[],"startAt":1772462090932,"status":"passed","title":"handleTossWebhook should process PAYMENT_CONFIRMED with signature"},{"ancestorTitles":["PaymentsService"],"duration":0,"failing":false,"failureDetails":[],"failureMessages":[],"fullName":"PaymentsService handlePaymentConfirmedWebhook should return when already success","invocations":1,"location":null,"numPassingAsserts":1,"retryReasons":[],"startAt":1772462090933,"status":"passed","title":"handlePaymentConfirmedWebhook should return when already success"},{"ancestorTitles":["PaymentsService"],"duration":1,"failing":false,"failureDetails":[],"failureMessages":[],"fullName":"PaymentsService handlePaymentConfirmedWebhook should ignore cancelled payment","invocations":1,"location":null,"numPassingAsserts":1,"retryReasons":[],"startAt":1772462090933,"status":"passed","title":"handlePaymentConfirmedWebhook should ignore cancelled payment"},{"ancestorTitles":["PaymentsService"],"duration":1,"failing":false,"failureDetails":[],"failureMessages":[],"fullName":"PaymentsService handlePaymentConfirmedWebhook should throw when payment amount mismatches","invocations":1,"location":null,"numPassingAsserts":1,"retryReasons":[],"startAt":1772462090934,"status":"passed","title":"handlePaymentConfirmedWebhook should throw when payment amount mismatches"},{"ancestorTitles":["PaymentsService"],"duration":12,"failing":false,"failureDetails":[],"failureMessages":[],"fullName":"PaymentsService handlePaymentConfirmedWebhook should create payment when missing","invocations":1,"location":null,"numPassingAsserts":1,"retryReasons":[],"startAt":1772462090935,"status":"passed","title":"handlePaymentConfirmedWebhook should create payment when missing"},{"ancestorTitles":["PaymentsService"],"duration":2,"failing":false,"failureDetails":[],"failureMessages":[],"fullName":"PaymentsService handlePaymentConfirmedWebhook should return when order cannot be resolved","invocations":1,"location":null,"numPassingAsserts":1,"retryReasons":[],"startAt":1772462090947,"status":"passed","title":"handlePaymentConfirmedWebhook should return when order cannot be resolved"},{"ancestorTitles":["PaymentsService"],"duration":1,"failing":false,"failureDetails":[],"failureMessages":[],"fullName":"PaymentsService handlePaymentConfirmedWebhook should throw on order fetch error","invocations":1,"location":null,"numPassingAsserts":1,"retryReasons":[],"startAt":1772462090949,"status":"passed","title":"handlePaymentConfirmedWebhook should throw on order fetch error"},{"ancestorTitles":["PaymentsService"],"duration":0,"failing":false,"failureDetails":[],"failureMessages":[],"fullName":"PaymentsService handlePaymentConfirmedWebhook should throw on insert error","invocations":1,"location":null,"numPassingAsserts":1,"retryReasons":[],"startAt":1772462090950,"status":"passed","title":"handlePaymentConfirmedWebhook should throw on insert error"},{"ancestorTitles":["PaymentsService"],"duration":1,"failing":false,"failureDetails":[],"failureMessages":[],"fullName":"PaymentsService handlePaymentConfirmedWebhook should throw on amount mismatch","invocations":1,"location":null,"numPassingAsserts":1,"retryReasons":[],"startAt":1772462090950,"status":"passed","title":"handlePaymentConfirmedWebhook should throw on amount mismatch"},{"ancestorTitles":["PaymentsService"],"duration":1,"failing":false,"failureDetails":[],"failureMessages":[],"fullName":"PaymentsService handleTossWebhook should log error when handler fails","invocations":1,"location":null,"numPassingAsserts":1,"retryReasons":[],"startAt":1772462090951,"status":"passed","title":"handleTossWebhook should log error when handler fails"},{"ancestorTitles":["PaymentsService"],"duration":1,"failing":false,"failureDetails":[],"failureMessages":[],"fullName":"PaymentsService handleTossWebhook should throw on invalid signature","invocations":1,"location":null,"numPassingAsserts":1,"retryReasons":[],"startAt":1772462090952,"status":"passed","title":"handleTossWebhook should throw on invalid signature"},{"ancestorTitles":["PaymentsService"],"duration":1,"failing":false,"failureDetails":[],"failureMessages":[],"fullName":"PaymentsService handleTossWebhook should process PAYMENT_CANCELLED","invocations":1,"location":null,"numPassingAsserts":0,"retryReasons":[],"startAt":1772462090953,"status":"passed","title":"handleTossWebhook should process PAYMENT_CANCELLED"},{"ancestorTitles":["PaymentsService"],"duration":1,"failing":false,"failureDetails":[],"failureMessages":[],"fullName":"PaymentsService handlePaymentCancelledWebhook should return when already cancelled","invocations":1,"location":null,"numPassingAsserts":1,"retryReasons":[],"startAt":1772462090954,"status":"passed","title":"handlePaymentCancelledWebhook should return when already cancelled"},{"ancestorTitles":["PaymentsService"],"duration":0,"failing":false,"failureDetails":[],"failureMessages":[],"fullName":"PaymentsService handlePaymentCancelledWebhook should create payment when missing","invocations":1,"location":null,"numPassingAsserts":1,"retryReasons":[],"startAt":1772462090955,"status":"passed","title":"handlePaymentCancelledWebhook should create payment when missing"},{"ancestorTitles":["PaymentsService"],"duration":0,"failing":false,"failureDetails":[],"failureMessages":[],"fullName":"PaymentsService handlePaymentCancelledWebhook should return when order is missing","invocations":1,"location":null,"numPassingAsserts":1,"retryReasons":[],"startAt":1772462090956,"status":"passed","title":"handlePaymentCancelledWebhook should return when order is missing"},{"ancestorTitles":["PaymentsService"],"duration":1,"failing":false,"failureDetails":[],"failureMessages":[],"fullName":"PaymentsService handlePaymentCancelledWebhook should throw on order fetch error","invocations":1,"location":null,"numPassingAsserts":1,"retryReasons":[],"startAt":1772462090956,"status":"passed","title":"handlePaymentCancelledWebhook should throw on order fetch error"},{"ancestorTitles":["PaymentsService"],"duration":1,"failing":false,"failureDetails":[],"failureMessages":[],"fullName":"PaymentsService handlePaymentCancelledWebhook should default amount when missing","invocations":1,"location":null,"numPassingAsserts":1,"retryReasons":[],"startAt":1772462090957,"status":"passed","title":"handlePaymentCancelledWebhook should default amount when missing"},{"ancestorTitles":["PaymentsService"],"duration":1,"failing":false,"failureDetails":[],"failureMessages":[],"fullName":"PaymentsService handlePaymentCancelledWebhook should throw on insert error","invocations":1,"location":null,"numPassingAsserts":1,"retryReasons":[],"startAt":1772462090958,"status":"passed","title":"handlePaymentCancelledWebhook should throw on insert error"},{"ancestorTitles":["PaymentsService"],"duration":1,"failing":false,"failureDetails":[],"failureMessages":[],"fullName":"PaymentsService handlePaymentCancelledWebhook should throw on update error","invocations":1,"location":null,"numPassingAsserts":1,"retryReasons":[],"startAt":1772462090959,"status":"passed","title":"handlePaymentCancelledWebhook should throw on update error"},{"ancestorTitles":["PaymentsService"],"duration":1,"failing":false,"failureDetails":[],"failureMessages":[],"fullName":"PaymentsService refundPayment should validate status and amount","invocations":1,"location":null,"numPassingAsserts":2,"retryReasons":[],"startAt":1772462090960,"status":"passed","title":"refundPayment should validate status and amount"},{"ancestorTitles":["PaymentsService"],"duration":0,"failing":false,"failureDetails":[],"failureMessages":[],"fullName":"PaymentsService refundPayment should update payment in mock mode","invocations":1,"location":null,"numPassingAsserts":1,"retryReasons":[],"startAt":1772462090961,"status":"passed","title":"refundPayment should update payment in mock mode"},{"ancestorTitles":["PaymentsService"],"duration":1,"failing":false,"failureDetails":[],"failureMessages":[],"fullName":"PaymentsService refundPayment should return partial refunded when amount is smaller","invocations":1,"location":null,"numPassingAsserts":2,"retryReasons":[],"startAt":1772462090961,"status":"passed","title":"refundPayment should return partial refunded when amount is smaller"},{"ancestorTitles":["PaymentsService"],"duration":0,"failing":false,"failureDetails":[],"failureMessages":[],"fullName":"PaymentsService refundPayment should use full amount when dto amount is missing","invocations":1,"location":null,"numPassingAsserts":1,"retryReasons":[],"startAt":1772462090962,"status":"passed","title":"refundPayment should use full amount when dto amount is missing"},{"ancestorTitles":["PaymentsService"],"duration":0,"failing":false,"failureDetails":[],"failureMessages":[],"fullName":"PaymentsService verifyTossWebhookSignature should validate signature","invocations":1,"location":null,"numPassingAsserts":2,"retryReasons":[],"startAt":1772462090963,"status":"passed","title":"verifyTossWebhookSignature should validate signature"},{"ancestorTitles":["PaymentsService"],"duration":1,"failing":false,"failureDetails":[],"failureMessages":[],"fullName":"PaymentsService verifyTossWebhookSignature should accept array header","invocations":1,"location":null,"numPassingAsserts":1,"retryReasons":[],"startAt":1772462090963,"status":"passed","title":"verifyTossWebhookSignature should accept array header"},{"ancestorTitles":["PaymentsService"],"duration":0,"failing":false,"failureDetails":[],"failureMessages":[],"fullName":"PaymentsService verifyTossWebhookSignature should return true when secret is missing","invocations":1,"location":null,"numPassingAsserts":1,"retryReasons":[],"startAt":1772462090964,"status":"passed","title":"verifyTossWebhookSignature should return true when secret is missing"},{"ancestorTitles":["PaymentsService"],"duration":1,"failing":false,"failureDetails":[],"failureMessages":[],"fullName":"PaymentsService verifyTossWebhookSignature should return false when header missing","invocations":1,"location":null,"numPassingAsserts":1,"retryReasons":[],"startAt":1772462090964,"status":"passed","title":"verifyTossWebhookSignature should return false when header missing"},{"ancestorTitles":["PaymentsService"],"duration":0,"failing":false,"failureDetails":[],"failureMessages":[],"fullName":"PaymentsService handleTossWebhook should require signature when secret set","invocations":1,"location":null,"numPassingAsserts":1,"retryReasons":[],"startAt":1772462090965,"status":"passed","title":"handleTossWebhook should require signature when secret set"},{"ancestorTitles":["PaymentsService"],"duration":0,"failing":false,"failureDetails":[],"failureMessages":[],"fullName":"PaymentsService updateOrderPaymentStatus should swallow update errors","invocations":1,"location":null,"numPassingAsserts":1,"retryReasons":[],"startAt":1772462090966,"status":"passed","title":"updateOrderPaymentStatus should swallow update errors"},{"ancestorTitles":["PaymentsService"],"duration":2,"failing":false,"failureDetails":[],"failureMessages":[],"fullName":"PaymentsService updateOrderPaymentStatus should swallow thrown errors","invocations":1,"location":null,"numPassingAsserts":1,"retryReasons":[],"startAt":1772462090966,"status":"passed","title":"updateOrderPaymentStatus should swallow thrown errors"},{"ancestorTitles":["PaymentsService","additional branch coverage"],"duration":0,"failing":false,"failureDetails":[],"failureMessages":[],"fullName":"PaymentsService additional branch coverage constructor should fall back on non-numeric timeout","invocations":1,"location":null,"numPassingAsserts":1,"retryReasons":[],"startAt":1772462090968,"status":"passed","title":"constructor should fall back on non-numeric timeout"},{"ancestorTitles":["PaymentsService","additional branch coverage"],"duration":1,"failing":false,"failureDetails":[],"failureMessages":[],"fullName":"PaymentsService additional branch coverage resolveOrderId should fall back to order_no when uuid lookup fails","invocations":1,"location":null,"numPassingAsserts":2,"retryReasons":[],"startAt":1772462090968,"status":"passed","title":"resolveOrderId should fall back to order_no when uuid lookup fails"},{"ancestorTitles":["PaymentsService","additional branch coverage"],"duration":1,"failing":false,"failureDetails":[],"failureMessages":[],"fullName":"PaymentsService additional branch coverage preparePayment should use default order name when items are missing","invocations":1,"location":null,"numPassingAsserts":1,"retryReasons":[],"startAt":1772462090969,"status":"passed","title":"preparePayment should use default order name when items are missing"},{"ancestorTitles":["PaymentsService","additional branch coverage"],"duration":1,"failing":false,"failureDetails":[],"failureMessages":[],"fullName":"PaymentsService additional branch coverage confirmPayment should return existing payment with fallback amount and paidAt","invocations":1,"location":null,"numPassingAsserts":2,"retryReasons":[],"startAt":1772462090970,"status":"passed","title":"confirmPayment should return existing payment with fallback amount and paidAt"},{"ancestorTitles":["PaymentsService","additional branch coverage"],"duration":1,"failing":false,"failureDetails":[],"failureMessages":[],"fullName":"PaymentsService additional branch coverage confirmPayment should update failure record when provider error has no message","invocations":1,"location":null,"numPassingAsserts":2,"retryReasons":[],"startAt":1772462090971,"status":"passed","title":"confirmPayment should update failure record when provider error has no message"},{"ancestorTitles":["PaymentsService","additional branch coverage"],"duration":1,"failing":false,"failureDetails":[],"failureMessages":[],"fullName":"PaymentsService additional branch coverage confirmPayment should insert failure with default reason when no existing payment and error has no message","invocations":1,"location":null,"numPassingAsserts":2,"retryReasons":[],"startAt":1772462090972,"status":"passed","title":"confirmPayment should insert failure with default reason when no existing payment and error has no message"},{"ancestorTitles":["PaymentsService","additional branch coverage"],"duration":1,"failing":false,"failureDetails":[],"failureMessages":[],"fullName":"PaymentsService additional branch coverage confirmPayment should throw when unique constraint occurs without idempotency key","invocations":1,"location":null,"numPassingAsserts":1,"retryReasons":[],"startAt":1772462090973,"status":"passed","title":"confirmPayment should throw when unique constraint occurs without idempotency key"},{"ancestorTitles":["PaymentsService","additional branch coverage"],"duration":1,"failing":false,"failureDetails":[],"failureMessages":[],"fullName":"PaymentsService additional branch coverage confirmPayment should throw when idempotent payment is not successful","invocations":1,"location":null,"numPassingAsserts":1,"retryReasons":[],"startAt":1772462090974,"status":"passed","title":"confirmPayment should throw when idempotent payment is not successful"},{"ancestorTitles":["PaymentsService","additional branch coverage"],"duration":1,"failing":false,"failureDetails":[],"failureMessages":[],"fullName":"PaymentsService additional branch coverage confirmPayment should use fallback amount for idempotent success on unique constraint","invocations":1,"location":null,"numPassingAsserts":2,"retryReasons":[],"startAt":1772462090975,"status":"passed","title":"confirmPayment should use fallback amount for idempotent success on unique constraint"},{"ancestorTitles":["PaymentsService","additional branch coverage"],"duration":1,"failing":false,"failureDetails":[],"failureMessages":[],"fullName":"PaymentsService additional branch coverage getPayments should handle null data and count","invocations":1,"location":null,"numPassingAsserts":2,"retryReasons":[],"startAt":1772462090976,"status":"passed","title":"getPayments should handle null data and count"},{"ancestorTitles":["PaymentsService","additional branch coverage"],"duration":1,"failing":false,"failureDetails":[],"failureMessages":[],"fullName":"PaymentsService additional branch coverage refundPayment should rethrow provider exceptions","invocations":1,"location":null,"numPassingAsserts":1,"retryReasons":[],"startAt":1772462090977,"status":"passed","title":"refundPayment should rethrow provider exceptions"},{"ancestorTitles":["PaymentsService","additional branch coverage"],"duration":1,"failing":false,"failureDetails":[],"failureMessages":[],"fullName":"PaymentsService additional branch coverage refundPayment should wrap unknown errors with default message","invocations":1,"location":null,"numPassingAsserts":1,"retryReasons":[],"startAt":1772462090978,"status":"passed","title":"refundPayment should wrap unknown errors with default message"},{"ancestorTitles":["PaymentsService","additional branch coverage"],"duration":0,"failing":false,"failureDetails":[],"failureMessages":[],"fullName":"PaymentsService additional branch coverage handleTossWebhook should route confirmed and cancelled events","invocations":1,"location":null,"numPassingAsserts":2,"retryReasons":[],"startAt":1772462090979,"status":"passed","title":"handleTossWebhook should route confirmed and cancelled events"},{"ancestorTitles":["PaymentsService","additional branch coverage"],"duration":1,"failing":false,"failureDetails":[],"failureMessages":[],"fullName":"PaymentsService additional branch coverage handleTossWebhook should pass null payment when lookup misses","invocations":1,"location":null,"numPassingAsserts":2,"retryReasons":[],"startAt":1772462090979,"status":"passed","title":"handleTossWebhook should pass null payment when lookup misses"},{"ancestorTitles":["PaymentsService","additional branch coverage"],"duration":1,"failing":false,"failureDetails":[],"failureMessages":[],"fullName":"PaymentsService additional branch coverage handleTossWebhook should update log when handler throws","invocations":1,"location":null,"numPassingAsserts":2,"retryReasons":[],"startAt":1772462090980,"status":"passed","title":"handleTossWebhook should update log when handler throws"},{"ancestorTitles":["PaymentsService","additional branch coverage"],"duration":1,"failing":false,"failureDetails":[],"failureMessages":[],"fullName":"PaymentsService additional branch coverage handleTossWebhook should skip error log update when paymentId is missing","invocations":1,"location":null,"numPassingAsserts":2,"retryReasons":[],"startAt":1772462090981,"status":"passed","title":"handleTossWebhook should skip error log update when paymentId is missing"},{"ancestorTitles":["PaymentsService","additional branch coverage"],"duration":1,"failing":false,"failureDetails":[],"failureMessages":[],"fullName":"PaymentsService additional branch coverage handlePaymentConfirmedWebhook should return when order is missing","invocations":1,"location":null,"numPassingAsserts":1,"retryReasons":[],"startAt":1772462090982,"status":"passed","title":"handlePaymentConfirmedWebhook should return when order is missing"},{"ancestorTitles":["PaymentsService","additional branch coverage"],"duration":0,"failing":false,"failureDetails":[],"failureMessages":[],"fullName":"PaymentsService additional branch coverage handlePaymentConfirmedWebhook should use order total when amount is missing","invocations":1,"location":null,"numPassingAsserts":1,"retryReasons":[],"startAt":1772462090983,"status":"passed","title":"handlePaymentConfirmedWebhook should use order total when amount is missing"},{"ancestorTitles":["PaymentsService","additional branch coverage"],"duration":1,"failing":false,"failureDetails":[],"failureMessages":[],"fullName":"PaymentsService additional branch coverage handlePaymentCancelledWebhook should return when order cannot be resolved","invocations":1,"location":null,"numPassingAsserts":2,"retryReasons":[],"startAt":1772462090983,"status":"passed","title":"handlePaymentCancelledWebhook should return when order cannot be resolved"},{"ancestorTitles":["PaymentsService","additional branch coverage"],"duration":1,"failing":false,"failureDetails":[],"failureMessages":[],"fullName":"PaymentsService additional branch coverage callTossApi should return raw body when JSON parse fails","invocations":1,"location":null,"numPassingAsserts":1,"retryReasons":[],"startAt":1772462090984,"status":"passed","title":"callTossApi should return raw body when JSON parse fails"}],"endTime":1772462090986,"message":"","name":"C:\\Users\\user\\Documents\\projects\\order_friends\\src\\modules\\payments\\payments.service.spec.ts","startTime":1772462090499,"status":"passed","summary":""},{"assertionResults":[{"ancestorTitles":["PublicOrderService - Branch Coverage"],"duration":9,"failing":false,"failureDetails":[],"failureMessages":[],"fullName":"PublicOrderService - Branch Coverage constructor should apply env overrides and defaults","invocations":1,"location":null,"numPassingAsserts":6,"retryReasons":[],"startAt":1772462091182,"status":"passed","title":"constructor should apply env overrides and defaults"},{"ancestorTitles":["PublicOrderService - Branch Coverage"],"duration":4,"failing":false,"failureDetails":[],"failureMessages":[],"fullName":"PublicOrderService - Branch Coverage constructor should fallback when env values are NaN","invocations":1,"location":null,"numPassingAsserts":3,"retryReasons":[],"startAt":1772462091191,"status":"passed","title":"constructor should fallback when env values are NaN"},{"ancestorTitles":["PublicOrderService - Branch Coverage"],"duration":40,"failing":false,"failureDetails":[],"failureMessages":[],"fullName":"PublicOrderService - Branch Coverage rollbackOrder should swallow rollback failures","invocations":1,"location":null,"numPassingAsserts":1,"retryReasons":[],"startAt":1772462091195,"status":"passed","title":"rollbackOrder should swallow rollback failures"},{"ancestorTitles":["PublicOrderService - Branch Coverage"],"duration":2,"failing":false,"failureDetails":[],"failureMessages":[],"fullName":"PublicOrderService - Branch Coverage getBranch should map brand info and fallbacks","invocations":1,"location":null,"numPassingAsserts":3,"retryReasons":[],"startAt":1772462091236,"status":"passed","title":"getBranch should map brand info and fallbacks"},{"ancestorTitles":["PublicOrderService - Branch Coverage"],"duration":3,"failing":false,"failureDetails":[],"failureMessages":[],"fullName":"PublicOrderService - Branch Coverage getBranch should fallback to brand assets","invocations":1,"location":null,"numPassingAsserts":2,"retryReasons":[],"startAt":1772462091238,"status":"passed","title":"getBranch should fallback to brand assets"},{"ancestorTitles":["PublicOrderService - Branch Coverage"],"duration":2,"failing":false,"failureDetails":[],"failureMessages":[],"fullName":"PublicOrderService - Branch Coverage getBranch should handle missing brand and logos","invocations":1,"location":null,"numPassingAsserts":3,"retryReasons":[],"startAt":1772462091241,"status":"passed","title":"getBranch should handle missing brand and logos"},{"ancestorTitles":["PublicOrderService - Branch Coverage"],"duration":2,"failing":false,"failureDetails":[],"failureMessages":[],"fullName":"PublicOrderService - Branch Coverage getBranchBySlug should throw on duplicates","invocations":1,"location":null,"numPassingAsserts":1,"retryReasons":[],"startAt":1772462091244,"status":"passed","title":"getBranchBySlug should throw on duplicates"},{"ancestorTitles":["PublicOrderService - Branch Coverage"],"duration":2,"failing":false,"failureDetails":[],"failureMessages":[],"fullName":"PublicOrderService - Branch Coverage getBranchBySlug should throw when not found","invocations":1,"location":null,"numPassingAsserts":1,"retryReasons":[],"startAt":1772462091247,"status":"passed","title":"getBranchBySlug should throw when not found"},{"ancestorTitles":["PublicOrderService - Branch Coverage"],"duration":2,"failing":false,"failureDetails":[],"failureMessages":[],"fullName":"PublicOrderService - Branch Coverage getBranchBySlug should return branch with brand fallbacks","invocations":1,"location":null,"numPassingAsserts":3,"retryReasons":[],"startAt":1772462091249,"status":"passed","title":"getBranchBySlug should return branch with brand fallbacks"},{"ancestorTitles":["PublicOrderService - Branch Coverage"],"duration":2,"failing":false,"failureDetails":[],"failureMessages":[],"fullName":"PublicOrderService - Branch Coverage getBranchBySlug should return null assets when both branch and brand are missing","invocations":1,"location":null,"numPassingAsserts":3,"retryReasons":[],"startAt":1772462091251,"status":"passed","title":"getBranchBySlug should return null assets when both branch and brand are missing"},{"ancestorTitles":["PublicOrderService - Branch Coverage"],"duration":2,"failing":false,"failureDetails":[],"failureMessages":[],"fullName":"PublicOrderService - Branch Coverage getBranchByBrandSlug should map brand fallback logo","invocations":1,"location":null,"numPassingAsserts":3,"retryReasons":[],"startAt":1772462091253,"status":"passed","title":"getBranchByBrandSlug should map brand fallback logo"},{"ancestorTitles":["PublicOrderService - Branch Coverage"],"duration":2,"failing":false,"failureDetails":[],"failureMessages":[],"fullName":"PublicOrderService - Branch Coverage getBranchByBrandSlug should handle missing brand name","invocations":1,"location":null,"numPassingAsserts":3,"retryReasons":[],"startAt":1772462091255,"status":"passed","title":"getBranchByBrandSlug should handle missing brand name"},{"ancestorTitles":["PublicOrderService - Branch Coverage"],"duration":3,"failing":false,"failureDetails":[],"failureMessages":[],"fullName":"PublicOrderService - Branch Coverage getBranchByBrandSlug should throw on duplicates","invocations":1,"location":null,"numPassingAsserts":1,"retryReasons":[],"startAt":1772462091257,"status":"passed","title":"getBranchByBrandSlug should throw on duplicates"},{"ancestorTitles":["PublicOrderService - Branch Coverage"],"duration":1,"failing":false,"failureDetails":[],"failureMessages":[],"fullName":"PublicOrderService - Branch Coverage getBranchByBrandSlug should throw when not found","invocations":1,"location":null,"numPassingAsserts":1,"retryReasons":[],"startAt":1772462091260,"status":"passed","title":"getBranchByBrandSlug should throw when not found"},{"ancestorTitles":["PublicOrderService - Branch Coverage"],"duration":3,"failing":false,"failureDetails":[],"failureMessages":[],"fullName":"PublicOrderService - Branch Coverage getProducts should retry on missing columns and map categories","invocations":1,"location":null,"numPassingAsserts":2,"retryReasons":[],"startAt":1772462091261,"status":"passed","title":"getProducts should retry on missing columns and map categories"},{"ancestorTitles":["PublicOrderService - Branch Coverage"],"duration":2,"failing":false,"failureDetails":[],"failureMessages":[],"fullName":"PublicOrderService - Branch Coverage getProducts should handle missing category lookup data","invocations":1,"location":null,"numPassingAsserts":3,"retryReasons":[],"startAt":1772462091264,"status":"passed","title":"getProducts should handle missing category lookup data"},{"ancestorTitles":["PublicOrderService - Branch Coverage"],"duration":2,"failing":false,"failureDetails":[],"failureMessages":[],"fullName":"PublicOrderService - Branch Coverage getProducts should throw when error is not retried","invocations":1,"location":null,"numPassingAsserts":1,"retryReasons":[],"startAt":1772462091267,"status":"passed","title":"getProducts should throw when error is not retried"},{"ancestorTitles":["PublicOrderService - Branch Coverage"],"duration":2,"failing":false,"failureDetails":[],"failureMessages":[],"fullName":"PublicOrderService - Branch Coverage getProducts should throw when error message is missing","invocations":1,"location":null,"numPassingAsserts":1,"retryReasons":[],"startAt":1772462091269,"status":"passed","title":"getProducts should throw when error message is missing"},{"ancestorTitles":["PublicOrderService - Branch Coverage"],"duration":2,"failing":false,"failureDetails":[],"failureMessages":[],"fullName":"PublicOrderService - Branch Coverage getProducts should return empty when no data","invocations":1,"location":null,"numPassingAsserts":1,"retryReasons":[],"startAt":1772462091271,"status":"passed","title":"getProducts should return empty when no data"},{"ancestorTitles":["PublicOrderService - Branch Coverage"],"duration":2,"failing":false,"failureDetails":[],"failureMessages":[],"fullName":"PublicOrderService - Branch Coverage fetchOrderByIdempotencyKey should return null without key or on error","invocations":1,"location":null,"numPassingAsserts":2,"retryReasons":[],"startAt":1772462091273,"status":"passed","title":"fetchOrderByIdempotencyKey should return null without key or on error"},{"ancestorTitles":["PublicOrderService - Branch Coverage"],"duration":2,"failing":false,"failureDetails":[],"failureMessages":[],"fullName":"PublicOrderService - Branch Coverage fetchOrderByIdempotencyKey should return null on empty result","invocations":1,"location":null,"numPassingAsserts":1,"retryReasons":[],"startAt":1772462091275,"status":"passed","title":"fetchOrderByIdempotencyKey should return null on empty result"},{"ancestorTitles":["PublicOrderService - Branch Coverage"],"duration":1,"failing":false,"failureDetails":[],"failureMessages":[],"fullName":"PublicOrderService - Branch Coverage fetchOrderByIdempotencyKey should return latest order","invocations":1,"location":null,"numPassingAsserts":1,"retryReasons":[],"startAt":1772462091278,"status":"passed","title":"fetchOrderByIdempotencyKey should return latest order"},{"ancestorTitles":["PublicOrderService - Branch Coverage"],"duration":2,"failing":false,"failureDetails":[],"failureMessages":[],"fullName":"PublicOrderService - Branch Coverage logDedupEvent should insert payload with defaults and handle errors","invocations":1,"location":null,"numPassingAsserts":0,"retryReasons":[],"startAt":1772462091279,"status":"passed","title":"logDedupEvent should insert payload with defaults and handle errors"},{"ancestorTitles":["PublicOrderService - Branch Coverage"],"duration":2,"failing":false,"failureDetails":[],"failureMessages":[],"fullName":"PublicOrderService - Branch Coverage buildSignatureFromOrder should handle missing order_items","invocations":1,"location":null,"numPassingAsserts":1,"retryReasons":[],"startAt":1772462091281,"status":"passed","title":"buildSignatureFromOrder should handle missing order_items"},{"ancestorTitles":["PublicOrderService - Branch Coverage"],"duration":1,"failing":false,"failureDetails":[],"failureMessages":[],"fullName":"PublicOrderService - Branch Coverage buildOrderResponse should handle missing order_items","invocations":1,"location":null,"numPassingAsserts":1,"retryReasons":[],"startAt":1772462091283,"status":"passed","title":"buildOrderResponse should handle missing order_items"},{"ancestorTitles":["PublicOrderService - Branch Coverage"],"duration":2,"failing":false,"failureDetails":[],"failureMessages":[],"fullName":"PublicOrderService - Branch Coverage findRecentDuplicateOrder should use name+phone strategy and return matching order","invocations":1,"location":null,"numPassingAsserts":3,"retryReasons":[],"startAt":1772462091284,"status":"passed","title":"findRecentDuplicateOrder should use name+phone strategy and return matching order"},{"ancestorTitles":["PublicOrderService - Branch Coverage"],"duration":2,"failing":false,"failureDetails":[],"failureMessages":[],"fullName":"PublicOrderService - Branch Coverage findRecentDuplicateOrder should handle different strategies with no matches","invocations":1,"location":null,"numPassingAsserts":1,"retryReasons":[],"startAt":1772462091286,"status":"passed","title":"findRecentDuplicateOrder should handle different strategies with no matches"},{"ancestorTitles":["PublicOrderService - Branch Coverage"],"duration":3,"failing":false,"failureDetails":[],"failureMessages":[],"fullName":"PublicOrderService - Branch Coverage findRecentDuplicateOrder should use payment method filter when no customer info","invocations":1,"location":null,"numPassingAsserts":3,"retryReasons":[],"startAt":1772462091288,"status":"passed","title":"findRecentDuplicateOrder should use payment method filter when no customer info"},{"ancestorTitles":["PublicOrderService - Branch Coverage"],"duration":2,"failing":false,"failureDetails":[],"failureMessages":[],"fullName":"PublicOrderService - Branch Coverage findRecentDuplicateOrder should default payment method when policy omits it","invocations":1,"location":null,"numPassingAsserts":2,"retryReasons":[],"startAt":1772462091291,"status":"passed","title":"findRecentDuplicateOrder should default payment method when policy omits it"},{"ancestorTitles":["PublicOrderService - Branch Coverage"],"duration":2,"failing":false,"failureDetails":[],"failureMessages":[],"fullName":"PublicOrderService - Branch Coverage findRecentDuplicateOrder should use name+address strategy","invocations":1,"location":null,"numPassingAsserts":3,"retryReasons":[],"startAt":1772462091294,"status":"passed","title":"findRecentDuplicateOrder should use name+address strategy"},{"ancestorTitles":["PublicOrderService - Branch Coverage"],"duration":3,"failing":false,"failureDetails":[],"failureMessages":[],"fullName":"PublicOrderService - Branch Coverage findRecentDuplicateOrder should use phone+address strategy","invocations":1,"location":null,"numPassingAsserts":2,"retryReasons":[],"startAt":1772462091297,"status":"passed","title":"findRecentDuplicateOrder should use phone+address strategy"},{"ancestorTitles":["PublicOrderService - Branch Coverage"],"duration":2,"failing":false,"failureDetails":[],"failureMessages":[],"fullName":"PublicOrderService - Branch Coverage findRecentDuplicateOrder should use address-only strategy when customer info missing","invocations":1,"location":null,"numPassingAsserts":2,"retryReasons":[],"startAt":1772462091300,"status":"passed","title":"findRecentDuplicateOrder should use address-only strategy when customer info missing"},{"ancestorTitles":["PublicOrderService - Branch Coverage"],"duration":2,"failing":false,"failureDetails":[],"failureMessages":[],"fullName":"PublicOrderService - Branch Coverage getOrder should resolve by order_no and map options","invocations":1,"location":null,"numPassingAsserts":5,"retryReasons":[],"startAt":1772462091302,"status":"passed","title":"getOrder should resolve by order_no and map options"},{"ancestorTitles":["PublicOrderService - Branch Coverage"],"duration":1,"failing":false,"failureDetails":[],"failureMessages":[],"fullName":"PublicOrderService - Branch Coverage getOrder should handle missing order items","invocations":1,"location":null,"numPassingAsserts":1,"retryReasons":[],"startAt":1772462091304,"status":"passed","title":"getOrder should handle missing order items"},{"ancestorTitles":["PublicOrderService - Branch Coverage"],"duration":1,"failing":false,"failureDetails":[],"failureMessages":[],"fullName":"PublicOrderService - Branch Coverage getOrder should throw when missing","invocations":1,"location":null,"numPassingAsserts":1,"retryReasons":[],"startAt":1772462091305,"status":"passed","title":"getOrder should throw when missing"},{"ancestorTitles":["PublicOrderService - Branch Coverage"],"duration":2,"failing":false,"failureDetails":[],"failureMessages":[],"fullName":"PublicOrderService - Branch Coverage getCategories should map sort order defaults","invocations":1,"location":null,"numPassingAsserts":1,"retryReasons":[],"startAt":1772462091306,"status":"passed","title":"getCategories should map sort order defaults"},{"ancestorTitles":["PublicOrderService - Branch Coverage"],"duration":1,"failing":false,"failureDetails":[],"failureMessages":[],"fullName":"PublicOrderService - Branch Coverage getCategories should return empty when data is null","invocations":1,"location":null,"numPassingAsserts":1,"retryReasons":[],"startAt":1772462091308,"status":"passed","title":"getCategories should return empty when data is null"},{"ancestorTitles":["PublicOrderService - Branch Coverage"],"duration":2,"failing":false,"failureDetails":[],"failureMessages":[],"fullName":"PublicOrderService - Branch Coverage getCategories should throw on error","invocations":1,"location":null,"numPassingAsserts":1,"retryReasons":[],"startAt":1772462091309,"status":"passed","title":"getCategories should throw on error"}],"endTime":1772462091312,"message":"","name":"C:\\Users\\user\\Documents\\projects\\order_friends\\src\\modules\\public-order\\public-order.service.branches.spec.ts","startTime":1772462090992,"status":"passed","summary":""},{"assertionResults":[{"ancestorTitles":["PublicOrderService - Inventory Integration"],"duration":6,"failing":false,"failureDetails":[],"failureMessages":[],"fullName":"PublicOrderService - Inventory Integration should successfully create order and reserve inventory via RPC","invocations":1,"location":null,"numPassingAsserts":3,"retryReasons":[],"startAt":1772462091518,"status":"passed","title":"should successfully create order and reserve inventory via RPC"},{"ancestorTitles":["PublicOrderService - Inventory Integration"],"duration":4,"failing":false,"failureDetails":[],"failureMessages":[],"fullName":"PublicOrderService - Inventory Integration getBrands should group brands and build order paths","invocations":1,"location":null,"numPassingAsserts":1,"retryReasons":[],"startAt":1772462091524,"status":"passed","title":"getBrands should group brands and build order paths"},{"ancestorTitles":["PublicOrderService - Inventory Integration"],"duration":24,"failing":false,"failureDetails":[],"failureMessages":[],"fullName":"PublicOrderService - Inventory Integration getBrands should throw when query fails","invocations":1,"location":null,"numPassingAsserts":1,"retryReasons":[],"startAt":1772462091528,"status":"passed","title":"getBrands should throw when query fails"},{"ancestorTitles":["PublicOrderService - Inventory Integration"],"duration":2,"failing":false,"failureDetails":[],"failureMessages":[],"fullName":"PublicOrderService - Inventory Integration should skip inventory reservation when all ordered products are non-tracked","invocations":1,"location":null,"numPassingAsserts":2,"retryReasons":[],"startAt":1772462091553,"status":"passed","title":"should skip inventory reservation when all ordered products are non-tracked"},{"ancestorTitles":["PublicOrderService - Inventory Integration"],"duration":2,"failing":false,"failureDetails":[],"failureMessages":[],"fullName":"PublicOrderService - Inventory Integration should reserve only inventory-tracked items in mixed orders","invocations":1,"location":null,"numPassingAsserts":1,"retryReasons":[],"startAt":1772462091555,"status":"passed","title":"should reserve only inventory-tracked items in mixed orders"},{"ancestorTitles":["PublicOrderService - Inventory Integration"],"duration":4,"failing":false,"failureDetails":[],"failureMessages":[],"fullName":"PublicOrderService - Inventory Integration should rollback order when product inventory lookup fails","invocations":1,"location":null,"numPassingAsserts":4,"retryReasons":[],"startAt":1772462091557,"status":"passed","title":"should rollback order when product inventory lookup fails"},{"ancestorTitles":["PublicOrderService - Inventory Integration"],"duration":3,"failing":false,"failureDetails":[],"failureMessages":[],"fullName":"PublicOrderService - Inventory Integration should continue order when product_inventory table is missing","invocations":1,"location":null,"numPassingAsserts":4,"retryReasons":[],"startAt":1772462091561,"status":"passed","title":"should continue order when product_inventory table is missing"},{"ancestorTitles":["PublicOrderService - Inventory Integration"],"duration":2,"failing":false,"failureDetails":[],"failureMessages":[],"fullName":"PublicOrderService - Inventory Integration should continue order when reserve_inventory_for_order function is missing","invocations":1,"location":null,"numPassingAsserts":4,"retryReasons":[],"startAt":1772462091564,"status":"passed","title":"should continue order when reserve_inventory_for_order function is missing"},{"ancestorTitles":["PublicOrderService - Inventory Integration"],"duration":2,"failing":false,"failureDetails":[],"failureMessages":[],"fullName":"PublicOrderService - Inventory Integration should insert order item options when present and ignore option insert errors","invocations":1,"location":null,"numPassingAsserts":2,"retryReasons":[],"startAt":1772462091566,"status":"passed","title":"should insert order item options when present and ignore option insert errors"},{"ancestorTitles":["PublicOrderService - Inventory Integration"],"duration":2,"failing":false,"failureDetails":[],"failureMessages":[],"fullName":"PublicOrderService - Inventory Integration should throw BadRequestException when inventory is insufficient","invocations":1,"location":null,"numPassingAsserts":1,"retryReasons":[],"startAt":1772462091569,"status":"passed","title":"should throw BadRequestException when inventory is insufficient"},{"ancestorTitles":["PublicOrderService - Inventory Integration"],"duration":2,"failing":false,"failureDetails":[],"failureMessages":[],"fullName":"PublicOrderService - Inventory Integration should throw BadRequestException when product inventory not found","invocations":1,"location":null,"numPassingAsserts":1,"retryReasons":[],"startAt":1772462091571,"status":"passed","title":"should throw BadRequestException when product inventory not found"},{"ancestorTitles":["PublicOrderService - Inventory Integration"],"duration":3,"failing":false,"failureDetails":[],"failureMessages":[],"fullName":"PublicOrderService - Inventory Integration should include missing inventory id when map lacks product name","invocations":1,"location":null,"numPassingAsserts":1,"retryReasons":[],"startAt":1772462091573,"status":"passed","title":"should include missing inventory id when map lacks product name"},{"ancestorTitles":["PublicOrderService - Inventory Integration"],"duration":3,"failing":false,"failureDetails":[],"failureMessages":[],"fullName":"PublicOrderService - Inventory Integration should include insufficient inventory id when map lacks product name","invocations":1,"location":null,"numPassingAsserts":1,"retryReasons":[],"startAt":1772462091577,"status":"passed","title":"should include insufficient inventory id when map lacks product name"},{"ancestorTitles":["PublicOrderService - Inventory Integration"],"duration":2,"failing":false,"failureDetails":[],"failureMessages":[],"fullName":"PublicOrderService - Inventory Integration should throw BadRequestException when inventory reservation fails with generic error","invocations":1,"location":null,"numPassingAsserts":1,"retryReasons":[],"startAt":1772462091580,"status":"passed","title":"should throw BadRequestException when inventory reservation fails with generic error"},{"ancestorTitles":["PublicOrderService - Inventory Integration"],"duration":2,"failing":false,"failureDetails":[],"failureMessages":[],"fullName":"PublicOrderService - Inventory Integration should throw BadRequestException when inventory error message is missing","invocations":1,"location":null,"numPassingAsserts":1,"retryReasons":[],"startAt":1772462091582,"status":"passed","title":"should throw BadRequestException when inventory error message is missing"},{"ancestorTitles":["PublicOrderService - Inventory Integration"],"duration":3,"failing":false,"failureDetails":[],"failureMessages":[],"fullName":"PublicOrderService - Inventory Integration should throw BadRequestException when inventory reservation throws","invocations":1,"location":null,"numPassingAsserts":1,"retryReasons":[],"startAt":1772462091584,"status":"passed","title":"should throw BadRequestException when inventory reservation throws"},{"ancestorTitles":["PublicOrderService - Inventory Integration"],"duration":1,"failing":false,"failureDetails":[],"failureMessages":[],"fullName":"PublicOrderService - Inventory Integration should throw BadRequestException when products list is null","invocations":1,"location":null,"numPassingAsserts":1,"retryReasons":[],"startAt":1772462091588,"status":"passed","title":"should throw BadRequestException when products list is null"},{"ancestorTitles":["PublicOrderService - Inventory Integration"],"duration":3,"failing":false,"failureDetails":[],"failureMessages":[],"fullName":"PublicOrderService - Inventory Integration should return existing order when idempotency key matches","invocations":1,"location":null,"numPassingAsserts":2,"retryReasons":[],"startAt":1772462091589,"status":"passed","title":"should return existing order when idempotency key matches"},{"ancestorTitles":["PublicOrderService - Inventory Integration"],"duration":2,"failing":false,"failureDetails":[],"failureMessages":[],"fullName":"PublicOrderService - Inventory Integration should throw ConflictException when idempotency key payload mismatches","invocations":1,"location":null,"numPassingAsserts":1,"retryReasons":[],"startAt":1772462091592,"status":"passed","title":"should throw ConflictException when idempotency key payload mismatches"},{"ancestorTitles":["PublicOrderService - Inventory Integration"],"duration":2,"failing":false,"failureDetails":[],"failureMessages":[],"fullName":"PublicOrderService - Inventory Integration should detect and parse missing column from schema cache errors","invocations":1,"location":null,"numPassingAsserts":2,"retryReasons":[],"startAt":1772462091594,"status":"passed","title":"should detect and parse missing column from schema cache errors"},{"ancestorTitles":["PublicOrderService - Inventory Integration"],"duration":3,"failing":false,"failureDetails":[],"failureMessages":[],"fullName":"PublicOrderService - Inventory Integration should retry order insert across multiple schema-cache missing columns","invocations":1,"location":null,"numPassingAsserts":3,"retryReasons":[],"startAt":1772462091596,"status":"passed","title":"should retry order insert across multiple schema-cache missing columns"},{"ancestorTitles":["PublicOrderService - Inventory Integration"],"duration":2,"failing":false,"failureDetails":[],"failureMessages":[],"fullName":"PublicOrderService - Inventory Integration should fallback to admin client when anon insert is blocked by RLS","invocations":1,"location":null,"numPassingAsserts":5,"retryReasons":[],"startAt":1772462091599,"status":"passed","title":"should fallback to admin client when anon insert is blocked by RLS"},{"ancestorTitles":["PublicOrderService - Inventory Integration"],"duration":2,"failing":false,"failureDetails":[],"failureMessages":[],"fullName":"PublicOrderService - Inventory Integration should retry order item insert when unit_price is missing in schema cache","invocations":1,"location":null,"numPassingAsserts":3,"retryReasons":[],"startAt":1772462091601,"status":"passed","title":"should retry order item insert when unit_price is missing in schema cache"},{"ancestorTitles":["PublicOrderService - Inventory Integration"],"duration":2,"failing":false,"failureDetails":[],"failureMessages":[],"fullName":"PublicOrderService - Inventory Integration should fallback DINE_IN fulfillment to PICKUP when enum is not supported","invocations":1,"location":null,"numPassingAsserts":3,"retryReasons":[],"startAt":1772462091603,"status":"passed","title":"should fallback DINE_IN fulfillment to PICKUP when enum is not supported"}],"endTime":1772462091605,"message":"","name":"C:\\Users\\user\\Documents\\projects\\order_friends\\src\\modules\\public-order\\public-order.service.spec.ts","startTime":1772462091315,"status":"passed","summary":""},{"assertionResults":[{"ancestorTitles":["PublicOrderService - Branch Order Config"],"duration":22,"failing":false,"failureDetails":[],"failureMessages":[],"fullName":"PublicOrderService - Branch Order Config should reject unsupported payment method by branch config","invocations":1,"location":null,"numPassingAsserts":1,"retryReasons":[],"startAt":1772462091793,"status":"passed","title":"should reject unsupported payment method by branch config"},{"ancestorTitles":["PublicOrderService - Branch Order Config"],"duration":3,"failing":false,"failureDetails":[],"failureMessages":[],"fullName":"PublicOrderService - Branch Order Config should reject unsupported fulfillment type by branch config","invocations":1,"location":null,"numPassingAsserts":1,"retryReasons":[],"startAt":1772462091815,"status":"passed","title":"should reject unsupported fulfillment type by branch config"}],"endTime":1772462091818,"message":"","name":"C:\\Users\\user\\Documents\\projects\\order_friends\\src\\modules\\public-order\\public-order.order-config.spec.ts","startTime":1772462091619,"status":"passed","summary":""},{"assertionResults":[{"ancestorTitles":["CustomerOrdersController"],"duration":5,"failing":false,"failureDetails":[],"failureMessages":[],"fullName":"CustomerOrdersController getOrders should call service and return result","invocations":1,"location":null,"numPassingAsserts":2,"retryReasons":[],"startAt":1772462092024,"status":"p
[...]
der Branches should throw when product query fails","invocations":1,"location":null,"numPassingAsserts":1,"retryReasons":[],"startAt":1772462092225,"status":"passed","title":"should throw when product query fails"},{"ancestorTitles":["PublicOrderService - Create Order Branches"],"duration":2,"failing":false,"failureDetails":[],"failureMessages":[],"fullName":"PublicOrderService - Create Order Branches should throw when product belongs to another branch","invocations":1,"location":null,"numPassingAsserts":1,"retryReasons":[],"startAt":1772462092228,"status":"passed","title":"should throw when product belongs to another branch"},{"ancestorTitles":["PublicOrderService - Create Order Branches"],"duration":1,"failing":false,"failureDetails":[],"failureMessages":[],"fullName":"PublicOrderService - Create Order Branches should throw when product is missing from product map","invocations":1,"location":null,"numPassingAsserts":1,"retryReasons":[],"startAt":1772462092231,"status":"passed","title":"should throw when product is missing from product map"},{"ancestorTitles":["PublicOrderService - Create Order Branches"],"duration":1,"failing":false,"failureDetails":[],"failureMessages":[],"fullName":"PublicOrderService - Create Order Branches should throw when options are provided","invocations":1,"location":null,"numPassingAsserts":1,"retryReasons":[],"startAt":1772462092232,"status":"passed","title":"should throw when options are provided"},{"ancestorTitles":["PublicOrderService - Create Order Branches"],"duration":2,"failing":false,"failureDetails":[],"failureMessages":[],"fullName":"PublicOrderService - Create Order Branches should throw when order insert fails","invocations":1,"location":null,"numPassingAsserts":1,"retryReasons":[],"startAt":1772462092233,"status":"passed","title":"should throw when order insert fails"},{"ancestorTitles":["PublicOrderService - Create Order Branches"],"duration":12,"failing":false,"failureDetails":[],"failureMessages":[],"fullName":"PublicOrderService - Create Order Branches should throw when idempotency key payload signature mismatches","invocations":1,"location":null,"numPassingAsserts":1,"retryReasons":[],"startAt":1772462092235,"status":"passed","title":"should throw when idempotency key payload signature mismatches"},{"ancestorTitles":["PublicOrderService - Create Order Branches"],"duration":2,"failing":false,"failureDetails":[],"failureMessages":[],"fullName":"PublicOrderService - Create Order Branches should rollback when order item insert fails","invocations":1,"location":null,"numPassingAsserts":2,"retryReasons":[],"startAt":1772462092247,"status":"passed","title":"should rollback when order item insert fails"},{"ancestorTitles":["PublicOrderService - Create Order Branches"],"duration":2,"failing":false,"failureDetails":[],"failureMessages":[],"fullName":"PublicOrderService - Create Order Branches should return existing order on unique constraint race","invocations":1,"location":null,"numPassingAsserts":2,"retryReasons":[],"startAt":1772462092250,"status":"passed","title":"should return existing order on unique constraint race"},{"ancestorTitles":["PublicOrderService - Create Order Branches"],"duration":1,"failing":false,"failureDetails":[],"failureMessages":[],"fullName":"PublicOrderService - Create Order Branches should throw when unique constraint race has no existing order","invocations":1,"location":null,"numPassingAsserts":1,"retryReasons":[],"startAt":1772462092253,"status":"passed","title":"should throw when unique constraint race has no existing order"},{"ancestorTitles":["PublicOrderService - Create Order Branches"],"duration":2,"failing":false,"failureDetails":[],"failureMessages":[],"fullName":"PublicOrderService - Create Order Branches should return duplicate order when only name is provided","invocations":1,"location":null,"numPassingAsserts":4,"retryReasons":[],"startAt":1772462092254,"status":"passed","title":"should return duplicate order when only name is provided"},{"ancestorTitles":["PublicOrderService - Create Order Branches"],"duration":2,"failing":false,"failureDetails":[],"failureMessages":[],"fullName":"PublicOrderService - Create Order Branches should return duplicate order when only phone is provided","invocations":1,"location":null,"numPassingAsserts":2,"retryReasons":[],"startAt":1772462092256,"status":"passed","title":"should return duplicate order when only phone is provided"}],"endTime":1772462092258,"message":"","name":"C:\\Users\\user\\Documents\\projects\\order_friends\\src\\modules\\public-order\\public-order.service.create-extra.spec.ts","startTime":1772462092060,"status":"passed","summary":""},{"assertionResults":[{"ancestorTitles":["PublicController"],"duration":3,"failing":false,"failureDetails":[],"failureMessages":[],"fullName":"PublicController getBranch should call service and return result","invocations":1,"location":null,"numPassingAsserts":2,"retryReasons":[],"startAt":1772462092421,"status":"passed","title":"getBranch should call service and return result"},{"ancestorTitles":["PublicController"],"duration":6,"failing":false,"failureDetails":[],"failureMessages":[],"fullName":"PublicController getBranch should propagate service error","invocations":1,"location":null,"numPassingAsserts":1,"retryReasons":[],"startAt":1772462092424,"status":"passed","title":"getBranch should propagate service error"},{"ancestorTitles":["PublicController"],"duration":1,"failing":false,"failureDetails":[],"failureMessages":[],"fullName":"PublicController getProducts should call service and return result","invocations":1,"location":null,"numPassingAsserts":2,"retryReasons":[],"startAt":1772462092430,"status":"passed","title":"getProducts should call service and return result"},{"ancestorTitles":["PublicController"],"duration":1,"failing":false,"failureDetails":[],"failureMessages":[],"fullName":"PublicController getProducts should propagate service error","invocations":1,"location":null,"numPassingAsserts":1,"retryReasons":[],"startAt":1772462092431,"status":"passed","title":"getProducts should propagate service error"},{"ancestorTitles":["PublicController"],"duration":1,"failing":false,"failureDetails":[],"failureMessages":[],"fullName":"PublicController createOrder should call service and return result","invocations":1,"location":null,"numPassingAsserts":2,"retryReasons":[],"startAt":1772462092432,"status":"passed","title":"createOrder should call service and return result"},{"ancestorTitles":["PublicController"],"duration":0,"failing":false,"failureDetails":[],"failureMessages":[],"fullName":"PublicController createOrder should propagate service error","invocations":1,"location":null,"numPassingAsserts":1,"retryReasons":[],"startAt":1772462092434,"status":"passed","title":"createOrder should propagate service error"},{"ancestorTitles":["PublicController"],"duration":1,"failing":false,"failureDetails":[],"failureMessages":[],"fullName":"PublicController getOrder should call service and return result","invocations":1,"location":null,"numPassingAsserts":2,"retryReasons":[],"startAt":1772462092434,"status":"passed","title":"getOrder should call service and return result"},{"ancestorTitles":["PublicController"],"duration":1,"failing":false,"failureDetails":[],"failureMessages":[],"fullName":"PublicController getOrder should propagate service error","invocations":1,"location":null,"numPassingAsserts":1,"retryReasons":[],"startAt":1772462092435,"status":"passed","title":"getOrder should propagate service error"}],"endTime":1772462092437,"message":"","name":"C:\\Users\\user\\Documents\\projects\\order_friends\\src\\modules\\public\\public.controller.spec.ts","startTime":1772462092263,"status":"passed","summary":""},{"assertionResults":[{"ancestorTitles":["PublicOrderService - Shop Flow"],"duration":6,"failing":false,"failureDetails":[],"failureMessages":[],"fullName":"PublicOrderService - Shop Flow getShopBrandBySlug should return brand products mapped to delivery branch products","invocations":1,"location":null,"numPassingAsserts":6,"retryReasons":[],"startAt":1772462092624,"status":"passed","title":"getShopBrandBySlug should return brand products mapped to delivery branch products"},{"ancestorTitles":["PublicOrderService - Shop Flow"],"duration":4,"failing":false,"failureDetails":[],"failureMessages":[],"fullName":"PublicOrderService - Shop Flow createShopOrderByBrandSlug should map template product ids to branch product ids","invocations":1,"location":null,"numPassingAsserts":1,"retryReasons":[],"startAt":1772462092630,"status":"passed","title":"createShopOrderByBrandSlug should map template product ids to branch product ids"},{"ancestorTitles":["PublicOrderService - Shop Flow"],"duration":1,"failing":false,"failureDetails":[],"failureMessages":[],"fullName":"PublicOrderService - Shop Flow createShopOrderByBrandSlug should allow delivery override when branch delivery is disabled","invocations":1,"location":null,"numPassingAsserts":1,"retryReasons":[],"startAt":1772462092634,"status":"passed","title":"createShopOrderByBrandSlug should allow delivery override when branch delivery is disabled"},{"ancestorTitles":["PublicOrderService - Shop Flow"],"duration":17,"failing":false,"failureDetails":[],"failureMessages":[],"fullName":"PublicOrderService - Shop Flow createShopOrderByBrandSlug should require address for delivery","invocations":1,"location":null,"numPassingAsserts":1,"retryReasons":[],"startAt":1772462092636,"status":"passed","title":"createShopOrderByBrandSlug should require address for delivery"},{"ancestorTitles":["PublicOrderService - Shop Flow"],"duration":2,"failing":false,"failureDetails":[],"failureMessages":[],"fullName":"PublicOrderService - Shop Flow getShopBrandBySlug should auto-create online shop branch when brand has no branch","invocations":1,"location":null,"numPassingAsserts":4,"retryReasons":[],"startAt":1772462092653,"status":"passed","title":"getShopBrandBySlug should auto-create online shop branch when brand has no branch"}],"endTime":1772462092656,"message":"","name":"C:\\Users\\user\\Documents\\projects\\order_friends\\src\\modules\\public-order\\public-order.service.shop.spec.ts","startTime":1772462092440,"status":"passed","summary":""},{"assertionResults":[{"ancestorTitles":["CacheService"],"duration":2,"failing":false,"failureDetails":[],"failureMessages":[],"fullName":"CacheService get should return value on hit","invocations":1,"location":null,"numPassingAsserts":2,"retryReasons":[],"startAt":1772462092762,"status":"passed","title":"get should return value on hit"},{"ancestorTitles":["CacheService"],"duration":0,"failing":false,"failureDetails":[],"failureMessages":[],"fullName":"CacheService get should return undefined on miss","invocations":1,"location":null,"numPassingAsserts":2,"retryReasons":[],"startAt":1772462092764,"status":"passed","title":"get should return undefined on miss"},{"ancestorTitles":["CacheService"],"duration":6,"failing":false,"failureDetails":[],"failureMessages":[],"fullName":"CacheService get should handle errors","invocations":1,"location":null,"numPassingAsserts":1,"retryReasons":[],"startAt":1772462092764,"status":"passed","title":"get should handle errors"},{"ancestorTitles":["CacheService"],"duration":0,"failing":false,"failureDetails":[],"failureMessages":[],"fullName":"CacheService set should store value","invocations":1,"location":null,"numPassingAsserts":1,"retryReasons":[],"startAt":1772462092770,"status":"passed","title":"set should store value"},{"ancestorTitles":["CacheService"],"duration":0,"failing":false,"failureDetails":[],"failureMessages":[],"fullName":"CacheService set should store value without ttl","invocations":1,"location":null,"numPassingAsserts":1,"retryReasons":[],"startAt":1772462092770,"status":"passed","title":"set should store value without ttl"},{"ancestorTitles":["CacheService"],"duration":1,"failing":false,"failureDetails":[],"failureMessages":[],"fullName":"CacheService set should handle errors","invocations":1,"location":null,"numPassingAsserts":0,"retryReasons":[],"startAt":1772462092770,"status":"passed","title":"set should handle errors"},{"ancestorTitles":["CacheService"],"duration":0,"failing":false,"failureDetails":[],"failureMessages":[],"fullName":"CacheService del should delete key","invocations":1,"location":null,"numPassingAsserts":1,"retryReasons":[],"startAt":1772462092771,"status":"passed","title":"del should delete key"},{"ancestorTitles":["CacheService"],"duration":1,"failing":false,"failureDetails":[],"failureMessages":[],"fullName":"CacheService del should handle errors","invocations":1,"location":null,"numPassingAsserts":0,"retryReasons":[],"startAt":1772462092771,"status":"passed","title":"del should handle errors"},{"ancestorTitles":["CacheService"],"duration":1,"failing":false,"failureDetails":[],"failureMessages":[],"fullName":"CacheService delPattern should delete matching keys when supported","invocations":1,"location":null,"numPassingAsserts":2,"retryReasons":[],"startAt":1772462092772,"status":"passed","title":"delPattern should delete matching keys when supported"},{"ancestorTitles":["CacheService"],"duration":0,"failing":false,"failureDetails":[],"failureMessages":[],"fullName":"CacheService delPattern should warn when store lacks keys","invocations":1,"location":null,"numPassingAsserts":0,"retryReasons":[],"startAt":1772462092773,"status":"passed","title":"delPattern should warn when store lacks keys"},{"ancestorTitles":["CacheService"],"duration":0,"failing":false,"failureDetails":[],"failureMessages":[],"fullName":"CacheService delPattern should handle errors","invocations":1,"location":null,"numPassingAsserts":0,"retryReasons":[],"startAt":1772462092773,"status":"passed","title":"delPattern should handle errors"},{"ancestorTitles":["CacheService"],"duration":1,"failing":false,"failureDetails":[],"failureMessages":[],"fullName":"CacheService reset should call clear on each store","invocations":1,"location":null,"numPassingAsserts":1,"retryReasons":[],"startAt":1772462092773,"status":"passed","title":"reset should call clear on each store"},{"ancestorTitles":["CacheService"],"duration":0,"failing":false,"failureDetails":[],"failureMessages":[],"fullName":"CacheService reset should skip stores without clear method","invocations":1,"location":null,"numPassingAsserts":0,"retryReasons":[],"startAt":1772462092774,"status":"passed","title":"reset should skip stores without clear method"},{"ancestorTitles":["CacheService"],"duration":0,"failing":false,"failureDetails":[],"failureMessages":[],"fullName":"CacheService reset should handle no stores gracefully","invocations":1,"location":null,"numPassingAsserts":0,"retryReasons":[],"startAt":1772462092774,"status":"passed","title":"reset should handle no stores gracefully"},{"ancestorTitles":["CacheService"],"duration":1,"failing":false,"failureDetails":[],"failureMessages":[],"fullName":"CacheService reset should handle errors from clear","invocations":1,"location":null,"numPassingAsserts":0,"retryReasons":[],"startAt":1772462092774,"status":"passed","title":"reset should handle errors from clear"},{"ancestorTitles":["CacheService"],"duration":0,"failing":false,"failureDetails":[],"failureMessages":[],"fullName":"CacheService getOrSet should return cached value when present","invocations":1,"location":null,"numPassingAsserts":2,"retryReasons":[],"startAt":1772462092775,"status":"passed","title":"getOrSet should return cached value when present"},{"ancestorTitles":["CacheService"],"duration":0,"failing":false,"failureDetails":[],"failureMessages":[],"fullName":"CacheService getOrSet should compute and store value when missing","invocations":1,"location":null,"numPassingAsserts":2,"retryReasons":[],"startAt":1772462092775,"status":"passed","title":"getOrSet should compute and store value when missing"},{"ancestorTitles":["CacheService"],"duration":1,"failing":false,"failureDetails":[],"failureMessages":[],"fullName":"CacheService invalidateProduct should delete related keys","invocations":1,"location":null,"numPassingAsserts":1,"retryReasons":[],"startAt":1772462092775,"status":"passed","title":"invalidateProduct should delete related keys"},{"ancestorTitles":["CacheService"],"duration":0,"failing":false,"failureDetails":[],"failureMessages":[],"fullName":"CacheService invalidateProduct should skip branch patterns when branchId missing","invocations":1,"location":null,"numPassingAsserts":2,"retryReasons":[],"startAt":1772462092776,"status":"passed","title":"invalidateProduct should skip branch patterns when branchId missing"},{"ancestorTitles":["CacheService"],"duration":0,"failing":false,"failureDetails":[],"failureMessages":[],"fullName":"CacheService invalidateOrder should delete related keys","invocations":1,"location":null,"numPassingAsserts":1,"retryReasons":[],"startAt":1772462092776,"status":"passed","title":"invalidateOrder should delete related keys"},{"ancestorTitles":["CacheService"],"duration":0,"failing":false,"failureDetails":[],"failureMessages":[],"fullName":"CacheService invalidateOrder should skip branch patterns when branchId missing","invocations":1,"location":null,"numPassingAsserts":2,"retryReasons":[],"startAt":1772462092776,"status":"passed","title":"invalidateOrder should skip branch patterns when branchId missing"},{"ancestorTitles":["CacheService"],"duration":1,"failing":false,"failureDetails":[],"failureMessages":[],"fullName":"CacheService invalidateInventory should delete related keys","invocations":1,"location":null,"numPassingAsserts":1,"retryReasons":[],"startAt":1772462092776,"status":"passed","title":"invalidateInventory should delete related keys"},{"ancestorTitles":["CacheService"],"duration":0,"failing":false,"failureDetails":[],"failureMessages":[],"fullName":"CacheService invalidateInventory should skip product key when productId missing","invocations":1,"location":null,"numPassingAsserts":1,"retryReasons":[],"startAt":1772462092777,"status":"passed","title":"invalidateInventory should skip product key when productId missing"},{"ancestorTitles":["CacheService"],"duration":0,"failing":false,"failureDetails":[],"failureMessages":[],"fullName":"CacheService invalidateBranch should delete related keys","invocations":1,"location":null,"numPassingAsserts":2,"retryReasons":[],"startAt":1772462092777,"status":"passed","title":"invalidateBranch should delete related keys"},{"ancestorTitles":["CacheService"],"duration":0,"failing":false,"failureDetails":[],"failureMessages":[],"fullName":"CacheService invalidateBranch should skip brand cache when brandId missing","invocations":1,"location":null,"numPassingAsserts":2,"retryReasons":[],"startAt":1772462092778,"status":"passed","title":"invalidateBranch should skip brand cache when brandId missing"},{"ancestorTitles":["CacheService"],"duration":0,"failing":false,"failureDetails":[],"failureMessages":[],"fullName":"CacheService getStats should return stats when supported","invocations":1,"location":null,"numPassingAsserts":2,"retryReasons":[],"startAt":1772462092778,"status":"passed","title":"getStats should return stats when supported"},{"ancestorTitles":["CacheService"],"duration":0,"failing":false,"failureDetails":[],"failureMessages":[],"fullName":"CacheService getStats should return message when not supported","invocations":1,"location":null,"numPassingAsserts":1,"retryReasons":[],"startAt":1772462092779,"status":"passed","title":"getStats should return message when not supported"},{"ancestorTitles":["CacheService"],"duration":1,"failing":false,"failureDetails":[],"failureMessages":[],"fullName":"CacheService getStats should handle errors","invocations":1,"location":null,"numPassingAsserts":1,"retryReasons":[],"startAt":1772462092779,"status":"passed","title":"getStats should handle errors"}],"endTime":1772462092780,"message":"","name":"C:\\Users\\user\\Documents\\projects\\order_friends\\src\\common\\services\\cache.service.spec.ts","startTime":1772462092659,"status":"passed","summary":""}],"wasInterrupted":false}
