{"C:\\Users\\user\\Documents\\projects\\order_friends\\src\\app.controller.ts": {"path":"C:\\Users\\user\\Documents\\projects\\order_friends\\src\\app.controller.ts","statementMap":{"0":{"start":{"line":1,"column":0},"end":{"line":1,"column":49}},"1":{"start":{"line":2,"column":0},"end":{"line":2,"column":43}},"2":{"start":{"line":5,"column":7},"end":{"line":12,"column":null}},"3":{"start":{"line":6,"column":31},"end":{"line":6,"column":43}},"4":{"start":{"line":10,"column":4},"end":{"line":10,"column":38}},"5":{"start":{"line":5,"column":13},"end":{"line":5,"column":26}},"6":{"start":{"line":9,"column":2},"end":{"line":11,"column":null}},"7":{"start":{"line":5,"column":13},"end":{"line":12,"column":null}}},"fnMap":{"0":{"name":"(anonymous_2)","decl":{"start":{"line":6,"column":2},"end":{"line":6,"column":31}},"loc":{"start":{"line":6,"column":53},"end":{"line":6,"column":57}}},"1":{"name":"(anonymous_3)","decl":{"start":{"line":9,"column":2},"end":{"line":9,"column":10}},"loc":{"start":{"line":9,"column":10},"end":{"line":11,"column":3}}}},"branchMap":{"0":{"loc":{"start":{"line":6,"column":43},"end":{"line":6,"column":56}},"type":"cond-expr","locations":[{"start":{"line":6,"column":53},"end":{"line":6,"column":56}},{"start":{"line":6,"column":53},"end":{"line":6,"column":56}}]},"1":{"loc":{"start":{"line":6,"column":43},"end":{"line":6,"column":53}},"type":"binary-expr","locations":[{"start":{"line":6,"column":43},"end":{"line":6,"column":56}},{"start":{"line":6,"column":43},"end":{"line":6,"column":53}}]}},"s":{"0":1,"1":1,"2":1,"3":1,"4":1,"5":1,"6":1,"7":1},"f":{"0":1,"1":1},"b":{"0":[1,0],"1":[1,1]}}
,"C:\\Users\\user\\Documents\\projects\\order_friends\\src\\app.module.ts": {"path":"C:\\Users\\user\\Documents\\projects\\order_friends\\src\\app.module.ts","statementMap":{"0":{"start":{"line":1,"column":1},"end":{"line":1,"column":41}},"1":{"start":{"line":2,"column":0},"end":{"line":2,"column":46}},"2":{"start":{"line":3,"column":0},"end":{"line":3,"column":68}},"3":{"start":{"line":4,"column":0},"end":{"line":4,"column":58}},"4":{"start":{"line":5,"column":0},"end":{"line":5,"column":52}},"5":{"start":{"line":7,"column":0},"end":{"line":7,"column":66}},"6":{"start":{"line":8,"column":0},"end":{"line":8,"column":56}},"7":{"start":{"line":9,"column":0},"end":{"line":9,"column":62}},"8":{"start":{"line":10,"column":0},"end":{"line":10,"column":68}},"9":{"start":{"line":11,"column":0},"end":{"line":11,"column":68}},"10":{"start":{"line":12,"column":0},"end":{"line":12,"column":62}},"11":{"start":{"line":13,"column":0},"end":{"line":13,"column":65}},"12":{"start":{"line":14,"column":0},"end":{"line":14,"column":71}},"13":{"start":{"line":15,"column":0},"end":{"line":15,"column":79}},"14":{"start":{"line":16,"column":0},"end":{"line":16,"column":62}},"15":{"start":{"line":17,"column":0},"end":{"line":17,"column":97}},"16":{"start":{"line":18,"column":0},"end":{"line":18,"column":88}},"17":{"start":{"line":19,"column":0},"end":{"line":19,"column":94}},"18":{"start":{"line":20,"column":0},"end":{"line":20,"column":94}},"19":{"start":{"line":21,"column":0},"end":{"line":21,"column":88}},"20":{"start":{"line":22,"column":0},"end":{"line":22,"column":71}},"21":{"start":{"line":23,"column":0},"end":{"line":23,"column":68}},"22":{"start":{"line":24,"column":0},"end":{"line":24,"column":83}},"23":{"start":{"line":25,"column":0},"end":{"line":25,"column":71}},"24":{"start":{"line":26,"column":0},"end":{"line":26,"column":62}},"25":{"start":{"line":28,"column":0},"end":{"line":28,"column":55}},"26":{"start":{"line":29,"column":0},"end":{"line":29,"column":67}},"27":{"start":{"line":30,"column":0},"end":{"line":30,"column":59}},"28":{"start":{"line":31,"column":0},"end":{"line":31,"column":57}},"29":{"start":{"line":32,"column":0},"end":{"line":32,"column":63}},"30":{"start":{"line":33,"column":0},"end":{"line":33,"column":79}},"31":{"start":{"line":86,"column":7},"end":{"line":86,"column":null}},"32":{"start":{"line":86,"column":13},"end":{"line":86,"column":22}},"33":{"start":{"line":86,"column":13},"end":{"line":86,"column":null}}},"fnMap":{},"branchMap":{},"s":{"0":3,"1":3,"2":3,"3":3,"4":3,"5":3,"6":3,"7":3,"8":3,"9":3,"10":3,"11":3,"12":3,"13":3,"14":3,"15":3,"16":3,"17":3,"18":3,"19":3,"20":3,"21":3,"22":3,"23":3,"24":3,"25":3,"26":3,"27":3,"28":3,"29":3,"30":3,"31":3,"32":3,"33":3},"f":{},"b":{}}
,"C:\\Users\\user\\Documents\\projects\\order_friends\\src\\app.service.ts": {"path":"C:\\Users\\user\\Documents\\projects\\order_friends\\src\\app.service.ts","statementMap":{"0":{"start":{"line":1,"column":0},"end":{"line":1,"column":44}},"1":{"start":{"line":4,"column":7},"end":{"line":8,"column":null}},"2":{"start":{"line":6,"column":4},"end":{"line":6,"column":26}},"3":{"start":{"line":4,"column":13},"end":{"line":4,"column":23}},"4":{"start":{"line":4,"column":13},"end":{"line":8,"column":null}}},"fnMap":{"0":{"name":"(anonymous_1)","decl":{"start":{"line":5,"column":2},"end":{"line":5,"column":10}},"loc":{"start":{"line":5,"column":10},"end":{"line":7,"column":3}}}},"branchMap":{},"s":{"0":1,"1":1,"2":1,"3":1,"4":1},"f":{"0":1},"b":{}}
,"C:\\Users\\user\\Documents\\projects\\order_friends\\src\\main.ts": {"path":"C:\\Users\\user\\Documents\\projects\\order_friends\\src\\main.ts","statementMap":{"0":{"start":{"line":10,"column":0},"end":{"line":10,"column":43}},"1":{"start":{"line":11,"column":0},"end":{"line":11,"column":48}},"2":{"start":{"line":12,"column":0},"end":{"line":12,"column":65}},"3":{"start":{"line":13,"column":0},"end":{"line":13,"column":28}},"4":{"start":{"line":14,"column":0},"end":{"line":14,"column":41}},"5":{"start":{"line":15,"column":0},"end":{"line":15,"column":41}},"6":{"start":{"line":16,"column":0},"end":{"line":16,"column":81}},"7":{"start":{"line":20,"column":2},"end":{"line":26,"column":3}},"8":{"start":{"line":21,"column":4},"end":{"line":25,"column":7}},"9":{"start":{"line":28,"column":14},"end":{"line":28,"column":68}},"10":{"start":{"line":31,"column":2},"end":{"line":31,"column":20}},"11":{"start":{"line":34,"column":2},"end":{"line":34,"column":52}},"12":{"start":{"line":37,"column":2},"end":{"line":46,"column":4}},"13":{"start":{"line":49,"column":2},"end":{"line":74,"column":5}},"14":{"start":{"line":51,"column":6},"end":{"line":51,"column":47}},"15":{"start":{"line":51,"column":19},"end":{"line":51,"column":47}},"16":{"start":{"line":54,"column":6},"end":{"line":59,"column":7}},"17":{"start":{"line":58,"column":8},"end":{"line":58,"column":36}},"18":{"start":{"line":62,"column":6},"end":{"line":67,"column":7}},"19":{"start":{"line":66,"column":8},"end":{"line":66,"column":36}},"20":{"start":{"line":69,"column":6},"end":{"line":69,"column":67}},"21":{"start":{"line":77,"column":17},"end":{"line":91,"column":12}},"22":{"start":{"line":93,"column":19},"end":{"line":93,"column":60}},"23":{"start":{"line":94,"column":2},"end":{"line":94,"column":49}},"24":{"start":{"line":96,"column":2},"end":{"line":96,"column":45}},"25":{"start":{"line":97,"column":2},"end":{"line":99,"column":4}},"26":{"start":{"line":100,"column":2},"end":{"line":102,"column":4}},"27":{"start":{"line":105,"column":0},"end":{"line":105,"column":12}}},"fnMap":{"0":{"name":"bootstrap","decl":{"start":{"line":18,"column":15},"end":{"line":18,"column":24}},"loc":{"start":{"line":18,"column":24},"end":{"line":103,"column":1}}},"1":{"name":"(anonymous_11)","decl":{"start":{"line":50,"column":12},"end":{"line":50,"column":13}},"loc":{"start":{"line":50,"column":33},"end":{"line":70,"column":5}}}},"branchMap":{"0":{"loc":{"start":{"line":20,"column":2},"end":{"line":26,"column":3}},"type":"if","locations":[{"start":{"line":20,"column":2},"end":{"line":26,"column":3}},{"start":{},"end":{}}]},"1":{"loc":{"start":{"line":23,"column":19},"end":{"line":23,"column":56}},"type":"binary-expr","locations":[{"start":{"line":23,"column":19},"end":{"line":23,"column":39}},{"start":{"line":23,"column":43},"end":{"line":23,"column":56}}]},"2":{"loc":{"start":{"line":51,"column":6},"end":{"line":51,"column":47}},"type":"if","locations":[{"start":{"line":51,"column":6},"end":{"line":51,"column":47}},{"start":{},"end":{}}]},"3":{"loc":{"start":{"line":54,"column":6},"end":{"line":59,"column":7}},"type":"if","locations":[{"start":{"line":54,"column":6},"end":{"line":59,"column":7}},{"start":{},"end":{}}]},"4":{"loc":{"start":{"line":55,"column":8},"end":{"line":56,"column":46}},"type":"binary-expr","locations":[{"start":{"line":55,"column":8},"end":{"line":55,"column":46}},{"start":{"line":56,"column":8},"end":{"line":56,"column":46}}]},"5":{"loc":{"start":{"line":62,"column":6},"end":{"line":67,"column":7}},"type":"if","locations":[{"start":{"line":62,"column":6},"end":{"line":67,"column":7}},{"start":{},"end":{}}]},"6":{"loc":{"start":{"line":63,"column":8},"end":{"line":64,"column":52}},"type":"binary-expr","locations":[{"start":{"line":63,"column":8},"end":{"line":63,"column":45}},{"start":{"line":64,"column":8},"end":{"line":64,"column":52}}]},"7":{"loc":{"start":{"line":96,"column":19},"end":{"line":96,"column":43}},"type":"binary-expr","locations":[{"start":{"line":96,"column":19},"end":{"line":96,"column":35}},{"start":{"line":96,"column":39},"end":{"line":96,"column":43}}]},"8":{"loc":{"start":{"line":98,"column":51},"end":{"line":98,"column":75}},"type":"binary-expr","locations":[{"start":{"line":98,"column":51},"end":{"line":98,"column":67}},{"start":{"line":98,"column":71},"end":{"line":98,"column":75}}]},"9":{"loc":{"start":{"line":101,"column":43},"end":{"line":101,"column":67}},"type":"binary-expr","locations":[{"start":{"line":101,"column":43},"end":{"line":101,"column":59}},{"start":{"line":101,"column":63},"end":{"line":101,"column":67}}]}},"s":{"0":2,"1":2,"2":2,"3":2,"4":2,"5":2,"6":2,"7":2,"8":1,"9":2,"10":2,"11":2,"12":2,"13":2,"14":5,"15":1,"16":4,"17":2,"18":2,"19":1,"20":1,"21":2,"22":2,"23":2,"24":2,"25":2,"26":2,"27":2},"f":{"0":2,"1":5},"b":{"0":[1,1],"1":[1,0],"2":[1,4],"3":[2,2],"4":[4,3],"5":[1,1],"6":[2,2],"7":[2,1],"8":[2,1],"9":[2,1]}}
,"C:\\Users\\user\\Documents\\projects\\order_friends\\src\\common\\decorators\\current-user.decorator.ts": {"path":"C:\\Users\\user\\Documents\\projects\\order_friends\\src\\common\\decorators\\current-user.decorator.ts","statementMap":{"0":{"start":{"line":1,"column":0},"end":{"line":1,"column":72}},"1":{"start":{"line":8,"column":13},"end":{"line":13,"column":2}},"2":{"start":{"line":10,"column":16},"end":{"line":10,"column":47}},"3":{"start":{"line":11,"column":4},"end":{"line":11,"column":20}}},"fnMap":{"0":{"name":"(anonymous_0)","decl":{"start":{"line":9,"column":2},"end":{"line":9,"column":3}},"loc":{"start":{"line":9,"column":65},"end":{"line":12,"column":3}}}},"branchMap":{},"s":{"0":5,"1":5,"2":1,"3":1},"f":{"0":1},"b":{}}
,"C:\\Users\\user\\Documents\\projects\\order_friends\\src\\common\\decorators\\require-permissions.decorator.ts": {"path":"C:\\Users\\user\\Documents\\projects\\order_friends\\src\\common\\decorators\\require-permissions.decorator.ts","statementMap":{"0":{"start":{"line":1,"column":0},"end":{"line":1,"column":45}},"1":{"start":{"line":4,"column":13},"end":{"line":4,"column":61}},"2":{"start":{"line":6,"column":34},"end":{"line":7,"column":45}},"3":{"start":{"line":7,"column":2},"end":{"line":7,"column":45}},"4":{"start":{"line":6,"column":13},"end":{"line":6,"column":34}}},"fnMap":{"0":{"name":"(anonymous_0)","decl":{"start":{"line":6,"column":34},"end":{"line":6,"column":35}},"loc":{"start":{"line":7,"column":2},"end":{"line":7,"column":45}}}},"branchMap":{},"s":{"0":5,"1":5,"2":5,"3":4,"4":5},"f":{"0":4},"b":{}}
,"C:\\Users\\user\\Documents\\projects\\order_friends\\src\\common\\decorators\\user-rate-limit.decorator.ts": {"path":"C:\\Users\\user\\Documents\\projects\\order_friends\\src\\common\\decorators\\user-rate-limit.decorator.ts","statementMap":{"0":{"start":{"line":1,"column":0},"end":{"line":1,"column":45}},"1":{"start":{"line":2,"column":0},"end":{"line":2,"column":null}},"2":{"start":{"line":23,"column":29},"end":{"line":24,"column":43}},"3":{"start":{"line":24,"column":2},"end":{"line":24,"column":43}},"4":{"start":{"line":23,"column":13},"end":{"line":23,"column":29}}},"fnMap":{"0":{"name":"(anonymous_0)","decl":{"start":{"line":23,"column":29},"end":{"line":23,"column":30}},"loc":{"start":{"line":24,"column":2},"end":{"line":24,"column":43}}}},"branchMap":{},"s":{"0":6,"1":6,"2":6,"3":28,"4":6},"f":{"0":28},"b":{}}
,"C:\\Users\\user\\Documents\\projects\\order_friends\\src\\common\\dto\\pagination.dto.ts": {"path":"C:\\Users\\user\\Documents\\projects\\order_friends\\src\\common\\dto\\pagination.dto.ts","statementMap":{"0":{"start":{"line":1,"column":0},"end":{"line":1,"column":62}},"1":{"start":{"line":2,"column":0},"end":{"line":2,"column":41}},"2":{"start":{"line":3,"column":0},"end":{"line":3,"column":54}},"3":{"start":{"line":11,"column":18},"end":{"line":11,"column":19}},"4":{"start":{"line":24,"column":19},"end":{"line":24,"column":21}},"5":{"start":{"line":5,"column":0},"end":{"line":5,"column":13}},"6":{"start":{"line":11,"column":2},"end":{"line":11,"column":null}},"7":{"start":{"line":8,"column":14},"end":{"line":8,"column":20}},"8":{"start":{"line":24,"column":2},"end":{"line":24,"column":null}},"9":{"start":{"line":20,"column":14},"end":{"line":20,"column":20}},"10":{"start":{"line":48,"column":4},"end":{"line":48,"column":21}},"11":{"start":{"line":49,"column":4},"end":{"line":49,"column":23}},"12":{"start":{"line":50,"column":4},"end":{"line":50,"column":23}},"13":{"start":{"line":51,"column":4},"end":{"line":51,"column":47}},"14":{"start":{"line":52,"column":4},"end":{"line":52,"column":42}},"15":{"start":{"line":53,"column":4},"end":{"line":53,"column":28}},"16":{"start":{"line":39,"column":0},"end":{"line":39,"column":13}}},"fnMap":{"0":{"name":"(anonymous_2)","decl":{"start":{"line":8,"column":8},"end":{"line":8,"column":11}},"loc":{"start":{"line":8,"column":14},"end":{"line":8,"column":20}}},"1":{"name":"(anonymous_3)","decl":{"start":{"line":20,"column":8},"end":{"line":20,"column":11}},"loc":{"start":{"line":20,"column":14},"end":{"line":20,"column":20}}},"2":{"name":"(anonymous_4)","decl":{"start":{"line":47,"column":2},"end":{"line":47,"column":14}},"loc":{"start":{"line":47,"column":56},"end":{"line":54,"column":3}}}},"branchMap":{},"s":{"0":11,"1":11,"2":11,"3":2,"4":2,"5":11,"6":11,"7":1,"8":11,"9":1,"10":16,"11":16,"12":16,"13":16,"14":16,"15":16,"16":11},"f":{"0":1,"1":1,"2":16},"b":{}}
,"C:\\Users\\user\\Documents\\projects\\order_friends\\src\\common\\dto\\search.dto.ts": {"path":"C:\\Users\\user\\Documents\\projects\\order_friends\\src\\common\\dto\\search.dto.ts","statementMap":{"0":{"start":{"line":1,"column":0},"end":{"line":1,"column":78}},"1":{"start":{"line":2,"column":0},"end":{"line":2,"column":41}},"2":{"start":{"line":3,"column":0},"end":{"line":3,"column":46}},"3":{"start":{"line":30,"column":18},"end":{"line":30,"column":19}},"4":{"start":{"line":37,"column":19},"end":{"line":37,"column":21}},"5":{"start":{"line":5,"column":0},"end":{"line":5,"column":13}},"6":{"start":{"line":9,"column":2},"end":{"line":9,"column":null}},"7":{"start":{"line":14,"column":2},"end":{"line":14,"column":null}},"8":{"start":{"line":23,"column":2},"end":{"line":23,"column":null}},"9":{"start":{"line":30,"column":2},"end":{"line":30,"column":null}},"10":{"start":{"line":27,"column":14},"end":{"line":27,"column":20}},"11":{"start":{"line":37,"column":2},"end":{"line":37,"column":null}},"12":{"start":{"line":34,"column":14},"end":{"line":34,"column":20}},"13":{"start":{"line":40,"column":0},"end":{"line":40,"column":13}},"14":{"start":{"line":44,"column":2},"end":{"line":44,"column":null}},"15":{"start":{"line":50,"column":2},"end":{"line":50,"column":null}},"16":{"start":{"line":48,"column":14},"end":{"line":48,"column":20}},"17":{"start":{"line":56,"column":2},"end":{"line":56,"column":null}},"18":{"start":{"line":54,"column":14},"end":{"line":54,"column":20}},"19":{"start":{"line":60,"column":2},"end":{"line":60,"column":null}},"20":{"start":{"line":65,"column":2},"end":{"line":65,"column":null}},"21":{"start":{"line":68,"column":0},"end":{"line":68,"column":13}},"22":{"start":{"line":72,"column":2},"end":{"line":72,"column":null}},"23":{"start":{"line":77,"column":2},"end":{"line":77,"column":null}},"24":{"start":{"line":82,"column":2},"end":{"line":82,"column":null}},"25":{"start":{"line":87,"column":2},"end":{"line":87,"column":null}},"26":{"start":{"line":93,"column":2},"end":{"line":93,"column":null}},"27":{"start":{"line":91,"column":14},"end":{"line":91,"column":20}},"28":{"start":{"line":99,"column":2},"end":{"line":99,"column":null}},"29":{"start":{"line":97,"column":14},"end":{"line":97,"column":20}}},"fnMap":{"0":{"name":"(anonymous_2)","decl":{"start":{"line":27,"column":8},"end":{"line":27,"column":11}},"loc":{"start":{"line":27,"column":14},"end":{"line":27,"column":20}}},"1":{"name":"(anonymous_3)","decl":{"start":{"line":34,"column":8},"end":{"line":34,"column":11}},"loc":{"start":{"line":34,"column":14},"end":{"line":34,"column":20}}},"2":{"name":"(anonymous_4)","decl":{"start":{"line":48,"column":8},"end":{"line":48,"column":11}},"loc":{"start":{"line":48,"column":14},"end":{"line":48,"column":20}}},"3":{"name":"(anonymous_5)","decl":{"start":{"line":54,"column":8},"end":{"line":54,"column":11}},"loc":{"start":{"line":54,"column":14},"end":{"line":54,"column":20}}},"4":{"name":"(anonymous_6)","decl":{"start":{"line":91,"column":8},"end":{"line":91,"column":11}},"loc":{"start":{"line":91,"column":14},"end":{"line":91,"column":20}}},"5":{"name":"(anonymous_7)","decl":{"start":{"line":97,"column":8},"end":{"line":97,"column":11}},"loc":{"start":{"line":97,"column":14},"end":{"line":97,"column":20}}}},"branchMap":{},"s":{"0":5,"1":5,"2":5,"3":5,"4":5,"5":5,"6":5,"7":5,"8":5,"9":5,"10":2,"11":5,"12":2,"13":5,"14":5,"15":5,"16":1,"17":5,"18":1,"19":5,"20":5,"21":5,"22":5,"23":5,"24":5,"25":5,"26":5,"27":1,"28":5,"29":1},"f":{"0":2,"1":2,"2":1,"3":1,"4":1,"5":1},"b":{}}
,"C:\\Users\\user\\Documents\\projects\\order_friends\\src\\common\\exceptions\\business.exception.ts": {"path":"C:\\Users\\user\\Documents\\projects\\order_friends\\src\\common\\exceptions\\business.exception.ts","statementMap":{"0":{"start":{"line":1,"column":0},"end":{"line":1,"column":59}},"1":{"start":{"line":13,"column":4},"end":{"line":21,"column":6}},"2":{"start":{"line":6,"column":0},"end":{"line":6,"column":13}},"3":{"start":{"line":30,"column":4},"end":{"line":33,"column":7}},"4":{"start":{"line":28,"column":0},"end":{"line":28,"column":13}},"5":{"start":{"line":42,"column":4},"end":{"line":47,"column":6}},"6":{"start":{"line":40,"column":0},"end":{"line":40,"column":13}},"7":{"start":{"line":56,"column":4},"end":{"line":56,"column":71}},"8":{"start":{"line":54,"column":0},"end":{"line":54,"column":13}},"9":{"start":{"line":65,"column":4},"end":{"line":70,"column":6}},"10":{"start":{"line":63,"column":0},"end":{"line":63,"column":13}}},"fnMap":{"0":{"name":"(anonymous_0)","decl":{"start":{"line":7,"column":2},"end":{"line":7,"column":null}},"loc":{"start":{"line":11,"column":33},"end":{"line":22,"column":3}}},"1":{"name":"(anonymous_1)","decl":{"start":{"line":29,"column":2},"end":{"line":29,"column":14}},"loc":{"start":{"line":29,"column":59},"end":{"line":34,"column":3}}},"2":{"name":"(anonymous_2)","decl":{"start":{"line":41,"column":2},"end":{"line":41,"column":14}},"loc":{"start":{"line":41,"column":41},"end":{"line":48,"column":3}}},"3":{"name":"(anonymous_3)","decl":{"start":{"line":55,"column":2},"end":{"line":55,"column":14}},"loc":{"start":{"line":55,"column":60},"end":{"line":57,"column":3}}},"4":{"name":"(anonymous_4)","decl":{"start":{"line":64,"column":2},"end":{"line":64,"column":14}},"loc":{"start":{"line":64,"column":57},"end":{"line":71,"column":3}}}},"branchMap":{"0":{"loc":{"start":{"line":10,"column":4},"end":{"line":10,"column":51}},"type":"default-arg","locations":[{"start":{"line":10,"column":29},"end":{"line":10,"column":51}}]}},"s":{"0":13,"1":99,"2":13,"3":18,"4":13,"5":1,"6":13,"7":1,"8":13,"9":1,"10":13},"f":{"0":99,"1":18,"2":1,"3":1,"4":1},"b":{"0":[1]}}
,"C:\\Users\\user\\Documents\\projects\\order_friends\\src\\common\\exceptions\\order.exception.ts": {"path":"C:\\Users\\user\\Documents\\projects\\order_friends\\src\\common\\exceptions\\order.exception.ts","statementMap":{"0":{"start":{"line":1,"column":0},"end":{"line":1,"column":44}},"1":{"start":{"line":2,"column":0},"end":{"line":2,"column":null}},"2":{"start":{"line":12,"column":4},"end":{"line":12,"column":28}},"3":{"start":{"line":10,"column":0},"end":{"line":10,"column":13}},"4":{"start":{"line":21,"column":4},"end":{"line":26,"column":6}},"5":{"start":{"line":19,"column":0},"end":{"line":19,"column":13}},"6":{"start":{"line":35,"column":4},"end":{"line":39,"column":6}},"7":{"start":{"line":33,"column":0},"end":{"line":33,"column":13}}},"fnMap":{"0":{"name":"(anonymous_0)","decl":{"start":{"line":11,"column":2},"end":{"line":11,"column":14}},"loc":{"start":{"line":11,"column":29},"end":{"line":13,"column":3}}},"1":{"name":"(anonymous_1)","decl":{"start":{"line":20,"column":2},"end":{"line":20,"column":14}},"loc":{"start":{"line":20,"column":57},"end":{"line":27,"column":3}}},"2":{"name":"(anonymous_2)","decl":{"start":{"line":34,"column":2},"end":{"line":34,"column":14}},"loc":{"start":{"line":34,"column":29},"end":{"line":40,"column":3}}}},"branchMap":{"0":{"loc":{"start":{"line":36,"column":6},"end":{"line":36,"column":54}},"type":"binary-expr","locations":[{"start":{"line":36,"column":6},"end":{"line":36,"column":12}},{"start":{"line":36,"column":16},"end":{"line":36,"column":54}}]}},"s":{"0":8,"1":8,"2":9,"3":8,"4":1,"5":8,"6":2,"7":8},"f":{"0":9,"1":1,"2":2},"b":{"0":[2,1]}}
,"C:\\Users\\user\\Documents\\projects\\order_friends\\src\\common\\exceptions\\payment.exception.ts": {"path":"C:\\Users\\user\\Documents\\projects\\order_friends\\src\\common\\exceptions\\payment.exception.ts","statementMap":{"0":{"start":{"line":1,"column":0},"end":{"line":1,"column":44}},"1":{"start":{"line":2,"column":0},"end":{"line":2,"column":null}},"2":{"start":{"line":12,"column":4},"end":{"line":12,"column":33}},"3":{"start":{"line":10,"column":0},"end":{"line":10,"column":13}},"4":{"start":{"line":21,"column":4},"end":{"line":26,"column":6}},"5":{"start":{"line":19,"column":0},"end":{"line":19,"column":13}},"6":{"start":{"line":35,"column":4},"end":{"line":37,"column":7}},"7":{"start":{"line":33,"column":0},"end":{"line":33,"column":13}},"8":{"start":{"line":46,"column":4},"end":{"line":51,"column":6}},"9":{"start":{"line":44,"column":0},"end":{"line":44,"column":13}},"10":{"start":{"line":60,"column":4},"end":{"line":65,"column":6}},"11":{"start":{"line":58,"column":0},"end":{"line":58,"column":13}},"12":{"start":{"line":74,"column":4},"end":{"line":79,"column":6}},"13":{"start":{"line":72,"column":0},"end":{"line":72,"column":13}},"14":{"start":{"line":88,"column":4},"end":{"line":93,"column":6}},"15":{"start":{"line":86,"column":0},"end":{"line":86,"column":13}},"16":{"start":{"line":102,"column":4},"end":{"line":106,"column":6}},"17":{"start":{"line":100,"column":0},"end":{"line":100,"column":13}}},"fnMap":{"0":{"name":"(anonymous_0)","decl":{"start":{"line":11,"column":2},"end":{"line":11,"column":14}},"loc":{"start":{"line":11,"column":32},"end":{"line":13,"column":3}}},"1":{"name":"(anonymous_1)","decl":{"start":{"line":20,"column":2},"end":{"line":20,"column":14}},"loc":{"start":{"line":20,"column":46},"end":{"line":27,"column":3}}},"2":{"name":"(anonymous_2)","decl":{"start":{"line":34,"column":2},"end":{"line":34,"column":14}},"loc":{"start":{"line":34,"column":29},"end":{"line":38,"column":3}}},"3":{"name":"(anonymous_3)","decl":{"start":{"line":45,"column":2},"end":{"line":45,"column":14}},"loc":{"start":{"line":45,"column":28},"end":{"line":52,"column":3}}},"4":{"name":"(anonymous_4)","decl":{"start":{"line":59,"column":2},"end":{"line":59,"column":14}},"loc":{"start":{"line":59,"column":62},"end":{"line":66,"column":3}}},"5":{"name":"(anonymous_5)","decl":{"start":{"line":73,"column":2},"end":{"line":73,"column":14}},"loc":{"start":{"line":73,"column":28},"end":{"line":80,"column":3}}},"6":{"name":"(anonymous_6)","decl":{"start":{"line":87,"column":2},"end":{"line":87,"column":14}},"loc":{"start":{"line":87,"column":50},"end":{"line":94,"column":3}}},"7":{"name":"(anonymous_7)","decl":{"start":{"line":101,"column":2},"end":{"line":101,"column":null}},"loc":{"start":{"line":101,"column":2},"end":{"line":107,"column":3}}}},"branchMap":{},"s":{"0":6,"1":6,"2":4,"3":6,"4":5,"5":6,"6":3,"7":6,"8":3,"9":6,"10":16,"11":6,"12":2,"13":6,"14":2,"15":6,"16":3,"17":6},"f":{"0":4,"1":5,"2":3,"3":3,"4":16,"5":2,"6":2,"7":3},"b":{}}
,"C:\\Users\\user\\Documents\\projects\\order_friends\\src\\common\\exceptions\\product.exception.ts": {"path":"C:\\Users\\user\\Documents\\projects\\order_friends\\src\\common\\exceptions\\product.exception.ts","statementMap":{"0":{"start":{"line":1,"column":0},"end":{"line":1,"column":44}},"1":{"start":{"line":2,"column":0},"end":{"line":2,"column":null}},"2":{"start":{"line":12,"column":4},"end":{"line":12,"column":32}},"3":{"start":{"line":10,"column":0},"end":{"line":10,"column":13}},"4":{"start":{"line":21,"column":4},"end":{"line":21,"column":42}},"5":{"start":{"line":19,"column":0},"end":{"line":19,"column":13}},"6":{"start":{"line":30,"column":4},"end":{"line":35,"column":6}},"7":{"start":{"line":28,"column":0},"end":{"line":28,"column":13}}},"fnMap":{"0":{"name":"(anonymous_0)","decl":{"start":{"line":11,"column":2},"end":{"line":11,"column":14}},"loc":{"start":{"line":11,"column":31},"end":{"line":13,"column":3}}},"1":{"name":"(anonymous_1)","decl":{"start":{"line":20,"column":2},"end":{"line":20,"column":14}},"loc":{"start":{"line":20,"column":32},"end":{"line":22,"column":3}}},"2":{"name":"(anonymous_2)","decl":{"start":{"line":29,"column":2},"end":{"line":29,"column":14}},"loc":{"start":{"line":29,"column":31},"end":{"line":36,"column":3}}}},"branchMap":{},"s":{"0":6,"1":6,"2":3,"3":6,"4":1,"5":6,"6":1,"7":6},"f":{"0":3,"1":1,"2":1},"b":{}}
,"C:\\Users\\user\\Documents\\projects\\order_friends\\src\\common\\filters\\global-exception.filter.ts": {"path":"C:\\Users\\user\\Documents\\projects\\order_friends\\src\\common\\filters\\global-exception.filter.ts","statementMap":{"0":{"start":{"line":1,"column":0},"end":{"line":1,"column":null}},"1":{"start":{"line":26,"column":34},"end":{"line":92,"column":null}},"2":{"start":{"line":27,"column":28},"end":{"line":27,"column":66}},"3":{"start":{"line":30,"column":16},"end":{"line":30,"column":35}},"4":{"start":{"line":31,"column":21},"end":{"line":31,"column":48}},"5":{"start":{"line":32,"column":20},"end":{"line":32,"column":45}},"6":{"start":{"line":34,"column":17},"end":{"line":34,"column":49}},"7":{"start":{"line":35,"column":18},"end":{"line":35,"column":41}},"8":{"start":{"line":36,"column":16},"end":{"line":36,"column":39}},"9":{"start":{"line":37,"column":23},"end":{"line":37,"column":32}},"10":{"start":{"line":40,"column":4},"end":{"line":63,"column":5}},"11":{"start":{"line":41,"column":6},"end":{"line":41,"column":37}},"12":{"start":{"line":42,"column":32},"end":{"line":42,"column":55}},"13":{"start":{"line":44,"column":6},"end":{"line":52,"column":7}},"14":{"start":{"line":45,"column":28},"end":{"line":45,"column":52}},"15":{"start":{"line":46,"column":8},"end":{"line":46,"column":59}},"16":{"start":{"line":47,"column":8},"end":{"line":47,"column":52}},"17":{"start":{"line":48,"column":8},"end":{"line":48,"column":38}},"18":{"start":{"line":50,"column":8},"end":{"line":50,"column":36}},"19":{"start":{"line":51,"column":8},"end":{"line":51,"column":31}},"20":{"start":{"line":55,"column":9},"end":{"line":63,"column":5}},"21":{"start":{"line":56,"column":6},"end":{"line":56,"column":34}},"22":{"start":{"line":57,"column":6},"end":{"line":57,"column":29}},"23":{"start":{"line":60,"column":6},"end":{"line":62,"column":7}},"24":{"start":{"line":61,"column":8},"end":{"line":61,"column":33}},"25":{"start":{"line":66,"column":4},"end":{"line":77,"column":5}},"26":{"start":{"line":67,"column":6},"end":{"line":72,"column":8}},"27":{"start":{"line":74,"column":6},"end":{"line":76,"column":8}},"28":{"start":{"line":80,"column":41},"end":{"line":88,"column":6}},"29":{"start":{"line":90,"column":4},"end":{"line":90,"column":48}},"30":{"start":{"line":26,"column":13},"end":{"line":26,"column":34}},"31":{"start":{"line":26,"column":13},"end":{"line":92,"column":null}}},"fnMap":{"0":{"name":"(anonymous_1)","decl":{"start":{"line":29,"column":2},"end":{"line":29,"column":7}},"loc":{"start":{"line":29,"column":47},"end":{"line":91,"column":3}}}},"branchMap":{"0":{"loc":{"start":{"line":40,"column":4},"end":{"line":63,"column":5}},"type":"if","locations":[{"start":{"line":40,"column":4},"end":{"line":63,"column":5}},{"start":{"line":55,"column":9},"end":{"line":63,"column":5}}]},"1":{"loc":{"start":{"line":44,"column":6},"end":{"line":52,"column":7}},"type":"if","locations":[{"start":{"line":44,"column":6},"end":{"line":52,"column":7}},{"start":{"line":49,"column":13},"end":{"line":52,"column":7}}]},"2":{"loc":{"start":{"line":46,"column":18},"end":{"line":46,"column":58}},"type":"binary-expr","locations":[{"start":{"line":46,"column":18},"end":{"line":46,"column":37}},{"start":{"line":46,"column":41},"end":{"line":46,"column":58}}]},"3":{"loc":{"start":{"line":47,"column":16},"end":{"line":47,"column":51}},"type":"binary-expr","locations":[{"start":{"line":47,"column":16},"end":{"line":47,"column":33}},{"start":{"line":47,"column":37},"end":{"line":47,"column":51}}]},"4":{"loc":{"start":{"line":55,"column":9},"end":{"line":63,"column":5}},"type":"if","locations":[{"start":{"line":55,"column":9},"end":{"line":63,"column":5}},{"start":{},"end":{}}]},"5":{"loc":{"start":{"line":60,"column":6},"end":{"line":62,"column":7}},"type":"if","locations":[{"start":{"line":60,"column":6},"end":{"line":62,"column":7}},{"start":{},"end":{}}]},"6":{"loc":{"start":{"line":66,"column":4},"end":{"line":77,"column":5}},"type":"if","locations":[{"start":{"line":66,"column":4},"end":{"line":77,"column":5}},{"start":{"line":73,"column":11},"end":{"line":77,"column":5}}]},"7":{"loc":{"start":{"line":69,"column":8},"end":{"line":71,"column":37}},"type":"cond-expr","locations":[{"start":{"line":70,"column":12},"end":{"line":70,"column":27}},{"start":{"line":71,"column":12},"end":{"line":71,"column":37}}]},"8":{"loc":{"start":{"line":87,"column":10},"end":{"line":87,"column":32}},"type":"binary-expr","locations":[{"start":{"line":87,"column":10},"end":{"line":87,"column":17}},{"start":{"line":87,"column":21},"end":{"line":87,"column":32}}]}},"s":{"0":3,"1":3,"2":8,"3":5,"4":5,"5":5,"6":5,"7":5,"8":5,"9":5,"10":5,"11":2,"12":2,"13":2,"14":1,"15":1,"16":1,"17":1,"18":1,"19":1,"20":3,"21":2,"22":2,"23":2,"24":1,"25":5,"26":3,"27":2,"28":5,"29":5,"30":3,"31":3},"f":{"0":5},"b":{"0":[2,3],"1":[1,1],"2":[1,0],"3":[1,0],"4":[2,1],"5":[1,1],"6":[3,2],"7":[2,1],"8":[5,1]}}
,"C:\\Users\\user\\Documents\\projects\\order_friends\\src\\common\\guards\\admin.guard.ts": {"path":"C:\\Users\\user\\Documents\\projects\\order_friends\\src\\common\\guards\\admin.guard.ts","statementMap":{"0":{"start":{"line":1,"column":1},"end":{"line":1,"column":null}},"1":{"start":{"line":9,"column":7},"end":{"line":17,"column":null}},"2":{"start":{"line":11,"column":16},"end":{"line":11,"column":47}},"3":{"start":{"line":13,"column":4},"end":{"line":13,"column":34}},"4":{"start":{"line":13,"column":22},"end":{"line":13,"column":34}},"5":{"start":{"line":15,"column":4},"end":{"line":15,"column":58}},"6":{"start":{"line":9,"column":13},"end":{"line":9,"column":23}},"7":{"start":{"line":9,"column":13},"end":{"line":17,"column":null}}},"fnMap":{"0":{"name":"(anonymous_1)","decl":{"start":{"line":10,"column":2},"end":{"line":10,"column":13}},"loc":{"start":{"line":10,"column":35},"end":{"line":16,"column":3}}}},"branchMap":{"0":{"loc":{"start":{"line":13,"column":4},"end":{"line":13,"column":34}},"type":"if","locations":[{"start":{"line":13,"column":4},"end":{"line":13,"column":34}},{"start":{},"end":{}}]}},"s":{"0":10,"1":10,"2":2,"3":2,"4":1,"5":1,"6":10,"7":10},"f":{"0":2},"b":{"0":[1,1]}}
,"C:\\Users\\user\\Documents\\projects\\order_friends\\src\\common\\guards\\auth.guard.ts": {"path":"C:\\Users\\user\\Documents\\projects\\order_friends\\src\\common\\guards\\auth.guard.ts","statementMap":{"0":{"start":{"line":1,"column":0},"end":{"line":1,"column":null}},"1":{"start":{"line":7,"column":0},"end":{"line":7,"column":47}},"2":{"start":{"line":8,"column":0},"end":{"line":8,"column":72}},"3":{"start":{"line":12,"column":7},"end":{"line":119,"column":null}},"4":{"start":{"line":19,"column":21},"end":{"line":19,"column":31}},"5":{"start":{"line":20,"column":21},"end":{"line":20,"column":29}},"6":{"start":{"line":22,"column":22},"end":{"line":22,"column":77}},"7":{"start":{"line":23,"column":23},"end":{"line":24,"column":null}},"8":{"start":{"line":26,"column":23},"end":{"line":27,"column":null}},"9":{"start":{"line":30,"column":4},"end":{"line":30,"column":78}},"10":{"start":{"line":30,"column":56},"end":{"line":30,"column":75}},"11":{"start":{"line":31,"column":4},"end":{"line":31,"column":44}},"12":{"start":{"line":32,"column":4},"end":{"line":32,"column":63}},"13":{"start":{"line":33,"column":4},"end":{"line":35,"column":6}},"14":{"start":{"line":39,"column":16},"end":{"line":39,"column":47}},"15":{"start":{"line":41,"column":17},"end":{"line":41,"column":45}},"16":{"start":{"line":42,"column":4},"end":{"line":44,"column":5}},"17":{"start":{"line":43,"column":6},"end":{"line":43,"column":62}},"18":{"start":{"line":46,"column":18},"end":{"line":46,"column":53}},"19":{"start":{"line":47,"column":15},"end":{"line":47,"column":46}},"20":{"start":{"line":49,"column":28},"end":{"line":49,"column":51}},"21":{"start":{"line":50,"column":4},"end":{"line":52,"column":5}},"22":{"start":{"line":51,"column":6},"end":{"line":51,"column":55}},"23":{"start":{"line":54,"column":30},"end":{"line":57,"column":6}},"24":{"start":{"line":59,"column":18},"end":{"line":59,"column":48}},"25":{"start":{"line":61,"column":6},"end":{"line":65,"column":48}},"26":{"start":{"line":67,"column":4},"end":{"line":67,"column":20}},"27":{"start":{"line":68,"column":4},"end":{"line":68,"column":28}},"28":{"start":{"line":69,"column":4},"end":{"line":69,"column":26}},"29":{"start":{"line":70,"column":4},"end":{"line":70,"column":16}},"30":{"start":{"line":74,"column":4},"end":{"line":74,"column":26}},"31":{"start":{"line":74,"column":16},"end":{"line":74,"column":26}},"32":{"start":{"line":75,"column":4},"end":{"line":78,"column":41}},"33":{"start":{"line":77,"column":21},"end":{"line":77,"column":32}},"34":{"start":{"line":78,"column":24},"end":{"line":78,"column":39}},"35":{"start":{"line":82,"column":4},"end":{"line":82,"column":29}},"36":{"start":{"line":82,"column":16},"end":{"line":82,"column":29}},"37":{"start":{"line":83,"column":23},"end":{"line":83,"column":49}},"38":{"start":{"line":84,"column":4},"end":{"line":84,"column":79}},"39":{"start":{"line":88,"column":20},"end":{"line":91,"column":71}},"40":{"start":{"line":89,"column":22},"end":{"line":89,"column":48}},"41":{"start":{"line":90,"column":25},"end":{"line":90,"column":41}},"42":{"start":{"line":91,"column":23},"end":{"line":91,"column":69}},"43":{"start":{"line":92,"column":4},"end":{"line":92,"column":28}},"44":{"start":{"line":96,"column":4},"end":{"line":96,"column":56}},"45":{"start":{"line":96,"column":43},"end":{"line":96,"column":56}},"46":{"start":{"line":97,"column":19},"end":{"line":97,"column":60}},"47":{"start":{"line":98,"column":4},"end":{"line":98,"column":30}},"48":{"start":{"line":98,"column":17},"end":{"line":98,"column":30}},"49":{"start":{"line":99,"column":4},"end":{"line":99,"column":46}},"50":{"start":{"line":103,"column":24},"end":{"line":103,"column":48}},"51":{"start":{"line":104,"column":25},"end":{"line":104,"column":50}},"52":{"start":{"line":106,"column":20},"end":{"line":106,"column":41}},"53":{"start":{"line":107,"column":21},"end":{"line":107,"column":43}},"54":{"start":{"line":108,"column":20},"end":{"line":108,"column":37}},"55":{"start":{"line":109,"column":21},"end":{"line":109,"column":39}},"56":{"start":{"line":111,"column":4},"end":{"line":111,"column":59}},"57":{"start":{"line":111,"column":47},"end":{"line":111,"column":59}},"58":{"start":{"line":112,"column":4},"end":{"line":113,"column":18}},"59":{"start":{"line":113,"column":6},"end":{"line":113,"column":18}},"60":{"start":{"line":114,"column":4},"end":{"line":115,"column":18}},"61":{"start":{"line":115,"column":6},"end":{"line":115,"column":18}},"62":{"start":{"line":117,"column":4},"end":{"line":117,"column":17}},"63":{"start":{"line":12,"column":13},"end":{"line":12,"column":22}},"64":{"start":{"line":12,"column":13},"end":{"line":119,"column":null}}},"fnMap":{"0":{"name":"(anonymous_2)","decl":{"start":{"line":18,"column":2},"end":{"line":18,"column":null}},"loc":{"start":{"line":20,"column":42},"end":{"line":36,"column":3}}},"1":{"name":"(anonymous_3)","decl":{"start":{"line":30,"column":45},"end":{"line":30,"column":46}},"loc":{"start":{"line":30,"column":56},"end":{"line":30,"column":75}}},"2":{"name":"(anonymous_4)","decl":{"start":{"line":38,"column":2},"end":{"line":38,"column":7}},"loc":{"start":{"line":38,"column":41},"end":{"line":71,"column":3}}},"3":{"name":"(anonymous_5)","decl":{"start":{"line":73,"column":10},"end":{"line":73,"column":19}},"loc":{"start":{"line":73,"column":34},"end":{"line":79,"column":3}}},"4":{"name":"(anonymous_6)","decl":{"start":{"line":77,"column":11},"end":{"line":77,"column":12}},"loc":{"start":{"line":77,"column":21},"end":{"line":77,"column":32}}},"5":{"name":"(anonymous_7)","decl":{"start":{"line":78,"column":14},"end":{"line":78,"column":15}},"loc":{"start":{"line":78,"column":24},"end":{"line":78,"column":39}}},"6":{"name":"(anonymous_8)","decl":{"start":{"line":81,"column":10},"end":{"line":81,"column":22}},"loc":{"start":{"line":81,"column":37},"end":{"line":85,"column":3}}},"7":{"name":"(anonymous_9)","decl":{"start":{"line":87,"column":10},"end":{"line":87,"column":26}},"loc":{"start":{"line":87,"column":43},"end":{"line":93,"column":3}}},"8":{"name":"(anonymous_10)","decl":{"start":{"line":89,"column":11},"end":{"line":89,"column":12}},"loc":{"start":{"line":89,"column":22},"end":{"line":89,"column":48}}},"9":{"name":"(anonymous_11)","decl":{"start":{"line":90,"column":14},"end":{"line":90,"column":15}},"loc":{"start":{"line":90,"column":25},"end":{"line":90,"column":41}}},"10":{"name":"(anonymous_12)","decl":{"start":{"line":91,"column":11},"end":{"line":91,"column":12}},"loc":{"start":{"line":91,"column":23},"end":{"line":91,"column":69}}},"11":{"name":"(anonymous_13)","decl":{"start":{"line":95,"column":10},"end":{"line":95,"column":25}},"loc":{"start":{"line":95,"column":39},"end":{"line":100,"column":3}}},"12":{"name":"(anonymous_14)","decl":{"start":{"line":102,"column":10},"end":{"line":102,"column":29}},"loc":{"start":{"line":102,"column":39},"end":{"line":118,"column":3}}}},"branchMap":{"0":{"loc":{"start":{"line":42,"column":4},"end":{"line":44,"column":5}},"type":"if","locations":[{"start":{"line":42,"column":4},"end":{"line":44,"column":5}},{"start":{},"end":{}}]},"1":{"loc":{"start":{"line":42,"column":8},"end":{"line":42,"column":72}},"type":"binary-expr","locations":[{"start":{"line":42,"column":8},"end":{"line":42,"column":13}},{"start":{"line":42,"column":17},"end":{"line":42,"column":41}},{"start":{"line":42,"column":45},"end":{"line":42,"column":72}}]},"2":{"loc":{"start":{"line":50,"column":4},"end":{"line":52,"column":5}},"type":"if","locations":[{"start":{"line":50,"column":4},"end":{"line":52,"column":5}},{"start":{},"end":{}}]},"3":{"loc":{"start":{"line":50,"column":8},"end":{"line":50,"column":28}},"type":"binary-expr","locations":[{"start":{"line":50,"column":8},"end":{"line":50,"column":13}},{"start":{"line":50,"column":17},"end":{"line":50,"column":28}}]},"4":{"loc":{"start":{"line":56,"column":13},"end":{"line":56,"column":41}},"type":"binary-expr","locations":[{"start":{"line":56,"column":13},"end":{"line":56,"column":28}},{"start":{"line":56,"column":32},"end":{"line":56,"column":41}}]},"5":{"loc":{"start":{"line":61,"column":6},"end":{"line":65,"column":48}},"type":"binary-expr","locations":[{"start":{"line":61,"column":6},"end":{"line":61,"column":25}},{"start":{"line":62,"column":6},"end":{"line":62,"column":41}},{"start":{"line":63,"column":7},"end":{"line":63,"column":50}},{"start":{"line":64,"column":7},"end":{"line":64,"column":50}},{"start":{"line":65,"column":6},"end":{"line":65,"column":48}}]},"6":{"loc":{"start":{"line":63,"column":7},"end":{"line":63,"column":50}},"type":"cond-expr","locations":[{"start":{"line":63,"column":15},"end":{"line":63,"column":42}},{"start":{"line":63,"column":45},"end":{"line":63,"column":50}}]},"7":{"loc":{"start":{"line":64,"column":7},"end":{"line":64,"column":50}},"type":"cond-expr","locations":[{"start":{"line":64,"column":15},"end":{"line":64,"column":42}},{"start":{"line":64,"column":45},"end":{"line":64,"column":50}}]},"8":{"loc":{"start":{"line":74,"column":4},"end":{"line":74,"column":26}},"type":"if","locations":[{"start":{"line":74,"column":4},"end":{"line":74,"column":26}},{"start":{},"end":{}}]},"9":{"loc":{"start":{"line":82,"column":4},"end":{"line":82,"column":29}},"type":"if","locations":[{"start":{"line":82,"column":4},"end":{"line":82,"column":29}},{"start":{},"end":{}}]},"10":{"loc":{"start":{"line":84,"column":11},"end":{"line":84,"column":78}},"type":"binary-expr","locations":[{"start":{"line":84,"column":11},"end":{"line":84,"column":32}},{"start":{"line":84,"column":36},"end":{"line":84,"column":54}},{"start":{"line":84,"column":58},"end":{"line":84,"column":78}}]},"11":{"loc":{"start":{"line":91,"column":23},"end":{"line":91,"column":69}},"type":"cond-expr","locations":[{"start":{"line":91,"column":47},"end":{"line":91,"column":61}},{"start":{"line":91,"column":64},"end":{"line":91,"column":69}}]},"12":{"loc":{"start":{"line":96,"column":4},"end":{"line":96,"column":56}},"type":"if","locations":[{"start":{"line":96,"column":4},"end":{"line":96,"column":56}},{"start":{},"end":{}}]},"13":{"loc":{"start":{"line":98,"column":4},"end":{"line":98,"column":30}},"type":"if","locations":[{"start":{"line":98,"column":4},"end":{"line":98,"column":30}},{"start":{},"end":{}}]},"14":{"loc":{"start":{"line":103,"column":24},"end":{"line":103,"column":48}},"type":"binary-expr","locations":[{"start":{"line":103,"column":24},"end":{"line":103,"column":42}},{"start":{"line":103,"column":46},"end":{"line":103,"column":48}}]},"15":{"loc":{"start":{"line":104,"column":25},"end":{"line":104,"column":50}},"type":"binary-expr","locations":[{"start":{"line":104,"column":25},"end":{"line":104,"column":44}},{"start":{"line":104,"column":48},"end":{"line":104,"column":50}}]},"16":{"loc":{"start":{"line":111,"column":4},"end":{"line":111,"column":59}},"type":"if","locations":[{"start":{"line":111,"column":4},"end":{"line":111,"column":59}},{"start":{},"end":{}}]},"17":{"loc":{"start":{"line":111,"column":8},"end":{"line":111,"column":45}},"type":"binary-expr","locations":[{"start":{"line":111,"column":8},"end":{"line":111,"column":24}},{"start":{"line":111,"column":28},"end":{"line":111,"column":45}}]},"18":{"loc":{"start":{"line":112,"column":4},"end":{"line":113,"column":18}},"type":"if","locations":[{"start":{"line":112,"column":4},"end":{"line":113,"column":18}},{"start":{},"end":{}}]},"19":{"loc":{"start":{"line":112,"column":8},"end":{"line":112,"column":72}},"type":"binary-expr","locations":[{"start":{"line":112,"column":8},"end":{"line":112,"column":35}},{"start":{"line":112,"column":39},"end":{"line":112,"column":72}}]},"20":{"loc":{"start":{"line":114,"column":4},"end":{"line":115,"column":18}},"type":"if","locations":[{"start":{"line":114,"column":4},"end":{"line":115,"column":18}},{"start":{},"end":{}}]},"21":{"loc":{"start":{"line":114,"column":8},"end":{"line":114,"column":74}},"type":"binary-expr","locations":[{"start":{"line":114,"column":8},"end":{"line":114,"column":36}},{"start":{"line":114,"column":40},"end":{"line":114,"column":74}}]},"22":{"loc":{"start":{"line":19,"column":31},"end":{"line":19,"column":null}},"type":"cond-expr","locations":[{"start":{"line":19,"column":46},"end":{"line":19,"column":null}},{"start":{"line":19,"column":46},"end":{"line":19,"column":null}}]},"23":{"loc":{"start":{"line":19,"column":31},"end":{"line":19,"column":46}},"type":"binary-expr","locations":[{"start":{"line":19,"column":31},"end":{"line":19,"column":null}},{"start":{"line":19,"column":31},"end":{"line":19,"column":46}}]},"24":{"loc":{"start":{"line":19,"column":46},"end":{"line":20,"column":null}},"type":"cond-expr","locations":[{"start":{"line":20,"column":42},"end":{"line":20,"column":null}},{"start":{"line":20,"column":42},"end":{"line":20,"column":null}}]},"25":{"loc":{"start":{"line":19,"column":46},"end":{"line":20,"column":42}},"type":"binary-expr","locations":[{"start":{"line":19,"column":46},"end":{"line":20,"column":null}},{"start":{"line":20,"column":29},"end":{"line":20,"column":42}}]}},"s":{"0":19,"1":19,"2":19,"3":19,"4":9,"5":9,"6":9,"7":9,"8":9,"9":9,"10":3,"11":9,"12":9,"13":9,"14":6,"15":6,"16":6,"17":1,"18":5,"19":5,"20":5,"21":5,"22":1,"23":4,"24":4,"25":4,"26":4,"27":4,"28":4,"29":4,"30":29,"31":21,"32":8,"33":12,"34":12,"35":13,"36":7,"37":6,"38":6,"39":10,"40":6,"41":6,"42":6,"43":10,"44":4,"45":1,"46":3,"47":3,"48":1,"49":2,"50":7,"51":7,"52":7,"53":7,"54":7,"55":7,"56":7,"57":2,"58":5,"59":2,"60":3,"61":1,"62":2,"63":19,"64":19},"f":{"0":9,"1":3,"2":6,"3":29,"4":12,"5":12,"6":13,"7":10,"8":6,"9":6,"10":6,"11":4,"12":7},"b":{"0":[1,5],"1":[6,5,5],"2":[1,4],"3":[5,4],"4":[4,1],"5":[4,3,2,2,2],"6":[1,1],"7":[1,1],"8":[21,8],"9":[7,6],"10":[6,5,4],"11":[2,4],"12":[1,3],"13":[1,2],"14":[7,4],"15":[7,5],"16":[2,5],"17":[7,6],"18":[2,3],"19":[5,2],"20":[1,2],"21":[3,1],"22":[19,0],"23":[19,19],"24":[19,0],"25":[19,19]}}
,"C:\\Users\\user\\Documents\\projects\\order_friends\\src\\common\\guards\\customer.guard.ts": {"path":"C:\\Users\\user\\Documents\\projects\\order_friends\\src\\common\\guards\\customer.guard.ts","statementMap":{"0":{"start":{"line":1,"column":0},"end":{"line":1,"column":null}},"1":{"start":{"line":9,"column":0},"end":{"line":9,"column":72}},"2":{"start":{"line":18,"column":26},"end":{"line":130,"column":null}},"3":{"start":{"line":19,"column":28},"end":{"line":19,"column":58}},"4":{"start":{"line":21,"column":31},"end":{"line":21,"column":41}},"5":{"start":{"line":24,"column":20},"end":{"line":24,"column":68}},"6":{"start":{"line":25,"column":34},"end":{"line":25,"column":41}},"7":{"start":{"line":28,"column":4},"end":{"line":31,"column":5}},"8":{"start":{"line":29,"column":6},"end":{"line":29,"column":65}},"9":{"start":{"line":30,"column":6},"end":{"line":30,"column":65}},"10":{"start":{"line":34,"column":4},"end":{"line":41,"column":5}},"11":{"start":{"line":35,"column":6},"end":{"line":37,"column":8}},"12":{"start":{"line":38,"column":6},"end":{"line":40,"column":8}},"13":{"start":{"line":44,"column":15},"end":{"line":44,"column":42}},"14":{"start":{"line":47,"column":58},"end":{"line":51,"column":29}},"15":{"start":{"line":53,"column":4},"end":{"line":59,"column":5}},"16":{"start":{"line":54,"column":6},"end":{"line":57,"column":8}},"17":{"start":{"line":58,"column":6},"end":{"line":58,"column":70}},"18":{"start":{"line":62,"column":53},"end":{"line":65,"column":35}},"19":{"start":{"line":67,"column":4},"end":{"line":72,"column":5}},"20":{"start":{"line":68,"column":6},"end":{"line":71,"column":8}},"21":{"start":{"line":75,"column":32},"end":{"line":75,"column":61}},"22":{"start":{"line":76,"column":4},"end":{"line":89,"column":5}},"23":{"start":{"line":77,"column":29},"end":{"line":78,"column":null}},"24":{"start":{"line":78,"column":39},"end":{"line":78,"column":49}},"25":{"start":{"line":80,"column":6},"end":{"line":88,"column":7}},"26":{"start":{"line":81,"column":8},"end":{"line":87,"column":9}},"27":{"start":{"line":82,"column":10},"end":{"line":86,"column":13}},"28":{"start":{"line":92,"column":60},"end":{"line":96,"column":29}},"29":{"start":{"line":98,"column":4},"end":{"line":104,"column":5}},"30":{"start":{"line":99,"column":6},"end":{"line":102,"column":8}},"31":{"start":{"line":103,"column":6},"end":{"line":103,"column":70}},"32":{"start":{"line":107,"column":31},"end":{"line":107,"column":61}},"33":{"start":{"line":109,"column":6},"end":{"line":109,"column":55}},"34":{"start":{"line":111,"column":4},"end":{"line":118,"column":5}},"35":{"start":{"line":112,"column":6},"end":{"line":114,"column":8}},"36":{"start":{"line":115,"column":6},"end":{"line":117,"column":8}},"37":{"start":{"line":121,"column":4},"end":{"line":121,"column":51}},"38":{"start":{"line":122,"column":4},"end":{"line":122,"column":56}},"39":{"start":{"line":124,"column":4},"end":{"line":126,"column":6}},"40":{"start":{"line":128,"column":4},"end":{"line":128,"column":16}},"41":{"start":{"line":18,"column":13},"end":{"line":18,"column":26}},"42":{"start":{"line":18,"column":13},"end":{"line":130,"column":null}}},"fnMap":{"0":{"name":"(anonymous_2)","decl":{"start":{"line":21,"column":2},"end":{"line":21,"column":31}},"loc":{"start":{"line":21,"column":56},"end":{"line":21,"column":60}}},"1":{"name":"(anonymous_3)","decl":{"start":{"line":23,"column":2},"end":{"line":23,"column":7}},"loc":{"start":{"line":23,"column":45},"end":{"line":129,"column":3}}},"2":{"name":"(anonymous_4)","decl":{"start":{"line":78,"column":32},"end":{"line":78,"column":33}},"loc":{"start":{"line":78,"column":39},"end":{"line":78,"column":49}}}},"branchMap":{"0":{"loc":{"start":{"line":28,"column":4},"end":{"line":31,"column":5}},"type":"if","locations":[{"start":{"line":28,"column":4},"end":{"line":31,"column":5}},{"start":{},"end":{}}]},"1":{"loc":{"start":{"line":28,"column":8},"end":{"line":28,"column":29}},"type":"binary-expr","locations":[{"start":{"line":28,"column":8},"end":{"line":28,"column":13}},{"start":{"line":28,"column":17},"end":{"line":28,"column":29}}]},"2":{"loc":{"start":{"line":34,"column":4},"end":{"line":41,"column":5}},"type":"if","locations":[{"start":{"line":34,"column":4},"end":{"line":41,"column":5}},{"start":{},"end":{}}]},"3":{"loc":{"start":{"line":53,"column":4},"end":{"line":59,"column":5}},"type":"if","locations":[{"start":{"line":53,"column":4},"end":{"line":59,"column":5}},{"start":{},"end":{}}]},"4":{"loc":{"start":{"line":67,"column":4},"end":{"line":72,"column":5}},"type":"if","locations":[{"start":{"line":67,"column":4},"end":{"line":72,"column":5}},{"start":{},"end":{}}]},"5":{"loc":{"start":{"line":75,"column":37},"end":{"line":75,"column":59}},"type":"binary-expr","locations":[{"start":{"line":75,"column":37},"end":{"line":75,"column":53}},{"start":{"line":75,"column":57},"end":{"line":75,"column":59}}]},"6":{"loc":{"start":{"line":76,"column":4},"end":{"line":89,"column":5}},"type":"if","locations":[{"start":{"line":76,"column":4},"end":{"line":89,"column":5}},{"start":{},"end":{}}]},"7":{"loc":{"start":{"line":76,"column":8},"end":{"line":76,"column":45}},"type":"binary-expr","locations":[{"start":{"line":76,"column":8},"end":{"line":76,"column":19}},{"start":{"line":76,"column":23},"end":{"line":76,"column":45}}]},"8":{"loc":{"start":{"line":81,"column":8},"end":{"line":87,"column":9}},"type":"if","locations":[{"start":{"line":81,"column":8},"end":{"line":87,"column":9}},{"start":{},"end":{}}]},"9":{"loc":{"start":{"line":98,"column":4},"end":{"line":104,"column":5}},"type":"if","locations":[{"start":{"line":98,"column":4},"end":{"line":104,"column":5}},{"start":{},"end":{}}]},"10":{"loc":{"start":{"line":109,"column":6},"end":{"line":109,"column":55}},"type":"binary-expr","locations":[{"start":{"line":109,"column":6},"end":{"line":109,"column":23}},{"start":{"line":109,"column":27},"end":{"line":109,"column":55}}]},"11":{"loc":{"start":{"line":111,"column":4},"end":{"line":118,"column":5}},"type":"if","locations":[{"start":{"line":111,"column":4},"end":{"line":118,"column":5}},{"start":{},"end":{}}]},"12":{"loc":{"start":{"line":111,"column":8},"end":{"line":111,"column":51}},"type":"binary-expr","locations":[{"start":{"line":111,"column":8},"end":{"line":111,"column":27}},{"start":{"line":111,"column":31},"end":{"line":111,"column":51}}]},"13":{"loc":{"start":{"line":122,"column":32},"end":{"line":122,"column":55}},"type":"binary-expr","locations":[{"start":{"line":122,"column":32},"end":{"line":122,"column":49}},{"start":{"line":122,"column":53},"end":{"line":122,"column":55}}]},"14":{"loc":{"start":{"line":125,"column":56},"end":{"line":125,"column":85}},"type":"binary-expr","locations":[{"start":{"line":125,"column":56},"end":{"line":125,"column":80}},{"start":{"line":125,"column":84},"end":{"line":125,"column":85}}]},"15":{"loc":{"start":{"line":125,"column":102},"end":{"line":125,"column":132}},"type":"binary-expr","locations":[{"start":{"line":125,"column":102},"end":{"line":125,"column":127}},{"start":{"line":125,"column":131},"end":{"line":125,"column":132}}]},"16":{"loc":{"start":{"line":21,"column":41},"end":{"line":21,"column":59}},"type":"cond-expr","locations":[{"start":{"line":21,"column":56},"end":{"line":21,"column":59}},{"start":{"line":21,"column":56},"end":{"line":21,"column":59}}]},"17":{"loc":{"start":{"line":21,"column":41},"end":{"line":21,"column":56}},"type":"binary-expr","locations":[{"start":{"line":21,"column":41},"end":{"line":21,"column":59}},{"start":{"line":21,"column":41},"end":{"line":21,"column":56}}]}},"s":{"0":12,"1":12,"2":12,"3":9,"4":9,"5":9,"6":9,"7":9,"8":1,"9":1,"10":8,"11":1,"12":1,"13":7,"14":7,"15":7,"16":1,"17":1,"18":6,"19":6,"20":1,"21":6,"22":6,"23":3,"24":1,"25":3,"26":4,"27":3,"28":6,"29":6,"30":1,"31":1,"32":5,"33":5,"34":5,"35":1,"36":1,"37":4,"38":4,"39":4,"40":4,"41":12,"42":12},"f":{"0":9,"1":9,"2":1},"b":{"0":[1,8],"1":[9,8],"2":[1,7],"3":[1,6],"4":[1,5],"5":[6,1],"6":[3,3],"7":[6,5],"8":[3,1],"9":[1,5],"10":[5,4],"11":[1,4],"12":[5,1],"13":[4,1],"14":[4,2],"15":[4,3],"16":[12,0],"17":[12,12]}}
,"C:\\Users\\user\\Documents\\projects\\order_friends\\src\\common\\guards\\membership.guard.ts": {"path":"C:\\Users\\user\\Documents\\projects\\order_friends\\src\\common\\guards\\membership.guard.ts","statementMap":{"0":{"start":{"line":1,"column":0},"end":{"line":1,"column":null}},"1":{"start":{"line":7,"column":0},"end":{"line":7,"column":72}},"2":{"start":{"line":8,"column":0},"end":{"line":8,"column":67}},"3":{"start":{"line":9,"column":0},"end":{"line":9,"column":null}},"4":{"start":{"line":16,"column":7},"end":{"line":176,"column":null}},"5":{"start":{"line":17,"column":31},"end":{"line":17,"column":41}},"6":{"start":{"line":20,"column":4},"end":{"line":23,"column":5}},"7":{"start":{"line":21,"column":22},"end":{"line":21,"column":34}},"8":{"start":{"line":22,"column":6},"end":{"line":22,"column":54}},"9":{"start":{"line":25,"column":4},"end":{"line":28,"column":5}},"10":{"start":{"line":26,"column":22},"end":{"line":26,"column":37}},"11":{"start":{"line":27,"column":6},"end":{"line":27,"column":54}},"12":{"start":{"line":30,"column":4},"end":{"line":30,"column":21}},"13":{"start":{"line":37,"column":23},"end":{"line":37,"column":59}},"14":{"start":{"line":38,"column":4},"end":{"line":38,"column":38}},"15":{"start":{"line":38,"column":20},"end":{"line":38,"column":38}},"16":{"start":{"line":40,"column":22},"end":{"line":40,"column":57}},"17":{"start":{"line":41,"column":4},"end":{"line":41,"column":36}},"18":{"start":{"line":41,"column":19},"end":{"line":41,"column":36}},"19":{"start":{"line":43,"column":21},"end":{"line":43,"column":55}},"20":{"start":{"line":44,"column":4},"end":{"line":44,"column":34}},"21":{"start":{"line":44,"column":18},"end":{"line":44,"column":34}},"22":{"start":{"line":46,"column":4},"end":{"line":46,"column":21}},"23":{"start":{"line":50,"column":4},"end":{"line":50,"column":52}},"24":{"start":{"line":50,"column":34},"end":{"line":50,"column":52}},"25":{"start":{"line":51,"column":4},"end":{"line":51,"column":22}},"26":{"start":{"line":55,"column":4},"end":{"line":55,"column":60}},"27":{"start":{"line":55,"column":42},"end":{"line":55,"column":60}},"28":{"start":{"line":56,"column":4},"end":{"line":56,"column":22}},"29":{"start":{"line":60,"column":16},"end":{"line":60,"column":47}},"30":{"start":{"line":62,"column":19},"end":{"line":62,"column":54}},"31":{"start":{"line":63,"column":24},"end":{"line":63,"column":62}},"32":{"start":{"line":65,"column":4},"end":{"line":67,"column":5}},"33":{"start":{"line":66,"column":6},"end":{"line":66,"column":59}},"34":{"start":{"line":69,"column":4},"end":{"line":78,"column":5}},"35":{"start":{"line":70,"column":22},"end":{"line":70,"column":55}},"36":{"start":{"line":71,"column":23},"end":{"line":71,"column":57}},"37":{"start":{"line":73,"column":6},"end":{"line":73,"column":41}},"38":{"start":{"line":73,"column":19},"end":{"line":73,"column":41}},"39":{"start":{"line":74,"column":6},"end":{"line":74,"column":44}},"40":{"start":{"line":74,"column":20},"end":{"line":74,"column":44}},"41":{"start":{"line":76,"column":6},"end":{"line":76,"column":28}},"42":{"start":{"line":77,"column":6},"end":{"line":77,"column":18}},"43":{"start":{"line":80,"column":20},"end":{"line":80,"column":53}},"44":{"start":{"line":81,"column":21},"end":{"line":81,"column":55}},"45":{"start":{"line":84,"column":4},"end":{"line":99,"column":5}},"46":{"start":{"line":86,"column":17},"end":{"line":86,"column":54}},"47":{"start":{"line":87,"column":30},"end":{"line":91,"column":42}},"48":{"start":{"line":93,"column":6},"end":{"line":96,"column":7}},"49":{"start":{"line":94,"column":25},"end":{"line":94,"column":78}},"50":{"start":{"line":94,"column":49},"end":{"line":94,"column":77}},"51":{"start":{"line":95,"column":8},"end":{"line":95,"column":54}},"52":{"start":{"line":98,"column":6},"end":{"line":98,"column":18}},"53":{"start":{"line":101,"column":15},"end":{"line":101,"column":52}},"54":{"start":{"line":103,"column":4},"end":{"line":122,"column":5}},"55":{"start":{"line":104,"column":30},"end":{"line":109,"column":22}},"56":{"start":{"line":111,"column":6},"end":{"line":113,"column":7}},"57":{"start":{"line":112,"column":8},"end":{"line":112,"column":70}},"58":{"start":{"line":115,"column":6},"end":{"line":117,"column":7}},"59":{"start":{"line":116,"column":8},"end":{"line":116,"column":66}},"60":{"start":{"line":119,"column":6},"end":{"line":119,"column":28}},"61":{"start":{"line":120,"column":6},"end":{"line":120,"column":59}},"62":{"start":{"line":121,"column":6},"end":{"line":121,"column":18}},"63":{"start":{"line":124,"column":4},"end":{"line":172,"column":5}},"64":{"start":{"line":125,"column":30},"end":{"line":130,"column":22}},"65":{"start":{"line":132,"column":6},"end":{"line":134,"column":7}},"66":{"start":{"line":133,"column":8},"end":{"line":133,"column":71}},"67":{"start":{"line":136,"column":6},"end":{"line":140,"column":7}},"68":{"start":{"line":137,"column":8},"end":{"line":137,"column":32}},"69":{"start":{"line":138,"column":8},"end":{"line":138,"column":63}},"70":{"start":{"line":139,"column":8},"end":{"line":139,"column":20}},"71":{"start":{"line":143,"column":54},"end":{"line":147,"column":22}},"72":{"start":{"line":149,"column":6},"end":{"line":151,"column":7}},"73":{"start":{"line":150,"column":8},"end":{"line":150,"column":74}},"74":{"start":{"line":153,"column":55},"end":{"line":158,"column":22}},"75":{"start":{"line":160,"column":6},"end":{"line":162,"column":7}},"76":{"start":{"line":161,"column":8},"end":{"line":161,"column":70}},"77":{"start":{"line":164,"column":6},"end":{"line":166,"column":7}},"78":{"start":{"line":165,"column":8},"end":{"line":165,"column":67}},"79":{"start":{"line":168,"column":6},"end":{"line":168,"column":30}},"80":{"start":{"line":169,"column":6},"end":{"line":169,"column":39}},"81":{"start":{"line":170,"column":6},"end":{"line":170,"column":66}},"82":{"start":{"line":171,"column":6},"end":{"line":171,"column":18}},"83":{"start":{"line":174,"column":4},"end":{"line":174,"column":16}},"84":{"start":{"line":16,"column":13},"end":{"line":16,"column":28}},"85":{"start":{"line":16,"column":13},"end":{"line":176,"column":null}}},"fnMap":{"0":{"name":"(anonymous_2)","decl":{"start":{"line":17,"column":2},"end":{"line":17,"column":31}},"loc":{"start":{"line":17,"column":56},"end":{"line":17,"column":60}}},"1":{"name":"(anonymous_3)","decl":{"start":{"line":19,"column":10},"end":{"line":19,"column":21}},"loc":{"start":{"line":19,"column":36},"end":{"line":31,"column":3}}},"2":{"name":"(anonymous_4)","decl":{"start":{"line":33,"column":10},"end":{"line":33,"column":22}},"loc":{"start":{"line":35,"column":31},"end":{"line":47,"column":3}}},"3":{"name":"(anonymous_5)","decl":{"start":{"line":49,"column":10},"end":{"line":49,"column":22}},"loc":{"start":{"line":49,"column":57},"end":{"line":52,"column":3}}},"4":{"name":"(anonymous_6)","decl":{"start":{"line":54,"column":10},"end":{"line":54,"column":23}},"loc":{"start":{"line":54,"column":59},"end":{"line":57,"column":3}}},"5":{"name":"(anonymous_7)","decl":{"start":{"line":59,"column":2},"end":{"line":59,"column":7}},"loc":{"start":{"line":59,"column":41},"end":{"line":175,"column":3}}},"6":{"name":"(anonymous_8)","decl":{"start":{"line":94,"column":35},"end":{"line":94,"column":36}},"loc":{"start":{"line":94,"column":49},"end":{"line":94,"column":77}}}},"branchMap":{"0":{"loc":{"start":{"line":20,"column":4},"end":{"line":23,"column":5}},"type":"if","locations":[{"start":{"line":20,"column":4},"end":{"line":23,"column":5}},{"start":{},"end":{}}]},"1":{"loc":{"start":{"line":22,"column":13},"end":{"line":22,"column":53}},"type":"cond-expr","locations":[{"start":{"line":22,"column":34},"end":{"line":22,"column":41}},{"start":{"line":22,"column":44},"end":{"line":22,"column":53}}]},"2":{"loc":{"start":{"line":25,"column":4},"end":{"line":28,"column":5}},"type":"if","locations":[{"start":{"line":25,"column":4},"end":{"line":28,"column":5}},{"start":{},"end":{}}]},"3":{"loc":{"start":{"line":25,"column":8},"end":{"line":25,"column":60}},"type":"binary-expr","locations":[{"start":{"line":25,"column":8},"end":{"line":25,"column":28}},{"start":{"line":25,"column":32},"end":{"line":25,"column":60}}]},"4":{"loc":{"start":{"line":27,"column":13},"end":{"line":27,"column":53}},"type":"cond-expr","locations":[{"start":{"line":27,"column":34},"end":{"line":27,"column":41}},{"start":{"line":27,"column":44},"end":{"line":27,"column":53}}]},"5":{"loc":{"start":{"line":38,"column":4},"end":{"line":38,"column":38}},"type":"if","locations":[{"start":{"line":38,"column":4},"end":{"line":38,"column":38}},{"start":{},"end":{}}]},"6":{"loc":{"start":{"line":41,"column":4},"end":{"line":41,"column":36}},"type":"if","locations":[{"start":{"line":41,"column":4},"end":{"line":41,"column":36}},{"start":{},"end":{}}]},"7":{"loc":{"start":{"line":44,"column":4},"end":{"line":44,"column":34}},"type":"if","locations":[{"start":{"line":44,"column":4},"end":{"line":44,"column":34}},{"start":{},"end":{}}]},"8":{"loc":{"start":{"line":50,"column":4},"end":{"line":50,"column":52}},"type":"if","locations":[{"start":{"line":50,"column":4},"end":{"line":50,"column":52}},{"start":{},"end":{}}]},"9":{"loc":{"start":{"line":55,"column":4},"end":{"line":55,"column":60}},"type":"if","locations":[{"start":{"line":55,"column":4},"end":{"line":55,"column":60}},{"start":{},"end":{}}]},"10":{"loc":{"start":{"line":65,"column":4},"end":{"line":67,"column":5}},"type":"if","locations":[{"start":{"line":65,"column":4},"end":{"line":67,"column":5}},{"start":{},"end":{}}]},"11":{"loc":{"start":{"line":65,"column":8},"end":{"line":65,"column":31}},"type":"binary-expr","locations":[{"start":{"line":65,"column":8},"end":{"line":65,"column":15}},{"start":{"line":65,"column":19},"end":{"line":65,"column":31}}]},"12":{"loc":{"start":{"line":69,"column":4},"end":{"line":78,"column":5}},"type":"if","locations":[{"start":{"line":69,"column":4},"end":{"line":78,"column":5}},{"start":{},"end":{}}]},"13":{"loc":{"start":{"line":73,"column":6},"end":{"line":73,"column":41}},"type":"if","locations":[{"start":{"line":73,"column":6},"end":{"line":73,"column":41}},{"start":{},"end":{}}]},"14":{"loc":{"start":{"line":74,"column":6},"end":{"line":74,"column":44}},"type":"if","locations":[{"start":{"line":74,"column":6},"end":{"line":74,"column":44}},{"start":{},"end":{}}]},"15":{"loc":{"start":{"line":84,"column":4},"end":{"line":99,"column":5}},"type":"if","locations":[{"start":{"line":84,"column":4},"end":{"line":99,"column":5}},{"start":{},"end":{}}]},"16":{"loc":{"start":{"line":84,"column":8},"end":{"line":84,"column":29}},"type":"binary-expr","locations":[{"start":{"line":84,"column":8},"end":{"line":84,"column":16}},{"start":{"line":84,"column":20},"end":{"line":84,"column":29}}]},"17":{"loc":{"start":{"line":93,"column":6},"end":{"line":96,"column":7}},"type":"if","locations":[{"start":{"line":93,"column":6},"end":{"line":96,"column":7}},{"start":{},"end":{}}]},"18":{"loc":{"start":{"line":93,"column":10},"end":{"line":93,"column":43}},"type":"binary-expr","locations":[{"start":{"line":93,"column":10},"end":{"line":93,"column":16}},{"start":{"line":93,"column":20},"end":{"line":93,"column":24}},{"start":{"line":93,"column":28},"end":{"line":93,"column":43}}]},"19":{"loc":{"start":{"line":95,"column":19},"end":{"line":95,"column":53}},"type":"cond-expr","locations":[{"start":{"line":95,"column":30},"end":{"line":95,"column":40}},{"start":{"line":95,"column":43},"end":{"line":95,"column":53}}]},"20":{"loc":{"start":{"line":103,"column":4},"end":{"line":122,"column":5}},"type":"if","locations":[{"start":{"line":103,"column":4},"end":{"line":122,"column":5}},{"start":{},"end":{}}]},"21":{"loc":{"start":{"line":111,"column":6},"end":{"line":113,"column":7}},"type":"if","locations":[{"start":{"line":111,"column":6},"end":{"line":113,"column":7}},{"start":{},"end":{}}]},"22":{"loc":{"start":{"line":115,"column":6},"end":{"line":117,"column":7}},"type":"if","locations":[{"start":{"line":115,"column":6},"end":{"line":117,"column":7}},{"start":{},"end":{}}]},"23":{"loc":{"start":{"line":115,"column":10},"end":{"line":115,"column":54}},"type":"binary-expr","locations":[{"start":{"line":115,"column":10},"end":{"line":115,"column":15}},{"start":{"line":115,"column":19},"end":{"line":115,"column":54}}]},"24":{"loc":{"start":{"line":124,"column":4},"end":{"line":172,"column":5}},"type":"if","locations":[{"start":{"line":124,"column":4},"end":{"line":172,"column":5}},{"start":{},"end":{}}]},"25":{"loc":{"start":{"line":132,"column":6},"end":{"line":134,"column":7}},"type":"if","locations":[{"start":{"line":132,"column":6},"end":{"line":134,"column":7}},{"start":{},"end":{}}]},"26":{"loc":{"start":{"line":136,"column":6},"end":{"line":140,"column":7}},"type":"if","locations":[{"start":{"line":136,"column":6},"end":{"line":140,"column":7}},{"start":{},"end":{}}]},"27":{"loc":{"start":{"line":136,"column":10},"end":{"line":136,"column":53}},"type":"binary-expr","locations":[{"start":{"line":136,"column":10},"end":{"line":136,"column":14}},{"start":{"line":136,"column":18},"end":{"line":136,"column":53}}]},"28":{"loc":{"start":{"line":149,"column":6},"end":{"line":151,"column":7}},"type":"if","locations":[{"start":{"line":149,"column":6},"end":{"line":151,"column":7}},{"start":{},"end":{}}]},"29":{"loc":{"start":{"line":149,"column":10},"end":{"line":149,"column":45}},"type":"binary-expr","locations":[{"start":{"line":149,"column":10},"end":{"line":149,"column":21}},{"start":{"line":149,"column":25},"end":{"line":149,"column":45}}]},"30":{"loc":{"start":{"line":160,"column":6},"end":{"line":162,"column":7}},"type":"if","locations":[{"start":{"line":160,"column":6},"end":{"line":162,"column":7}},{"start":{},"end":{}}]},"31":{"loc":{"start":{"line":164,"column":6},"end":{"line":166,"column":7}},"type":"if","locations":[{"start":{"line":164,"column":6},"end":{"line":166,"column":7}},{"start":{},"end":{}}]},"32":{"loc":{"start":{"line":164,"column":10},"end":{"line":164,"column":68}},"type":"binary-expr","locations":[{"start":{"line":164,"column":10},"end":{"line":164,"column":22}},{"start":{"line":164,"column":26},"end":{"line":164,"column":68}}]},"33":{"loc":{"start":{"line":17,"column":41},"end":{"line":17,"column":59}},"type":"cond-expr","locations":[{"start":{"line":17,"column":56},"end":{"line":17,"column":59}},{"start":{"line":17,"column":56},"end":{"line":17,"column":59}}]},"34":{"loc":{"start":{"line":17,"column":41},"end":{"line":17,"column":56}},"type":"binary-expr","locations":[{"start":{"line":17,"column":41},"end":{"line":17,"column":59}},{"start":{"line":17,"column":41},"end":{"line":17,"column":56}}]}},"s":{"0":4,"1":4,"2":4,"3":4,"4":4,"5":18,"6":76,"7":15,"8":15,"9":61,"10":2,"11":2,"12":59,"13":34,"14":34,"15":12,"16":22,"17":22,"18":2,"19":20,"20":20,"21":1,"22":19,"23":3,"24":2,"25":1,"26":2,"27":1,"28":1,"29":18,"30":18,"31":18,"32":18,"33":1,"34":17,"35":3,"36":3,"37":3,"38":2,"39":3,"40":2,"41":3,"42":3,"43":14,"44":14,"45":14,"46":3,"47":3,"48":3,"49":2,"50":2,"51":2,"52":3,"53":11,"54":11,"55":3,"56":3,"57":1,"58":2,"59":1,"60":1,"61":1,"62":1,"63":8,"64":8,"65":8,"66":1,"67":7,"68":2,"69":2,"70":2,"71":5,"72":5,"73":1,"74":4,"75":4,"76":1,"77":3,"78":1,"79":2,"80":2,"81":2,"82":2,"83":0,"84":4,"85":4},"f":{"0":18,"1":76,"2":34,"3":3,"4":2,"5":18,"6":2},"b":{"0":[15,61],"1":[14,1],"2":[2,59],"3":[61,2],"4":[1,1],"5":[12,22],"6":[2,20],"7":[1,19],"8":[2,1],"9":[1,1],"10":[1,17],"11":[18,17],"12":[3,14],"13":[2,1],"14":[2,1],"15":[3,11],"16":[14,11],"17":[2,1],"18":[3,3,3],"19":[1,1],"20":[3,8],"21":[1,2],"22":[1,1],"23":[2,2],"24":[8,0],"25":[1,7],"26":[2,5],"27":[7,3],"28":[1,4],"29":[5,4],"30":[1,3],"31":[1,2],"32":[3,3],"33":[4,0],"34":[4,4]}}
,"C:\\Users\\user\\Documents\\projects\\order_friends\\src\\common\\guards\\policy.guard.ts": {"path":"C:\\Users\\user\\Documents\\projects\\order_friends\\src\\common\\guards\\policy.guard.ts","statementMap":{"0":{"start":{"line":1,"column":0},"end":{"line":1,"column":null}},"1":{"start":{"line":7,"column":0},"end":{"line":7,"column":41}},"2":{"start":{"line":8,"column":0},"end":{"line":8,"column":86}},"3":{"start":{"line":9,"column":0},"end":{"line":9,"column":75}},"4":{"start":{"line":14,"column":7},"end":{"line":44,"column":null}},"5":{"start":{"line":15,"column":31},"end":{"line":15,"column":42}},"6":{"start":{"line":19,"column":6},"end":{"line":22,"column":14}},"7":{"start":{"line":24,"column":4},"end":{"line":24,"column":43}},"8":{"start":{"line":24,"column":31},"end":{"line":24,"column":43}},"9":{"start":{"line":26,"column":16},"end":{"line":26,"column":47}},"10":{"start":{"line":27,"column":4},"end":{"line":27,"column":34}},"11":{"start":{"line":27,"column":22},"end":{"line":27,"column":34}},"12":{"start":{"line":29,"column":35},"end":{"line":29,"column":43}},"13":{"start":{"line":31,"column":4},"end":{"line":33,"column":5}},"14":{"start":{"line":32,"column":6},"end":{"line":32,"column":73}},"15":{"start":{"line":35,"column":20},"end":{"line":35,"column":57}},"16":{"start":{"line":36,"column":15},"end":{"line":36,"column":52}},"17":{"start":{"line":36,"column":37},"end":{"line":36,"column":51}},"18":{"start":{"line":38,"column":4},"end":{"line":40,"column":5}},"19":{"start":{"line":39,"column":6},"end":{"line":39,"column":63}},"20":{"start":{"line":42,"column":4},"end":{"line":42,"column":16}},"21":{"start":{"line":14,"column":13},"end":{"line":14,"column":24}},"22":{"start":{"line":14,"column":13},"end":{"line":44,"column":null}}},"fnMap":{"0":{"name":"(anonymous_2)","decl":{"start":{"line":15,"column":2},"end":{"line":15,"column":31}},"loc":{"start":{"line":15,"column":51},"end":{"line":15,"column":55}}},"1":{"name":"(anonymous_3)","decl":{"start":{"line":17,"column":2},"end":{"line":17,"column":13}},"loc":{"start":{"line":17,"column":35},"end":{"line":43,"column":3}}},"2":{"name":"(anonymous_4)","decl":{"start":{"line":36,"column":30},"end":{"line":36,"column":31}},"loc":{"start":{"line":36,"column":37},"end":{"line":36,"column":51}}}},"branchMap":{"0":{"loc":{"start":{"line":19,"column":6},"end":{"line":22,"column":14}},"type":"binary-expr","locations":[{"start":{"line":19,"column":6},"end":{"line":22,"column":8}},{"start":{"line":22,"column":12},"end":{"line":22,"column":14}}]},"1":{"loc":{"start":{"line":24,"column":4},"end":{"line":24,"column":43}},"type":"if","locations":[{"start":{"line":24,"column":4},"end":{"line":24,"column":43}},{"start":{},"end":{}}]},"2":{"loc":{"start":{"line":27,"column":4},"end":{"line":27,"column":34}},"type":"if","locations":[{"start":{"line":27,"column":4},"end":{"line":27,"column":34}},{"start":{},"end":{}}]},"3":{"loc":{"start":{"line":31,"column":4},"end":{"line":33,"column":5}},"type":"if","locations":[{"start":{"line":31,"column":4},"end":{"line":33,"column":5}},{"start":{},"end":{}}]},"4":{"loc":{"start":{"line":35,"column":28},"end":{"line":35,"column":56}},"type":"binary-expr","locations":[{"start":{"line":35,"column":28},"end":{"line":35,"column":50}},{"start":{"line":35,"column":54},"end":{"line":35,"column":56}}]},"5":{"loc":{"start":{"line":38,"column":4},"end":{"line":40,"column":5}},"type":"if","locations":[{"start":{"line":38,"column":4},"end":{"line":40,"column":5}},{"start":{},"end":{}}]},"6":{"loc":{"start":{"line":15,"column":42},"end":{"line":15,"column":54}},"type":"cond-expr","locations":[{"start":{"line":15,"column":51},"end":{"line":15,"column":54}},{"start":{"line":15,"column":51},"end":{"line":15,"column":54}}]},"7":{"loc":{"start":{"line":15,"column":42},"end":{"line":15,"column":51}},"type":"binary-expr","locations":[{"start":{"line":15,"column":42},"end":{"line":15,"column":54}},{"start":{"line":15,"column":42},"end":{"line":15,"column":51}}]}},"s":{"0":4,"1":4,"2":4,"3":4,"4":4,"5":5,"6":5,"7":5,"8":1,"9":4,"10":4,"11":1,"12":3,"13":3,"14":1,"15":2,"16":2,"17":2,"18":2,"19":1,"20":1,"21":4,"22":4},"f":{"0":5,"1":5,"2":2},"b":{"0":[5,0],"1":[1,4],"2":[1,3],"3":[1,2],"4":[2,0],"5":[1,1],"6":[2,2],"7":[4,2]}}
,"C:\\Users\\user\\Documents\\projects\\order_friends\\src\\common\\guards\\user-rate-limit.guard.ts": {"path":"C:\\Users\\user\\Documents\\projects\\order_friends\\src\\common\\guards\\user-rate-limit.guard.ts","statementMap":{"0":{"start":{"line":1,"column":0},"end":{"line":1,"column":null}},"1":{"start":{"line":8,"column":0},"end":{"line":8,"column":41}},"2":{"start":{"line":9,"column":0},"end":{"line":9,"column":54}},"3":{"start":{"line":10,"column":0},"end":{"line":10,"column":40}},"4":{"start":{"line":13,"column":13},"end":{"line":13,"column":51}},"5":{"start":{"line":22,"column":7},"end":{"line":96,"column":null}},"6":{"start":{"line":24,"column":12},"end":{"line":24,"column":23}},"7":{"start":{"line":25,"column":35},"end":{"line":25,"column":54}},"8":{"start":{"line":29,"column":20},"end":{"line":31,"column":null}},"9":{"start":{"line":34,"column":4},"end":{"line":36,"column":5}},"10":{"start":{"line":35,"column":6},"end":{"line":35,"column":18}},"11":{"start":{"line":38,"column":20},"end":{"line":38,"column":55}},"12":{"start":{"line":39,"column":19},"end":{"line":39,"column":56}},"13":{"start":{"line":41,"column":4},"end":{"line":44,"column":5}},"14":{"start":{"line":43,"column":6},"end":{"line":43,"column":18}},"15":{"start":{"line":46,"column":16},"end":{"line":46,"column":43}},"16":{"start":{"line":47,"column":21},"end":{"line":47,"column":49}},"17":{"start":{"line":50,"column":22},"end":{"line":50,"column":59}},"18":{"start":{"line":51,"column":4},"end":{"line":60,"column":5}},"19":{"start":{"line":52,"column":6},"end":{"line":59,"column":8}},"20":{"start":{"line":63,"column":21},"end":{"line":63,"column":71}},"21":{"start":{"line":65,"column":4},"end":{"line":79,"column":5}},"22":{"start":{"line":67,"column":28},"end":{"line":67,"column":78}},"23":{"start":{"line":68,"column":6},"end":{"line":68,"column":65}},"24":{"start":{"line":70,"column":6},"end":{"line":78,"column":8}},"25":{"start":{"line":82,"column":4},"end":{"line":86,"column":6}},"26":{"start":{"line":89,"column":21},"end":{"line":89,"column":57}},"27":{"start":{"line":90,"column":4},"end":{"line":90,"column":60}},"28":{"start":{"line":91,"column":4},"end":{"line":91,"column":78}},"29":{"start":{"line":92,"column":4},"end":{"line":92,"column":82}},"30":{"start":{"line":94,"column":4},"end":{"line":94,"column":16}},"31":{"start":{"line":22,"column":13},"end":{"line":22,"column":31}},"32":{"start":{"line":22,"column":13},"end":{"line":96,"column":null}}},"fnMap":{"0":{"name":"(anonymous_4)","decl":{"start":{"line":23,"column":2},"end":{"line":23,"column":null}},"loc":{"start":{"line":25,"column":54},"end":{"line":26,"column":6}}},"1":{"name":"(anonymous_5)","decl":{"start":{"line":28,"column":2},"end":{"line":28,"column":7}},"loc":{"start":{"line":28,"column":45},"end":{"line":95,"column":3}}}},"branchMap":{"0":{"loc":{"start":{"line":34,"column":4},"end":{"line":36,"column":5}},"type":"if","locations":[{"start":{"line":34,"column":4},"end":{"line":36,"column":5}},{"start":{},"end":{}}]},"1":{"loc":{"start":{"line":39,"column":19},"end":{"line":39,"column":56}},"type":"binary-expr","locations":[{"start":{"line":39,"column":19},"end":{"line":39,"column":35}},{"start":{"line":39,"column":39},"end":{"line":39,"column":56}}]},"2":{"loc":{"start":{"line":41,"column":4},"end":{"line":44,"column":5}},"type":"if","locations":[{"start":{"line":41,"column":4},"end":{"line":44,"column":5}},{"start":{},"end":{}}]},"3":{"loc":{"start":{"line":51,"column":4},"end":{"line":60,"column":5}},"type":"if","locations":[{"start":{"line":51,"column":4},"end":{"line":60,"column":5}},{"start":{},"end":{}}]},"4":{"loc":{"start":{"line":63,"column":21},"end":{"line":63,"column":71}},"type":"binary-expr","locations":[{"start":{"line":63,"column":22},"end":{"line":63,"column":54}},{"start":{"line":63,"column":70},"end":{"line":63,"column":71}}]},"5":{"loc":{"start":{"line":65,"column":4},"end":{"line":79,"column":5}},"type":"if","locations":[{"start":{"line":65,"column":4},"end":{"line":79,"column":5}},{"start":{},"end":{}}]},"6":{"loc":{"start":{"line":67,"column":29},"end":{"line":67,"column":70}},"type":"binary-expr","locations":[{"start":{"line":67,"column":29},"end":{"line":67,"column":50}},{"start":{"line":67,"column":54},"end":{"line":67,"column":70}}]},"7":{"loc":{"start":{"line":73,"column":61},"end":{"line":73,"column":102}},"type":"binary-expr","locations":[{"start":{"line":73,"column":61},"end":{"line":73,"column":82}},{"start":{"line":73,"column":86},"end":{"line":73,"column":102}}]},"8":{"loc":{"start":{"line":75,"column":22},"end":{"line":75,"column":63}},"type":"binary-expr","locations":[{"start":{"line":75,"column":22},"end":{"line":75,"column":43}},{"start":{"line":75,"column":47},"end":{"line":75,"column":63}}]},"9":{"loc":{"start":{"line":24,"column":23},"end":{"line":24,"column":null}},"type":"cond-expr","locations":[{"start":{"line":24,"column":32},"end":{"line":24,"column":null}},{"start":{"line":24,"column":32},"end":{"line":24,"column":null}}]},"10":{"loc":{"start":{"line":24,"column":23},"end":{"line":24,"column":32}},"type":"binary-expr","locations":[{"start":{"line":24,"column":23},"end":{"line":24,"column":null}},{"start":{"line":24,"column":23},"end":{"line":24,"column":32}}]}},"s":{"0":7,"1":7,"2":7,"3":7,"4":7,"5":7,"6":12,"7":12,"8":19,"9":19,"10":1,"11":18,"12":18,"13":18,"14":1,"15":17,"16":17,"17":17,"18":17,"19":1,"20":16,"21":16,"22":2,"23":2,"24":2,"25":14,"26":14,"27":14,"28":14,"29":14,"30":14,"31":7,"32":7},"f":{"0":12,"1":19},"b":{"0":[1,18],"1":[18,2],"2":[1,17],"3":[1,16],"4":[16,9],"5":[2,14],"6":[2,2],"7":[2,2],"8":[2,2],"9":[5,2],"10":[7,5]}}
[...]
,"C:\\Users\\user\\Documents\\projects\\order_friends\\src\\modules\\public-order\\dto\\public-order.dto.ts": {"path":"C:\\Users\\user\\Documents\\projects\\order_friends\\src\\modules\\public-order\\dto\\public-order.dto.ts","statementMap":{"0":{"start":{"line":1,"column":0},"end":{"line":1,"column":null}},"1":{"start":{"line":10,"column":0},"end":{"line":10,"column":41}},"2":{"start":{"line":16,"column":0},"end":{"line":16,"column":13}},"3":{"start":{"line":24,"column":0},"end":{"line":24,"column":13}},"4":{"start":{"line":30,"column":0},"end":{"line":30,"column":13}},"5":{"start":{"line":42,"column":0},"end":{"line":42,"column":13}},"6":{"start":{"line":48,"column":0},"end":{"line":48,"column":13}},"7":{"start":{"line":66,"column":0},"end":{"line":66,"column":13}},"8":{"start":{"line":68,"column":2},"end":{"line":68,"column":null}},"9":{"start":{"line":71,"column":0},"end":{"line":71,"column":13}},"10":{"start":{"line":73,"column":2},"end":{"line":73,"column":null}},"11":{"start":{"line":77,"column":2},"end":{"line":77,"column":null}},"12":{"start":{"line":83,"column":2},"end":{"line":83,"column":null}},"13":{"start":{"line":82,"column":14},"end":{"line":82,"column":32}},"14":{"start":{"line":86,"column":0},"end":{"line":86,"column":null}},"15":{"start":{"line":87,"column":2},"end":{"line":87,"column":null}},"16":{"start":{"line":88,"column":2},"end":{"line":88,"column":null}},"17":{"start":{"line":89,"column":2},"end":{"line":89,"column":null}},"18":{"start":{"line":121,"column":34},"end":{"line":121,"column":52}},"19":{"start":{"line":92,"column":0},"end":{"line":92,"column":13}},"20":{"start":{"line":94,"column":2},"end":{"line":94,"column":null}},"21":{"start":{"line":98,"column":2},"end":{"line":98,"column":null}},"22":{"start":{"line":101,"column":2},"end":{"line":101,"column":null}},"23":{"start":{"line":105,"column":2},"end":{"line":105,"column":null}},"24":{"start":{"line":109,"column":2},"end":{"line":109,"column":null}},"25":{"start":{"line":113,"column":2},"end":{"line":113,"column":null}},"26":{"start":{"line":117,"column":2},"end":{"line":117,"column":null}},"27":{"start":{"line":121,"column":2},"end":{"line":121,"column":null}},"28":{"start":{"line":126,"column":2},"end":{"line":126,"column":null}},"29":{"start":{"line":125,"column":14},"end":{"line":125,"column":26}}},"fnMap":{"0":{"name":"(anonymous_2)","decl":{"start":{"line":82,"column":8},"end":{"line":82,"column":11}},"loc":{"start":{"line":82,"column":14},"end":{"line":82,"column":32}}},"1":{"name":"(anonymous_3)","decl":{"start":{"line":86,"column":0},"end":{"line":86,"column":12}},"loc":{"start":{"line":86,"column":25},"end":{"line":90,"column":1}}},"2":{"name":"(anonymous_4)","decl":{"start":{"line":125,"column":8},"end":{"line":125,"column":11}},"loc":{"start":{"line":125,"column":14},"end":{"line":125,"column":26}}}},"branchMap":{"0":{"loc":{"start":{"line":86,"column":12},"end":{"line":86,"column":null}},"type":"binary-expr","locations":[{"start":{"line":86,"column":12},"end":{"line":86,"column":25}},{"start":{"line":86,"column":25},"end":{"line":86,"column":null}}]}},"s":{"0":5,"1":5,"2":5,"3":5,"4":5,"5":5,"6":5,"7":5,"8":5,"9":5,"10":5,"11":5,"12":5,"13":1,"14":5,"15":5,"16":5,"17":5,"18":2,"19":5,"20":5,"21":5,"22":5,"23":5,"24":5,"25":5,"26":5,"27":5,"28":5,"29":1},"f":{"0":1,"1":5,"2":1},"b":{"0":[5,5]}}
,"C:\\Users\\user\\Documents\\projects\\order_friends\\src\\modules\\public\\dto\\public.dto.ts": {"path":"C:\\Users\\user\\Documents\\projects\\order_friends\\src\\modules\\public\\dto\\public.dto.ts","statementMap":{"0":{"start":{"line":1,"column":0},"end":{"line":1,"column":null}},"1":{"start":{"line":9,"column":0},"end":{"line":9,"column":41}},"2":{"start":{"line":15,"column":0},"end":{"line":15,"column":13}},"3":{"start":{"line":21,"column":0},"end":{"line":21,"column":13}},"4":{"start":{"line":27,"column":0},"end":{"line":27,"column":13}},"5":{"start":{"line":35,"column":0},"end":{"line":35,"column":13}},"6":{"start":{"line":52,"column":0},"end":{"line":52,"column":13}},"7":{"start":{"line":54,"column":2},"end":{"line":54,"column":null}},"8":{"start":{"line":57,"column":0},"end":{"line":57,"column":13}},"9":{"start":{"line":59,"column":2},"end":{"line":59,"column":null}},"10":{"start":{"line":63,"column":2},"end":{"line":63,"column":null}},"11":{"start":{"line":69,"column":2},"end":{"line":69,"column":null}},"12":{"start":{"line":68,"column":14},"end":{"line":68,"column":32}},"13":{"start":{"line":72,"column":0},"end":{"line":72,"column":13}},"14":{"start":{"line":74,"column":2},"end":{"line":74,"column":null}},"15":{"start":{"line":77,"column":2},"end":{"line":77,"column":null}},"16":{"start":{"line":81,"column":2},"end":{"line":81,"column":null}},"17":{"start":{"line":85,"column":2},"end":{"line":85,"column":null}},"18":{"start":{"line":89,"column":2},"end":{"line":89,"column":null}},"19":{"start":{"line":93,"column":2},"end":{"line":93,"column":null}},"20":{"start":{"line":97,"column":2},"end":{"line":97,"column":null}},"21":{"start":{"line":102,"column":2},"end":{"line":102,"column":null}},"22":{"start":{"line":101,"column":14},"end":{"line":101,"column":26}}},"fnMap":{"0":{"name":"(anonymous_2)","decl":{"start":{"line":68,"column":8},"end":{"line":68,"column":11}},"loc":{"start":{"line":68,"column":14},"end":{"line":68,"column":32}}},"1":{"name":"(anonymous_3)","decl":{"start":{"line":101,"column":8},"end":{"line":101,"column":11}},"loc":{"start":{"line":101,"column":14},"end":{"line":101,"column":26}}}},"branchMap":{},"s":{"0":3,"1":3,"2":3,"3":3,"4":3,"5":3,"6":3,"7":3,"8":3,"9":3,"10":3,"11":3,"12":1,"13":3,"14":3,"15":3,"16":3,"17":3,"18":3,"19":3,"20":3,"21":3,"22":1},"f":{"0":1,"1":1},"b":{}}
,"C:\\Users\\user\\Documents\\projects\\order_friends\\src\\modules\\upload\\upload.controller.ts": {"path":"C:\\Users\\user\\Documents\\projects\\order_friends\\src\\modules\\upload\\upload.controller.ts","statementMap":{"0":{"start":{"line":1,"column":0},"end":{"line":1,"column":null}},"1":{"start":{"line":12,"column":0},"end":{"line":12,"column":77}},"2":{"start":{"line":13,"column":0},"end":{"line":13,"column":null}},"3":{"start":{"line":21,"column":0},"end":{"line":21,"column":59}},"4":{"start":{"line":22,"column":0},"end":{"line":22,"column":49}},"5":{"start":{"line":23,"column":0},"end":{"line":23,"column":82}},"6":{"start":{"line":29,"column":7},"end":{"line":184,"column":null}},"7":{"start":{"line":30,"column":31},"end":{"line":30,"column":46}},"8":{"start":{"line":71,"column":4},"end":{"line":73,"column":5}},"9":{"start":{"line":72,"column":6},"end":{"line":72,"column":56}},"10":{"start":{"line":75,"column":4},"end":{"line":75,"column":69}},"11":{"start":{"line":123,"column":4},"end":{"line":125,"column":5}},"12":{"start":{"line":124,"column":6},"end":{"line":124,"column":57}},"13":{"start":{"line":127,"column":4},"end":{"line":127,"column":79}},"14":{"start":{"line":149,"column":4},"end":{"line":151,"column":5}},"15":{"start":{"line":150,"column":6},"end":{"line":150,"column":62}},"16":{"start":{"line":153,"column":4},"end":{"line":153,"column":47}},"17":{"start":{"line":154,"column":4},"end":{"line":154,"column":53}},"18":{"start":{"line":177,"column":4},"end":{"line":179,"column":5}},"19":{"start":{"line":178,"column":6},"end":{"line":178,"column":64}},"20":{"start":{"line":181,"column":4},"end":{"line":181,"column":57}},"21":{"start":{"line":182,"column":4},"end":{"line":182,"column":70}},"22":{"start":{"line":29,"column":13},"end":{"line":29,"column":29}},"23":{"start":{"line":67,"column":8},"end":{"line":76,"column":null}},"24":{"start":{"line":119,"column":8},"end":{"line":128,"column":null}},"25":{"start":{"line":148,"column":8},"end":{"line":155,"column":null}},"26":{"start":{"line":176,"column":8},"end":{"line":183,"column":null}},"27":{"start":{"line":29,"column":13},"end":{"line":184,"column":null}}},"fnMap":{"0":{"name":"(anonymous_4)","decl":{"start":{"line":30,"column":2},"end":{"line":30,"column":31}},"loc":{"start":{"line":30,"column":59},"end":{"line":30,"column":63}}},"1":{"name":"(anonymous_5)","decl":{"start":{"line":67,"column":8},"end":{"line":67,"column":19}},"loc":{"start":{"line":69,"column":35},"end":{"line":76,"column":3}}},"2":{"name":"(anonymous_6)","decl":{"start":{"line":119,"column":8},"end":{"line":119,"column":28}},"loc":{"start":{"line":121,"column":35},"end":{"line":128,"column":3}}},"3":{"name":"(anonymous_7)","decl":{"start":{"line":148,"column":8},"end":{"line":148,"column":19}},"loc":{"start":{"line":148,"column":46},"end":{"line":155,"column":3}}},"4":{"name":"(anonymous_8)","decl":{"start":{"line":176,"column":8},"end":{"line":176,"column":28}},"loc":{"start":{"line":176,"column":59},"end":{"line":183,"column":3}}}},"branchMap":{"0":{"loc":{"start":{"line":71,"column":4},"end":{"line":73,"column":5}},"type":"if","locations":[{"start":{"line":71,"column":4},"end":{"line":73,"column":5}},{"start":{},"end":{}}]},"1":{"loc":{"start":{"line":75,"column":48},"end":{"line":75,"column":67}},"type":"binary-expr","locations":[{"start":{"line":75,"column":48},"end":{"line":75,"column":54}},{"start":{"line":75,"column":58},"end":{"line":75,"column":67}}]},"2":{"loc":{"start":{"line":123,"column":4},"end":{"line":125,"column":5}},"type":"if","locations":[{"start":{"line":123,"column":4},"end":{"line":125,"column":5}},{"start":{},"end":{}}]},"3":{"loc":{"start":{"line":123,"column":8},"end":{"line":123,"column":36}},"type":"binary-expr","locations":[{"start":{"line":123,"column":8},"end":{"line":123,"column":14}},{"start":{"line":123,"column":18},"end":{"line":123,"column":36}}]},"4":{"loc":{"start":{"line":127,"column":58},"end":{"line":127,"column":77}},"type":"binary-expr","locations":[{"start":{"line":127,"column":58},"end":{"line":127,"column":64}},{"start":{"line":127,"column":68},"end":{"line":127,"column":77}}]},"5":{"loc":{"start":{"line":149,"column":4},"end":{"line":151,"column":5}},"type":"if","locations":[{"start":{"line":149,"column":4},"end":{"line":151,"column":5}},{"start":{},"end":{}}]},"6":{"loc":{"start":{"line":177,"column":4},"end":{"line":179,"column":5}},"type":"if","locations":[{"start":{"line":177,"column":4},"end":{"line":179,"column":5}},{"start":{},"end":{}}]},"7":{"loc":{"start":{"line":177,"column":8},"end":{"line":177,"column":36}},"type":"binary-expr","locations":[{"start":{"line":177,"column":8},"end":{"line":177,"column":14}},{"start":{"line":177,"column":18},"end":{"line":177,"column":36}}]},"8":{"loc":{"start":{"line":68,"column":26},"end":{"line":68,"column":null}},"type":"cond-expr","locations":[{"start":{"line":68,"column":45},"end":{"line":68,"column":null}},{"start":{"line":68,"column":45},"end":{"line":68,"column":null}}]},"9":{"loc":{"start":{"line":68,"column":26},"end":{"line":68,"column":45}},"type":"binary-expr","locations":[{"start":{"line":68,"column":26},"end":{"line":68,"column":34}},{"start":{"line":68,"column":33},"end":{"line":68,"column":41}},{"start":{"line":68,"column":40},"end":{"line":68,"column":45}}]},"10":{"loc":{"start":{"line":30,"column":46},"end":{"line":30,"column":62}},"type":"cond-expr","locations":[{"start":{"line":30,"column":59},"end":{"line":30,"column":62}},{"start":{"line":30,"column":59},"end":{"line":30,"column":62}}]},"11":{"loc":{"start":{"line":30,"column":46},"end":{"line":30,"column":59}},"type":"binary-expr","locations":[{"start":{"line":30,"column":46},"end":{"line":30,"column":62}},{"start":{"line":30,"column":46},"end":{"line":30,"column":59}}]}},"s":{"0":4,"1":4,"2":4,"3":4,"4":4,"5":4,"6":4,"7":8,"8":2,"9":1,"10":1,"11":2,"12":1,"13":1,"14":2,"15":1,"16":1,"17":1,"18":2,"19":1,"20":1,"21":1,"22":4,"23":4,"24":4,"25":4,"26":4,"27":4},"f":{"0":8,"1":2,"2":2,"3":2,"4":2},"b":{"0":[1,1],"1":[1,0],"2":[1,1],"3":[2,2],"4":[1,0],"5":[1,1],"6":[1,1],"7":[2,2],"8":[0,4],"9":[4,0,0],"10":[4,0],"11":[4,4]}}
,"C:\\Users\\user\\Documents\\projects\\order_friends\\src\\modules\\upload\\upload.module.ts": {"path":"C:\\Users\\user\\Documents\\projects\\order_friends\\src\\modules\\upload\\upload.module.ts","statementMap":{"0":{"start":{"line":1,"column":0},"end":{"line":1,"column":40}},"1":{"start":{"line":2,"column":0},"end":{"line":2,"column":55}},"2":{"start":{"line":3,"column":0},"end":{"line":3,"column":49}},"3":{"start":{"line":4,"column":0},"end":{"line":4,"column":70}},"4":{"start":{"line":12,"column":7},"end":{"line":12,"column":null}},"5":{"start":{"line":12,"column":13},"end":{"line":12,"column":25}},"6":{"start":{"line":12,"column":13},"end":{"line":12,"column":null}}},"fnMap":{},"branchMap":{},"s":{"0":3,"1":3,"2":3,"3":3,"4":3,"5":3,"6":3},"f":{},"b":{}}
,"C:\\Users\\user\\Documents\\projects\\order_friends\\src\\modules\\upload\\upload.service.ts": {"path":"C:\\Users\\user\\Documents\\projects\\order_friends\\src\\modules\\upload\\upload.service.ts","statementMap":{"0":{"start":{"line":1,"column":0},"end":{"line":1,"column":73}},"1":{"start":{"line":2,"column":0},"end":{"line":2,"column":72}},"2":{"start":{"line":3,"column":0},"end":{"line":3,"column":36}},"3":{"start":{"line":12,"column":26},"end":{"line":153,"column":null}},"4":{"start":{"line":13,"column":28},"end":{"line":13,"column":58}},"5":{"start":{"line":14,"column":32},"end":{"line":14,"column":48}},"6":{"start":{"line":17,"column":38},"end":{"line":23,"column":4}},"7":{"start":{"line":26,"column":33},"end":{"line":26,"column":48}},"8":{"start":{"line":28,"column":31},"end":{"line":28,"column":41}},"9":{"start":{"line":37,"column":4},"end":{"line":37,"column":82}},"10":{"start":{"line":40,"column":4},"end":{"line":44,"column":5}},"11":{"start":{"line":41,"column":6},"end":{"line":43,"column":8}},"12":{"start":{"line":47,"column":4},"end":{"line":51,"column":5}},"13":{"start":{"line":48,"column":6},"end":{"line":50,"column":8}},"14":{"start":{"line":54,"column":20},"end":{"line":54,"column":54}},"15":{"start":{"line":55,"column":21},"end":{"line":55,"column":55}},"16":{"start":{"line":57,"column":4},"end":{"line":88,"column":5}},"17":{"start":{"line":58,"column":21},"end":{"line":58,"column":48}},"18":{"start":{"line":61,"column":30},"end":{"line":66,"column":10}},"19":{"start":{"line":68,"column":6},"end":{"line":71,"column":7}},"20":{"start":{"line":69,"column":8},"end":{"line":69,"column":76}},"21":{"start":{"line":70,"column":8},"end":{"line":70,"column":81}},"22":{"start":{"line":74,"column":32},"end":{"line":76,"column":31}},"23":{"start":{"line":78,"column":6},"end":{"line":78,"column":66}},"24":{"start":{"line":80,"column":6},"end":{"line":84,"column":8}},"25":{"start":{"line":86,"column":6},"end":{"line":86,"column":73}},"26":{"start":{"line":87,"column":6},"end":{"line":87,"column":18}},"27":{"start":{"line":98,"column":27},"end":{"line":99,"column":null}},"28":{"start":{"line":99,"column":6},"end":{"line":99,"column":36}},"29":{"start":{"line":101,"column":4},"end":{"line":101,"column":39}},"30":{"start":{"line":108,"column":4},"end":{"line":108,"column":51}},"31":{"start":{"line":110,"column":4},"end":{"line":126,"column":5}},"32":{"start":{"line":111,"column":21},"end":{"line":111,"column":48}},"33":{"start":{"line":113,"column":24},"end":{"line":115,"column":27}},"34":{"start":{"line":117,"column":6},"end":{"line":120,"column":7}},"35":{"start":{"line":118,"column":8},"end":{"line":118,"column":76}},"36":{"start":{"line":119,"column":8},"end":{"line":119,"column":81}},"37":{"start":{"line":122,"column":6},"end":{"line":122,"column":65}},"38":{"start":{"line":124,"column":6},"end":{"line":124,"column":72}},"39":{"start":{"line":125,"column":6},"end":{"line":125,"column":18}},"40":{"start":{"line":133,"column":4},"end":{"line":151,"column":5}},"41":{"start":{"line":134,"column":21},"end":{"line":134,"column":48}},"42":{"start":{"line":136,"column":24},"end":{"line":138,"column":26}},"43":{"start":{"line":140,"column":6},"end":{"line":145,"column":7}},"44":{"start":{"line":141,"column":8},"end":{"line":141,"column":77}},"45":{"start":{"line":142,"column":8},"end":{"line":144,"column":10}},"46":{"start":{"line":147,"column":6},"end":{"line":147,"column":73}},"47":{"start":{"line":149,"column":6},"end":{"line":149,"column":73}},"48":{"start":{"line":150,"column":6},"end":{"line":150,"column":18}},"49":{"start":{"line":12,"column":13},"end":{"line":12,"column":26}},"50":{"start":{"line":12,"column":13},"end":{"line":153,"column":null}}},"fnMap":{"0":{"name":"(anonymous_2)","decl":{"start":{"line":28,"column":2},"end":{"line":28,"column":31}},"loc":{"start":{"line":28,"column":56},"end":{"line":28,"column":60}}},"1":{"name":"(anonymous_3)","decl":{"start":{"line":33,"column":2},"end":{"line":33,"column":7}},"loc":{"start":{"line":35,"column":30},"end":{"line":89,"column":3}}},"2":{"name":"(anonymous_4)","decl":{"start":{"line":94,"column":2},"end":{"line":94,"column":7}},"loc":{"start":{"line":96,"column":30},"end":{"line":102,"column":3}}},"3":{"name":"(anonymous_5)","decl":{"start":{"line":98,"column":37},"end":{"line":98,"column":38}},"loc":{"start":{"line":99,"column":6},"end":{"line":99,"column":36}}},"4":{"name":"(anonymous_6)","decl":{"start":{"line":107,"column":2},"end":{"line":107,"column":7}},"loc":{"start":{"line":107,"column":36},"end":{"line":127,"column":3}}},"5":{"name":"(anonymous_7)","decl":{"start":{"line":132,"column":2},"end":{"line":132,"column":7}},"loc":{"start":{"line":132,"column":48},"end":{"line":152,"column":3}}}},"branchMap":{"0":{"loc":{"start":{"line":35,"column":4},"end":{"line":35,"column":30}},"type":"default-arg","locations":[{"start":{"line":35,"column":21},"end":{"line":35,"column":30}}]},"1":{"loc":{"start":{"line":40,"column":4},"end":{"line":44,"column":5}},"type":"if","locations":[{"start":{"line":40,"column":4},"end":{"line":44,"column":5}},{"start":{},"end":{}}]},"2":{"loc":{"start":{"line":47,"column":4},"end":{"line":51,"column":5}},"type":"if","locations":[{"start":{"line":47,"column":4},"end":{"line":51,"column":5}},{"start":{},"end":{}}]},"3":{"loc":{"start":{"line":68,"column":6},"end":{"line":71,"column":7}},"type":"if","locations":[{"start":{"line":68,"column":6},"end":{"line":71,"column":7}},{"start":{},"end":{}}]},"4":{"loc":{"start":{"line":96,"column":4},"end":{"line":96,"column":30}},"type":"default-arg","locations":[{"start":{"line":96,"column":21},"end":{"line":96,"column":30}}]},"5":{"loc":{"start":{"line":117,"column":6},"end":{"line":120,"column":7}},"type":"if","locations":[{"start":{"line":117,"column":6},"end":{"line":120,"column":7}},{"start":{},"end":{}}]},"6":{"loc":{"start":{"line":140,"column":6},"end":{"line":145,"column":7}},"type":"if","locations":[{"start":{"line":140,"column":6},"end":{"line":145,"column":7}},{"start":{},"end":{}}]},"7":{"loc":{"start":{"line":28,"column":41},"end":{"line":28,"column":59}},"type":"cond-expr","locations":[{"start":{"line":28,"column":56},"end":{"line":28,"column":59}},{"start":{"line":28,"column":56},"end":{"line":28,"column":59}}]},"8":{"loc":{"start":{"line":28,"column":41},"end":{"line":28,"column":56}},"type":"binary-expr","locations":[{"start":{"line":28,"column":41},"end":{"line":28,"column":59}},{"start":{"line":28,"column":41},"end":{"line":28,"column":56}}]}},"s":{"0":5,"1":5,"2":5,"3":5,"4":13,"5":13,"6":13,"7":13,"8":13,"9":19,"10":19,"11":3,"12":16,"13":2,"14":14,"15":14,"16":14,"17":14,"18":14,"19":14,"20":2,"21":2,"22":12,"23":12,"24":12,"25":2,"26":2,"27":2,"28":4,"29":2,"30":3,"31":3,"32":3,"33":3,"34":3,"35":2,"36":2,"37":1,"38":2,"39":2,"40":2,"41":2,"42":2,"43":2,"44":1,"45":1,"46":1,"47":1,"48":1,"49":5,"50":5},"f":{"0":13,"1":19,"2":2,"3":4,"4":3,"5":2},"b":{"0":[12],"1":[3,16],"2":[2,14],"3":[2,12],"4":[0],"5":[2,1],"6":[1,1],"7":[5,0],"8":[5,5]}}
}
