{"total": {"lines":{"total":3488,"covered":3425,"skipped":0,"pct":98.19},"statements":{"total":3849,"covered":3736,"skipped":0,"pct":97.06},"functions":{"total":504,"covered":493,"skipped":0,"pct":97.81},"branches":{"total":2708,"covered":2161,"skipped":0,"pct":79.8},"branchesTrue":{"total":0,"covered":0,"skipped":0,"pct":100}}
,"C:\\Users\\user\\Documents\\projects\\order_friends\\src\\app.controller.ts": {"lines":{"total":6,"covered":6,"skipped":0,"pct":100},"functions":{"total":2,"covered":2,"skipped":0,"pct":100},"statements":{"total":8,"covered":8,"skipped":0,"pct":100},"branches":{"total":4,"covered":3,"skipped":0,"pct":75}}
,"C:\\Users\\user\\Documents\\projects\\order_friends\\src\\app.module.ts": {"lines":{"total":32,"covered":32,"skipped":0,"pct":100},"functions":{"total":0,"covered":0,"skipped":0,"pct":100},"statements":{"total":34,"covered":34,"skipped":0,"pct":100},"branches":{"total":0,"covered":0,"skipped":0,"pct":100}}
,"C:\\Users\\user\\Documents\\projects\\order_friends\\src\\app.service.ts": {"lines":{"total":3,"covered":3,"skipped":0,"pct":100},"functions":{"total":1,"covered":1,"skipped":0,"pct":100},"statements":{"total":5,"covered":5,"skipped":0,"pct":100},"branches":{"total":0,"covered":0,"skipped":0,"pct":100}}
,"C:\\Users\\user\\Documents\\projects\\order_friends\\src\\main.ts": {"lines":{"total":27,"covered":27,"skipped":0,"pct":100},"functions":{"total":2,"covered":2,"skipped":0,"pct":100},"statements":{"total":28,"covered":28,"skipped":0,"pct":100},"branches":{"total":20,"covered":19,"skipped":0,"pct":95}}
,"C:\\Users\\user\\Documents\\projects\\order_friends\\src\\common\\decorators\\current-user.decorator.ts": {"lines":{"total":4,"covered":4,"skipped":0,"pct":100},"functions":{"total":1,"covered":1,"skipped":0,"pct":100},"statements":{"total":4,"covered":4,"skipped":0,"pct":100},"branches":{"total":0,"covered":0,"skipped":0,"pct":100}}
,"C:\\Users\\user\\Documents\\projects\\order_friends\\src\\common\\decorators\\require-permissions.decorator.ts": {"lines":{"total":4,"covered":4,"skipped":0,"pct":100},"functions":{"total":1,"covered":1,"skipped":0,"pct":100},"statements":{"total":5,"covered":5,"skipped":0,"pct":100},"branches":{"total":0,"covered":0,"skipped":0,"pct":100}}
,"C:\\Users\\user\\Documents\\projects\\order_friends\\src\\common\\decorators\\user-rate-limit.decorator.ts": {"lines":{"total":4,"covered":4,"skipped":0,"pct":100},"functions":{"total":1,"covered":1,"skipped":0,"pct":100},"statements":{"total":5,"covered":5,"skipped":0,"pct":100},"branches":{"total":0,"covered":0,"skipped":0,"pct":100}}
,"C:\\Users\\user\\Documents\\projects\\order_friends\\src\\common\\dto\\pagination.dto.ts": {"lines":{"total":15,"covered":15,"skipped":0,"pct":100},"functions":{"total":3,"covered":3,"skipped":0,"pct":100},"statements":{"total":17,"covered":17,"skipped":0,"pct":100},"branches":{"total":0,"covered":0,"skipped":0,"pct":100}}
,"C:\\Users\\user\\Documents\\projects\\order_friends\\src\\common\\dto\\search.dto.ts": {"lines":{"total":28,"covered":28,"skipped":0,"pct":100},"functions":{"total":6,"covered":6,"skipped":0,"pct":100},"statements":{"total":30,"covered":30,"skipped":0,"pct":100},"branches":{"total":0,"covered":0,"skipped":0,"pct":100}}
,"C:\\Users\\user\\Documents\\projects\\order_friends\\src\\common\\exceptions\\business.exception.ts": {"lines":{"total":11,"covered":11,"skipped":0,"pct":100},"functions":{"total":5,"covered":5,"skipped":0,"pct":100},"statements":{"total":11,"covered":11,"skipped":0,"pct":100},"branches":{"total":1,"covered":0,"skipped":0,"pct":0}}
,"C:\\Users\\user\\Documents\\projects\\order_friends\\src\\common\\exceptions\\order.exception.ts": {"lines":{"total":8,"covered":8,"skipped":0,"pct":100},"functions":{"total":3,"covered":3,"skipped":0,"pct":100},"statements":{"total":8,"covered":8,"skipped":0,"pct":100},"branches":{"total":2,"covered":1,"skipped":0,"pct":50}}
,"C:\\Users\\user\\Documents\\projects\\order_friends\\src\\common\\exceptions\\payment.exception.ts": {"lines":{"total":18,"covered":18,"skipped":0,"pct":100},"functions":{"total":8,"covered":8,"skipped":0,"pct":100},"statements":{"total":18,"covered":18,"skipped":0,"pct":100},"branches":{"total":0,"covered":0,"skipped":0,"pct":100}}
,"C:\\Users\\user\\Documents\\projects\\order_friends\\src\\common\\exceptions\\product.exception.ts": {"lines":{"total":8,"covered":8,"skipped":0,"pct":100},"functions":{"total":3,"covered":3,"skipped":0,"pct":100},"statements":{"total":8,"covered":8,"skipped":0,"pct":100},"branches":{"total":0,"covered":0,"skipped":0,"pct":100}}
,"C:\\Users\\user\\Documents\\projects\\order_friends\\src\\common\\filters\\global-exception.filter.ts": {"lines":{"total":30,"covered":30,"skipped":0,"pct":100},"functions":{"total":1,"covered":1,"skipped":0,"pct":100},"statements":{"total":32,"covered":32,"skipped":0,"pct":100},"branches":{"total":18,"covered":16,"skipped":0,"pct":88.88}}
,"C:\\Users\\user\\Documents\\projects\\order_friends\\src\\common\\guards\\admin.guard.ts": {"lines":{"total":5,"covered":5,"skipped":0,"pct":100},"functions":{"total":1,"covered":1,"skipped":0,"pct":100},"statements":{"total":8,"covered":8,"skipped":0,"pct":100},"branches":{"total":2,"covered":2,"skipped":0,"pct":100}}
,"C:\\Users\\user\\Documents\\projects\\order_friends\\src\\common\\guards\\auth.guard.ts": {"lines":{"total":57,"covered":57,"skipped":0,"pct":100},"functions":{"total":13,"covered":13,"skipped":0,"pct":100},"statements":{"total":65,"covered":65,"skipped":0,"pct":100},"branches":{"total":57,"covered":52,"skipped":0,"pct":91.22}}
,"C:\\Users\\user\\Documents\\projects\\order_friends\\src\\common\\guards\\customer.guard.ts": {"lines":{"total":41,"covered":39,"skipped":0,"pct":95.12},"functions":{"total":3,"covered":2,"skipped":0,"pct":66.66},"statements":{"total":43,"covered":41,"skipped":0,"pct":95.34},"branches":{"total":36,"covered":31,"skipped":0,"pct":86.11}}
,"C:\\Users\\user\\Documents\\projects\\order_friends\\src\\common\\guards\\membership.guard.ts": {"lines":{"total":76,"covered":73,"skipped":0,"pct":96.05},"functions":{"total":7,"covered":7,"skipped":0,"pct":100},"statements":{"total":86,"covered":83,"skipped":0,"pct":96.51},"branches":{"total":71,"covered":61,"skipped":0,"pct":85.91}}
,"C:\\Users\\user\\Documents\\projects\\order_friends\\src\\common\\guards\\policy.guard.ts": {"lines":{"total":18,"covered":18,"skipped":0,"pct":100},"functions":{"total":3,"covered":3,"skipped":0,"pct":100},"statements":{"total":23,"covered":23,"skipped":0,"pct":100},"branches":{"total":16,"covered":14,"skipped":0,"pct":87.5}}
,"C:\\Users\\user\\Documents\\projects\\order_friends\\src\\common\\guards\\user-rate-limit.guard.ts": {"lines":{"total":31,"covered":31,"skipped":0,"pct":100},"functions":{"total":2,"covered":2,"skipped":0,"pct":100},"statements":{"total":33,"covered":33,"skipped":0,"pct":100},"branches":{"total":22,"covered":22,"skipped":0,"pct":100}}
,"C:\\Users\\user\\Documents\\projects\\order_friends\\src\\common\\interceptors\\logging.interceptor.ts": {"lines":{"total":14,"covered":14,"skipped":0,"pct":100},"functions":{"total":3,"covered":3,"skipped":0,"pct":100},"statements":{"total":16,"covered":16,"skipped":0,"pct":100},"branches":{"total":2,"covered":2,"skipped":0,"pct":100}}
,"C:\\Users\\user\\Documents\\projects\\order_friends\\src\\common\\services\\cache.service.ts": {"lines":{"total":80,"covered":74,"skipped":0,"pct":92.5},"functions":{"total":25,"covered":19,"skipped":0,"pct":76},"statements":{"total":82,"covered":76,"skipped":0,"pct":92.68},"branches":{"total":18,"covered":17,"skipped":0,"pct":94.44}}
,"C:\\Users\\user\\Documents\\projects\\order_friends\\src\\common\\utils\\pagination.util.ts": {"lines":{"total":9,"covered":9,"skipped":0,"pct":100},"functions":{"total":3,"covered":3,"skipped":0,"pct":100},"statements":{"total":9,"covered":9,"skipped":0,"pct":100},"branches":{"total":2,"covered":2,"skipped":0,"pct":100}}
,"C:\\Users\\user\\Documents\\projects\\order_friends\\src\\common\\utils\\query-builder.util.ts": {"lines":{"total":48,"covered":48,"skipped":0,"pct":100},"functions":{"total":3,"covered":3,"skipped":0,"pct":100},"statements":{"total":48,"covered":48,"skipped":0,"pct":100},"branches":{"total":40,"covered":40,"skipped":0,"pct":100}}
,"C:\\Users\\user\\Documents\\projects\\order_friends\\src\\infra\\supabase\\supabase.module.ts": {"lines":{"total":3,"covered":3,"skipped":0,"pct":100},"functions":{"total":0,"covered":0,"skipped":0,"pct":100},"statements":{"total":5,"covered":5,"skipped":0,"pct":100},"branches":{"total":0,"covered":0,"skipped":0,"pct":100}}
,"C:\\Users\\user\\Documents\\projects\\order_friends\\src\\infra\\supabase\\supabase.service.ts": {"lines":{"total":33,"covered":32,"skipped":0,"pct":96.96},"functions":{"total":4,"covered":4,"skipped":0,"pct":100},"statements":{"total":35,"covered":34,"skipped":0,"pct":97.14},"branches":{"total":24,"covered":21,"skipped":0,"pct":87.5}}
,"C:\\Users\\user\\Documents\\projects\\order_friends\\src\\modules\\analytics\\analytics.controller.ts": {"lines":{"total":32,"covered":32,"skipped":0,"pct":100},"functions":{"total":5,"covered":5,"skipped":0,"pct":100},"statements":{"total":34,"covered":34,"skipped":0,"pct":100},"branches":{"total":36,"covered":31,"skipped":0,"pct":86.11}}
,"C:\\Users\\user\\Documents\\projects\\order_friends\\src\\modules\\analytics\\analytics.module.ts": {"lines":{"total":5,"covered":5,"skipped":0,"pct":100},"functions":{"total":0,"covered":0,"skipped":0,"pct":100},"statements":{"total":7,"covered":7,"skipped":0,"pct":100},"branches":{"total":0,"covered":0,"skipped":0,"pct":100}}
,"C:\\Users\\user\\Documents\\projects\\order_friends\\src\\modules\\analytics\\analytics.service.ts": {"lines":{"total":159,"covered":156,"skipped":0,"pct":98.11},"functions":{"total":32,"covered":31,"skipped":0,"pct":96.87},"statements":{"total":168,"covered":165,"skipped":0,"pct":98.21},"branches":{"total":93,"covered":67,"skipped":0,"pct":72.04}}
,"C:\\Users\\user\\Documents\\projects\\order_friends\\src\\modules\\analytics\\dto\\analytics.dto.ts": {"lines":{"total":56,"covered":56,"skipped":0,"pct":100},"functions":{"total":0,"covered":0,"skipped":0,"pct":100},"statements":{"total":56,"covered":56,"skipped":0,"pct":100},"branches":{"total":0,"covered":0,"skipped":0,"pct":100}}
,"C:\\Users\\user\\Documents\\projects\\order_friends\\src\\modules\\auth\\auth.module.ts": {"lines":{"total":4,"covered":4,"skipped":0,"pct":100},"functions":{"total":0,"covered":0,"skipped":0,"pct":100},"statements":{"total":6,"covered":6,"skipped":0,"pct":100},"branches":{"total":0,"covered":0,"skipped":0,"pct":100}}
,"C:\\Users\\user\\Documents\\projects\\order_friends\\src\\modules\\auth\\me.controller.ts": {"lines":{"total":28,"covered":28,"skipped":0,"pct":100},"functions":{"total":3,"covered":3,"skipped":0,"pct":100},"statements":{"total":31,"covered":31,"skipped":0,"pct":100},"branches":{"total":28,"covered":24,"skipped":0,"pct":85.71}}
,"C:\\Users\\user\\Documents\\projects\\order_friends\\src\\modules\\auth\\authorization\\permissions.ts": {"lines":{"total":12,"covered":12,"skipped":0,"pct":100},"functions":{"total":1,"covered":1,"skipped":0,"pct":100},"statements":{"total":12,"covered":12,"skipped":0,"pct":100},"branches":{"total":2,"covered":2,"skipped":0,"pct":100}}
,"C:\\Users\\user\\Documents\\projects\\order_friends\\src\\modules\\auth\\authorization\\policy.ts": {"lines":{"total":3,"covered":3,"skipped":0,"pct":100},"functions":{"total":0,"covered":0,"skipped":0,"pct":100},"statements":{"total":3,"covered":3,"skipped":0,"pct":100},"branches":{"total":0,"covered":0,"skipped":0,"pct":100}}
,"C:\\Users\\user\\Documents\\projects\\order_friends\\src\\modules\\auth\\authorization\\roles.enum.ts": {"lines":{"total":3,"covered":3,"skipped":0,"pct":100},"functions":{"total":1,"covered":1,"skipped":0,"pct":100},"statements":{"total":3,"covered":3,"skipped":0,"pct":100},"branches":{"total":2,"covered":2,"skipped":0,"pct":100}}
,"C:\\Users\\user\\Documents\\projects\\order_friends\\src\\modules\\branches\\branches.controller.ts": {"lines":{"total":27,"covered":27,"skipped":0,"pct":100},"functions":{"total":6,"covered":6,"skipped":0,"pct":100},"statements":{"total":34,"covered":33,"skipped":0,"pct":97.05},"branches":{"total":31,"covered":27,"skipped":0,"pct":87.09}}
,"C:\\Users\\user\\Documents\\projects\\order_friends\\src\\modules\\branches\\branches.module.ts": {"lines":{"total":5,"covered":5,"skipped":0,"pct":100},"functions":{"total":0,"covered":0,"skipped":0,"pct":100},"statements":{"total":7,"covered":7,"skipped":0,"pct":100},"branches":{"total":0,"covered":0,"skipped":0,"pct":100}}
,"C:\\Users\\user\\Documents\\projects\\order_friends\\src\\modules\\branches\\branches.service.ts": {"lines":{"total":65,"covered":64,"skipped":0,"pct":98.46},"functions":{"total":10,"covered":10,"skipped":0,"pct":100},"statements":{"total":76,"covered":69,"skipped":0,"pct":90.78},"branches":{"total":94,"covered":74,"skipped":0,"pct":78.72}}
,"C:\\Users\\user\\Documents\\projects\\order_friends\\src\\modules\\branches\\dto\\branch.request.ts": {"lines":{"total":14,"covered":14,"skipped":0,"pct":100},"functions":{"total":0,"covered":0,"skipped":0,"pct":100},"statements":{"total":14,"covered":14,"skipped":0,"pct":100},"branches":{"total":0,"covered":0,"skipped":0,"pct":100}}
,"C:\\Users\\user\\Documents\\projects\\order_friends\\src\\modules\\branches\\dto\\branch.response.ts": {"lines":{"total":2,"covered":2,"skipped":0,"pct":100},"functions":{"total":0,"covered":0,"skipped":0,"pct":100},"statements":{"total":2,"covered":2,"skipped":0,"pct":100},"branches":{"total":0,"covered":0,"skipped":0,"pct":100}}
,"C:\\Users\\user\\Documents\\projects\\order_friends\\src\\modules\\brands\\brands.controller.ts": {"lines":{"total":22,"covered":22,"skipped":0,"pct":100},"functions":{"total":6,"covered":6,"skipped":0,"pct":100},"statements":{"total":29,"covered":29,"skipped":0,"pct":100},"branches":{"total":22,"covered":19,"skipped":0,"pct":86.36}}
,"C:\\Users\\user\\Documents\\projects\\order_friends\\src\\modules\\brands\\brands.module.ts": {"lines":{"total":5,"covered":5,"skipped":0,"pct":100},"functions":{"total":0,"covered":0,"skipped":0,"pct":100},"statements":{"total":7,"covered":7,"skipped":0,"pct":100},"branches":{"total":0,"covered":0,"skipped":0,"pct":100}}
,"C:\\Users\\user\\Documents\\projects\\order_friends\\src\\modules\\brands\\brands.service.ts": {"lines":{"total":84,"covered":83,"skipped":0,"pct":98.8},"functions":{"total":10,"covered":10,"skipped":0,"pct":100},"statements":{"total":94,"covered":87,"skipped":0,"pct":92.55},"branches":{"total":158,"covered":136,"skipped":0,"pct":86.07}}
,"C:\\Users\\user\\Documents\\projects\\order_friends\\src\\modules\\brands\\dto\\brand.dto.ts": {"lines":{"total":19,"covered":19,"skipped":0,"pct":100},"functions":{"total":0,"covered":0,"skipped":0,"pct":100},"statements":{"total":19,"covered":19,"skipped":0,"pct":100},"branches":{"total":0,"covered":0,"skipped":0,"pct":100}}
,"C:\\Users\\user\\Documents\\projects\\order_friends\\src\\modules\\customer-branches\\customer-branches.controller.ts": {"lines":{"total":31,"covered":31,"skipped":0,"pct":100},"functions":{"total":6,"covered":6,"skipped":0,"pct":100},"statements":{"total":38,"covered":37,"skipped":0,"pct":97.36},"branches":{"total":44,"covered":30,"skipped":0,"pct":68.18}}
,"C:\\Users\\user\\Documents\\projects\\order_friends\\src\\modules\\customer-branches\\customer-branches.module.ts": {"lines":{"total":5,"covered":5,"skipped":0,"pct":100},"functions":{"total":0,"covered":0,"skipped":0,"pct":100},"statements":{"total":7,"covered":7,"skipped":0,"pct":100},"branches":{"total":0,"covered":0,"skipped":0,"pct":100}}
,"C:\\Users\\user\\Documents\\projects\\order_friends\\src\\modules\\customer-branches\\customer-branches.service.ts": {"lines":{"total":113,"covered":111,"skipped":0,"pct":98.23},"functions":{"total":20,"covered":20,"skipped":0,"pct":100},"statements":{"total":127,"covered":120,"skipped":0,"pct":94.48},"branches":{"total":101,"covered":88,"skipped":0,"pct":87.12}}
,"C:\\Users\\user\\Documents\\projects\\order_friends\\src\\modules\\customer-brands\\customer-brands.controller.ts": {"lines":{"total":16,"covered":16,"skipped":0,"pct":100},"functions":{"total":4,"covered":4,"skipped":0,"pct":100},"statements":{"total":21,"covered":21,"skipped":0,"pct":100},"branches":{"total":16,"covered":12,"skipped":0,"pct":75}}
,"C:\\Users\\user\\Documents\\projects\\order_friends\\src\\modules\\customer-brands\\customer-brands.module.ts": {"lines":{"total":5,"covered":5,"skipped":0,"pct":100},"functions":{"total":0,"covered":0,"skipped":0,"pct":100},"statements":{"total":7,"covered":7,"skipped":0,"pct":100},"branches":{"total":0,"covered":0,"skipped":0,"pct":100}}
,"C:\\Users\\user\\Documents\\projects\\order_friends\\src\\modules\\customer-brands\\customer-brands.service.ts": {"lines":{"total":52,"covered":52,"skipped":0,"pct":100},"functions":{"total":9,"covered":9,"skipped":0,"pct":100},"statements":{"total":64,"covered":60,"skipped":0,"pct":93.75},"branches":{"total":38,"covered":31,"skipped":0,"pct":81.57}}
,"C:\\Users\\user\\Documents\\projects\\order_friends\\src\\modules\\customer-dashboard\\customer-dashboard.controller.ts": {"lines":{"total":11,"covered":11,"skipped":0,"pct":100},"functions":{"total":2,"covered":2,"skipped":0,"pct":100},"statements":{"total":15,"covered":15,"skipped":0,"pct":100},"branches":{"total":12,"covered":9,"skipped":0,"pct":75}}
,"C:\\Users\\user\\Documents\\projects\\order_friends\\src\\modules\\customer-dashboard\\customer-dashboard.module.ts": {"lines":{"total":5,"covered":5,"skipped":0,"pct":100},"functions":{"total":0,"covered":0,"skipped":0,"pct":100},"statements":{"total":7,"covered":7,"skipped":0,"pct":100},"branches":{"total":0,"covered":0,"skipped":0,"pct":100}}
,"C:\\Users\\user\\Documents\\projects\\order_friends\\src\\modules\\customer-dashboard\\customer-dashboard.service.ts": {"lines":{"total":26,"covered":26,"skipped":0,"pct":100},"functions":{"total":5,"covered":5,"skipped":0,"pct":100},"statements":{"total":31,"covered":31,"skipped":0,"pct":100},"branches":{"total":20,"covered":12,"skipped":0,"pct":60}}
,"C:\\Users\\user\\Documents\\projects\\order_friends\\src\\modules\\customer-orders\\customer-orders.controller.ts": {"lines":{"total":23,"covered":23,"skipped":0,"pct":100},"functions":{"total":4,"covered":4,"skipped":0,"pct":100},"statements":{"total":28,"covered":28,"skipped":0,"pct":100},"branches":{"total":36,"covered":25,"skipped":0,"pct":69.44}}
,"C:\\Users\\user\\Documents\\projects\\order_friends\\src\\modules\\customer-orders\\customer-orders.module.ts": {"lines":{"total":5,"covered":5,"skipped":0,"pct":100},"functions":{"total":0,"covered":0,"skipped":0,"pct":100},"statements":{"total":7,"covered":7,"skipped":0,"pct":100},"branches":{"total":0,"covered":0,"skipped":0,"pct":100}}
,"C:\\Users\\user\\Documents\\projects\\order_friends\\src\\modules\\customer-orders\\customer-orders.service.ts": {"lines":{"total":110,"covered":107,"skipped":0,"pct":97.27},"functions":{"total":19,"covered":18,"skipped":0,"pct":94.73},"statements":{"total":118,"covered":113,"skipped":0,"pct":95.76},"branches":{"total":123,"covered":92,"skipped":0,"pct":74.79}}
,"C:\\Users\\user\\Documents\\projects\\order_friends\\src\\modules\\customer-products\\customer-products.controller.ts": {"lines":{"total":64,"covered":64,"skipped":0,"pct":100},"functions":{"total":12,"covered":12,"skipped":0,"pct":100},"statements":{"total":77,"covered":77,"skipped":0,"pct":100},"branches":{"total":102,"covered":73,"skipped":0,"pct":71.56}}
,"C:\\Users\\user\\Documents\\projects\\order_friends\\src\\modules\\customer-products\\customer-products.module.ts": {"lines":{"total":5,"covered":5,"skipped":0,"pct":100},"functions":{"total":0,"covered":0,"skipped":0,"pct":100},"statements":{"total":7,"covered":7,"skipped":0,"pct":100},"branches":{"total":0,"covered":0,"skipped":0,"pct":100}}
,"C:\\Users\\user\\Documents\\projects\\order_friends\\src\\modules\\customer-products\\customer-products.service.ts": {"lines":{"total":184,"covered":172,"skipped":0,"pct":93.47},"functions":{"total":21,"covered":21,"skipped":0,"pct":100},"statements":{"total":197,"covered":178,"skipped":0,"pct":90.35},"branches":{"total":162,"covered":109,"skipped":0,"pct":67.28}}
,"C:\\Users\\user\\Documents\\projects\\order_friends\\src\\modules\\dashboard\\dashboard.controller.ts": {"lines":{"total":11,"covered":11,"skipped":0,"pct":100},"functions":{"total":2,"covered":2,"skipped":0,"pct":100},"statements":{"total":14,"covered":14,"skipped":0,"pct":100},"branches":{"total":8,"covered":7,"skipped":0,"pct":87.5}}
,"C:\\Users\\user\\Documents\\projects\\order_friends\\src\\modules\\dashboard\\dashboard.module.ts": {"lines":{"total":5,"covered":5,"skipped":0,"pct":100},"functions":{"total":0,"covered":0,"skipped":0,"pct":100},"statements":{"total":7,"covered":7,"skipped":0,"pct":100},"branches":{"total":0,"covered":0,"skipped":0,"pct":100}}
,"C:\\Users\\user\\Documents\\projects\\order_friends\\src\\modules\\dashboard\\dashboard.service.ts": {"lines":{"total":19,"covered":19,"skipped":0,"pct":100},"functions":{"total":5,"covered":5,"skipped":0,"pct":100},"statements":{"total":22,"covered":22,"skipped":0,"pct":100},"branches":{"total":30,"covered":18,"skipped":0,"pct":60}}
,"C:\\Users\\user\\Documents\\projects\\order_friends\\src\\modules\\health\\health.controller.ts": {"lines":{"total":9,"covered":9,"skipped":0,"pct":100},"functions":{"total":3,"covered":3,"skipped":0,"pct":100},"statements":{"total":12,"covered":12,"skipped":0,"pct":100},"branches":{"total":8,"covered":6,"skipped":0,"pct":75}}
,"C:\\Users\\user\\Documents\\projects\\order_friends\\src\\modules\\health\\health.module.ts": {"lines":{"total":6,"covered":6,"skipped":0,"pct":100},"functions":{"total":0,"covered":0,"skipped":0,"pct":100},"statements":{"total":8,"covered":8,"skipped":0,"pct":100},"branches":{"total":0,"covered":0,"skipped":0,"pct":100}}
,"C:\\Users\\user\\Documents\\projects\\order_friends\\src\\modules\\health\\supabase.health.ts": {"lines":{"total":13,"covered":13,"skipped":0,"pct":100},"functions":{"total":2,"covered":2,"skipped":0,"pct":100},"statements":{"total":15,"covered":15,"skipped":0,"pct":100},"branches":{"total":6,"covered":5,"skipped":0,"pct":83.33}}
,"C:\\Users\\user\\Documents\\projects\\order_friends\\src\\modules\\inventory\\inventory.controller.ts": {"lines":{"total":37,"covered":37,"skipped":0,"pct":100},"functions":{"total":7,"covered":7,"skipped":0,"pct":100},"statements":{"total":45,"covered":43,"skipped":0,"pct":95.55},"branches":{"total":76,"covered":53,"skipped":0,"pct":69.73}}
,"C:\\Users\\user\\Documents\\projects\\order_friends\\src\\modules\\inventory\\inventory.module.ts": {"lines":{"total":5,"covered":5,"skipped":0,"pct":100},"functions":{"total":0,"covered":0,"skipped":0,"pct":100},"statements":{"total":7,"covered":7,"skipped":0,"pct":100},"branches":{"total":0,"covered":0,"skipped":0,"pct":100}}
,"C:\\Users\\user\\Documents\\projects\\order_friends\\src\\modules\\inventory\\inventory.service.ts": {"lines":{"total":133,"covered":128,"skipped":0,"pct":96.24},"functions":{"total":18,"covered":18,"skipped":0,"pct":100},"statements":{"total":135,"covered":130,"skipped":0,"pct":96.29},"branches":{"total":96,"covered":77,"skipped":0,"pct":80.2}}
,"C:\\Users\\user\\Documents\\projects\\order_friends\\src\\modules\\inventory\\dto\\inventory.dto.ts": {"lines":{"total":55,"covered":55,"skipped":0,"pct":100},"functions":{"total":1,"covered":1,"skipped":0,"pct":100},"statements":{"total":55,"covered":55,"skipped":0,"pct":100},"branches":{"total":2,"covered":2,"skipped":0,"pct":100}}
,"C:\\Users\\user\\Documents\\projects\\order_friends\\src\\modules\\members\\members.controller.ts": {"lines":{"total":31,"covered":31,"skipped":0,"pct":100},"functions":{"total":9,"covered":9,"skipped":0,"pct":100},"statements":{"total":41,"covered":41,"skipped":0,"pct":100},"branches":{"total":32,"covered":28,"skipped":0,"pct":87.5}}
,"C:\\Users\\user\\Documents\\projects\\order_friends\\src\\modules\\members\\members.module.ts": {"lines":{"total":5,"covered":5,"skipped":0,"pct":100},"functions":{"total":0,"covered":0,"skipped":0,"pct":100},"statements":{"total":7,"covered":7,"skipped":0,"pct":100},"branches":{"total":0,"covered":0,"skipped":0,"pct":100}}
,"C:\\Users\\user\\Documents\\projects\\order_friends\\src\\modules\\members\\members.service.ts": {"lines":{"total":70,"covered":70,"skipped":0,"pct":100},"functions":{"total":14,"covered":14,"skipped":0,"pct":100},"statements":{"total":79,"covered":77,"skipped":0,"pct":97.46},"branches":{"total":69,"covered":53,"skipped":0,"pct":76.81}}
,"C:\\Users\\user\\Documents\\projects\\order_friends\\src\\modules\\members\\dto\\member.dto.ts": {"lines":{"total":32,"covered":32,"skipped":0,"pct":100},"functions":{"total":3,"covered":3,"skipped":0,"pct":100},"statements":{"total":34,"covered":32,"skipped":0,"pct":94.11},"branches":{"total":6,"covered":6,"skipped":0,"pct":100}}
,"C:\\Users\\user\\Documents\\projects\\order_friends\\src\\modules\\notifications\\index.ts": {"lines":{"total":3,"covered":3,"skipped":0,"pct":100},"functions":{"total":0,"covered":0,"skipped":0,"pct":100},"statements":{"total":3,"covered":3,"skipped":0,"pct":100},"branches":{"total":0,"covered":0,"skipped":0,"pct":100}}
,"C:\\Users\\user\\Documents\\projects\\order_friends\\src\\modules\\notifications\\notifications.module.ts": {"lines":{"total":4,"covered":4,"skipped":0,"pct":100},"functions":{"total":0,"covered":0,"skipped":0,"pct":100},"statements":{"total":6,"covered":6,"skipped":0,"pct":100},"branches":{"total":0,"covered":0,"skipped":0,"pct":100}}
,"C:\\Users\\user\\Documents\\projects\\order_friends\\src\\modules\\notifications\\notifications.service.ts": {"lines":{"total":105,"covered":105,"skipped":0,"pct":100},"functions":{"total":22,"covered":22,"skipped":0,"pct":100},"statements":{"total":107,"covered":107,"skipped":0,"pct":100},"branches":{"total":54,"covered":49,"skipped":0,"pct":90.74}}
,"C:\\Users\\user\\Documents\\projects\\order_friends\\src\\modules\\notifications\\dto\\notification.dto.ts": {"lines":{"total":9,"covered":9,"skipped":0,"pct":100},"functions":{"total":2,"covered":2,"skipped":0,"pct":100},"statements":{"total":9,"covered":9,"skipped":0,"pct":100},"branches":{"total":4,"covered":4,"skipped":0,"pct":100}}
,"C:\\Users\\user\\Documents\\projects\\order_friends\\src\\modules\\orders\\order-status.enum.ts": {"lines":{"total":8,"covered":8,"skipped":0,"pct":100},"functions":{"total":1,"covered":1,"skipped":0,"pct":100},"statements":{"total":8,"covered":8,"skipped":0,"pct":100},"branches":{"total":2,"covered":2,"skipped":0,"pct":100}}
,"C:\\Users\\user\\Documents\\projects\\order_friends\\src\\modules\\orders\\orders.controller.ts": {"lines":{"total":22,"covered":22,"skipped":0,"pct":100},"functions":{"total":4,"covered":4,"skipped":0,"pct":100},"statements":{"total":27,"covered":25,"skipped":0,"pct":92.59},"branches":{"total":22,"covered":17,"skipped":0,"pct":77.27}}
,"C:\\Users\\user\\Documents\\projects\\order_friends\\src\\modules\\orders\\orders.module.ts": {"lines":{"total":4,"covered":4,"skipped":0,"pct":100},"functions":{"total":0,"covered":0,"skipped":0,"pct":100},"statements":{"total":6,"covered":6,"skipped":0,"pct":100},"branches":{"total":0,"covered":0,"skipped":0,"pct":100}}
,"C:\\Users\\user\\Documents\\projects\\order_friends\\src\\modules\\orders\\orders.service.ts": {"lines":{"total":81,"covered":80,"skipped":0,"pct":98.76},"functions":{"total":11,"covered":10,"skipped":0,"pct":90.9},"statements":{"total":90,"covered":88,"skipped":0,"pct":97.77},"branches":{"total":93,"covered":66,"skipped":0,"pct":70.96}}
,"C:\\Users\\user\\Documents\\projects\\order_friends\\src\\modules\\orders\\dto\\get-orders-query.dto.ts": {"lines":{"total":5,"covered":5,"skipped":0,"pct":100},"functions":{"total":0,"covered":0,"skipped":0,"pct":100},"statements":{"total":5,"covered":5,"skipped":0,"pct":100},"branches":{"total":0,"covered":0,"skipped":0,"pct":100}}
,"C:\\Users\\user\\Documents\\projects\\order_friends\\src\\modules\\orders\\dto\\order-detail.response.ts": {"lines":{"total":2,"covered":2,"skipped":0,"pct":100},"functions":{"total":0,"covered":0,"skipped":0,"pct":100},"statements":{"total":2,"covered":2,"skipped":0,"pct":100},"branches":{"total":0,"covered":0,"skipped":0,"pct":100}}
,"C:\\Users\\user\\Documents\\projects\\order_friends\\src\\modules\\orders\\dto\\order-list.response.ts": {"lines":{"total":1,"covered":1,"skipped":0,"pct":100},"functions":{"total":0,"covered":0,"skipped":0,"pct":100},"statements":{"total":1,"covered":1,"skipped":0,"pct":100},"branches":{"total":0,"covered":0,"skipped":0,"pct":100}}
,"C:\\Users\\user\\Documents\\projects\\order_friends\\src\\modules\\orders\\dto\\update-order-status.request.ts": {"lines":{"total":4,"covered":4,"skipped":0,"pct":100},"functions":{"total":0,"covered":0,"skipped":0,"pct":100},"statements":{"total":4,"covered":4,"skipped":0,"pct":100},"branches":{"total":4,"covered":3,"skipped":0,"pct":75}}
,"C:\\Users\\user\\Documents\\projects\\order_friends\\src\\modules\\payments\\index.ts": {"lines":{"total":4,"covered":4,"skipped":0,"pct":100},"functions":{"total":0,"covered":0,"skipped":0,"pct":100},"statements":{"total":4,"covered":4,"skipped":0,"pct":100},"branches":{"total":0,"covered":0,"skipped":0,"pct":100}}
,"C:\\Users\\user\\Documents\\projects\\order_friends\\src\\modules\\payments\\payments.controller.ts": {"lines":{"total":27,"covered":27,"skipped":0,"pct":100},"functions":{"total":9,"covered":9,"skipped":0,"pct":100},"statements":{"total":31,"covered":31,"skipped":0,"pct":100},"branches":{"total":60,"covered":44,"skipped":0,"pct":73.33}}
,"C:\\Users\\user\\Documents\\projects\\order_friends\\src\\modules\\payments\\payments.module.ts": {"lines":{"total":5,"covered":5,"skipped":0,"pct":100},"functions":{"total":0,"covered":0,"skipped":0,"pct":100},"statements":{"total":7,"covered":7,"skipped":0,"pct":100},"branches":{"total":0,"covered":0,"skipped":0,"pct":100}}
,"C:\\Users\\user\\Documents\\projects\\order_friends\\src\\modules\\payments\\payments.service.ts": {"lines":{"total":247,"covered":233,"skipped":0,"pct":94.33},"functions":{"total":19,"covered":18,"skipped":0,"pct":94.73},"statements":{"total":258,"covered":241,"skipped":0,"pct":93.41},"branches":{"total":228,"covered":179,"skipped":0,"pct":78.5}}
,"C:\\Users\\user\\Documents\\projects\\order_friends\\src\\modules\\payments\\dto\\payment.dto.ts": {"lines":{"total":91,"covered":91,"skipped":0,"pct":100},"functions":{"total":3,"covered":3,"skipped":0,"pct":100},"statements":{"total":91,"covered":91,"skipped":0,"pct":100},"branches":{"total":6,"covered":6,"skipped":0,"pct":100}}
,"C:\\Users\\user\\Documents\\projects\\order_friends\\src\\modules\\products\\products.controller.ts": {"lines":{"total":31,"covered":31,"skipped":0,"pct":100},"functions":{"total":8,"covered":8,"skipped":0,"pct":100},"statements":{"total":40,"covered":40,"skipped":0,"pct":100},"branches":{"total":30,"covered":26,"skipped":0,"pct":86.66}}
,"C:\\Users\\user\\Documents\\projects\\order_friends\\src\\modules\\products\\products.module.ts": {"lines":{"total":5,"covered":5,"skipped":0,"pct":100},"functions":{"total":0,"covered":0,"skipped":0,"pct":100},"statements":{"total":7,"covered":7,"skipped":0,"pct":100},"branches":{"total":0,"covered":0,"skipped":0,"pct":100}}
,"C:\\Users\\user\\Documents\\projects\\order_friends\\src\\modules\\products\\products.service.ts": {"lines":{"total":91,"covered":91,"skipped":0,"pct":100},"functions":{"total":14,"covered":14,"skipped":0,"pct":100},"statements":{"total":104,"covered":99,"skipped":0,"pct":95.19},"branches":{"total":104,"covered":80,"skipped":0,"pct":76.92}}
,"C:\\Users\\user\\Documents\\projects\\order_friends\\src\\modules\\products\\dto\\category-crud.request.ts": {"lines":{"total":18,"covered":18,"skipped":0,"pct":100},"functions":{"total":1,"covered":1,"skipped":0,"pct":100},"statements":{"total":18,"covered":18,"skipped":0,"pct":100},"branches":{"total":0,"covered":0,"skipped":0,"pct":100}}
,"C:\\Users\\user\\Documents\\projects\\order_friends\\src\\modules\\products\\dto\\create-product.request.ts": {"lines":{"total":18,"covered":18,"skipped":0,"pct":100},"functions":{"total":1,"covered":1,"skipped":0,"pct":100},"statements":{"total":23,"covered":23,"skipped":0,"pct":100},"branches":{"total":0,"covered":0,"skipped":0,"pct":100}}
,"C:\\Users\\user\\Documents\\projects\\order_friends\\src\\modules\\products\\dto\\product-category.response.ts": {"lines":{"total":1,"covered":1,"skipped":0,"pct":100},"functions":{"total":0,"covered":0,"skipped":0,"pct":100},"statements":{"total":1,"covered":1,"skipped":0,"pct":100},"branches":{"total":0,"covered":0,"skipped":0,"pct":100}}
,"C:\\Users\\user\\Documents\\projects\\order_friends\\src\\modules\\products\\dto\\product-detail.response.ts": {"lines":{"total":2,"covered":2,"skipped":0,"pct":100},"functions":{"total":0,"covered":0,"skipped":0,"pct":100},"statements":{"total":2,"covered":2,"skipped":0,"pct":100},"branches":{"total":0,"covered":0,"skipped":0,"pct":100}}
,"C:\\Users\\user\\Documents\\projects\\order_friends\\src\\modules\\products\\dto\\product-list.response.ts": {"lines":{"total":1,"covered":1,"skipped":0,"pct":100},"functions":{"total":0,"covered":0,"skipped":0,"pct":100},"statements":{"total":1,"covered":1,"skipped":0,"pct":100},"branches":{"total":0,"covered":0,"skipped":0,"pct":100}}
,"C:\\Users\\user\\Documents\\projects\\order_friends\\src\\modules\\products\\dto\\reorder-products.request.ts": {"lines":{"total":9,"covered":9,"skipped":0,"pct":100},"functions":{"total":1,"covered":1,"skipped":0,"pct":100},"statements":{"total":9,"covered":9,"skipped":0,"pct":100},"branches":{"total":0,"covered":0,"skipped":0,"pct":100}}
,"C:\\Users\\user\\Documents\\projects\\order_friends\\src\\modules\\products\\dto\\update-product.request.ts": {"lines":{"total":9,"covered":9,"skipped":0,"pct":100},"functions":{"total":0,"covered":0,"skipped":0,"pct":100},"statements":{"total":9,"covered":9,"skipped":0,"pct":100},"branches":{"total":0,"covered":0,"skipped":0,"pct":100}}
,"C:\\Users\\user\\Documents\\projects\\order_friends\\src\\modules\\public\\public.controller.ts": {"lines":{"total":14,"covered":14,"skipped":0,"pct":100},"functions":{"total":5,"covered":5,"skipped":0,"pct":100},"statements":{"total":16,"covered":16,"skipped":0,"pct":100},"branches":{"total":8,"covered":6,"skipped":0,"pct":75}}
,"C:\\Users\\user\\Documents\\projects\\order_friends\\src\\modules\\public\\public.module.ts": {"lines":{"total":5,"covered":5,"skipped":0,"pct":100},"functions":{"total":0,"covered":0,"skipped":0,"pct":100},"statements":{"total":7,"covered":7,"skipped":0,"pct":100},"branches":{"total":0,"covered":0,"skipped":0,"pct":100}}
,"C:\\Users\\user\\Documents\\projects\\order_friends\\src\\modules\\public\\public.service.ts": {"lines":{"total":94,"covered":93,"skipped":0,"pct":98.93},"functions":{"total":13,"covered":13,"skipped":0,"pct":100},"statements":{"total":105,"covered":104,"skipped":0,"pct":99.04},"branches":{"total":86,"covered":78,"skipped":0,"pct":90.69}}
,"C:\\Users\\user\\Documents\\projects\\order_friends\\src\\modules\\public-order\\public-order.controller.ts": {"lines":{"total":25,"covered":25,"skipped":0,"pct":100},"functions":{"total":10,"covered":10,"skipped":0,"pct":100},"statements":{"total":27,"covered":27,"skipped":0,"pct":100},"branches":{"total":8,"covered":6,"skipped":0,"pct":75}}
,"C:\\Users\\user\\Documents\\projects\\order_friends\\src\\modules\\public-order\\public-order.module.ts": {"lines":{"total":6,"covered":6,"skipped":0,"pct":100},"functions":{"total":0,"covered":0,"skipped":0,"pct":100},"statements":{"total":8,"covered":8,"skipped":0,"pct":100},"branches":{"total":0,"covered":0,"skipped":0,"pct":100}}
,"C:\\Users\\user\\Documents\\projects\\order_friends\\src\\modules\\public-order\\public-order.service.ts": {"lines":{"total":162,"covered":154,"skipped":0,"pct":95.06},"functions":{"total":20,"covered":20,"skipped":0,"pct":100},"statements":{"total":175,"covered":166,"skipped":0,"pct":94.85},"branches":{"total":168,"covered":139,"skipped":0,"pct":82.73}}
,"C:\\Users\\user\\Documents\\projects\\order_friends\\src\\modules\\public-order\\dto\\public-order.dto.ts": {"lines":{"total":28,"covered":28,"skipped":0,"pct":100},"functions":{"total":3,"covered":3,"skipped":0,"pct":100},"statements":{"total":29,"covered":29,"skipped":0,"pct":100},"branches":{"total":2,"covered":2,"skipped":0,"pct":100}}
,"C:\\Users\\user\\Documents\\projects\\order_friends\\src\\modules\\public\\dto\\public.dto.ts": {"lines":{"total":23,"covered":23,"skipped":0,"pct":100},"functions":{"total":2,"covered":2,"skipped":0,"pct":100},"statements":{"total":23,"covered":23,"skipped":0,"pct":100},"branches":{"total":0,"covered":0,"skipped":0,"pct":100}}
,"C:\\Users\\user\\Documents\\projects\\order_friends\\src\\modules\\upload\\upload.controller.ts": {"lines":{"total":26,"covered":26,"skipped":0,"pct":100},"functions":{"total":5,"covered":5,"skipped":0,"pct":100},"statements":{"total":28,"covered":28,"skipped":0,"pct":100},"branches":{"total":25,"covered":19,"skipped":0,"pct":76}}
,"C:\\Users\\user\\Documents\\projects\\order_friends\\src\\modules\\upload\\upload.module.ts": {"lines":{"total":5,"covered":5,"skipped":0,"pct":100},"functions":{"total":0,"covered":0,"skipped":0,"pct":100},"statements":{"total":7,"covered":7,"skipped":0,"pct":100},"branches":{"total":0,"covered":0,"skipped":0,"pct":100}}
,"C:\\Users\\user\\Documents\\projects\\order_friends\\src\\modules\\upload\\upload.service.ts": {"lines":{"total":49,"covered":49,"skipped":0,"pct":100},"functions":{"total":6,"covered":6,"skipped":0,"pct":100},"statements":{"total":51,"covered":51,"skipped":0,"pct":100},"branches":{"total":16,"covered":14,"skipped":0,"pct":87.5}}
}
