TN:
SF:src\app.controller.ts
FN:6,(anonymous_2)
FN:9,(anonymous_3)
FNF:2
FNH:2
FNDA:1,(anonymous_2)
FNDA:1,(anonymous_3)
DA:1,1
DA:2,1
DA:5,1
DA:6,1
DA:9,1
DA:10,1
LF:6
LH:6
BRDA:6,0,0,1
BRDA:6,0,1,0
BRDA:6,1,0,1
BRDA:6,1,1,1
BRF:4
BRH:3
end_of_record
TN:
SF:src\app.module.ts
FNF:0
FNH:0
DA:1,0
DA:2,0
DA:3,0
DA:4,0
DA:5,0
DA:7,0
DA:8,0
DA:9,0
DA:10,0
DA:11,0
DA:12,0
DA:13,0
DA:14,0
DA:15,0
DA:16,0
DA:17,0
DA:18,0
DA:19,0
DA:20,0
DA:21,0
DA:22,0
DA:23,0
DA:24,0
DA:25,0
DA:26,0
DA:27,0
DA:29,0
DA:30,0
DA:31,0
DA:32,0
DA:33,0
DA:34,0
DA:88,0
LF:33
LH:0
BRF:0
BRH:0
end_of_record
TN:
SF:src\app.service.ts
FN:5,(anonymous_1)
FNF:1
FNH:1
FNDA:1,(anonymous_1)
DA:1,1
DA:4,1
DA:6,1
LF:3
LH:3
BRF:0
BRH:0
end_of_record
TN:
SF:src\main.ts
FN:18,bootstrap
FN:50,(anonymous_11)
FNF:2
FNH:0
FNDA:0,bootstrap
FNDA:0,(anonymous_11)
DA:10,0
DA:11,0
DA:12,0
DA:13,0
DA:14,0
DA:15,0
DA:16,0
DA:20,0
DA:21,0
DA:28,0
DA:31,0
DA:34,0
DA:37,0
DA:49,0
DA:51,0
DA:54,0
DA:58,0
DA:62,0
DA:66,0
DA:69,0
DA:77,0
DA:93,0
DA:94,0
DA:96,0
DA:97,0
DA:100,0
DA:105,0
LF:27
LH:0
BRDA:20,0,0,0
BRDA:20,0,1,0
BRDA:23,1,0,0
BRDA:23,1,1,0
BRDA:51,2,0,0
BRDA:51,2,1,0
BRDA:54,3,0,0
BRDA:54,3,1,0
BRDA:55,4,0,0
BRDA:55,4,1,0
BRDA:62,5,0,0
BRDA:62,5,1,0
BRDA:63,6,0,0
BRDA:63,6,1,0
BRDA:96,7,0,0
BRDA:96,7,1,0
BRDA:98,8,0,0
BRDA:98,8,1,0
BRDA:101,9,0,0
BRDA:101,9,1,0
BRF:20
BRH:0
end_of_record
TN:
SF:src\common\decorators\current-user.decorator.ts
FN:9,(anonymous_0)
FNF:1
FNH:0
FNDA:0,(anonymous_0)
DA:1,0
DA:8,0
DA:10,0
DA:11,0
LF:4
LH:0
BRF:0
BRH:0
end_of_record
TN:
SF:src\common\decorators\require-permissions.decorator.ts
FN:6,(anonymous_0)
FNF:1
FNH:0
FNDA:0,(anonymous_0)
DA:1,0
DA:4,0
DA:6,0
DA:7,0
LF:4
LH:0
BRF:0
BRH:0
end_of_record
TN:
SF:src\common\decorators\user-rate-limit.decorator.ts
FN:23,(anonymous_0)
FNF:1
FNH:0
FNDA:0,(anonymous_0)
DA:1,0
DA:2,0
DA:23,0
DA:24,0
LF:4
LH:0
BRF:0
BRH:0
end_of_record
TN:
SF:src\common\dto\pagination.dto.ts
FN:8,(anonymous_2)
FN:20,(anonymous_3)
FN:47,(anonymous_4)
FNF:3
FNH:0
FNDA:0,(anonymous_2)
FNDA:0,(anonymous_3)
FNDA:0,(anonymous_4)
DA:1,1
DA:2,1
DA:3,1
DA:5,1
DA:8,0
DA:11,1
DA:20,0
DA:24,1
DA:39,1
DA:48,0
DA:49,0
DA:50,0
DA:51,0
DA:52,0
DA:53,0
LF:15
LH:7
BRF:0
BRH:0
end_of_record
TN:
SF:src\common\dto\search.dto.ts
FN:27,(anonymous_2)
FN:34,(anonymous_3)
FN:48,(anonymous_4)
FN:54,(anonymous_5)
FN:91,(anonymous_6)
FN:97,(anonymous_7)
FNF:6
FNH:0
FNDA:0,(anonymous_2)
FNDA:0,(anonymous_3)
FNDA:0,(anonymous_4)
FNDA:0,(anonymous_5)
FNDA:0,(anonymous_6)
FNDA:0,(anonymous_7)
DA:1,0
DA:2,0
DA:3,0
DA:5,0
DA:9,0
DA:14,0
DA:23,0
DA:27,0
DA:30,0
DA:34,0
DA:37,0
DA:40,0
DA:44,0
DA:48,0
DA:50,0
DA:54,0
DA:56,0
DA:60,0
DA:65,0
DA:68,0
DA:72,0
DA:77,0
DA:82,0
DA:87,0
DA:91,0
DA:93,0
DA:97,0
DA:99,0
LF:28
LH:0
BRF:0
BRH:0
end_of_record
TN:
SF:src\common\exceptions\business.exception.ts
FN:7,(anonymous_0)
FN:29,(anonymous_1)
FN:41,(anonymous_2)
FN:55,(anonymous_3)
FN:64,(anonymous_4)
FNF:5
FNH:2
FNDA:7,(anonymous_0)
FNDA:4,(anonymous_1)
FNDA:0,(anonymous_2)
FNDA:0,(anonymous_3)
FNDA:0,(anonymous_4)
DA:1,3
DA:6,3
DA:13,7
DA:28,3
DA:30,4
DA:40,3
DA:42,0
DA:54,3
DA:56,0
DA:63,3
DA:65,0
LF:11
LH:8
BRDA:10,0,0,0
BRF:1
BRH:0
end_of_record
TN:
SF:src\common\exceptions\order.exception.ts
FN:11,(anonymous_0)
FN:20,(anonymous_1)
FN:34,(anonymous_2)
FNF:3
FNH:1
FNDA:2,(anonymous_0)
FNDA:0,(anonymous_1)
FNDA:0,(anonymous_2)
DA:1,1
DA:2,1
DA:10,1
DA:12,2
DA:19,1
DA:21,0
DA:33,1
DA:35,0
LF:8
LH:6
BRDA:36,0,0,0
BRDA:36,0,1,0
BRF:2
BRH:0
end_of_record
TN:
SF:src\common\exceptions\payment.exception.ts
FN:11,(anonymous_0)
FN:20,(anonymous_1)
FN:34,(anonymous_2)
FN:45,(anonymous_3)
FN:59,(anonymous_4)
FN:73,(anonymous_5)
FN:87,(anonymous_6)
FN:101,(anonymous_7)
FNF:8
FNH:0
FNDA:0,(anonymous_0)
FNDA:0,(anonymous_1)
FNDA:0,(anonymous_2)
FNDA:0,(anonymous_3)
FNDA:0,(anonymous_4)
FNDA:0,(anonymous_5)
FNDA:0,(anonymous_6)
FNDA:0,(anonymous_7)
DA:1,0
DA:2,0
DA:10,0
DA:12,0
DA:19,0
DA:21,0
DA:33,0
DA:35,0
DA:44,0
DA:46,0
DA:58,0
DA:60,0
DA:72,0
DA:74,0
DA:86,0
DA:88,0
DA:100,0
DA:102,0
LF:18
LH:0
BRF:0
BRH:0
end_of_record
TN:
SF:src\common\exceptions\product.exception.ts
FN:11,(anonymous_0)
FN:20,(anonymous_1)
FN:29,(anonymous_2)
FNF:3
FNH:1
FNDA:2,(anonymous_0)
FNDA:0,(anonymous_1)
FNDA:0,(anonymous_2)
DA:1,1
DA:2,1
DA:10,1
DA:12,2
DA:19,1
DA:21,0
DA:28,1
DA:30,0
LF:8
LH:6
BRF:0
BRH:0
end_of_record
TN:
SF:src\common\filters\global-exception.filter.ts
FN:29,(anonymous_1)
FNF:1
FNH:1
FNDA:3,(anonymous_1)
DA:1,1
DA:26,1
DA:27,4
DA:30,3
DA:31,3
DA:32,3
DA:34,3
DA:35,3
DA:36,3
DA:37,3
DA:40,3
DA:41,1
DA:42,1
DA:44,1
DA:45,1
DA:46,1
DA:47,1
DA:48,1
DA:50,0
DA:51,0
DA:55,2
DA:56,1
DA:57,1
DA:60,1
DA:61,0
DA:66,3
DA:67,2
DA:74,1
DA:80,3
DA:90,3
LF:30
LH:27
BRDA:40,0,0,1
BRDA:40,0,1,2
BRDA:44,1,0,1
BRDA:44,1,1,0
BRDA:46,2,0,1
BRDA:46,2,1,0
BRDA:47,3,0,1
BRDA:47,3,1,0
BRDA:55,4,0,1
BRDA:55,4,1,1
BRDA:60,5,0,0
BRDA:60,5,1,1
BRDA:66,6,0,2
BRDA:66,6,1,1
BRDA:69,7,0,1
BRDA:69,7,1,1
BRDA:87,8,0,3
BRDA:87,8,1,1
BRF:18
BRH:14
end_of_record
TN:
SF:src\common\guards\admin.guard.ts
FN:10,(anonymous_1)
FNF:1
FNH:0
FNDA:0,(anonymous_1)
DA:1,0
DA:9,0
DA:11,0
DA:13,0
DA:15,0
LF:5
LH:0
BRDA:13,0,0,0
BRDA:13,0,1,0
BRF:2
BRH:0
end_of_record
TN:
SF:src\common\guards\auth.guard.ts
FN:18,(anonymous_2)
FN:30,(anonymous_3)
FN:38,(anonymous_4)
FN:73,(anonymous_5)
FN:77,(anonymous_6)
FN:78,(anonymous_7)
FN:81,(anonymous_8)
FN:87,(anonymous_9)
FN:89,(anonymous_10)
FN:90,(anonymous_11)
FN:91,(anonymous_12)
FN:95,(anonymous_13)
FN:102,(anonymous_14)
FNF:13
FNH:0
FNDA:0,(anonymous_2)
FNDA:0,(anonymous_3)
FNDA:0,(anonymous_4)
FNDA:0,(anonymous_5)
FNDA:0,(anonymous_6)
FNDA:0,(anonymous_7)
FNDA:0,(anonymous_8)
FNDA:0,(anonymous_9)
FNDA:0,(anonymous_10)
FNDA:0,(anonymous_11)
FNDA:0,(anonymous_12)
FNDA:0,(anonymous_13)
FNDA:0,(anonymous_14)
DA:1,0
DA:7,0
DA:8,0
DA:12,0
DA:19,0
DA:20,0
DA:22,0
DA:23,0
DA:26,0
DA:30,0
DA:31,0
DA:32,0
DA:33,0
DA:39,0
DA:41,0
DA:42,0
DA:43,0
DA:46,0
DA:47,0
DA:49,0
DA:50,0
DA:51,0
DA:54,0
DA:59,0
DA:61,0
DA:67,0
DA:68,0
DA:69,0
DA:70,0
DA:74,0
DA:75,0
DA:77,0
DA:78,0
DA:82,0
DA:83,0
DA:84,0
DA:88,0
DA:89,0
DA:90,0
DA:91,0
DA:92,0
DA:96,0
DA:97,0
DA:98,0
DA:99,0
DA:103,0
DA:104,0
DA:106,0
DA:107,0
DA:108,0
DA:109,0
DA:111,0
DA:112,0
DA:113,0
DA:114,0
DA:115,0
DA:117,0
LF:57
LH:0
BRDA:42,0,0,0
BRDA:42,0,1,0
BRDA:42,1,0,0
BRDA:42,1,1,0
BRDA:42,1,2,0
BRDA:50,2,0,0
BRDA:50,2,1,0
BRDA:50,3,0,0
BRDA:50,3,1,0
BRDA:56,4,0,0
BRDA:56,4,1,0
BRDA:61,5,0,0
BRDA:61,5,1,0
BRDA:61,5,2,0
BRDA:61,5,3,0
BRDA:61,5,4,0
BRDA:63,6,0,0
BRDA:63,6,1,0
BRDA:64,7,0,0
BRDA:64,7,1,0
BRDA:74,8,0,0
BRDA:74,8,1,0
BRDA:82,9,0,0
BRDA:82,9,1,0
BRDA:84,10,0,0
BRDA:84,10,1,0
BRDA:84,10,2,0
BRDA:91,11,0,0
BRDA:91,11,1,0
BRDA:96,12,0,0
BRDA:96,12,1,0
BRDA:98,13,0,0
BRDA:98,13,1,0
BRDA:103,14,0,0
BRDA:103,14,1,0
BRDA:104,15,0,0
BRDA:104,15,1,0
BRDA:111,16,0,0
BRDA:111,16,1,0
BRDA:111,17,0,0
BRDA:111,17,1,0
BRDA:112,18,0,0
BRDA:112,18,1,0
BRDA:112,19,0,0
BRDA:112,19,1,0
BRDA:114,20,0,0
BRDA:114,20,1,0
BRDA:114,21,0,0
BRDA:114,21,1,0
BRDA:19,22,0,0
BRDA:19,22,1,0
BRDA:19,23,0,0
BRDA:19,23,1,0
BRDA:19,24,0,0
BRDA:19,24,1,0
BRDA:19,25,0,0
BRDA:19,25,1,0
BRF:57
BRH:0
end_of_record
TN:
SF:src\common\guards\customer.guard.ts
FN:21,(anonymous_2)
FN:23,(anonymous_3)
FNF:2
FNH:0
FNDA:0,(anonymous_2)
FNDA:0,(anonymous_3)
DA:1,0
DA:9,0
DA:18,0
DA:19,0
DA:21,0
DA:24,0
DA:25,0
DA:28,0
DA:29,0
DA:30,0
DA:34,0
DA:35,0
DA:38,0
DA:44,0
DA:46,0
DA:52,0
DA:53,0
DA:57,0
DA:61,0
DA:67,0
DA:68,0
DA:72,0
DA:76,0
DA:78,0
DA:80,0
DA:81,0
DA:84,0
DA:90,0
DA:91,0
DA:93,0
DA:97,0
LF:31
LH:0
BRDA:28,0,0,0
BRDA:28,0,1,0
BRDA:28,1,0,0
BRDA:28,1,1,0
BRDA:34,2,0,0
BRDA:34,2,1,0
BRDA:52,3,0,0
BRDA:52,3,1,0
BRDA:67,4,0,0
BRDA:67,4,1,0
BRDA:76,5,0,0
BRDA:76,5,1,0
BRDA:78,6,0,0
BRDA:78,6,1,0
BRDA:80,7,0,0
BRDA:80,7,1,0
BRDA:80,8,0,0
BRDA:80,8,1,0
BRDA:90,9,0,0
BRDA:90,9,1,0
BRDA:91,10,0,0
BRDA:91,10,1,0
BRDA:94,11,0,0
BRDA:94,11,1,0
BRDA:94,12,0,0
BRDA:94,12,1,0
BRDA:21,13,0,0
BRDA:21,13,1,0
BRDA:21,14,0,0
BRDA:21,14,1,0
BRF:30
BRH:0
end_of_record
TN:
SF:src\common\guards\membership.guard.ts
FN:17,(anonymous_2)
FN:19,(anonymous_3)
FN:33,(anonymous_4)
FN:49,(anonymous_5)
FN:54,(anonymous_6)
FN:59,(anonymous_7)
FN:94,(anonymous_8)
FNF:7
FNH:0
FNDA:0,(anonymous_2)
FNDA:0,(anonymous_3)
FNDA:0,(anonymous_4)
FNDA:0,(anonymous_5)
FNDA:0,(anonymous_6)
FNDA:0,(anonymous_7)
FNDA:0,(anonymous_8)
DA:1,0
DA:7,0
DA:8,0
DA:9,0
DA:16,0
DA:17,0
DA:20,0
DA:21,0
DA:22,0
DA:25,0
DA:26,0
DA:27,0
DA:30,0
DA:37,0
DA:38,0
DA:40,0
DA:41,0
DA:43,0
DA:44,0
DA:46,0
DA:50,0
DA:51,0
DA:55,0
DA:56,0
DA:60,0
DA:62,0
DA:63,0
DA:65,0
DA:66,0
DA:69,0
DA:70,0
DA:71,0
DA:73,0
DA:74,0
DA:76,0
DA:77,0
DA:80,0
DA:81,0
DA:84,0
DA:86,0
DA:87,0
DA:93,0
DA:94,0
DA:95,0
DA:98,0
DA:101,0
DA:103,0
DA:104,0
DA:111,0
DA:112,0
DA:115,0
DA:116,0
DA:119,0
DA:120,0
DA:121,0
DA:124,0
DA:125,0
DA:132,0
DA:133,0
DA:136,0
DA:137,0
DA:138,0
DA:139,0
DA:143,0
DA:149,0
DA:150,0
DA:153,0
DA:160,0
DA:161,0
DA:164,0
DA:165,0
DA:168,0
DA:169,0
DA:170,0
DA:171,0
DA:174,0
LF:76
LH:0
BRDA:20,0,0,0
BRDA:20,0,1,0
BRDA:22,1,0,0
BRDA:22,1,1,0
BRDA:25,2,0,0
BRDA:25,2,1,0
BRDA:25,3,0,0
BRDA:25,3,1,0
BRDA:27,4,0,0
BRDA:27,4,1,0
BRDA:38,5,0,0
BRDA:38,5,1,0
BRDA:41,6,0,0
BRDA:41,6,1,0
BRDA:44,7,0,0
BRDA:44,7,1,0
BRDA:50,8,0,0
BRDA:50,8,1,0
BRDA:55,9,0,0
BRDA:55,9,1,0
BRDA:65,10,0,0
BRDA:65,10,1,0
BRDA:65,11,0,0
BRDA:65,11,1,0
BRDA:69,12,0,0
BRDA:69,12,1,0
BRDA:73,13,0,0
BRDA:73,13,1,0
BRDA:74,14,0,0
BRDA:74,14,1,0
BRDA:84,15,0,0
BRDA:84,15,1,0
BRDA:84,16,0,0
BRDA:84,16,1,0
BRDA:93,17,0,0
BRDA:93,17,1,0
BRDA:93,18,0,0
BRDA:93,18,1,0
BRDA:93,18,2,0
BRDA:95,19,0,0
BRDA:95,19,1,0
BRDA:103,20,0,0
BRDA:103,20,1,0
BRDA:111,21,0,0
BRDA:111,21,1,0
BRDA:115,22,0,0
BRDA:115,22,1,0
BRDA:115,23,0,0
BRDA:115,23,1,0
BRDA:124,24,0,0
BRDA:124,24,1,0
BRDA:132,25,0,0
BRDA:132,25,1,0
BRDA:136,26,0,0
BRDA:136,26,1,0
BRDA:136,27,0,0
BRDA:136,27,1,0
BRDA:149,28,0,0
BRDA:149,28,1,0
BRDA:149,29,0,0
BRDA:149,29,1,0
BRDA:160,30,0,0
BRDA:160,30,1,0
BRDA:164,31,0,0
BRDA:164,31,1,0
BRDA:164,32,0,0
BRDA:164,32,1,0
BRDA:17,33,0,0
BRDA:17,33,1,0
BRDA:17,34,0,0
BRDA:17,34,1,0
BRF:71
BRH:0
end_of_record
TN:
SF:src\common\guards\policy.guard.ts
FN:15,(anonymous_2)
FN:17,(anonymous_3)
FN:36,(anonymous_4)
FNF:3
FNH:0
FNDA:0,(anonymous_2)
FNDA:0,(anonymous_3)
FNDA:0,(anonymous_4)
DA:1,0
DA:7,0
DA:8,0
DA:9,0
DA:14,0
DA:15,0
DA:19,0
DA:24,0
DA:26,0
DA:27,0
DA:29,0
DA:31,0
DA:32,0
DA:35,0
DA:36,0
DA:38,0
DA:39,0
DA:42,0
LF:18
LH:0
BRDA:19,0,0,0
BRDA:19,0,1,0
BRDA:24,1,0,0
BRDA:24,1,1,0
BRDA:27,2,0,0
BRDA:27,2,1,0
BRDA:31,3,0,0
BRDA:31,3,1,0
BRDA:35,4,0,0
BRDA:35,4,1,0
BRDA:38,5,0,0
BRDA:38,5,1,0
BRDA:15,6,0,0
BRDA:15,6,1,0
BRDA:15,7,0,0
BRDA:15,7,1,0
BRF:16
BRH:0
end_of_record
TN:
SF:src\common\guards\user-rate-limit.guard.ts
FN:23,(anonymous_4)
FN:28,(anonymous_5)
FNF:2
FNH:2
FNDA:12,(anonymous_4)
FNDA:19,(anonymous_5)
DA:1,1
DA:8,1
DA:9,1
DA:10,1
DA:11,1
DA:13,1
DA:22,1
DA:24,12
DA:25,12
DA:29,19
DA:34,19
DA:35,1
DA:38,18
DA:39,18
DA:41,18
DA:43,1
DA:46,17
DA:47,17
DA:50,17
DA:51,17
DA:52,1
DA:63,16
DA:65,16
DA:67,2
DA:68,2
DA:70,2
DA:82,14
DA:89,14
DA:90,14
DA:91,14
DA:92,14
DA:94,14
LF:32
LH:32
BRDA:34,0,0,1
BRDA:34,0,1,18
BRDA:39,1,0,18
BRDA:39,1,1,2
BRDA:41,2,0,1
BRDA:41,2,1,17
BRDA:51,3,0,1
BRDA:51,3,1,16
BRDA:63,4,0,16
BRDA:63,4,1,9
BRDA:65,5,0,2
BRDA:65,5,1,14
BRDA:67,6,0,2
BRDA:67,6,1,2
BRDA:73,7,0,2
BRDA:73,7,1,2
BRDA:75,8,0,2
BRDA:75,8,1,2
BRDA:24,9,0,1
BRDA:24,9,1,0
BRDA:24,10,0,1
BRDA:24,10,1,1
BRDA:24,11,0,0
BRDA:24,11,1,1
BRDA:24,12,0,1
BRDA:24,12,1,0
BRF:26
BRH:23
end_of_record
TN:
SF:src\common\interceptors\logging.interceptor.ts
FN:18,(anonymous_1)
FN:25,(anonymous_2)
FN:36,(anonymous_3)
FNF:3
FNH:0
FNDA:0,(anonymous_1)
FNDA:0,(anonymous_2)
FNDA:0,(anonymous_3)
DA:1,0
DA:9,0
DA:15,0
DA:16,0
DA:19,0
DA:20,0
DA:21,0
DA:23,0
DA:26,0
DA:27,0
DA:30,0
DA:31,0
DA:37,0
DA:38,0
LF:14
LH:0
BRDA:30,0,0,0
BRDA:30,0,1,0
BRF:2
BRH:0
end_of_record
TN:
SF:src\common\utils\pagination.util.ts
FN:14,(anonymous_0)
FN:26,(anonymous_1)
FN:37,(anonymous_2)
FNF:3
FNH:1
FNDA:2,(anonymous_0)
FNDA:0,(anonymous_1)
FNDA:0,(anonymous_2)
DA:1,1
DA:7,1
DA:15,2
DA:16,2
DA:17,2
DA:27,0
DA:42,0
DA:43,0
DA:45,0
LF:9
LH:5
BRDA:42,0,0,0
BRDA:42,1,0,0
BRF:2
BRH:0
end_of_record
TN:
SF:src\common\utils\query-builder.util.ts
FN:8,(anonymous_0)
FN:59,(anonymous_1)
FN:123,(anonymous_2)
FNF:3
FNH:2
FNDA:9,(anonymous_0)
FNDA:6,(anonymous_1)
FNDA:0,(anonymous_2)
DA:4,2
DA:13,9
DA:19,9
DA:20,2
DA:24,9
DA:25,2
DA:29,9
DA:30,2
DA:32,9
DA:33,2
DA:37,9
DA:38,2
DA:42,9
DA:43,9
DA:44,9
DA:47,9
DA:48,9
DA:49,9
DA:50,9
DA:51,9
DA:53,9
DA:64,6
DA:70,6
DA:71,2
DA:77,6
DA:78,2
DA:82,6
DA:83,0
DA:87,6
DA:88,2
DA:90,6
DA:92,2
DA:93,2
DA:94,2
DA:98,6
DA:99,0
DA:101,6
DA:102,0
DA:106,6
DA:107,6
DA:108,6
DA:111,6
DA:112,6
DA:113,6
DA:114,6
DA:115,6
DA:117,6
DA:128,0
LF:48
LH:44
BRDA:19,0,0,2
BRDA:19,0,1,7
BRDA:24,1,0,2
BRDA:24,1,1,7
BRDA:29,2,0,2
BRDA:29,2,1,7
BRDA:32,3,0,2
BRDA:32,3,1,7
BRDA:37,4,0,2
BRDA:37,4,1,7
BRDA:42,5,0,9
BRDA:42,5,1,7
BRDA:43,6,0,9
BRDA:43,6,1,7
BRDA:47,7,0,9
BRDA:47,7,1,7
BRDA:48,8,0,9
BRDA:48,8,1,7
BRDA:70,9,0,2
BRDA:70,9,1,4
BRDA:77,10,0,2
BRDA:77,10,1,4
BRDA:82,11,0,0
BRDA:82,11,1,6
BRDA:87,12,0,2
BRDA:87,12,1,4
BRDA:90,13,0,2
BRDA:90,13,1,4
BRDA:98,14,0,0
BRDA:98,14,1,6
BRDA:101,15,0,0
BRDA:101,15,1,6
BRDA:106,16,0,6
BRDA:106,16,1,4
BRDA:107,17,0,6
BRDA:107,17,1,4
BRDA:111,18,0,6
BRDA:111,18,1,4
BRDA:112,19,0,6
BRDA:112,19,1,4
BRF:40
BRH:37
end_of_record
TN:
SF:src\infra\supabase\supabase.module.ts
FNF:0
FNH:0
DA:1,0
DA:2,0
DA:9,0
LF:3
LH:0
BRF:0
BRH:0
end_of_record
TN:
SF:src\infra\supabase\supabase.service.ts
FN:15,(anonymous_2)
FN:52,(anonymous_3)
FN:66,(anonymous_4)
FN:86,(anonymous_5)
FNF:4
FNH:0
FNDA:0,(anonymous_2)
FNDA:0,(anonymous_3)
FNDA:0,(anonymous_4)
FNDA:0,(anonymous_5)
DA:1,4
DA:2,4
DA:3,4
DA:6,4
DA:7,0
DA:9,0
DA:10,0
DA:11,0
DA:13,0
DA:15,0
DA:16,0
DA:17,0
DA:18,0
DA:21,0
DA:22,0
DA:25,0
DA:28,0
DA:29,0
DA:30,0
DA:33,0
DA:34,0
DA:36,0
DA:42,0
DA:43,0
DA:53,0
DA:54,0
DA:58,0
DA:67,0
DA:68,0
DA:73,0
DA:87,0
DA:88,0
DA:93,0
LF:33
LH:4
BRDA:21,0,0,0
BRDA:21,0,1,0
BRDA:29,1,0,0
BRDA:29,1,1,0
BRDA:30,2,0,0
BRDA:30,2,1,0
BRDA:33,3,0,0
BRDA:33,3,1,0
BRDA:42,4,0,0
BRDA:42,4,1,0
BRDA:53,5,0,0
BRDA:53,5,1,0
BRDA:67,6,0,0
BRDA:67,6,1,0
BRDA:67,7,0,0
BRDA:67,7,1,0
BRDA:87,8,0,0
BRDA:87,8,1,0
BRDA:87,9,0,0
BRDA:87,9,1,0
BRDA:15,10,0,4
BRDA:15,10,1,0
BRDA:15,11,0,4
BRDA:15,11,1,4
BRF:24
BRH:3
end_of_record
TN:
SF:src\modules\analytics\analytics.controller.ts
FN:33,(anonymous_4)
FN:66,(anonymous_5)
FN:118,(anonymous_6)
FN:170,(anonymous_7)
FN:222,(anonymous_8)
FNF:5
FNH:0
FNDA:0,(anonymous_4)
FNDA:0,(anonymous_5)
FNDA:0,(anonymous_6)
FNDA:0,(anonymous_7)
FNDA:0,(anonymous_8)
DA:1,0
DA:9,0
DA:16,0
DA:17,0
DA:19,0
DA:20,0
DA:32,0
DA:33,0
DA:66,0
DA:72,0
DA:73,0
DA:75,0
DA:76,0
DA:79,0
DA:118,0
DA:124,0
DA:125,0
DA:127,0
DA:128,0
DA:131,0
DA:170,0
DA:176,0
DA:177,0
DA:179,0
DA:180,0
DA:183,0
DA:222,0
DA:228,0
DA:229,0
DA:231,0
DA:232,0
DA:235,0
LF:32
LH:0
BRDA:72,0,0,0
BRDA:72,0,1,0
BRDA:75,1,0,0
BRDA:75,1,1,0
BRDA:124,2,0,0
BRDA:124,2,1,0
BRDA:127,3,0,0
BRDA:127,3,1,0
BRDA:176,4,0,0
BRDA:176,4,1,0
BRDA:179,5,0,0
BRDA:179,5,1,0
BRDA:228,6,0,0
BRDA:228,6,1,0
BRDA:231,7,0,0
BRDA:231,7,1,0
BRDA:71,8,0,0
BRDA:71,8,1,0
BRDA:71,9,0,0
BRDA:71,9,1,0
BRDA:123,10,0,0
BRDA:123,10,1,0
BRDA:123,11,0,0
BRDA:123,11,1,0
BRDA:175,12,0,0
BRDA:175,12,1,0
BRDA:175,13,0,0
BRDA:175,13,1,0
BRDA:227,14,0,0
BRDA:227,14,1,0
BRDA:227,15,0,0
BRDA:227,15,1,0
BRDA:33,16,0,0
BRDA:33,16,1,0
BRDA:33,17,0,0
BRDA:33,17,1,0
BRF:36
BRH:0
end_of_record
TN:
SF:src\modules\analytics\analytics.module.ts
FNF:0
FNH:0
DA:1,0
DA:2,0
DA:3,0
DA:4,0
DA:12,0
LF:5
LH:0
BRF:0
BRH:0
end_of_record
TN:
SF:src\modules\analytics\analytics.service.ts
FN:22,(anonymous_2)
FN:27,(anonymous_3)
FN:59,(anonymous_4)
FN:91,(anonymous_5)
FN:96,(anonymous_6)
FN:105,(anonymous_7)
FN:110,(anonymous_8)
FN:132,(anonymous_9)
FN:173,(anonymous_10)
FN:186,(anonymous_11)
FN:192,(anonymous_12)
FN:198,(anonymous_13)
FN:203,(anonymous_14)
FN:210,(anonymous_15)
FN:214,(anonymous_16)
FN:244,(anonymous_17)
FN:278,(anonymous_18)
FN:284,(anonymous_19)
FN:289,(anonymous_20)
FN:296,(anonymous_21)
FN:306,(anonymous_22)
FN:312,(anonymous_23)
FN:316,(anonymous_24)
FN:322,(anonymous_25)
FN:326,(anonymous_26)
FN:347,(anonymous_27)
FN:406,(anonymous_28)
FN:416,(anonymous_29)
FN:420,(anonymous_30)
FN:421,(anonymous_31)
FN:434,(anonymous_32)
FN:440,(anonymous_33)
FNF:32
FNH:0
FNDA:0,(anonymous_2)
FNDA:0,(anonymous_3)
FNDA:0,(anonymous_4)
FNDA:0,(anonymous_5)
FNDA:0,(anonymous_6)
FNDA:0,(anonymous_7)
FNDA:0,(anonymous_8)
FNDA:0,(anonymous_9)
FNDA:0,(anonymous_10)
FNDA:0,(anonymous_11)
FNDA:0,(anonymous_12)
FNDA:0,(anonymous_13)
FNDA:0,(anonymous_14)
FNDA:0,(anonymous_15)
FNDA:0,(anonymous_16)
FNDA:0,(anonymous_17)
FNDA:0,(anonymous_18)
FNDA:0,(anonymous_19)
FNDA:0,(anonymous_20)
FNDA:0,(anonymous_21)
FNDA:0,(anonymous_22)
FNDA:0,(anonymous_23)
FNDA:0,(anonymous_24)
FNDA:0,(anonymous_25)
FNDA:0,(anonymous_26)
FNDA:0,(anonymous_27)
FNDA:0,(anonymous_28)
FNDA:0,(anonymous_29)
FNDA:0,(anonymous_30)
FNDA:0,(anonymous_31)
FNDA:0,(anonymous_32)
FNDA:0,(anonymous_33)
DA:1,0
DA:2,0
DA:3,0
DA:19,0
DA:20,0
DA:22,0
DA:31,0
DA:32,0
DA:35,0
DA:36,0
DA:37,0
DA:40,0
DA:41,0
DA:42,0
DA:45,0
DA:46,0
DA:49,0
DA:65,0
DA:66,0
DA:67,0
DA:69,0
DA:71,0
DA:79,0
DA:80,0
DA:81,0
DA:89,0
DA:90,0
DA:91,0
DA:92,0
DA:95,0
DA:96,0
DA:97,0
DA:98,0
DA:99,0
DA:100,0
DA:101,0
DA:104,0
DA:105,0
DA:110,0
DA:112,0
DA:119,0
DA:120,0
DA:121,0
DA:138,0
DA:139,0
DA:140,0
DA:142,0
DA:144,0
DA:159,0
DA:160,0
DA:161,0
DA:169,0
DA:172,0
DA:173,0
DA:174,0
DA:175,0
DA:176,0
DA:177,0
DA:179,0
DA:180,0
DA:181,0
DA:182,0
DA:185,0
DA:186,0
DA:191,0
DA:192,0
DA:198,0
DA:202,0
DA:203,0
DA:210,0
DA:213,0
DA:214,0
DA:218,0
DA:220,0
DA:225,0
DA:231,0
DA:232,0
DA:233,0
DA:250,0
DA:251,0
DA:252,0
DA:254,0
DA:256,0
DA:263,0
DA:264,0
DA:265,0
DA:273,0
DA:274,0
DA:277,0
DA:278,0
DA:279,0
DA:280,0
DA:283,0
DA:284,0
DA:289,0
DA:292,0
DA:296,0
DA:297,0
DA:298,0
DA:299,0
DA:300,0
DA:301,0
DA:302,0
DA:305,0
DA:306,0
DA:312,0
DA:315,0
DA:316,0
DA:317,0
DA:318,0
DA:321,0
DA:322,0
DA:326,0
DA:328,0
DA:334,0
DA:335,0
DA:336,0
DA:353,0
DA:354,0
DA:355,0
DA:357,0
DA:359,0
DA:365,0
DA:366,0
DA:370,0
DA:378,0
DA:381,0
DA:389,0
DA:390,0
DA:394,0
DA:402,0
DA:405,0
DA:406,0
DA:407,0
DA:408,0
DA:409,0
DA:410,0
DA:411,0
DA:415,0
DA:416,0
DA:417,0
DA:419,0
DA:420,0
DA:421,0
DA:423,0
DA:428,0
DA:433,0
DA:434,0
DA:438,0
DA:439,0
DA:440,0
DA:443,0
DA:447,0
DA:450,0
DA:452,0
DA:454,0
DA:463,0
DA:464,0
DA:465,0
LF:159
LH:0
BRDA:31,0,0,0
BRDA:31,0,1,0
BRDA:40,1,0,0
BRDA:40,1,1,0
BRDA:79,2,0,0
BRDA:79,2,1,0
BRDA:89,3,0,0
BRDA:89,3,1,0
BRDA:91,4,0,0
BRDA:91,4,1,0
BRDA:92,5,0,0
BRDA:92,5,1,0
BRDA:98,6,0,0
BRDA:98,6,1,0
BRDA:99,7,0,0
BRDA:99,7,1,0
BRDA:119,8,0,0
BRDA:119,8,1,0
BRDA:159,9,0,0
BRDA:159,9,1,0
BRDA:169,10,0,0
BRDA:169,10,1,0
BRDA:174,11,0,0
BRDA:174,11,1,0
BRDA:175,12,0,0
BRDA:175,12,1,0
BRDA:176,13,0,0
BRDA:176,13,1,0
BRDA:177,14,0,0
BRDA:177,14,1,0
BRDA:177,15,0,0
BRDA:177,15,1,0
BRDA:179,16,0,0
BRDA:179,16,1,0
BRDA:208,17,0,0
BRDA:208,17,1,0
BRDA:218,18,0,0
BRDA:218,18,1,0
BRDA:231,19,0,0
BRDA:231,19,1,0
BRDA:263,20,0,0
BRDA:263,20,1,0
BRDA:273,21,0,0
BRDA:273,21,1,0
BRDA:279,22,0,0
BRDA:279,22,1,0
BRDA:280,23,0,0
BRDA:280,23,1,0
BRDA:287,24,0,0
BRDA:287,24,1,0
BRDA:298,25,0,0
BRDA:298,25,1,0
BRDA:300,26,0,0
BRDA:300,26,1,0
BRDA:301,27,0,0
BRDA:301,27,1,0
BRDA:318,28,0,0
BRDA:318,28,1,0
BRDA:334,29,0,0
BRDA:334,29,1,0
BRDA:365,30,0,0
BRDA:365,30,1,0
BRDA:378,31,0,0
BRDA:378,31,1,0
BRDA:389,32,0,0
BRDA:389,32,1,0
BRDA:402,33,0,0
BRDA:402,33,1,0
BRDA:407,34,0,0
BRDA:407,34,1,0
BRDA:408,35,0,0
BRDA:408,35,1,0
BRDA:410,36,0,0
BRDA:410,36,1,0
BRDA:417,37,0,0
BRDA:417,37,1,0
BRDA:423,38,0,0
BRDA:423,38,1,0
BRDA:424,39,0,0
BRDA:424,39,1,0
BRDA:424,39,2,0
BRDA:443,40,0,0
BRDA:443,40,1,0
BRDA:447,41,0,0
BRDA:447,41,1,0
BRDA:452,42,0,0
BRDA:452,42,1,0
BRDA:463,43,0,0
BRDA:463,43,1,0
BRDA:22,44,0,0
BRDA:22,44,1,0
BRDA:22,45,0,0
BRDA:22,45,1,0
BRF:93
BRH:0
end_of_record
TN:
SF:src\modules\analytics\dto\analytics.dto.ts
FNF:0
FNH:0
DA:1,0
DA:2,0
DA:7,0
DA:10,0
DA:15,0
DA:20,0
DA:26,0
DA:28,0
DA:31,0
DA:34,0
DA:40,0
DA:42,0
DA:45,0
DA:48,0
DA:51,0
DA:57,0
DA:59,0
DA:62,0
DA:65,0
DA:68,0
DA:74,0
DA:76,0
DA:79,0
DA:82,0
DA:85,0
DA:88,0
DA:94,0
DA:96,0
DA:99,0
DA:105,0
DA:107,0
DA:110,0
DA:113,0
DA:119,0
DA:121,0
DA:124,0
DA:127,0
DA:133,0
DA:135,0
DA:138,0
DA:141,0
DA:144,0
DA:150,0
DA:152,0
DA:155,0
DA:161,0
DA:163,0
DA:166,0
DA:169,0
DA:175,0
DA:177,0
DA:180,0
DA:183,0
DA:186,0
DA:189,0
DA:192,0
LF:56
LH:0
BRF:0
BRH:0
end_of_record
TN:
SF:src\modules\auth\auth.module.ts
FNF:0
FNH:0
DA:1,0
DA:2,0
DA:7,0
LF:3
LH:0
BRF:0
BRH:0
end_of_record
TN:
SF:src\modules\auth\me.controller.ts
FN:10,(anonymous_4)
FNF:1
FNH:0
FNDA:0,(anonymous_4)
DA:1,0
DA:2,0
DA:3,0
DA:7,0
DA:10,0
DA:11,0
LF:6
LH:0
BRF:0
BRH:0
end_of_record
TN:
SF:src\modules\auth\authorization\permissions.ts
FN:1,(anonymous_0)
FNF:1
FNH:0
FNDA:0,(anonymous_0)
DA:1,0
DA:3,0
DA:4,0
DA:7,0
DA:8,0
DA:11,0
DA:12,0
DA:15,0
DA:18,0
DA:19,0
DA:22,0
DA:23,0
LF:12
LH:0
BRDA:1,0,0,0
BRDA:1,0,1,0
BRF:2
BRH:0
end_of_record
TN:
SF:src\modules\auth\authorization\policy.ts
FNF:0
FNH:0
DA:1,0
DA:2,0
DA:4,0
LF:3
LH:0
BRF:0
BRH:0
end_of_record
TN:
SF:src\modules\auth\authorization\roles.enum.ts
FN:1,(anonymous_0)
FNF:1
FNH:0
FNDA:0,(anonymous_0)
DA:1,0
DA:2,0
DA:3,0
LF:3
LH:0
BRDA:1,0,0,0
BRDA:1,0,1,0
BRF:2
BRH:0
end_of_record
TN:
SF:src\modules\branches\branches.controller.ts
FN:23,(anonymous_4)
FN:30,(anonymous_5)
FN:47,(anonymous_6)
FN:64,(anonymous_7)
FN:91,(anonymous_8)
FN:110,(anonymous_9)
FNF:6
FNH:0
FNDA:0,(anonymous_4)
FNDA:0,(anonymous_5)
FNDA:0,(anonymous_6)
FNDA:0,(anonymous_7)
FNDA:0,(anonymous_8)
FNDA:0,(anonymous_9)
DA:1,0
DA:14,0
DA:15,0
DA:16,0
DA:17,0
DA:22,0
DA:23,0
DA:30,0
DA:34,0
DA:35,0
DA:47,0
DA:51,0
DA:52,0
DA:64,0
DA:69,0
DA:71,0
DA:72,0
DA:74,0
DA:75,0
DA:78,0
DA:79,0
DA:91,0
DA:96,0
DA:97,0
DA:110,0
DA:114,0
DA:115,0
LF:27
LH:0
BRDA:34,0,0,0
BRDA:34,0,1,0
BRDA:51,1,0,0
BRDA:51,1,1,0
BRDA:69,2,0,0
BRDA:69,2,1,0
BRDA:69,2,2,0
BRDA:71,3,0,0
BRDA:71,3,1,0
BRDA:74,4,0,0
BRDA:74,4,1,0
BRDA:74,5,0,0
BRDA:74,5,1,0
BRDA:78,6,0,0
BRDA:78,6,1,0
BRDA:96,7,0,0
BRDA:96,7,1,0
BRDA:114,8,0,0
BRDA:114,8,1,0
BRDA:65,9,0,0
BRDA:65,9,1,0
BRDA:65,10,0,0
BRDA:65,10,1,0
BRDA:94,11,0,0
BRDA:94,11,1,0
BRDA:94,12,0,0
BRDA:94,12,1,0
BRDA:23,13,0,0
BRDA:23,13,1,0
BRDA:23,14,0,0
BRDA:23,14,1,0
BRF:31
BRH:0
end_of_record
TN:
SF:src\modules\branches\branches.module.ts
FNF:0
FNH:0
DA:1,0
DA:2,0
DA:3,0
DA:4,0
DA:12,0
LF:5
LH:0
BRF:0
BRH:0
end_of_record
TN:
SF:src\modules\branches\branches.service.ts
FN:15,(anonymous_2)
FN:17,(anonymous_3)
FN:26,(anonymous_4)
FN:43,(anonymous_5)
FN:55,(anonymous_6)
FN:88,(anonymous_7)
FN:123,(anonymous_8)
FN:132,(anonymous_9)
FN:170,(anonymous_10)
FN:216,(anonymous_11)
FNF:10
FNH:0
FNDA:0,(anonymous_2)
FNDA:0,(anonymous_3)
FNDA:0,(anonymous_4)
FNDA:0,(anonymous_5)
FNDA:0,(anonymous_6)
FNDA:0,(anonymous_7)
FNDA:0,(anonymous_8)
FNDA:0,(anonymous_9)
FNDA:0,(anonymous_10)
FNDA:0,(anonymous_11)
DA:1,0
DA:6,0
DA:14,0
DA:15,0
DA:18,0
DA:31,0
DA:33,0
DA:39,0
DA:40,0
DA:43,0
DA:60,0
DA:62,0
DA:68,0
DA:69,0
DA:72,0
DA:73,0
DA:76,0
DA:93,0
DA:99,0
DA:100,0
DA:101,0
DA:107,0
DA:108,0
DA:109,0
DA:111,0
DA:114,0
DA:123,0
DA:124,0
DA:125,0
DA:132,0
DA:133,0
DA:134,0
DA:144,0
DA:146,0
DA:147,0
DA:150,0
DA:152,0
DA:153,0
DA:155,0
DA:158,0
DA:176,0
DA:178,0
DA:179,0
DA:180,0
DA:182,0
DA:183,0
DA:186,0
DA:193,0
DA:194,0
DA:195,0
DA:197,0
DA:200,0
DA:201,0
DA:204,0
DA:221,0
DA:223,0
DA:225,0
DA:226,0
DA:229,0
LF:59
LH:0
BRDA:18,0,0,0
BRDA:18,0,1,0
BRDA:39,1,0,0
BRDA:39,1,1,0
BRDA:43,2,0,0
BRDA:43,2,1,0
BRDA:47,3,0,0
BRDA:47,3,1,0
BRDA:48,4,0,0
BRDA:48,4,1,0
BRDA:68,5,0,0
BRDA:68,5,1,0
BRDA:72,6,0,0
BRDA:72,6,1,0
BRDA:80,7,0,0
BRDA:80,7,1,0
BRDA:81,8,0,0
BRDA:81,8,1,0
BRDA:99,9,0,0
BRDA:99,9,1,0
BRDA:107,10,0,0
BRDA:107,10,1,0
BRDA:108,11,0,0
BRDA:108,11,1,0
BRDA:118,12,0,0
BRDA:118,12,1,0
BRDA:119,13,0,0
BRDA:119,13,1,0
BRDA:146,14,0,0
BRDA:146,14,1,0
BRDA:150,15,0,0
BRDA:150,15,1,0
BRDA:152,16,0,0
BRDA:152,16,1,0
BRDA:162,17,0,0
BRDA:162,17,1,0
BRDA:163,18,0,0
BRDA:163,18,1,0
BRDA:179,19,0,0
BRDA:179,19,1,0
BRDA:180,20,0,0
BRDA:180,20,1,0
BRDA:182,21,0,0
BRDA:182,21,1,0
BRDA:193,22,0,0
BRDA:193,22,1,0
BRDA:194,23,0,0
BRDA:194,23,1,0
BRDA:200,24,0,0
BRDA:200,24,1,0
BRDA:208,25,0,0
BRDA:208,25,1,0
BRDA:209,26,0,0
BRDA:209,26,1,0
BRDA:225,27,0,0
BRDA:225,27,1,0
BRDA:15,28,0,0
BRDA:15,28,1,0
BRDA:15,29,0,0
BRDA:15,29,1,0
BRF:60
BRH:0
end_of_record
TN:
SF:src\modules\branches\dto\branch.request.ts
FNF:0
FNH:0
DA:1,0
DA:3,0
DA:5,0
DA:8,0
DA:14,0
DA:17,0
DA:20,0
DA:27,0
LF:8
LH:0
BRF:0
BRH:0
end_of_record
TN:
SF:src\modules\branches\dto\branch.response.ts
FNF:0
FNH:0
DA:1,0
DA:9,0
LF:2
LH:0
BRF:0
BRH:0
end_of_record
TN:
SF:src\modules\brands\brands.controller.ts
FN:21,(anonymous_4)
FN:28,(anonymous_5)
FN:38,(anonymous_6)
FN:48,(anonymous_7)
FN:58,(anonymous_8)
FN:77,(anonymous_9)
FNF:6
FNH:0
FNDA:0,(anonymous_4)
FNDA:0,(anonymous_5)
FNDA:0,(anonymous_6)
FNDA:0,(anonymous_7)
FNDA:0,(anonymous_8)
FNDA:0,(anonymous_9)
DA:1,0
DA:12,0
DA:13,0
DA:15,0
DA:16,0
DA:20,0
DA:21,0
DA:28,0
DA:29,0
DA:30,0
DA:38,0
DA:39,0
DA:40,0
DA:48,0
DA:49,0
DA:50,0
DA:58,0
DA:63,0
DA:64,0
DA:77,0
DA:81,0
DA:82,0
LF:22
LH:0
BRDA:29,0,0,0
BRDA:29,0,1,0
BRDA:39,1,0,0
BRDA:39,1,1,0
BRDA:49,2,0,0
BRDA:49,2,1,0
BRDA:63,3,0,0
BRDA:63,3,1,0
BRDA:81,4,0,0
BRDA:81,4,1,0
BRDA:48,5,0,0
BRDA:48,5,1,0
BRDA:48,6,0,0
BRDA:48,6,1,0
BRDA:61,7,0,0
BRDA:61,7,1,0
BRDA:61,8,0,0
BRDA:61,8,1,0
BRDA:21,9,0,0
BRDA:21,9,1,0
BRDA:21,10,0,0
BRDA:21,10,1,0
BRF:22
BRH:0
end_of_record
TN:
SF:src\modules\brands\brands.module.ts
FNF:0
FNH:0
DA:1,0
DA:2,0
DA:3,0
DA:4,0
DA:12,0
LF:5
LH:0
BRF:0
BRH:0
end_of_record
TN:
SF:src\modules\brands\brands.service.ts
FN:16,(anonymous_2)
FN:18,(anonymous_3)
FN:27,(anonymous_4)
FN:42,(anonymous_5)
FN:71,(anonymous_6)
FN:72,(anonymous_7)
FN:85,(anonymous_8)
FN:122,(anonymous_9)
FN:197,(anonymous_10)
FN:269,(anonymous_11)
FNF:10
FNH:0
FNDA:0,(anonymous_2)
FNDA:0,(anonymous_3)
FNDA:0,(anonymous_4)
FNDA:0,(anonymous_5)
FNDA:0,(anonymous_6)
FNDA:0,(anonymous_7)
FNDA:0,(anonymous_8)
FNDA:0,(anonymous_9)
FNDA:0,(anonymous_10)
FNDA:0,(anonymous_11)
DA:1,0
DA:6,0
DA:15,0
DA:16,0
DA:19,0
DA:31,0
DA:32,0
DA:33,0
DA:38,0
DA:39,0
DA:42,0
DA:52,0
DA:54,0
DA:66,0
DA:67,0
DA:70,0
DA:71,0
DA:72,0
DA:90,0
DA:92,0
DA:98,0
DA:99,0
DA:102,0
DA:103,0
DA:106,0
DA:127,0
DA:130,0
DA:131,0
DA:132,0
DA:134,0
DA:136,0
DA:139,0
DA:143,0
DA:144,0
DA:150,0
DA:162,0
DA:163,0
DA:169,0
DA:176,0
DA:177,0
DA:178,0
DA:183,0
DA:204,0
DA:205,0
DA:206,0
DA:207,0
DA:208,0
DA:210,0
DA:211,0
DA:214,0
DA:216,0
DA:217,0
DA:218,0
DA:219,0
DA:220,0
DA:223,0
DA:230,0
DA:231,0
DA:235,0
DA:236,0
DA:240,0
DA:247,0
DA:248,0
DA:251,0
DA:252,0
DA:255,0
DA:274,0
DA:276,0
DA:277,0
DA:278,0
DA:279,0
DA:280,0
DA:283,0
DA:290,0
DA:291,0
DA:295,0
DA:296,0
DA:300,0
DA:302,0
DA:303,0
DA:306,0
LF:81
LH:0
BRDA:19,0,0,0
BRDA:19,0,1,0
BRDA:31,1,0,0
BRDA:31,1,1,0
BRDA:38,2,0,0
BRDA:38,2,1,0
BRDA:42,3,0,0
BRDA:42,3,1,0
BRDA:45,4,0,0
BRDA:45,4,1,0
BRDA:46,5,0,0
BRDA:46,5,1,0
BRDA:47,6,0,0
BRDA:47,6,1,0
BRDA:48,7,0,0
BRDA:48,7,1,0
BRDA:66,8,0,0
BRDA:66,8,1,0
BRDA:70,9,0,0
BRDA:70,9,1,0
BRDA:75,10,0,0
BRDA:75,10,1,0
BRDA:76,11,0,0
BRDA:76,11,1,0
BRDA:77,12,0,0
BRDA:77,12,1,0
BRDA:78,13,0,0
BRDA:78,13,1,0
BRDA:98,14,0,0
BRDA:98,14,1,0
BRDA:102,15,0,0
BRDA:102,15,1,0
BRDA:109,16,0,0
BRDA:109,16,1,0
BRDA:110,17,0,0
BRDA:110,17,1,0
BRDA:111,18,0,0
BRDA:111,18,1,0
BRDA:112,19,0,0
BRDA:112,19,1,0
BRDA:113,20,0,0
BRDA:113,20,1,0
BRDA:131,21,0,0
BRDA:131,21,1,0
BRDA:131,22,0,0
BRDA:131,22,1,0
BRDA:143,23,0,0
BRDA:143,23,1,0
BRDA:154,24,0,0
BRDA:154,24,1,0
BRDA:156,25,0,0
BRDA:156,25,1,0
BRDA:157,26,0,0
BRDA:157,26,1,0
BRDA:162,27,0,0
BRDA:162,27,1,0
BRDA:162,28,0,0
BRDA:162,28,1,0
BRDA:164,29,0,0
BRDA:164,29,1,0
BRDA:176,30,0,0
BRDA:176,30,1,0
BRDA:186,31,0,0
BRDA:186,31,1,0
BRDA:187,32,0,0
BRDA:187,32,1,0
BRDA:188,33,0,0
BRDA:188,33,1,0
BRDA:189,34,0,0
BRDA:189,34,1,0
BRDA:190,35,0,0
BRDA:190,35,1,0
BRDA:205,36,0,0
BRDA:205,36,1,0
BRDA:206,37,0,0
BRDA:206,37,1,0
BRDA:207,38,0,0
BRDA:207,38,1,0
BRDA:208,39,0,0
BRDA:208,39,1,0
BRDA:210,40,0,0
BRDA:210,40,1,0
BRDA:216,41,0,0
BRDA:216,41,1,0
BRDA:219,42,0,0
BRDA:219,42,1,0
BRDA:219,43,0,0
BRDA:219,43,1,0
BRDA:230,44,0,0
BRDA:230,44,1,0
BRDA:235,45,0,0
BRDA:235,45,1,0
BRDA:235,46,0,0
BRDA:235,46,1,0
BRDA:247,47,0,0
BRDA:247,47,1,0
BRDA:251,48,0,0
BRDA:251,48,1,0
BRDA:258,49,0,0
BRDA:258,49,1,0
BRDA:259,50,0,0
BRDA:259,50,1,0
BRDA:260,51,0,0
BRDA:260,51,1,0
BRDA:261,52,0,0
BRDA:261,52,1,0
BRDA:262,53,0,0
BRDA:262,53,1,0
BRDA:276,54,0,0
BRDA:276,54,1,0
BRDA:279,55,0,0
BRDA:279,55,1,0
BRDA:279,56,0,0
BRDA:279,56,1,0
BRDA:290,57,0,0
BRDA:290,57,1,0
BRDA:295,58,0,0
BRDA:295,58,1,0
BRDA:295,59,0,0
BRDA:295,59,1,0
BRDA:302,60,0,0
BRDA:302,60,1,0
BRDA:16,61,0,0
BRDA:16,61,1,0
BRDA:16,62,0,0
BRDA:16,62,1,0
BRF:126
BRH:0
end_of_record
TN:
SF:src\modules\brands\dto\brand.dto.ts
FNF:0
FNH:0
DA:1,0
DA:4,0
DA:13,0
DA:24,0
DA:26,0
DA:30,0
DA:34,0
DA:38,0
DA:41,0
DA:44,0
DA:48,0
DA:52,0
DA:56,0
LF:13
LH:0
BRF:0
BRH:0
end_of_record
TN:
SF:src\modules\customer-branches\customer-branches.controller.ts
FN:40,(anonymous_4)
FN:51,(anonymous_5)
FN:80,(anonymous_6)
FN:104,(anonymous_7)
FN:132,(anonymous_8)
FN:158,(anonymous_9)
FNF:6
FNH:0
FNDA:0,(anonymous_4)
FNDA:0,(anonymous_5)
FNDA:0,(anonymous_6)
FNDA:0,(anonymous_7)
FNDA:0,(anonymous_8)
FNDA:0,(anonymous_9)
DA:1,0
DA:16,0
DA:25,0
DA:26,0
DA:27,0
DA:28,0
DA:37,0
DA:38,0
DA:40,0
DA:51,0
DA:55,0
DA:56,0
DA:57,0
DA:60,0
DA:63,0
DA:80,0
DA:84,0
DA:86,0
DA:87,0
DA:104,0
DA:108,0
DA:109,0
DA:110,0
DA:113,0
DA:116,0
DA:132,0
DA:137,0
DA:139,0
DA:140,0
DA:158,0
DA:162,0
DA:164,0
DA:165,0
LF:33
LH:0
BRDA:55,0,0,0
BRDA:55,0,1,0
BRDA:56,1,0,0
BRDA:56,1,1,0
BRDA:66,2,0,0
BRDA:66,2,1,0
BRDA:67,3,0,0
BRDA:67,3,1,0
BRDA:84,4,0,0
BRDA:84,4,1,0
BRDA:90,5,0,0
BRDA:90,5,1,0
BRDA:91,6,0,0
BRDA:91,6,1,0
BRDA:108,7,0,0
BRDA:108,7,1,0
BRDA:109,8,0,0
BRDA:109,8,1,0
BRDA:119,9,0,0
BRDA:119,9,1,0
BRDA:137,10,0,0
BRDA:137,10,1,0
BRDA:144,11,0,0
BRDA:144,11,1,0
BRDA:145,12,0,0
BRDA:145,12,1,0
BRDA:162,13,0,0
BRDA:162,13,1,0
BRDA:168,14,0,0
BRDA:168,14,1,0
BRDA:169,15,0,0
BRDA:169,15,1,0
BRDA:106,16,0,0
BRDA:106,16,1,0
BRDA:106,17,0,0
BRDA:106,17,1,0
BRDA:135,18,0,0
BRDA:135,18,1,0
BRDA:135,19,0,0
BRDA:135,19,1,0
BRDA:40,20,0,0
BRDA:40,20,1,0
BRDA:40,21,0,0
BRDA:40,21,1,0
BRF:44
BRH:0
end_of_record
TN:
SF:src\modules\customer-branches\customer-branches.module.ts
FNF:0
FNH:0
DA:1,0
DA:2,0
DA:3,0
DA:4,0
DA:12,0
LF:5
LH:0
BRF:0
BRH:0
end_of_record
TN:
SF:src\modules\customer-branches\customer-branches.service.ts
FN:21,(anonymous_2)
FN:26,(anonymous_3)
FN:30,(anonymous_4)
FN:40,(anonymous_5)
FN:65,(anonymous_6)
FN:73,(anonymous_7)
FN:85,(anonymous_8)
FN:101,(anonymous_9)
FN:126,(anonymous_10)
FN:128,(anonymous_11)
FN:131,(anonymous_12)
FN:154,(anonymous_13)
FN:183,(anonymous_14)
FN:240,(anonymous_15)
FN:314,(anonymous_16)
FNF:15
FNH:0
FNDA:0,(anonymous_2)
FNDA:0,(anonymous_3)
FNDA:0,(anonymous_4)
FNDA:0,(anonymous_5)
FNDA:0,(anonymous_6)
FNDA:0,(anonymous_7)
FNDA:0,(anonymous_8)
FNDA:0,(anonymous_9)
FNDA:0,(anonymous_10)
FNDA:0,(anonymous_11)
FNDA:0,(anonymous_12)
FNDA:0,(anonymous_13)
FNDA:0,(anonymous_14)
FNDA:0,(anonymous_15)
FNDA:0,(anonymous_16)
DA:1,0
DA:7,0
DA:18,0
DA:19,0
DA:21,0
DA:30,0
DA:31,0
DA:32,0
DA:34,0
DA:50,0
DA:53,0
DA:59,0
DA:60,0
DA:64,0
DA:65,0
DA:67,0
DA:68,0
DA:72,0
DA:73,0
DA:75,0
DA:76,0
DA:79,0
DA:90,0
DA:91,0
DA:94,0
DA:107,0
DA:110,0
DA:112,0
DA:114,0
DA:120,0
DA:121,0
DA:122,0
DA:126,0
DA:127,0
DA:128,0
DA:130,0
DA:131,0
DA:134,0
DA:144,0
DA:148,0
DA:160,0
DA:163,0
DA:170,0
DA:188,0
DA:193,0
DA:194,0
DA:200,0
DA:202,0
DA:212,0
DA:213,0
DA:214,0
DA:218,0
DA:222,0
DA:225,0
DA:227,0
DA:247,0
DA:251,0
DA:258,0
DA:259,0
DA:260,0
DA:264,0
DA:266,0
DA:269,0
DA:270,0
DA:271,0
DA:273,0
DA:274,0
DA:282,0
DA:289,0
DA:290,0
DA:291,0
DA:295,0
DA:296,0
DA:299,0
DA:301,0
DA:320,0
DA:323,0
DA:330,0
DA:331,0
DA:332,0
DA:336,0
DA:338,0
DA:340,0
DA:342,0
DA:343,0
DA:344,0
DA:347,0
DA:349,0
LF:88
LH:0
BRDA:31,0,0,0
BRDA:31,0,1,0
BRDA:59,1,0,0
BRDA:59,1,1,0
BRDA:59,2,0,0
BRDA:59,2,1,0
BRDA:67,3,0,0
BRDA:67,3,1,0
BRDA:75,4,0,0
BRDA:75,4,1,0
BRDA:90,5,0,0
BRDA:90,5,1,0
BRDA:90,6,0,0
BRDA:90,6,1,0
BRDA:120,7,0,0
BRDA:120,7,1,0
BRDA:126,8,0,0
BRDA:126,8,1,0
BRDA:140,9,0,0
BRDA:140,9,1,0
BRDA:140,9,2,0
BRDA:176,10,0,0
BRDA:176,10,1,0
BRDA:212,11,0,0
BRDA:212,11,1,0
BRDA:213,12,0,0
BRDA:213,12,1,0
BRDA:258,13,0,0
BRDA:258,13,1,0
BRDA:259,14,0,0
BRDA:259,14,1,0
BRDA:270,15,0,0
BRDA:270,15,1,0
BRDA:271,16,0,0
BRDA:271,16,1,0
BRDA:273,17,0,0
BRDA:273,17,1,0
BRDA:289,18,0,0
BRDA:289,18,1,0
BRDA:290,19,0,0
BRDA:290,19,1,0
BRDA:330,20,0,0
BRDA:330,20,1,0
BRDA:331,21,0,0
BRDA:331,21,1,0
BRDA:342,22,0,0
BRDA:342,22,1,0
BRDA:21,23,0,0
BRDA:21,23,1,0
BRDA:21,24,0,0
BRDA:21,24,1,0
BRF:51
BRH:0
end_of_record
TN:
SF:src\modules\customer-brands\customer-brands.controller.ts
FN:27,(anonymous_4)
FN:35,(anonymous_5)
FN:55,(anonymous_6)
FN:76,(anonymous_7)
FNF:4
FNH:0
FNDA:0,(anonymous_4)
FNDA:0,(anonymous_5)
FNDA:0,(anonymous_6)
FNDA:0,(anonymous_7)
DA:1,0
DA:10,0
DA:18,0
DA:19,0
DA:20,0
DA:26,0
DA:27,0
DA:35,0
DA:36,0
DA:37,0
DA:55,0
DA:56,0
DA:57,0
DA:76,0
DA:81,0
DA:82,0
LF:16
LH:0
BRDA:36,0,0,0
BRDA:36,0,1,0
BRDA:39,1,0,0
BRDA:39,1,1,0
BRDA:56,2,0,0
BRDA:56,2,1,0
BRDA:60,3,0,0
BRDA:60,3,1,0
BRDA:81,4,0,0
BRDA:81,4,1,0
BRDA:86,5,0,0
BRDA:86,5,1,0
BRDA:27,6,0,0
BRDA:27,6,1,0
BRDA:27,7,0,0
BRDA:27,7,1,0
BRF:16
BRH:0
end_of_record
TN:
SF:src\modules\customer-brands\customer-brands.module.ts
FNF:0
FNH:0
DA:1,0
DA:2,0
DA:3,0
DA:4,0
DA:12,0
LF:5
LH:0
BRF:0
BRH:0
end_of_record
TN:
SF:src\modules\customer-brands\customer-brands.service.ts
FN:14,(anonymous_2)
FN:19,(anonymous_3)
FN:22,(anonymous_4)
FN:42,(anonymous_5)
FN:43,(anonymous_6)
FN:60,(anonymous_7)
FN:68,(anonymous_8)
FN:98,(anonymous_9)
FN:107,(anonymous_10)
FNF:9
FNH:0
FNDA:0,(anonymous_2)
FNDA:0,(anonymous_3)
FNDA:0,(anonymous_4)
FNDA:0,(anonymous_5)
FNDA:0,(anonymous_6)
FNDA:0,(anonymous_7)
FNDA:0,(anonymous_8)
FNDA:0,(anonymous_9)
FNDA:0,(anonymous_10)
DA:1,0
DA:7,0
DA:11,0
DA:12,0
DA:14,0
DA:20,0
DA:22,0
DA:24,0
DA:25,0
DA:28,0
DA:30,0
DA:36,0
DA:37,0
DA:38,0
DA:42,0
DA:43,0
DA:44,0
DA:50,0
DA:54,0
DA:65,0
DA:68,0
DA:69,0
DA:70,0
DA:73,0
DA:76,0
DA:78,0
DA:84,0
DA:85,0
DA:86,0
DA:89,0
DA:104,0
DA:107,0
DA:108,0
DA:109,0
DA:113,0
DA:114,0
DA:117,0
DA:122,0
DA:125,0
DA:126,0
DA:127,0
DA:128,0
DA:129,0
DA:131,0
DA:138,0
DA:139,0
DA:140,0
DA:143,0
DA:145,0
LF:49
LH:0
BRDA:24,0,0,0
BRDA:24,0,1,0
BRDA:36,1,0,0
BRDA:36,1,1,0
BRDA:46,2,0,0
BRDA:46,2,1,0
BRDA:69,3,0,0
BRDA:69,3,1,0
BRDA:84,4,0,0
BRDA:84,4,1,0
BRDA:84,5,0,0
BRDA:84,5,1,0
BRDA:108,6,0,0
BRDA:108,6,1,0
BRDA:113,7,0,0
BRDA:113,7,1,0
BRDA:113,8,0,0
BRDA:113,8,1,0
BRDA:127,9,0,0
BRDA:127,9,1,0
BRDA:128,10,0,0
BRDA:128,10,1,0
BRDA:129,11,0,0
BRDA:129,11,1,0
BRDA:138,12,0,0
BRDA:138,12,1,0
BRDA:138,13,0,0
BRDA:138,13,1,0
BRDA:14,14,0,0
BRDA:14,14,1,0
BRDA:14,15,0,0
BRDA:14,15,1,0
BRF:32
BRH:0
end_of_record
TN:
SF:src\modules\customer-dashboard\customer-dashboard.controller.ts
FN:18,(anonymous_4)
FN:28,(anonymous_5)
FNF:2
FNH:0
FNDA:0,(anonymous_4)
FNDA:0,(anonymous_5)
DA:1,0
DA:2,0
DA:9,0
DA:10,0
DA:11,0
DA:17,0
DA:18,0
DA:28,0
DA:29,0
DA:30,0
DA:32,0
LF:11
LH:0
BRDA:29,0,0,0
BRDA:29,0,1,0
BRDA:30,1,0,0
BRDA:30,1,1,0
BRDA:34,2,0,0
BRDA:34,2,1,0
BRDA:35,3,0,0
BRDA:35,3,1,0
BRDA:18,4,0,0
BRDA:18,4,1,0
BRDA:18,5,0,0
BRDA:18,5,1,0
BRF:12
BRH:0
end_of_record
TN:
SF:src\modules\customer-dashboard\customer-dashboard.module.ts
FNF:0
FNH:0
DA:1,0
DA:2,0
DA:3,0
DA:4,0
DA:12,0
LF:5
LH:0
BRF:0
BRH:0
end_of_record
TN:
SF:src\modules\customer-dashboard\customer-dashboard.service.ts
FN:12,(anonymous_2)
FN:14,(anonymous_3)
FN:24,(anonymous_4)
FN:25,(anonymous_5)
FN:36,(anonymous_6)
FNF:5
FNH:0
FNDA:0,(anonymous_2)
FNDA:0,(anonymous_3)
FNDA:0,(anonymous_4)
FNDA:0,(anonymous_5)
FNDA:0,(anonymous_6)
DA:1,0
DA:2,0
DA:9,0
DA:10,0
DA:12,0
DA:19,0
DA:21,0
DA:24,0
DA:25,0
DA:28,0
DA:29,0
DA:30,0
DA:35,0
DA:36,0
DA:41,0
DA:44,0
DA:47,0
DA:50,0
DA:56,0
DA:57,0
DA:64,0
DA:71,0
DA:78,0
DA:85,0
DA:102,0
DA:104,0
LF:26
LH:0
BRDA:29,0,0,0
BRDA:29,0,1,0
BRDA:35,1,0,0
BRDA:35,1,1,0
BRDA:107,2,0,0
BRDA:107,2,1,0
BRDA:108,3,0,0
BRDA:108,3,1,0
BRDA:109,4,0,0
BRDA:109,4,1,0
BRDA:110,5,0,0
BRDA:110,5,1,0
BRDA:111,6,0,0
BRDA:111,6,1,0
BRDA:112,7,0,0
BRDA:112,7,1,0
BRDA:12,8,0,0
BRDA:12,8,1,0
BRDA:12,9,0,0
BRDA:12,9,1,0
BRF:20
BRH:0
end_of_record
TN:
SF:src\modules\customer-orders\customer-orders.controller.ts
FN:36,(anonymous_4)
FN:51,(anonymous_5)
FN:84,(anonymous_6)
FN:106,(anonymous_7)
FNF:4
FNH:0
FNDA:0,(anonymous_4)
FNDA:0,(anonymous_5)
FNDA:0,(anonymous_6)
FNDA:0,(anonymous_7)
DA:1,0
DA:13,0
DA:22,0
DA:23,0
DA:24,0
DA:25,0
DA:26,0
DA:27,0
DA:33,0
DA:34,0
DA:36,0
DA:51,0
DA:57,0
DA:58,0
DA:59,0
DA:62,0
DA:65,0
DA:84,0
DA:85,0
DA:87,0
DA:88,0
DA:106,0
DA:111,0
DA:113,0
DA:116,0
LF:25
LH:0
BRDA:57,0,0,0
BRDA:57,0,1,0
BRDA:58,1,0,0
BRDA:58,1,1,0
BRDA:68,2,0,0
BRDA:68,2,1,0
BRDA:69,3,0,0
BRDA:69,3,1,0
BRDA:85,4,0,0
BRDA:85,4,1,0
BRDA:91,5,0,0
BRDA:91,5,1,0
BRDA:92,6,0,0
BRDA:92,6,1,0
BRDA:111,7,0,0
BRDA:111,7,1,0
BRDA:120,8,0,0
BRDA:120,8,1,0
BRDA:121,9,0,0
BRDA:121,9,1,0
BRDA:54,10,0,0
BRDA:54,10,1,0
BRDA:54,11,0,0
BRDA:54,11,1,0
BRDA:54,12,0,0
BRDA:54,12,1,0
BRDA:54,13,0,0
BRDA:54,13,1,0
BRDA:109,14,0,0
BRDA:109,14,1,0
BRDA:109,15,0,0
BRDA:109,15,1,0
BRDA:36,16,0,0
BRDA:36,16,1,0
BRDA:36,17,0,0
BRDA:36,17,1,0
BRF:36
BRH:0
end_of_record
TN:
SF:src\modules\customer-orders\customer-orders.module.ts
FNF:0
FNH:0
DA:1,0
DA:2,0
DA:3,0
DA:4,0
DA:12,0
LF:5
LH:0
BRF:0
BRH:0
end_of_record
TN:
SF:src\modules\customer-orders\customer-orders.service.ts
FN:25,(anonymous_2)
FN:30,(anonymous_3)
FN:40,(anonymous_4)
FN:65,(anonymous_5)
FN:90,(anonymous_6)
FN:98,(anonymous_7)
FN:110,(anonymous_8)
FN:139,(anonymous_9)
FN:147,(anonymous_10)
FN:159,(anonymous_11)
FN:175,(anonymous_12)
FN:236,(anonymous_13)
FN:253,(anonymous_14)
FN:292,(anonymous_15)
FN:294,(anonymous_16)
FN:332,(anonymous_17)
FNF:16
FNH:0
FNDA:0,(anonymous_2)
FNDA:0,(anonymous_3)
FNDA:0,(anonymous_4)
FNDA:0,(anonymous_5)
FNDA:0,(anonymous_6)
FNDA:0,(anonymous_7)
FNDA:0,(anonymous_8)
FNDA:0,(anonymous_9)
FNDA:0,(anonymous_10)
FNDA:0,(anonymous_11)
FNDA:0,(anonymous_12)
FNDA:0,(anonymous_13)
FNDA:0,(anonymous_14)
FNDA:0,(anonymous_15)
FNDA:0,(anonymous_16)
FNDA:0,(anonymous_17)
DA:1,0
DA:7,0
DA:14,0
DA:22,0
DA:23,0
DA:25,0
DA:31,0
DA:46,0
DA:47,0
DA:48,0
DA:49,0
DA:50,0
DA:54,0
DA:55,0
DA:56,0
DA:57,0
DA:59,0
DA:75,0
DA:78,0
DA:84,0
DA:85,0
DA:89,0
DA:90,0
DA:92,0
DA:93,0
DA:97,0
DA:98,0
DA:100,0
DA:101,0
DA:104,0
DA:116,0
DA:119,0
DA:120,0
DA:121,0
DA:124,0
DA:130,0
DA:131,0
DA:134,0
DA:135,0
DA:138,0
DA:139,0
DA:141,0
DA:142,0
DA:146,0
DA:147,0
DA:149,0
DA:150,0
DA:153,0
DA:164,0
DA:165,0
DA:168,0
DA:183,0
DA:186,0
DA:193,0
DA:194,0
DA:195,0
DA:198,0
DA:203,0
DA:204,0
DA:207,0
DA:209,0
DA:210,0
DA:214,0
DA:218,0
DA:225,0
DA:226,0
DA:229,0
DA:231,0
DA:232,0
DA:233,0
DA:236,0
DA:245,0
DA:247,0
DA:259,0
DA:261,0
DA:268,0
DA:270,0
DA:281,0
DA:287,0
DA:288,0
DA:289,0
DA:292,0
DA:293,0
DA:294,0
DA:297,0
DA:306,0
DA:339,0
DA:344,0
DA:352,0
DA:354,0
DA:356,0
DA:363,0
DA:364,0
DA:365,0
DA:368,0
DA:372,0
LF:96
LH:0
BRDA:46,0,0,0
BRDA:46,0,1,0
BRDA:48,1,0,0
BRDA:48,1,1,0
BRDA:50,2,0,0
BRDA:50,2,1,0
BRDA:50,3,0,0
BRDA:50,3,1,0
BRDA:55,4,0,0
BRDA:55,4,1,0
BRDA:57,5,0,0
BRDA:57,5,1,0
BRDA:57,6,0,0
BRDA:57,6,1,0
BRDA:84,7,0,0
BRDA:84,7,1,0
BRDA:84,8,0,0
BRDA:84,8,1,0
BRDA:92,9,0,0
BRDA:92,9,1,0
BRDA:100,10,0,0
BRDA:100,10,1,0
BRDA:120,11,0,0
BRDA:120,11,1,0
BRDA:130,12,0,0
BRDA:130,12,1,0
BRDA:130,13,0,0
BRDA:130,13,1,0
BRDA:141,14,0,0
BRDA:141,14,1,0
BRDA:149,15,0,0
BRDA:149,15,1,0
BRDA:164,16,0,0
BRDA:164,16,1,0
BRDA:164,17,0,0
BRDA:164,17,1,0
BRDA:180,18,0,0
BRDA:193,19,0,0
BRDA:193,20,0,0
BRDA:203,21,0,0
BRDA:203,21,1,0
BRDA:209,22,0,0
BRDA:209,22,1,0
BRDA:225,23,0,0
BRDA:225,23,1,0
BRDA:231,24,0,0
BRDA:231,24,1,0
BRDA:236,25,0,0
BRDA:236,25,1,0
BRDA:238,26,0,0
BRDA:238,26,1,0
BRDA:239,27,0,0
BRDA:239,27,1,0
BRDA:240,28,0,0
BRDA:240,28,1,0
BRDA:241,29,0,0
BRDA:241,29,1,0
BRDA:247,30,0,0
BRDA:247,30,1,0
BRDA:287,31,0,0
BRDA:287,31,1,0
BRDA:287,32,0,0
BRDA:287,32,1,0
BRDA:292,33,0,0
BRDA:292,33,1,0
BRDA:293,34,0,0
BRDA:293,34,1,0
BRDA:299,35,0,0
BRDA:299,35,1,0
BRDA:300,36,0,0
BRDA:300,36,1,0
BRDA:301,37,0,0
BRDA:301,37,1,0
BRDA:302,38,0,0
BRDA:302,38,1,0
BRDA:308,39,0,0
BRDA:308,39,1,0
BRDA:309,40,0,0
BRDA:309,40,1,0
BRDA:312,41,0,0
BRDA:312,41,1,0
BRDA:313,42,0,0
BRDA:313,42,1,0
BRDA:314,43,0,0
BRDA:314,43,1,0
BRDA:316,44,0,0
BRDA:316,44,1,0
BRDA:320,45,0,0
BRDA:320,45,1,0
BRDA:321,46,0,0
BRDA:321,46,1,0
BRDA:322,47,0,0
BRDA:322,47,1,0
BRDA:323,48,0,0
BRDA:323,48,1,0
BRDA:363,49,0,0
BRDA:363,49,1,0
BRDA:363,50,0,0
BRDA:363,50,1,0
BRDA:374,51,0,0
BRDA:374,51,1,0
BRDA:375,52,0,0
BRDA:375,52,1,0
BRDA:376,53,0,0
BRDA:376,53,1,0
BRDA:377,54,0,0
BRDA:377,54,1,0
BRDA:25,55,0,0
BRDA:25,55,1,0
BRDA:25,56,0,0
BRDA:25,56,1,0
BRF:111
BRH:0
end_of_record
TN:
SF:src\modules\customer-products\customer-products.controller.ts
FN:38,(anonymous_4)
FN:49,(anonymous_5)
FN:78,(anonymous_6)
FN:103,(anonymous_7)
FN:133,(anonymous_8)
FN:159,(anonymous_9)
FNF:6
FNH:0
FNDA:0,(anonymous_4)
FNDA:0,(anonymous_5)
FNDA:0,(anonymous_6)
FNDA:0,(anonymous_7)
FNDA:0,(anonymous_8)
FNDA:0,(anonymous_9)
DA:1,0
DA:15,0
DA:25,0
DA:26,0
DA:27,0
DA:28,0
DA:29,0
DA:35,0
DA:36,0
DA:38,0
DA:49,0
DA:53,0
DA:54,0
DA:55,0
DA:58,0
DA:61,0
DA:78,0
DA:82,0
DA:84,0
DA:85,0
DA:103,0
DA:107,0
DA:108,0
DA:109,0
DA:112,0
DA:115,0
DA:133,0
DA:138,0
DA:140,0
DA:141,0
DA:159,0
DA:163,0
DA:165,0
DA:166,0
LF:34
LH:0
BRDA:53,0,0,0
BRDA:53,0,1,0
BRDA:54,1,0,0
BRDA:54,1,1,0
BRDA:64,2,0,0
BRDA:64,2,1,0
BRDA:65,3,0,0
BRDA:65,3,1,0
BRDA:82,4,0,0
BRDA:82,4,1,0
BRDA:88,5,0,0
BRDA:88,5,1,0
BRDA:89,6,0,0
BRDA:89,6,1,0
BRDA:107,7,0,0
BRDA:107,7,1,0
BRDA:108,8,0,0
BRDA:108,8,1,0
BRDA:118,9,0,0
BRDA:118,9,1,0
BRDA:119,10,0,0
BRDA:119,10,1,0
BRDA:138,11,0,0
BRDA:138,11,1,0
BRDA:145,12,0,0
BRDA:145,12,1,0
BRDA:146,13,0,0
BRDA:146,13,1,0
BRDA:163,14,0,0
BRDA:163,14,1,0
BRDA:169,15,0,0
BRDA:169,15,1,0
BRDA:170,16,0,0
BRDA:170,16,1,0
BRDA:105,17,0,0
BRDA:105,17,1,0
BRDA:105,18,0,0
BRDA:105,18,1,0
BRDA:136,19,0,0
BRDA:136,19,1,0
BRDA:136,20,0,0
BRDA:136,20,1,0
BRDA:38,21,0,0
BRDA:38,21,1,0
BRDA:38,22,0,0
BRDA:38,22,1,0
BRF:46
BRH:0
end_of_record
TN:
SF:src\modules\customer-products\customer-products.module.ts
FNF:0
FNH:0
DA:1,0
DA:2,0
DA:3,0
DA:4,0
DA:12,0
LF:5
LH:0
BRF:0
BRH:0
end_of_record
TN:
SF:src\modules\customer-products\customer-products.service.ts
FN:19,(anonymous_2)
FN:24,(anonymous_3)
FN:49,(anonymous_4)
FN:57,(anonymous_5)
FN:69,(anonymous_6)
FN:93,(anonymous_7)
FN:101,(anonymous_8)
FN:113,(anonymous_9)
FN:129,(anonymous_10)
FN:176,(anonymous_11)
FN:215,(anonymous_12)
FN:269,(anonymous_13)
FN:298,(anonymous_14)
FN:360,(anonymous_15)
FNF:14
FNH:0
FNDA:0,(anonymous_2)
FNDA:0,(anonymous_3)
FNDA:0,(anonymous_4)
FNDA:0,(anonymous_5)
FNDA:0,(anonymous_6)
FNDA:0,(anonymous_7)
FNDA:0,(anonymous_8)
FNDA:0,(anonymous_9)
FNDA:0,(anonymous_10)
FNDA:0,(anonymous_11)
FNDA:0,(anonymous_12)
FNDA:0,(anonymous_13)
FNDA:0,(anonymous_14)
FNDA:0,(anonymous_15)
DA:1,0
DA:7,0
DA:16,0
DA:17,0
DA:19,0
DA:34,0
DA:37,0
DA:43,0
DA:44,0
DA:48,0
DA:49,0
DA:51,0
DA:52,0
DA:56,0
DA:57,0
DA:59,0
DA:60,0
DA:63,0
DA:75,0
DA:78,0
DA:84,0
DA:85,0
DA:88,0
DA:89,0
DA:92,0
DA:93,0
DA:95,0
DA:96,0
DA:100,0
DA:101,0
DA:103,0
DA:104,0
DA:107,0
DA:118,0
DA:119,0
DA:122,0
DA:135,0
DA:140,0
DA:147,0
DA:149,0
DA:158,0
DA:159,0
DA:163,0
DA:166,0
DA:170,0
DA:182,0
DA:184,0
DA:192,0
DA:193,0
DA:199,0
DA:200,0
DA:206,0
DA:221,0
DA:226,0
DA:233,0
DA:234,0
DA:235,0
DA:239,0
DA:241,0
DA:244,0
DA:259,0
DA:260,0
DA:264,0
DA:268,0
DA:269,0
DA:277,0
DA:281,0
DA:282,0
DA:290,0
DA:292,0
DA:305,0
DA:308,0
DA:316,0
DA:318,0
DA:321,0
DA:322,0
DA:323,0
DA:324,0
DA:325,0
DA:326,0
DA:327,0
DA:328,0
DA:329,0
DA:331,0
DA:332,0
DA:340,0
DA:347,0
DA:348,0
DA:349,0
DA:352,0
DA:354,0
DA:366,0
DA:369,0
DA:377,0
DA:379,0
DA:381,0
DA:383,0
DA:384,0
DA:385,0
DA:388,0
DA:390,0
LF:101
LH:0
BRDA:43,0,0,0
BRDA:43,0,1,0
BRDA:43,1,0,0
BRDA:43,1,1,0
BRDA:51,2,0,0
BRDA:51,2,1,0
BRDA:59,3,0,0
BRDA:59,3,1,0
BRDA:84,4,0,0
BRDA:84,4,1,0
BRDA:84,5,0,0
BRDA:84,5,1,0
BRDA:95,6,0,0
BRDA:95,6,1,0
BRDA:103,7,0,0
BRDA:103,7,1,0
BRDA:118,8,0,0
BRDA:118,8,1,0
BRDA:118,9,0,0
BRDA:118,9,1,0
BRDA:158,10,0,0
BRDA:158,10,1,0
BRDA:167,11,0,0
BRDA:167,11,1,0
BRDA:170,12,0,0
BRDA:170,12,1,0
BRDA:199,13,0,0
BRDA:199,13,1,0
BRDA:208,14,0,0
BRDA:208,14,1,0
BRDA:233,15,0,0
BRDA:233,15,1,0
BRDA:234,16,0,0
BRDA:234,16,1,0
BRDA:252,17,0,0
BRDA:252,17,1,0
BRDA:253,18,0,0
BRDA:253,18,1,0
BRDA:259,19,0,0
BRDA:259,19,1,0
BRDA:268,20,0,0
BRDA:268,20,1,0
BRDA:268,21,0,0
BRDA:268,21,1,0
BRDA:272,22,0,0
BRDA:272,22,1,0
BRDA:273,23,0,0
BRDA:273,23,1,0
BRDA:274,24,0,0
BRDA:274,24,1,0
BRDA:281,25,0,0
BRDA:281,25,1,0
BRDA:322,26,0,0
BRDA:322,26,1,0
BRDA:323,27,0,0
BRDA:323,27,1,0
BRDA:325,28,0,0
BRDA:325,28,1,0
BRDA:326,29,0,0
BRDA:326,29,1,0
BRDA:327,30,0,0
BRDA:327,30,1,0
BRDA:328,31,0,0
BRDA:328,31,1,0
BRDA:329,32,0,0
BRDA:329,32,1,0
BRDA:331,33,0,0
BRDA:331,33,1,0
BRDA:347,34,0,0
BRDA:347,34,1,0
BRDA:347,35,0,0
BRDA:347,35,1,0
BRDA:383,36,0,0
BRDA:383,36,1,0
BRDA:19,37,0,0
BRDA:19,37,1,0
BRDA:19,38,0,0
BRDA:19,38,1,0
BRF:78
BRH:0
end_of_record
TN:
SF:src\modules\dashboard\dashboard.controller.ts
FN:17,(anonymous_4)
FN:24,(anonymous_5)
FNF:2
FNH:0
FNDA:0,(anonymous_4)
FNDA:0,(anonymous_5)
DA:1,0
DA:9,0
DA:10,0
DA:12,0
DA:16,0
DA:17,0
DA:24,0
DA:25,0
DA:26,0
DA:27,0
DA:29,0
LF:11
LH:0
BRDA:25,0,0,0
BRDA:25,0,1,0
BRDA:26,1,0,0
BRDA:26,1,1,0
BRDA:17,2,0,0
BRDA:17,2,1,0
BRDA:17,3,0,0
BRDA:17,3,1,0
BRF:8
BRH:0
end_of_record
TN:
SF:src\modules\dashboard\dashboard.module.ts
FNF:0
FNH:0
DA:1,0
DA:2,0
DA:3,0
DA:4,0
DA:11,0
LF:5
LH:0
BRF:0
BRH:0
end_of_record
TN:
SF:src\modules\dashboard\dashboard.service.ts
FN:21,(anonymous_2)
FN:23,(anonymous_3)
FN:29,(anonymous_4)
FN:52,(anonymous_5)
FN:115,(anonymous_6)
FNF:5
FNH:0
FNDA:0,(anonymous_2)
FNDA:0,(anonymous_3)
FNDA:0,(anonymous_4)
FNDA:0,(anonymous_5)
FNDA:0,(anonymous_6)
DA:1,0
DA:2,0
DA:20,0
DA:21,0
DA:24,0
DA:34,0
DA:37,0
DA:38,0
DA:39,0
DA:42,0
DA:47,0
DA:48,0
DA:51,0
DA:52,0
DA:55,0
DA:56,0
DA:73,0
DA:115,0
DA:123,0
LF:19
LH:0
BRDA:24,0,0,0
BRDA:24,0,1,0
BRDA:47,1,0,0
BRDA:47,1,1,0
BRDA:51,2,0,0
BRDA:51,2,1,0
BRDA:55,3,0,0
BRDA:55,3,1,0
BRDA:115,4,0,0
BRDA:115,4,1,0
BRDA:117,5,0,0
BRDA:117,5,1,0
BRDA:119,6,0,0
BRDA:119,6,1,0
BRDA:120,7,0,0
BRDA:120,7,1,0
BRDA:124,8,0,0
BRDA:124,8,1,0
BRDA:125,9,0,0
BRDA:125,9,1,0
BRDA:126,10,0,0
BRDA:126,10,1,0
BRDA:127,11,0,0
BRDA:127,11,1,0
BRDA:128,12,0,0
BRDA:128,12,1,0
BRDA:21,13,0,0
BRDA:21,13,1,0
BRDA:21,14,0,0
BRDA:21,14,1,0
BRF:30
BRH:0
end_of_record
TN:
SF:src\modules\health\health.controller.ts
FN:9,(anonymous_2)
FN:17,(anonymous_3)
FN:18,(anonymous_4)
FNF:3
FNH:0
FNDA:0,(anonymous_2)
FNDA:0,(anonymous_3)
FNDA:0,(anonymous_4)
DA:1,0
DA:2,0
DA:3,0
DA:4,0
DA:8,0
DA:10,0
DA:11,0
DA:17,0
DA:18,0
LF:9
LH:0
BRDA:10,0,0,0
BRDA:10,0,1,0
BRDA:10,1,0,0
BRDA:10,1,1,0
BRDA:10,2,0,0
BRDA:10,2,1,0
BRDA:10,3,0,0
BRDA:10,3,1,0
BRF:8
BRH:0
end_of_record
TN:
SF:src\modules\health\health.module.ts
FNF:0
FNH:0
DA:1,0
DA:2,0
DA:3,0
DA:4,0
DA:5,0
DA:12,0
LF:6
LH:0
BRF:0
BRH:0
end_of_record
TN:
SF:src\modules\health\supabase.health.ts
FN:11,(anonymous_2)
FN:15,(anonymous_3)
FNF:2
FNH:0
FNDA:0,(anonymous_2)
FNDA:0,(anonymous_3)
DA:1,0
DA:2,0
DA:7,0
DA:10,0
DA:11,0
DA:12,0
DA:16,0
DA:17,0
DA:20,0
DA:22,0
DA:23,0
DA:26,0
DA:28,0
LF:13
LH:0
BRDA:22,0,0,0
BRDA:22,0,1,0
BRDA:11,1,0,0
BRDA:11,1,1,0
BRDA:11,2,0,0
BRDA:11,2,1,0
BRF:6
BRH:0
end_of_record
TN:
SF:src\modules\inventory\inventory.controller.ts
FN:43,(anonymous_4)
FN:58,(anonymous_5)
FN:91,(anonymous_6)
FN:125,(anonymous_7)
FN:157,(anonymous_8)
FN:188,(anonymous_9)
FN:223,(anonymous_10)
FNF:7
FNH:0
FNDA:0,(anonymous_4)
FNDA:0,(anonymous_5)
FNDA:0,(anonymous_6)
FNDA:0,(anonymous_7)
FNDA:0,(anonymous_8)
FNDA:0,(anonymous_9)
FNDA:0,(anonymous_10)
DA:1,0
DA:14,0
DA:24,0
DA:25,0
DA:26,0
DA:27,0
DA:40,0
DA:41,0
DA:43,0
DA:58,0
DA:62,0
DA:63,0
DA:64,0
DA:67,0
DA:70,0
DA:91,0
DA:95,0
DA:96,0
DA:97,0
DA:100,0
DA:103,0
DA:125,0
DA:130,0
DA:132,0
DA:135,0
DA:157,0
DA:161,0
DA:163,0
DA:166,0
DA:188,0
DA:193,0
DA:195,0
DA:198,0
DA:223,0
DA:228,0
DA:230,0
DA:233,0
LF:37
LH:0
BRDA:62,0,0,0
BRDA:62,0,1,0
BRDA:63,1,0,0
BRDA:63,1,1,0
BRDA:73,2,0,0
BRDA:73,2,1,0
BRDA:74,3,0,0
BRDA:74,3,1,0
BRDA:95,4,0,0
BRDA:95,4,1,0
BRDA:96,5,0,0
BRDA:96,5,1,0
BRDA:106,6,0,0
BRDA:106,6,1,0
BRDA:107,7,0,0
BRDA:107,7,1,0
BRDA:130,8,0,0
BRDA:130,8,1,0
BRDA:139,9,0,0
BRDA:139,9,1,0
BRDA:140,10,0,0
BRDA:140,10,1,0
BRDA:161,11,0,0
BRDA:161,11,1,0
BRDA:169,12,0,0
BRDA:169,12,1,0
BRDA:170,13,0,0
BRDA:170,13,1,0
BRDA:193,14,0,0
BRDA:193,14,1,0
BRDA:202,15,0,0
BRDA:202,15,1,0
BRDA:203,16,0,0
BRDA:203,16,1,0
BRDA:228,17,0,0
BRDA:228,17,1,0
BRDA:237,18,0,0
BRDA:237,18,1,0
BRDA:238,19,0,0
BRDA:238,19,1,0
BRDA:61,20,0,0
BRDA:61,20,1,0
BRDA:61,21,0,0
BRDA:61,21,1,0
BRDA:94,22,0,0
BRDA:94,22,1,0
BRDA:94,23,0,0
BRDA:94,23,1,0
BRDA:129,24,0,0
BRDA:129,24,1,0
BRDA:129,25,0,0
BRDA:129,25,1,0
BRDA:160,26,0,0
BRDA:160,26,1,0
BRDA:160,27,0,0
BRDA:160,27,1,0
BRDA:191,28,0,0
BRDA:191,28,1,0
BRDA:191,29,0,0
BRDA:191,29,1,0
BRDA:192,30,0,0
BRDA:192,30,1,0
BRDA:192,31,0,0
BRDA:192,31,1,0
BRDA:226,32,0,0
BRDA:226,32,1,0
BRDA:226,33,0,0
BRDA:226,33,1,0
BRDA:227,34,0,0
BRDA:227,34,1,0
BRDA:227,35,0,0
BRDA:227,35,1,0
BRDA:43,36,0,0
BRDA:43,36,1,0
BRDA:43,37,0,0
BRDA:43,37,1,0
BRF:76
BRH:0
end_of_record
TN:
SF:src\modules\inventory\inventory.module.ts
FNF:0
FNH:0
DA:1,0
DA:2,0
DA:3,0
DA:4,0
DA:12,0
LF:5
LH:0
BRF:0
BRH:0
end_of_record
TN:
SF:src\modules\inventory\inventory.service.ts
FN:26,(anonymous_2)
FN:31,(anonymous_3)
FN:52,(anonymous_4)
FN:60,(anonymous_5)
FN:72,(anonymous_6)
FN:96,(anonymous_7)
FN:104,(anonymous_8)
FN:116,(anonymous_9)
FN:132,(anonymous_10)
FN:171,(anonymous_11)
FN:227,(anonymous_12)
FN:253,(anonymous_13)
FN:367,(anonymous_14)
FN:465,(anonymous_15)
FN:548,(anonymous_16)
FN:595,(anonymous_17)
FN:602,(anonymous_18)
FN:620,(anonymous_19)
FNF:18
FNH:0
FNDA:0,(anonymous_2)
FNDA:0,(anonymous_3)
FNDA:0,(anonymous_4)
FNDA:0,(anonymous_5)
FNDA:0,(anonymous_6)
FNDA:0,(anonymous_7)
FNDA:0,(anonymous_8)
FNDA:0,(anonymous_9)
FNDA:0,(anonymous_10)
FNDA:0,(anonymous_11)
FNDA:0,(anonymous_12)
FNDA:0,(anonymous_13)
FNDA:0,(anonymous_14)
FNDA:0,(anonymous_15)
FNDA:0,(anonymous_16)
FNDA:0,(anonymous_17)
FNDA:0,(anonymous_18)
FNDA:0,(anonymous_19)
DA:1,1
DA:8,1
DA:23,1
DA:24,0
DA:26,0
DA:37,0
DA:40,0
DA:46,0
DA:47,0
DA:51,0
DA:52,0
DA:54,0
DA:55,0
DA:59,0
DA:60,0
DA:62,0
DA:63,0
DA:66,0
DA:78,0
DA:81,0
DA:87,0
DA:88,0
DA:91,0
DA:92,0
DA:95,0
DA:96,0
DA:98,0
DA:99,0
DA:103,0
DA:104,0
DA:106,0
DA:107,0
DA:110,0
DA:121,0
DA:122,0
DA:125,0
DA:144,0
DA:146,0
DA:159,0
DA:160,0
DA:177,0
DA:182,0
DA:189,0
DA:191,0
DA:215,0
DA:216,0
DA:220,0
DA:223,0
DA:227,0
DA:228,0
DA:229,0
DA:231,0
DA:259,0
DA:264,0
DA:271,0
DA:273,0
DA:292,0
DA:294,0
DA:307,0
DA:308,0
DA:312,0
DA:315,0
DA:340,0
DA:374,0
DA:379,0
DA:387,0
DA:389,0
DA:392,0
DA:399,0
DA:400,0
DA:404,0
DA:405,0
DA:406,0
DA:407,0
DA:408,0
DA:410,0
DA:411,0
DA:419,0
DA:426,0
DA:427,0
DA:431,0
DA:435,0
DA:439,0
DA:440,0
DA:452,0
DA:454,0
DA:472,0
DA:477,0
DA:485,0
DA:487,0
DA:490,0
DA:497,0
DA:498,0
DA:501,0
DA:503,0
DA:504,0
DA:508,0
DA:513,0
DA:514,0
DA:518,0
DA:522,0
DA:533,0
DA:537,0
DA:554,0
DA:559,0
DA:566,0
DA:568,0
DA:585,0
DA:586,0
DA:590,0
DA:594,0
DA:595,0
DA:598,0
DA:602,0
DA:603,0
DA:605,0
DA:627,0
DA:631,0
DA:632,0
DA:637,0
DA:639,0
DA:645,0
DA:647,0
DA:653,0
DA:656,0
DA:658,0
DA:664,0
DA:667,0
DA:669,0
DA:670,0
DA:671,0
DA:674,0
DA:676,0
LF:133
LH:3
BRDA:46,0,0,0
BRDA:46,0,1,0
BRDA:46,1,0,0
BRDA:46,1,1,0
BRDA:54,2,0,0
BRDA:54,2,1,0
BRDA:62,3,0,0
BRDA:62,3,1,0
BRDA:87,4,0,0
BRDA:87,4,1,0
BRDA:87,5,0,0
BRDA:87,5,1,0
BRDA:98,6,0,0
BRDA:98,6,1,0
BRDA:106,7,0,0
BRDA:106,7,1,0
BRDA:121,8,0,0
BRDA:121,8,1,0
BRDA:121,9,0,0
BRDA:121,9,1,0
BRDA:159,10,0,0
BRDA:159,10,1,0
BRDA:215,11,0,0
BRDA:215,11,1,0
BRDA:224,12,0,0
BRDA:224,12,1,0
BRDA:227,13,0,0
BRDA:227,13,1,0
BRDA:234,14,0,0
BRDA:234,14,1,0
BRDA:292,15,0,0
BRDA:292,15,1,0
BRDA:292,16,0,0
BRDA:292,16,1,0
BRDA:307,17,0,0
BRDA:307,17,1,0
BRDA:307,18,0,0
BRDA:307,18,1,0
BRDA:399,19,0,0
BRDA:399,19,1,0
BRDA:399,20,0,0
BRDA:399,20,1,0
BRDA:405,21,0,0
BRDA:405,21,1,0
BRDA:407,22,0,0
BRDA:407,22,1,0
BRDA:410,23,0,0
BRDA:410,23,1,0
BRDA:426,24,0,0
BRDA:426,24,1,0
BRDA:426,25,0,0
BRDA:426,25,1,0
BRDA:435,26,0,0
BRDA:435,26,1,0
BRDA:436,27,0,0
BRDA:436,27,1,0
BRDA:497,28,0,0
BRDA:497,28,1,0
BRDA:497,29,0,0
BRDA:497,29,1,0
BRDA:503,30,0,0
BRDA:503,30,1,0
BRDA:513,31,0,0
BRDA:513,31,1,0
BRDA:585,32,0,0
BRDA:585,32,1,0
BRDA:594,33,0,0
BRDA:594,33,1,0
BRDA:607,34,0,0
BRDA:607,34,1,0
BRDA:631,35,0,0
BRDA:631,35,1,0
BRDA:631,36,0,0
BRDA:631,36,1,0
BRDA:645,37,0,0
BRDA:645,37,1,0
BRDA:650,38,0,0
BRDA:650,38,1,0
BRDA:651,39,0,0
BRDA:651,39,1,0
BRDA:656,40,0,0
BRDA:656,40,1,0
BRDA:661,41,0,0
BRDA:661,41,1,0
BRDA:662,42,0,0
BRDA:662,42,1,0
BRDA:669,43,0,0
BRDA:669,43,1,0
BRDA:674,44,0,0
BRDA:674,44,1,0
BRDA:676,45,0,0
BRDA:676,45,1,0
BRDA:26,46,0,1
BRDA:26,46,1,0
BRDA:26,47,0,1
BRDA:26,47,1,1
BRF:96
BRH:3
end_of_record
TN:
SF:src\modules\inventory\dto\inventory.dto.ts
FN:143,(anonymous_2)
FNF:1
FNH:0
FNDA:0,(anonymous_2)
DA:1,0
DA:2,0
DA:8,0
DA:10,0
DA:13,0
DA:16,0
DA:19,0
DA:22,0
DA:25,0
DA:28,0
DA:31,0
DA:34,0
DA:37,0
DA:40,0
DA:43,0
DA:46,0
DA:49,0
DA:52,0
DA:54,0
DA:57,0
DA:60,0
DA:63,0
DA:66,0
DA:69,0
DA:72,0
DA:75,0
DA:77,0
DA:80,0
DA:83,0
DA:86,0
DA:89,0
DA:92,0
DA:95,0
DA:98,0
DA:101,0
DA:104,0
DA:107,0
DA:110,0
DA:113,0
DA:115,0
DA:129,0
DA:134,0
DA:140,0
DA:143,0
DA:144,0
DA:145,0
DA:146,0
DA:147,0
DA:148,0
DA:149,0
DA:150,0
DA:153,0
DA:156,0
DA:164,0
DA:169,0
LF:55
LH:0
BRDA:143,0,0,0
BRDA:143,0,1,0
BRF:2
BRH:0
end_of_record
TN:
SF:src\modules\members\members.controller.ts
FN:26,(anonymous_4)
FN:37,(anonymous_5)
FN:54,(anonymous_6)
FN:74,(anonymous_7)
FN:95,(anonymous_8)
FN:118,(anonymous_9)
FN:135,(anonymous_10)
FN:152,(anonymous_11)
FN:173,(anonymous_12)
FNF:9
FNH:0
FNDA:0,(anonymous_4)
FNDA:0,(anonymous_5)
FNDA:0,(anonymous_6)
FNDA:0,(anonymous_7)
FNDA:0,(anonymous_8)
FNDA:0,(anonymous_9)
FNDA:0,(anonymous_10)
FNDA:0,(anonymous_11)
FNDA:0,(anonymous_12)
DA:1,0
DA:12,0
DA:13,0
DA:15,0
DA:16,0
DA:25,0
DA:26,0
DA:37,0
DA:41,0
DA:42,0
DA:54,0
DA:59,0
DA:60,0
DA:74,0
DA:80,0
DA:81,0
DA:95,0
DA:100,0
DA:101,0
DA:118,0
DA:122,0
DA:123,0
DA:135,0
DA:139,0
DA:140,0
DA:152,0
DA:158,0
DA:159,0
DA:173,0
DA:178,0
DA:179,0
LF:31
LH:0
BRDA:41,0,0,0
BRDA:41,0,1,0
BRDA:59,1,0,0
BRDA:59,1,1,0
BRDA:80,2,0,0
BRDA:80,2,1,0
BRDA:100,3,0,0
BRDA:100,3,1,0
BRDA:122,4,0,0
BRDA:122,4,1,0
BRDA:139,5,0,0
BRDA:139,5,1,0
BRDA:158,6,0,0
BRDA:158,6,1,0
BRDA:178,7,0,0
BRDA:178,7,1,0
BRDA:78,8,0,0
BRDA:78,8,1,0
BRDA:78,9,0,0
BRDA:78,9,1,0
BRDA:137,10,0,0
BRDA:137,10,1,0
BRDA:137,11,0,0
BRDA:137,11,1,0
BRDA:156,12,0,0
BRDA:156,12,1,0
BRDA:156,13,0,0
BRDA:156,13,1,0
BRDA:26,14,0,0
BRDA:26,14,1,0
BRDA:26,15,0,0
BRDA:26,15,1,0
BRF:32
BRH:0
end_of_record
TN:
SF:src\modules\members\members.module.ts
FNF:0
FNH:0
DA:1,0
DA:2,0
DA:3,0
DA:4,0
DA:12,0
LF:5
LH:0
BRF:0
BRH:0
end_of_record
TN:
SF:src\modules\members\members.service.ts
FN:21,(anonymous_2)
FN:23,(anonymous_3)
FN:36,(anonymous_4)
FN:66,(anonymous_5)
FN:71,(anonymous_6)
FN:86,(anonymous_7)
FN:108,(anonymous_8)
FN:160,(anonymous_9)
FN:208,(anonymous_10)
FN:236,(anonymous_11)
FN:265,(anonymous_12)
FN:280,(anonymous_13)
FN:330,(anonymous_14)
FN:378,(anonymous_15)
FNF:14
FNH:0
FNDA:0,(anonymous_2)
FNDA:0,(anonymous_3)
FNDA:0,(anonymous_4)
FNDA:0,(anonymous_5)
FNDA:0,(anonymous_6)
FNDA:0,(anonymous_7)
FNDA:0,(anonymous_8)
FNDA:0,(anonymous_9)
FNDA:0,(anonymous_10)
FNDA:0,(anonymous_11)
FNDA:0,(anonymous_12)
FNDA:0,(anonymous_13)
FNDA:0,(anonymous_14)
FNDA:0,(anonymous_15)
DA:1,0
DA:6,0
DA:7,0
DA:20,0
DA:21,0
DA:24,0
DA:41,0
DA:43,0
DA:61,0
DA:62,0
DA:66,0
DA:69,0
DA:71,0
DA:91,0
DA:100,0
DA:115,0
DA:118,0
DA:125,0
DA:126,0
DA:130,0
DA:141,0
DA:142,0
DA:145,0
DA:167,0
DA:169,0
DA:170,0
DA:171,0
DA:173,0
DA:174,0
DA:177,0
DA:185,0
DA:186,0
DA:189,0
DA:190,0
DA:193,0
DA:214,0
DA:216,0
DA:222,0
DA:223,0
DA:226,0
DA:241,0
DA:243,0
DA:261,0
DA:262,0
DA:265,0
DA:285,0
DA:288,0
DA:295,0
DA:296,0
DA:300,0
DA:311,0
DA:312,0
DA:315,0
DA:337,0
DA:339,0
DA:340,0
DA:341,0
DA:343,0
DA:344,0
DA:347,0
DA:355,0
DA:356,0
DA:359,0
DA:360,0
DA:363,0
DA:384,0
DA:386,0
DA:392,0
DA:393,0
DA:396,0
LF:70
LH:0
BRDA:24,0,0,0
BRDA:24,0,1,0
BRDA:61,1,0,0
BRDA:61,1,1,0
BRDA:66,2,0,0
BRDA:66,2,1,0
BRDA:71,3,0,0
BRDA:71,3,1,0
BRDA:75,4,0,0
BRDA:75,4,1,0
BRDA:76,5,0,0
BRDA:76,5,1,0
BRDA:79,6,0,0
BRDA:79,6,1,0
BRDA:112,7,0,0
BRDA:125,8,0,0
BRDA:125,8,1,0
BRDA:141,9,0,0
BRDA:141,9,1,0
BRDA:153,10,0,0
BRDA:153,10,1,0
BRDA:170,11,0,0
BRDA:170,11,1,0
BRDA:171,12,0,0
BRDA:171,12,1,0
BRDA:173,13,0,0
BRDA:173,13,1,0
BRDA:185,14,0,0
BRDA:185,14,1,0
BRDA:189,15,0,0
BRDA:189,15,1,0
BRDA:201,16,0,0
BRDA:201,16,1,0
BRDA:222,17,0,0
BRDA:222,17,1,0
BRDA:261,18,0,0
BRDA:261,18,1,0
BRDA:265,19,0,0
BRDA:265,19,1,0
BRDA:270,20,0,0
BRDA:270,20,1,0
BRDA:273,21,0,0
BRDA:273,21,1,0
BRDA:295,22,0,0
BRDA:295,22,1,0
BRDA:305,23,0,0
BRDA:305,23,1,0
BRDA:311,24,0,0
BRDA:311,24,1,0
BRDA:323,25,0,0
BRDA:323,25,1,0
BRDA:340,26,0,0
BRDA:340,26,1,0
BRDA:341,27,0,0
BRDA:341,27,1,0
BRDA:343,28,0,0
BRDA:343,28,1,0
BRDA:355,29,0,0
BRDA:355,29,1,0
BRDA:359,30,0,0
BRDA:359,30,1,0
BRDA:371,31,0,0
BRDA:371,31,1,0
BRDA:392,32,0,0
BRDA:392,32,1,0
BRDA:21,33,0,0
BRDA:21,33,1,0
BRDA:21,34,0,0
BRDA:21,34,1,0
BRF:69
BRH:0
end_of_record
TN:
SF:src\modules\members\dto\member.dto.ts
FN:7,(anonymous_2)
FN:14,(anonymous_3)
FN:21,(anonymous_4)
FNF:3
FNH:0
FNDA:0,(anonymous_2)
FNDA:0,(anonymous_3)
FNDA:0,(anonymous_4)
DA:1,0
DA:7,0
DA:8,0
DA:9,0
DA:10,0
DA:11,0
DA:14,0
DA:15,0
DA:16,0
DA:17,0
DA:18,0
DA:21,0
DA:22,0
DA:23,0
DA:24,0
DA:25,0
DA:32,0
DA:43,0
DA:58,0
DA:60,0
DA:63,0
DA:67,0
DA:70,0
DA:73,0
DA:77,0
DA:80,0
DA:82,0
DA:85,0
DA:89,0
DA:92,0
DA:95,0
DA:99,0
LF:32
LH:0
BRDA:7,0,0,0
BRDA:7,0,1,0
BRDA:14,1,0,0
BRDA:14,1,1,0
BRDA:21,2,0,0
BRDA:21,2,1,0
BRF:6
BRH:0
end_of_record
TN:
SF:src\modules\notifications\index.ts
FNF:0
FNH:0
DA:1,0
DA:2,0
DA:3,0
LF:3
LH:0
BRF:0
BRH:0
end_of_record
TN:
SF:src\modules\notifications\notifications.module.ts
FNF:0
FNH:0
DA:1,0
DA:2,0
DA:3,0
DA:10,0
LF:4
LH:0
BRF:0
BRH:0
end_of_record
TN:
SF:src\modules\notifications\notifications.service.ts
FN:26,(anonymous_2)
FN:51,(anonymous_3)
FN:71,(anonymous_4)
FN:91,(anonymous_5)
FN:111,(anonymous_6)
FN:131,(anonymous_7)
FN:158,(anonymous_8)
FN:173,(anonymous_9)
FN:188,(anonymous_10)
FN:206,(anonymous_11)
FN:270,(anonymous_12)
FN:324,(anonymous_13)
FN:331,(anonymous_14)
FN:454,(anonymous_15)
FN:525,(anonymous_16)
FN:597,(anonymous_17)
FN:661,(anonymous_18)
FN:729,(anonymous_19)
FN:735,(anonymous_20)
FN:742,(anonymous_21)
FN:758,(anonymous_22)
FN:772,(anonymous_23)
FNF:22
FNH:0
FNDA:0,(anonymous_2)
FNDA:0,(anonymous_3)
FNDA:0,(anonymous_4)
FNDA:0,(anonymous_5)
FNDA:0,(anonymous_6)
FNDA:0,(anonymous_7)
FNDA:0,(anonymous_8)
FNDA:0,(anonymous_9)
FNDA:0,(anonymous_10)
FNDA:0,(anonymous_11)
FNDA:0,(anonymous_12)
FNDA:0,(anonymous_13)
FNDA:0,(anonymous_14)
FNDA:0,(anonymous_15)
FNDA:0,(anonymous_16)
FNDA:0,(anonymous_17)
FNDA:0,(anonymous_18)
FNDA:0,(anonymous_19)
FNDA:0,(anonymous_20)
FNDA:0,(anonymous_21)
FNDA:0,(anonymous_22)
FNDA:0,(anonymous_23)
DA:1,0
DA:2,0
DA:3,0
DA:18,0
DA:19,0
DA:26,0
DA:27,0
DA:28,0
DA:29,0
DA:30,0
DA:33,0
DA:35,0
DA:36,0
DA:38,0
DA:56,0
DA:58,0
DA:60,0
DA:76,0
DA:78,0
DA:80,0
DA:96,0
DA:98,0
DA:100,0
DA:116,0
DA:118,0
DA:120,0
DA:137,0
DA:139,0
DA:141,0
DA:163,0
DA:165,0
DA:167,0
DA:178,0
DA:180,0
DA:182,0
DA:193,0
DA:195,0
DA:197,0
DA:212,0
DA:219,0
DA:220,0
DA:222,0
DA:223,0
DA:224,0
DA:225,0
DA:226,0
DA:227,0
DA:228,0
DA:229,0
DA:231,0
DA:232,0
DA:248,0
DA:249,0
DA:250,0
DA:253,0
DA:254,0
DA:255,0
DA:261,0
DA:274,0
DA:281,0
DA:282,0
DA:284,0
DA:285,0
DA:286,0
DA:287,0
DA:289,0
DA:290,0
DA:302,0
DA:303,0
DA:304,0
DA:307,0
DA:308,0
DA:309,0
DA:315,0
DA:327,0
DA:329,0
DA:331,0
DA:350,0
DA:438,0
DA:451,0
DA:457,0
DA:459,0
DA:470,0
DA:510,0
DA:522,0
DA:528,0
DA:530,0
DA:580,0
DA:594,0
DA:600,0
DA:602,0
DA:645,0
DA:658,0
DA:664,0
DA:666,0
DA:707,0
DA:720,0
DA:732,0
DA:736,0
DA:739,0
DA:745,0
DA:759,0
DA:760,0
DA:773,0
DA:774,0
LF:105
LH:0
BRDA:27,0,0,0
BRDA:27,0,1,0
BRDA:28,1,0,0
BRDA:28,1,1,0
BRDA:29,2,0,0
BRDA:29,2,1,0
BRDA:30,3,0,0
BRDA:30,3,1,0
BRDA:33,4,0,0
BRDA:33,4,1,0
BRDA:35,5,0,0
BRDA:35,5,1,0
BRDA:220,6,0,0
BRDA:220,6,1,0
BRDA:226,7,0,0
BRDA:226,7,1,0
BRDA:282,8,0,0
BRDA:282,8,1,0
BRDA:334,9,0,0
BRDA:334,9,1,0
BRDA:397,10,0,0
BRDA:397,10,1,0
BRDA:414,11,0,0
BRDA:414,11,1,0
BRDA:419,12,0,0
BRDA:419,12,1,0
BRDA:492,13,0,0
BRDA:492,13,1,0
BRDA:494,14,0,0
BRDA:494,14,1,0
BRDA:516,15,0,0
BRDA:516,15,1,0
BRDA:517,16,0,0
BRDA:517,16,1,0
BRDA:549,17,0,0
BRDA:549,17,1,0
BRDA:589,18,0,0
BRDA:589,18,1,0
BRDA:621,19,0,0
BRDA:621,19,1,0
BRDA:622,20,0,0
BRDA:622,20,1,0
BRDA:653,21,0,0
BRDA:653,21,1,0
BRDA:683,22,0,0
BRDA:683,22,1,0
BRDA:711,23,0,0
BRDA:711,23,1,0
BRDA:736,24,0,0
BRDA:736,24,1,0
BRDA:26,25,0,0
BRDA:26,25,1,0
BRDA:26,26,0,0
BRDA:26,26,1,0
BRF:54
BRH:0
end_of_record
TN:
SF:src\modules\notifications\dto\notification.dto.ts
FN:2,(anonymous_0)
FN:8,(anonymous_1)
FNF:2
FNH:0
FNDA:0,(anonymous_0)
FNDA:0,(anonymous_1)
DA:2,0
DA:3,0
DA:4,0
DA:5,0
DA:8,0
DA:9,0
DA:10,0
DA:11,0
DA:12,0
LF:9
LH:0
BRDA:2,0,0,0
BRDA:2,0,1,0
BRDA:8,1,0,0
BRDA:8,1,1,0
BRF:4
BRH:0
end_of_record
TN:
SF:src\modules\orders\order-status.enum.ts
FN:1,(anonymous_0)
FNF:1
FNH:1
FNDA:1,(anonymous_0)
DA:1,1
DA:2,1
DA:3,1
DA:4,1
DA:5,1
DA:6,1
DA:7,1
DA:8,1
LF:8
LH:8
BRDA:1,0,0,1
BRDA:1,0,1,1
BRF:2
BRH:2
end_of_record
TN:
SF:src\modules\orders\orders.controller.ts
FN:32,(anonymous_4)
FN:42,(anonymous_5)
FN:63,(anonymous_6)
FN:84,(anonymous_7)
FNF:4
FNH:0
FNDA:0,(anonymous_4)
FNDA:0,(anonymous_5)
FNDA:0,(anonymous_6)
FNDA:0,(anonymous_7)
DA:1,0
DA:12,0
DA:21,0
DA:22,0
DA:23,0
DA:24,0
DA:25,0
DA:31,0
DA:32,0
DA:42,0
DA:46,0
DA:47,0
DA:63,0
DA:68,0
DA:69,0
DA:70,0
DA:72,0
DA:84,0
DA:90,0
DA:91,0
DA:92,0
DA:94,0
LF:22
LH:0
BRDA:46,0,0,0
BRDA:46,0,1,0
BRDA:68,1,0,0
BRDA:68,1,1,0
BRDA:69,2,0,0
BRDA:69,2,1,0
BRDA:90,3,0,0
BRDA:90,3,1,0
BRDA:91,4,0,0
BRDA:91,4,1,0
BRDA:44,5,0,0
BRDA:44,5,1,0
BRDA:44,6,0,0
BRDA:44,6,1,0
BRDA:86,7,0,0
BRDA:86,7,1,0
BRDA:86,8,0,0
BRDA:86,8,1,0
BRDA:32,9,0,0
BRDA:32,9,1,0
BRDA:32,10,0,0
BRDA:32,10,1,0
BRF:22
BRH:0
end_of_record
TN:
SF:src\modules\orders\orders.module.ts
FNF:0
FNH:0
DA:1,0
DA:2,0
DA:3,0
DA:9,0
LF:4
LH:0
BRF:0
BRH:0
end_of_record
TN:
SF:src\modules\orders\orders.service.ts
FN:21,(anonymous_2)
FN:23,(anonymous_3)
FN:33,(anonymous_4)
FN:60,(anonymous_5)
FN:110,(anonymous_6)
FN:129,(anonymous_7)
FN:176,(anonymous_8)
FN:178,(anonymous_9)
FN:218,(anonymous_10)
FN:271,(anonymous_11)
FN:279,(anonymous_12)
FNF:11
FNH:7
FNDA:15,(anonymous_2)
FNDA:6,(anonymous_3)
FNDA:6,(anonymous_4)
FNDA:2,(anonymous_5)
FNDA:0,(anonymous_6)
FNDA:2,(anonymous_7)
FNDA:1,(anonymous_8)
FNDA:0,(anonymous_9)
FNDA:4,(anonymous_10)
FNDA:0,(anonymous_11)
FNDA:0,(anonymous_12)
DA:1,1
DA:2,1
DA:9,1
DA:10,1
DA:15,1
DA:18,1
DA:19,15
DA:21,15
DA:24,6
DA:39,6
DA:40,0
DA:41,0
DA:42,0
DA:43,0
DA:47,6
DA:48,4
DA:49,4
DA:50,4
DA:52,2
DA:65,2
DA:66,2
DA:70,2
DA:71,2
DA:74,2
DA:79,2
DA:80,0
DA:84,0
DA:93,2
DA:100,0
DA:101,0
DA:102,0
DA:110,0
DA:119,0
DA:121,0
DA:134,2
DA:137,2
DA:139,2
DA:150,2
DA:151,2
DA:152,1
DA:153,1
DA:156,1
DA:163,1
DA:164,0
DA:165,0
DA:172,1
DA:173,0
DA:176,1
DA:177,1
DA:178,0
DA:181,1
DA:190,1
DA:224,4
DA:225,4
DA:227,4
DA:228,2
DA:229,1
DA:230,1
DA:233,1
DA:241,1
DA:242,0
DA:246,0
DA:254,1
DA:255,0
DA:261,1
DA:262,0
DA:264,0
DA:269,0
DA:271,0
DA:272,0
DA:278,0
DA:279,0
DA:283,0
DA:284,0
DA:285,0
DA:288,0
DA:298,0
DA:311,0
DA:316,0
DA:324,1
DA:328,1
LF:81
LH:48
BRDA:39,0,0,0
BRDA:39,0,1,6
BRDA:41,1,0,0
BRDA:41,1,1,0
BRDA:43,2,0,0
BRDA:43,2,1,0
BRDA:43,3,0,0
BRDA:43,3,1,0
BRDA:48,4,0,4
BRDA:48,4,1,0
BRDA:50,5,0,2
BRDA:50,5,1,2
BRDA:50,6,0,4
BRDA:50,6,1,4
BRDA:63,7,0,2
BRDA:65,8,0,2
BRDA:65,9,0,2
BRDA:79,10,0,0
BRDA:79,10,1,2
BRDA:100,11,0,0
BRDA:100,11,1,0
BRDA:110,12,0,0
BRDA:110,12,1,0
BRDA:112,13,0,0
BRDA:112,13,1,0
BRDA:113,14,0,0
BRDA:113,14,1,0
BRDA:114,15,0,0
BRDA:114,15,1,0
BRDA:115,16,0,0
BRDA:115,16,1,0
BRDA:121,17,0,0
BRDA:121,17,1,0
BRDA:151,18,0,1
BRDA:151,18,1,1
BRDA:163,19,0,0
BRDA:163,19,1,1
BRDA:172,20,0,0
BRDA:172,20,1,1
BRDA:176,21,0,1
BRDA:176,21,1,0
BRDA:177,22,0,1
BRDA:177,22,1,0
BRDA:183,23,0,1
BRDA:183,23,1,0
BRDA:184,24,0,0
BRDA:184,24,1,1
BRDA:185,25,0,1
BRDA:185,25,1,0
BRDA:186,26,0,1
BRDA:186,26,1,0
BRDA:192,27,0,1
BRDA:192,27,1,0
BRDA:193,28,0,1
BRDA:193,28,1,0
BRDA:196,29,0,1
BRDA:196,29,1,0
BRDA:197,30,0,1
BRDA:197,30,1,0
BRDA:198,31,0,1
BRDA:198,31,1,0
BRDA:200,32,0,1
BRDA:200,32,1,0
BRDA:204,33,0,1
BRDA:204,33,1,0
BRDA:205,34,0,1
BRDA:205,34,1,0
BRDA:206,35,0,1
BRDA:206,35,1,0
BRDA:207,36,0,1
BRDA:207,36,1,0
BRDA:228,37,0,1
BRDA:228,37,1,1
BRDA:241,38,0,0
BRDA:241,38,1,1
BRDA:254,39,0,0
BRDA:254,39,1,1
BRDA:261,40,0,0
BRDA:261,40,1,1
BRDA:269,41,0,0
BRDA:269,41,1,0
BRDA:269,42,0,0
BRDA:269,42,1,0
BRDA:279,43,0,0
BRDA:279,43,1,0
BRDA:285,44,0,0
BRDA:285,44,1,0
BRDA:330,45,0,1
BRDA:330,45,1,0
BRDA:21,46,0,1
BRDA:21,46,1,0
BRDA:21,47,0,1
BRDA:21,47,1,1
BRF:93
BRH:39
end_of_record
TN:
SF:src\modules\orders\dto\get-orders-query.dto.ts
FNF:0
FNH:0
DA:1,0
DA:2,0
DA:3,0
DA:5,0
DA:9,0
LF:5
LH:0
BRF:0
BRH:0
end_of_record
TN:
SF:src\modules\orders\dto\order-detail.response.ts
FNF:0
FNH:0
DA:3,0
DA:11,0
LF:2
LH:0
BRF:0
BRH:0
end_of_record
TN:
SF:src\modules\orders\dto\order-list.response.ts
FNF:0
FNH:0
DA:3,0
LF:1
LH:0
BRF:0
BRH:0
end_of_record
TN:
SF:src\modules\orders\dto\update-order-status.request.ts
FNF:0
FNH:0
DA:1,0
DA:2,0
DA:4,0
DA:6,0
LF:4
LH:0
BRDA:6,0,0,0
BRDA:6,0,1,0
BRDA:6,1,0,0
BRDA:6,1,1,0
BRF:4
BRH:0
end_of_record
TN:
SF:src\modules\payments\index.ts
FNF:0
FNH:0
DA:1,0
DA:2,0
DA:3,0
DA:4,0
LF:4
LH:0
BRF:0
BRH:0
end_of_record
TN:
SF:src\modules\payments\payments.controller.ts
FN:52,(anonymous_4)
FN:69,(anonymous_5)
FN:90,(anonymous_6)
FN:108,(anonymous_7)
FN:123,(anonymous_8)
FN:141,(anonymous_9)
FN:159,(anonymous_10)
FN:181,(anonymous_11)
FN:207,(anonymous_12)
FNF:9
FNH:0
FNDA:0,(anonymous_4)
FNDA:0,(anonymous_5)
FNDA:0,(anonymous_6)
FNDA:0,(anonymous_7)
FNDA:0,(anonymous_8)
FNDA:0,(anonymous_9)
FNDA:0,(anonymous_10)
FNDA:0,(anonymous_11)
FNDA:0,(anonymous_12)
DA:1,0
DA:14,0
DA:23,0
DA:24,0
DA:26,0
DA:27,0
DA:28,0
DA:40,0
DA:51,0
DA:52,0
DA:69,0
DA:72,0
DA:90,0
DA:93,0
DA:108,0
DA:111,0
DA:123,0
DA:127,0
DA:128,0
DA:140,0
DA:141,0
DA:159,0
DA:163,0
DA:181,0
DA:185,0
DA:207,0
DA:213,0
LF:27
LH:0
BRDA:70,0,0,0
BRDA:70,0,1,0
BRDA:70,1,0,0
BRDA:70,1,1,0
BRDA:71,2,0,0
BRDA:71,2,1,0
BRDA:71,3,0,0
BRDA:71,3,1,0
BRDA:91,4,0,0
BRDA:91,4,1,0
BRDA:91,5,0,0
BRDA:91,5,1,0
BRDA:92,6,0,0
BRDA:92,6,1,0
BRDA:92,7,0,0
BRDA:92,7,1,0
BRDA:110,8,0,0
BRDA:110,8,1,0
BRDA:110,9,0,0
BRDA:110,9,1,0
BRDA:124,10,0,0
BRDA:124,10,1,0
BRDA:124,11,0,0
BRDA:124,11,1,0
BRDA:124,12,0,0
BRDA:124,12,1,0
BRDA:124,13,0,0
BRDA:124,13,1,0
BRDA:126,14,0,0
BRDA:126,14,1,0
BRDA:126,15,0,0
BRDA:126,15,1,0
BRDA:52,16,0,0
BRDA:52,16,1,0
BRDA:52,17,0,0
BRDA:52,17,1,0
BRDA:161,18,0,0
BRDA:161,18,1,0
BRDA:161,19,0,0
BRDA:161,19,1,0
BRDA:162,20,0,0
BRDA:162,20,1,0
BRDA:162,21,0,0
BRDA:162,21,1,0
BRDA:184,22,0,0
BRDA:184,22,1,0
BRDA:184,23,0,0
BRDA:184,23,1,0
BRDA:210,24,0,0
BRDA:210,24,1,0
BRDA:210,25,0,0
BRDA:210,25,1,0
BRDA:212,26,0,0
BRDA:212,26,1,0
BRDA:212,27,0,0
BRDA:212,27,1,0
BRDA:141,28,0,0
BRDA:141,28,1,0
BRDA:141,29,0,0
BRDA:141,29,1,0
BRF:60
BRH:0
end_of_record
TN:
SF:src\modules\payments\payments.module.ts
FNF:0
FNH:0
DA:1,0
DA:2,0
DA:3,0
DA:7,0
DA:15,0
LF:5
LH:0
BRF:0
BRH:0
end_of_record
TN:
SF:src\modules\payments\payments.service.ts
FN:44,(anonymous_2)
FN:49,(anonymous_3)
FN:58,(anonymous_4)
FN:83,(anonymous_5)
FN:132,(anonymous_6)
FN:200,(anonymous_7)
FN:353,(anonymous_8)
FN:398,(anonymous_9)
FN:442,(anonymous_10)
FN:464,(anonymous_11)
FN:532,(anonymous_12)
FN:650,(anonymous_13)
FN:732,(anonymous_14)
FN:773,(anonymous_15)
FNF:14
FNH:0
FNDA:0,(anonymous_2)
FNDA:0,(anonymous_3)
FNDA:0,(anonymous_4)
FNDA:0,(anonymous_5)
FNDA:0,(anonymous_6)
FNDA:0,(anonymous_7)
FNDA:0,(anonymous_8)
FNDA:0,(anonymous_9)
FNDA:0,(anonymous_10)
FNDA:0,(anonymous_11)
FNDA:0,(anonymous_12)
FNDA:0,(anonymous_13)
FNDA:0,(anonymous_14)
FNDA:0,(anonymous_15)
DA:1,0
DA:2,0
DA:3,0
DA:18,0
DA:27,0
DA:28,0
DA:33,0
DA:36,0
DA:37,0
DA:40,0
DA:41,0
DA:42,0
DA:44,0
DA:50,0
DA:64,0
DA:65,0
DA:66,0
DA:67,0
DA:68,0
DA:72,0
DA:73,0
DA:74,0
DA:75,0
DA:77,0
DA:84,0
DA:86,0
DA:108,0
DA:109,0
DA:113,0
DA:121,0
DA:122,0
DA:125,0
DA:135,0
DA:137,0
DA:140,0
DA:141,0
DA:142,0
DA:146,0
DA:149,0
DA:150,0
DA:154,0
DA:155,0
DA:159,0
DA:160,0
DA:164,0
DA:170,0
DA:171,0
DA:175,0
DA:176,0
DA:177,0
DA:178,0
DA:184,0
DA:186,0
DA:203,0
DA:205,0
DA:208,0
DA:209,0
DA:210,0
DA:214,0
DA:217,0
DA:218,0
DA:222,0
DA:228,0
DA:229,0
DA:234,0
DA:235,0
DA:237,0
DA:238,0
DA:244,0
DA:247,0
DA:249,0
DA:252,0
DA:264,0
DA:272,0
DA:273,0
DA:277,0
DA:280,0
DA:282,0
DA:295,0
DA:296,0
DA:297,0
DA:305,0
DA:308,0
DA:325,0
DA:326,0
DA:327,0
DA:335,0
DA:338,0
DA:340,0
DA:354,0
DA:356,0
DA:359,0
DA:360,0
DA:361,0
DA:365,0
DA:371,0
DA:372,0
DA:373,0
DA:381,0
DA:382,0
DA:385,0
DA:402,0
DA:404,0
DA:405,0
DA:406,0
DA:409,0
DA:432,0
DA:433,0
DA:434,0
DA:442,0
DA:454,0
DA:458,0
DA:468,0
DA:472,0
DA:474,0
DA:489,0
DA:490,0
DA:491,0
DA:499,0
DA:500,0
DA:503,0
DA:537,0
DA:539,0
DA:542,0
DA:556,0
DA:557,0
DA:558,0
DA:566,0
DA:567,0
DA:571,0
DA:575,0
DA:581,0
DA:582,0
DA:584,0
DA:585,0
DA:590,0
DA:591,0
DA:593,0
DA:597,0
DA:598,0
DA:607,0
DA:609,0
DA:613,0
DA:615,0
DA:627,0
DA:628,0
DA:629,0
DA:637,0
DA:639,0
DA:654,0
DA:656,0
DA:667,0
DA:669,0
DA:672,0
DA:678,0
DA:680,0
DA:690,0
DA:691,0
DA:693,0
DA:694,0
DA:696,0
DA:697,0
DA:700,0
DA:706,0
DA:707,0
DA:714,0
DA:717,0
DA:718,0
DA:725,0
DA:735,0
DA:737,0
DA:740,0
DA:741,0
DA:742,0
DA:743,0
DA:747,0
DA:757,0
DA:758,0
DA:759,0
DA:767,0
DA:776,0
DA:778,0
DA:781,0
DA:782,0
DA:783,0
DA:784,0
DA:788,0
DA:799,0
DA:800,0
DA:804,0
DA:812,0
LF:191
LH:0
BRDA:40,0,0,0
BRDA:40,0,1,0
BRDA:41,1,0,0
BRDA:41,1,1,0
BRDA:64,2,0,0
BRDA:64,2,1,0
BRDA:66,3,0,0
BRDA:66,3,1,0
BRDA:68,4,0,0
BRDA:68,4,1,0
BRDA:68,5,0,0
BRDA:68,5,1,0
BRDA:73,6,0,0
BRDA:73,6,1,0
BRDA:75,7,0,0
BRDA:75,7,1,0
BRDA:75,8,0,0
BRDA:75,8,1,0
BRDA:108,9,0,0
BRDA:108,9,1,0
BRDA:121,10,0,0
BRDA:121,10,1,0
BRDA:141,11,0,0
BRDA:141,11,1,0
BRDA:149,12,0,0
BRDA:149,12,1,0
BRDA:154,13,0,0
BRDA:154,13,1,0
BRDA:159,14,0,0
BRDA:159,14,1,0
BRDA:170,15,0,0
BRDA:170,15,1,0
BRDA:170,16,0,0
BRDA:170,16,1,0
BRDA:176,17,0,0
BRDA:176,17,1,0
BRDA:176,18,0,0
BRDA:176,18,1,0
BRDA:177,19,0,0
BRDA:177,19,1,0
BRDA:179,20,0,0
BRDA:179,20,1,0
BRDA:188,21,0,0
BRDA:188,21,1,0
BRDA:191,22,0,0
BRDA:191,22,1,0
BRDA:192,23,0,0
BRDA:192,23,1,0
BRDA:209,24,0,0
BRDA:209,24,1,0
BRDA:217,25,0,0
BRDA:217,25,1,0
BRDA:228,26,0,0
BRDA:228,26,1,0
BRDA:228,27,0,0
BRDA:228,27,1,0
BRDA:237,28,0,0
BRDA:237,28,1,0
BRDA:261,29,0,0
BRDA:261,29,1,0
BRDA:266,30,0,0
BRDA:266,30,1,0
BRDA:280,31,0,0
BRDA:280,31,1,0
BRDA:295,32,0,0
BRDA:295,32,1,0
BRDA:320,33,0,0
BRDA:320,33,1,0
BRDA:325,34,0,0
BRDA:325,34,1,0
BRDA:360,35,0,0
BRDA:360,35,1,0
BRDA:371,36,0,0
BRDA:371,36,1,0
BRDA:381,37,0,0
BRDA:381,37,1,0
BRDA:390,38,0,0
BRDA:390,38,1,0
BRDA:391,39,0,0
BRDA:391,39,1,0
BRDA:400,40,0,0
BRDA:405,41,0,0
BRDA:405,42,0,0
BRDA:432,43,0,0
BRDA:432,43,1,0
BRDA:442,44,0,0
BRDA:442,44,1,0
BRDA:445,45,0,0
BRDA:445,45,1,0
BRDA:450,46,0,0
BRDA:450,46,1,0
BRDA:458,47,0,0
BRDA:458,47,1,0
BRDA:489,48,0,0
BRDA:489,48,1,0
BRDA:499,49,0,0
BRDA:499,49,1,0
BRDA:506,50,0,0
BRDA:506,50,1,0
BRDA:512,51,0,0
BRDA:512,51,1,0
BRDA:513,52,0,0
BRDA:513,52,1,0
BRDA:514,53,0,0
BRDA:514,53,1,0
BRDA:515,54,0,0
BRDA:515,54,1,0
BRDA:516,55,0,0
BRDA:516,55,1,0
BRDA:517,56,0,0
BRDA:517,56,1,0
BRDA:518,57,0,0
BRDA:518,57,1,0
BRDA:519,58,0,0
BRDA:519,58,1,0
BRDA:520,59,0,0
BRDA:520,59,1,0
BRDA:521,60,0,0
BRDA:521,60,1,0
BRDA:522,61,0,0
BRDA:522,61,1,0
BRDA:523,62,0,0
BRDA:523,62,1,0
BRDA:556,63,0,0
BRDA:556,63,1,0
BRDA:566,64,0,0
BRDA:566,64,1,0
BRDA:571,65,0,0
BRDA:571,65,1,0
BRDA:572,66,0,0
BRDA:572,66,1,0
BRDA:581,67,0,0
BRDA:581,67,1,0
BRDA:584,68,0,0
BRDA:584,68,1,0
BRDA:590,69,0,0
BRDA:590,69,1,0
BRDA:590,70,0,0
BRDA:590,70,1,0
BRDA:600,71,0,0
BRDA:600,71,1,0
BRDA:609,72,0,0
BRDA:609,72,1,0
BRDA:627,73,0,0
BRDA:627,73,1,0
BRDA:678,74,0,0
BRDA:678,74,1,0
BRDA:691,75,0,0
BRDA:691,75,1,0
BRDA:691,75,2,0
BRDA:706,76,0,0
BRDA:706,76,1,0
BRDA:717,77,0,0
BRDA:717,77,1,0
BRDA:741,78,0,0
BRDA:741,78,1,0
BRDA:757,79,0,0
BRDA:757,79,1,0
BRDA:782,80,0,0
BRDA:782,80,1,0
BRDA:794,81,0,0
BRDA:794,81,1,0
BRDA:799,82,0,0
BRDA:799,82,1,0
BRDA:44,83,0,0
BRDA:44,83,1,0
BRDA:44,84,0,0
BRDA:44,84,1,0
BRF:168
BRH:0
end_of_record
TN:
SF:src\modules\payments\dto\payment.dto.ts
FN:12,(anonymous_2)
FN:22,(anonymous_3)
FN:29,(anonymous_4)
FNF:3
FNH:0
FNDA:0,(anonymous_2)
FNDA:0,(anonymous_3)
FNDA:0,(anonymous_4)
DA:1,0
DA:9,0
DA:12,0
DA:13,0
DA:14,0
DA:15,0
DA:16,0
DA:17,0
DA:18,0
DA:22,0
DA:23,0
DA:24,0
DA:25,0
DA:29,0
DA:30,0
DA:31,0
DA:32,0
DA:33,0
DA:40,0
DA:46,0
DA:51,0
DA:59,0
DA:62,0
DA:68,0
DA:75,0
DA:84,0
DA:87,0
DA:90,0
DA:100,0
DA:107,0
DA:112,0
DA:115,0
DA:118,0
DA:124,0
DA:127,0
DA:130,0
DA:133,0
DA:138,0
DA:144,0
DA:151,0
DA:154,0
DA:160,0
DA:163,0
DA:168,0
DA:174,0
DA:181,0
DA:184,0
DA:191,0
DA:194,0
DA:197,0
DA:202,0
DA:208,0
DA:211,0
DA:214,0
DA:221,0
DA:228,0
DA:235,0
DA:242,0
DA:245,0
DA:248,0
DA:253,0
DA:259,0
DA:262,0
DA:265,0
DA:268,0
DA:275,0
DA:282,0
DA:289,0
DA:292,0
DA:299,0
DA:306,0
DA:313,0
DA:320,0
DA:327,0
DA:334,0
DA:337,0
DA:340,0
DA:343,0
DA:346,0
DA:349,0
DA:352,0
DA:355,0
DA:358,0
DA:363,0
DA:370,0
DA:373,0
DA:379,0
DA:386,0
DA:388,0
DA:394,0
DA:397,0
LF:91
LH:0
BRDA:12,0,0,0
BRDA:12,0,1,0
BRDA:22,1,0,0
BRDA:22,1,1,0
BRDA:29,2,0,0
BRDA:29,2,1,0
BRF:6
BRH:0
end_of_record
TN:
SF:src\modules\products\products.controller.ts
FN:35,(anonymous_4)
FN:44,(anonymous_5)
FN:63,(anonymous_6)
FN:84,(anonymous_7)
FN:104,(anonymous_8)
FN:123,(anonymous_9)
FN:144,(anonymous_10)
FN:163,(anonymous_11)
FNF:8
FNH:0
FNDA:0,(anonymous_4)
FNDA:0,(anonymous_5)
FNDA:0,(anonymous_6)
FNDA:0,(anonymous_7)
FNDA:0,(anonymous_8)
FNDA:0,(anonymous_9)
FNDA:0,(anonymous_10)
FNDA:0,(anonymous_11)
DA:1,0
DA:13,0
DA:22,0
DA:23,0
DA:25,0
DA:26,0
DA:27,0
DA:28,0
DA:34,0
DA:35,0
DA:44,0
DA:48,0
DA:49,0
DA:63,0
DA:68,0
DA:69,0
DA:84,0
DA:88,0
DA:89,0
DA:104,0
DA:108,0
DA:109,0
DA:123,0
DA:127,0
DA:128,0
DA:144,0
DA:149,0
DA:150,0
DA:163,0
DA:167,0
DA:168,0
LF:31
LH:0
BRDA:48,0,0,0
BRDA:48,0,1,0
BRDA:68,1,0,0
BRDA:68,1,1,0
BRDA:88,2,0,0
BRDA:88,2,1,0
BRDA:108,3,0,0
BRDA:108,3,1,0
BRDA:127,4,0,0
BRDA:127,4,1,0
BRDA:149,5,0,0
BRDA:149,5,1,0
BRDA:167,6,0,0
BRDA:167,6,1,0
BRDA:66,7,0,0
BRDA:66,7,1,0
BRDA:66,8,0,0
BRDA:66,8,1,0
BRDA:125,9,0,0
BRDA:125,9,1,0
BRDA:125,10,0,0
BRDA:125,10,1,0
BRDA:147,11,0,0
BRDA:147,11,1,0
BRDA:147,12,0,0
BRDA:147,12,1,0
BRDA:35,13,0,0
BRDA:35,13,1,0
BRDA:35,14,0,0
BRDA:35,14,1,0
BRF:30
BRH:0
end_of_record
TN:
SF:src\modules\products\products.module.ts
FNF:0
FNH:0
DA:1,0
DA:2,0
DA:3,0
DA:4,0
DA:12,0
LF:5
LH:0
BRF:0
BRH:0
end_of_record
TN:
SF:src\modules\products\products.service.ts
FN:21,(anonymous_2)
FN:23,(anonymous_3)
FN:29,(anonymous_4)
FN:39,(anonymous_5)
FN:46,(anonymous_6)
FN:75,(anonymous_7)
FN:88,(anonymous_8)
FN:110,(anonymous_9)
FN:137,(anonymous_10)
FN:155,(anonymous_11)
FN:168,(anonymous_12)
FN:218,(anonymous_13)
FN:269,(anonymous_14)
FN:319,(anonymous_15)
FNF:14
FNH:10
FNDA:11,(anonymous_2)
FNDA:12,(anonymous_3)
FNDA:4,(anonymous_4)
FNDA:3,(anonymous_5)
FNDA:2,(anonymous_6)
FNDA:1,(anonymous_7)
FNDA:0,(anonymous_8)
FNDA:0,(anonymous_9)
FNDA:0,(anonymous_10)
FNDA:0,(anonymous_11)
FNDA:4,(anonymous_12)
FNDA:2,(anonymous_13)
FNDA:2,(anonymous_14)
FNDA:2,(anonymous_15)
DA:1,1
DA:2,1
DA:11,1
DA:12,1
DA:14,1
DA:18,1
DA:19,11
DA:21,11
DA:24,12
DA:30,4
DA:31,4
DA:32,4
DA:33,0
DA:34,0
DA:35,0
DA:36,0
DA:40,3
DA:51,2
DA:52,2
DA:54,2
DA:55,2
DA:61,2
DA:62,1
DA:63,1
DA:71,1
DA:75,1
DA:94,0
DA:95,0
DA:97,0
DA:98,0
DA:100,0
DA:101,0
DA:102,0
DA:110,0
DA:119,0
DA:120,0
DA:121,0
DA:123,0
DA:142,0
DA:144,0
DA:151,0
DA:152,0
DA:155,0
DA:173,4
DA:175,4
DA:176,4
DA:182,4
DA:183,0
DA:184,0
DA:192,4
DA:193,1
DA:194,1
DA:197,3
DA:199,3
DA:223,2
DA:224,2
DA:235,2
DA:241,2
DA:242,1
DA:246,1
DA:254,1
DA:255,1
DA:257,1
DA:258,0
DA:263,1
DA:275,2
DA:277,2
DA:278,2
DA:279,2
DA:280,2
DA:281,2
DA:282,2
DA:283,2
DA:285,2
DA:286,0
DA:289,2
DA:296,2
DA:297,0
DA:298,0
DA:306,2
DA:307,1
DA:308,1
DA:311,1
DA:313,1
DA:324,2
DA:326,2
DA:328,0
DA:329,0
DA:330,0
DA:338,0
DA:340,0
LF:91
LH:59
BRDA:24,0,0,12
BRDA:24,0,1,0
BRDA:30,1,0,0
BRDA:30,1,1,4
BRDA:31,2,0,4
BRDA:31,2,1,0
BRDA:31,3,0,4
BRDA:31,3,1,4
BRDA:33,4,0,0
BRDA:33,4,1,0
BRDA:33,5,0,0
BRDA:33,5,1,0
BRDA:34,6,0,0
BRDA:34,6,1,0
BRDA:34,7,0,0
BRDA:34,7,1,0
BRDA:61,8,0,1
BRDA:61,8,1,1
BRDA:72,9,0,1
BRDA:72,9,1,0
BRDA:75,10,0,1
BRDA:75,10,1,0
BRDA:79,11,0,1
BRDA:79,11,1,0
BRDA:81,12,0,1
BRDA:81,12,1,0
BRDA:100,13,0,0
BRDA:100,13,1,0
BRDA:110,14,0,0
BRDA:110,14,1,0
BRDA:114,15,0,0
BRDA:114,15,1,0
BRDA:116,16,0,0
BRDA:116,16,1,0
BRDA:119,17,0,0
BRDA:119,17,1,0
BRDA:120,18,0,0
BRDA:120,18,1,0
BRDA:121,19,0,0
BRDA:121,19,1,0
BRDA:128,20,0,0
BRDA:128,20,1,0
BRDA:151,21,0,0
BRDA:151,21,1,0
BRDA:155,22,0,0
BRDA:155,22,1,0
BRDA:159,23,0,0
BRDA:159,23,1,0
BRDA:160,24,0,0
BRDA:160,24,1,0
BRDA:161,25,0,0
BRDA:161,25,1,0
BRDA:182,26,0,0
BRDA:182,26,1,4
BRDA:192,27,0,1
BRDA:192,27,1,3
BRDA:203,28,0,3
BRDA:203,28,1,3
BRDA:204,29,0,3
BRDA:204,29,1,1
BRDA:206,30,0,3
BRDA:206,30,1,3
BRDA:207,31,0,3
BRDA:207,31,1,0
BRDA:209,32,0,3
BRDA:209,32,1,0
BRDA:210,33,0,3
BRDA:210,33,1,0
BRDA:228,34,0,2
BRDA:228,34,1,0
BRDA:230,35,0,2
BRDA:230,35,1,2
BRDA:231,36,0,2
BRDA:231,36,1,0
BRDA:241,37,0,1
BRDA:241,37,1,1
BRDA:257,38,0,0
BRDA:257,38,1,1
BRDA:257,39,0,1
BRDA:257,39,1,0
BRDA:278,40,0,2
BRDA:278,40,1,0
BRDA:279,41,0,0
BRDA:279,41,1,2
BRDA:280,42,0,0
BRDA:280,42,1,2
BRDA:281,43,0,1
BRDA:281,43,1,1
BRDA:282,44,0,0
BRDA:282,44,1,2
BRDA:283,45,0,0
BRDA:283,45,1,2
BRDA:285,46,0,0
BRDA:285,46,1,2
BRDA:296,47,0,0
BRDA:296,47,1,2
BRDA:306,48,0,1
BRDA:306,48,1,1
BRDA:328,49,0,0
BRDA:328,49,1,0
BRDA:21,50,0,1
BRDA:21,50,1,0
BRDA:21,51,0,1
BRDA:21,51,1,1
BRF:104
BRH:45
end_of_record
TN:
SF:src\modules\products\dto\create-product.request.ts
FN:59,(anonymous_2)
FNF:1
FNH:0
FNDA:0,(anonymous_2)
DA:1,0
DA:10,0
DA:12,0
DA:14,0
DA:19,0
DA:23,0
DA:27,0
DA:30,0
DA:32,0
DA:35,0
DA:38,0
DA:42,0
DA:46,0
DA:50,0
DA:54,0
DA:59,0
DA:60,0
DA:64,0
LF:18
LH:0
BRF:0
BRH:0
end_of_record
TN:
SF:src\modules\products\dto\product-category.response.ts
FNF:0
FNH:0
DA:1,0
LF:1
LH:0
BRF:0
BRH:0
end_of_record
TN:
SF:src\modules\products\dto\product-detail.response.ts
FNF:0
FNH:0
DA:1,0
DA:9,0
LF:2
LH:0
BRF:0
BRH:0
end_of_record
TN:
SF:src\modules\products\dto\product-list.response.ts
FNF:0
FNH:0
DA:1,0
LF:1
LH:0
BRF:0
BRH:0
end_of_record
TN:
SF:src\modules\products\dto\update-product.request.ts
FNF:0
FNH:0
DA:1,0
DA:9,0
DA:12,0
DA:16,0
DA:20,0
DA:24,0
DA:29,0
DA:33,0
DA:37,0
LF:9
LH:0
BRF:0
BRH:0
end_of_record
TN:
SF:src\modules\public\public.controller.ts
FN:7,(anonymous_4)
FN:14,(anonymous_5)
FN:23,(anonymous_6)
FN:32,(anonymous_7)
FN:41,(anonymous_8)
FNF:5
FNH:0
FNDA:0,(anonymous_4)
FNDA:0,(anonymous_5)
FNDA:0,(anonymous_6)
FNDA:0,(anonymous_7)
FNDA:0,(anonymous_8)
DA:1,0
DA:2,0
DA:3,0
DA:6,0
DA:7,0
DA:14,0
DA:15,0
DA:23,0
DA:24,0
DA:32,0
DA:33,0
DA:41,0
DA:42,0
LF:13
LH:0
BRDA:32,0,0,0
BRDA:32,0,1,0
BRDA:32,1,0,0
BRDA:32,1,1,0
BRDA:7,2,0,0
BRDA:7,2,1,0
BRDA:7,3,0,0
BRDA:7,3,1,0
BRF:8
BRH:0
end_of_record
TN:
SF:src\modules\public\public.module.ts
FNF:0
FNH:0
DA:1,0
DA:2,0
DA:3,0
DA:4,0
DA:11,0
LF:5
LH:0
BRF:0
BRH:0
end_of_record
TN:
SF:src\modules\public\public.service.ts
FN:16,(anonymous_2)
FN:18,(anonymous_3)
FN:31,(anonymous_4)
FN:62,(anonymous_5)
FN:67,(anonymous_6)
FN:121,(anonymous_7)
FN:133,(anonymous_8)
FN:139,(anonymous_9)
FN:151,(anonymous_10)
FN:161,(anonymous_11)
FN:252,(anonymous_12)
FN:263,(anonymous_13)
FN:322,(anonymous_14)
FNF:13
FNH:0
FNDA:0,(anonymous_2)
FNDA:0,(anonymous_3)
FNDA:0,(anonymous_4)
FNDA:0,(anonymous_5)
FNDA:0,(anonymous_6)
FNDA:0,(anonymous_7)
FNDA:0,(anonymous_8)
FNDA:0,(anonymous_9)
FNDA:0,(anonymous_10)
FNDA:0,(anonymous_11)
FNDA:0,(anonymous_12)
FNDA:0,(anonymous_13)
FNDA:0,(anonymous_14)
DA:1,0
DA:6,0
DA:15,0
DA:16,0
DA:19,0
DA:20,0
DA:21,0
DA:22,0
DA:23,0
DA:24,0
DA:25,0
DA:32,0
DA:34,0
DA:48,0
DA:49,0
DA:52,0
DA:63,0
DA:65,0
DA:67,0
DA:71,0
DA:76,0
DA:77,0
DA:80,0
DA:81,0
DA:84,0
DA:89,0
DA:90,0
DA:92,0
DA:93,0
DA:94,0
DA:95,0
DA:97,0
DA:99,0
DA:100,0
DA:102,0
DA:103,0
DA:104,0
DA:107,0
DA:108,0
DA:109,0
DA:112,0
DA:115,0
DA:116,0
DA:119,0
DA:121,0
DA:136,0
DA:139,0
DA:140,0
DA:142,0
DA:147,0
DA:148,0
DA:151,0
DA:153,0
DA:154,0
DA:155,0
DA:157,0
DA:158,0
DA:161,0
DA:162,0
DA:165,0
DA:166,0
DA:168,0
DA:169,0
DA:170,0
DA:171,0
DA:176,0
DA:177,0
DA:179,0
DA:181,0
DA:190,0
DA:192,0
DA:212,0
DA:213,0
DA:216,0
DA:217,0
DA:229,0
DA:230,0
DA:231,0
DA:234,0
DA:235,0
DA:236,0
DA:246,0
DA:252,0
DA:264,0
DA:266,0
DA:268,0
DA:287,0
DA:288,0
DA:290,0
DA:309,0
DA:312,0
DA:313,0
DA:316,0
DA:322,0
LF:94
LH:0
BRDA:19,0,0,0
BRDA:19,0,1,0
BRDA:20,1,0,0
BRDA:20,1,1,0
BRDA:20,2,0,0
BRDA:20,2,1,0
BRDA:22,3,0,0
BRDA:22,3,1,0
BRDA:22,4,0,0
BRDA:22,4,1,0
BRDA:23,5,0,0
BRDA:23,5,1,0
BRDA:23,6,0,0
BRDA:23,6,1,0
BRDA:48,7,0,0
BRDA:48,7,1,0
BRDA:48,8,0,0
BRDA:48,8,1,0
BRDA:55,9,0,0
BRDA:55,9,1,0
BRDA:76,10,0,0
BRDA:76,10,1,0
BRDA:80,11,0,0
BRDA:80,11,1,0
BRDA:97,12,0,0
BRDA:97,12,1,0
BRDA:99,13,0,0
BRDA:99,13,1,0
BRDA:102,14,0,0
BRDA:102,14,1,0
BRDA:107,15,0,0
BRDA:107,15,1,0
BRDA:112,16,0,0
BRDA:112,16,1,0
BRDA:115,17,0,0
BRDA:115,17,1,0
BRDA:119,18,0,0
BRDA:119,18,1,0
BRDA:124,19,0,0
BRDA:124,19,1,0
BRDA:147,20,0,0
BRDA:147,20,1,0
BRDA:151,21,0,0
BRDA:151,21,1,0
BRDA:153,22,0,0
BRDA:153,22,1,0
BRDA:154,23,0,0
BRDA:154,23,1,0
BRDA:157,24,0,0
BRDA:157,24,1,0
BRDA:157,25,0,0
BRDA:157,25,1,0
BRDA:161,26,0,0
BRDA:161,26,1,0
BRDA:161,27,0,0
BRDA:161,27,1,0
BRDA:170,28,0,0
BRDA:170,28,1,0
BRDA:197,29,0,0
BRDA:197,29,1,0
BRDA:198,30,0,0
BRDA:198,30,1,0
BRDA:199,31,0,0
BRDA:199,31,1,0
BRDA:200,32,0,0
BRDA:200,32,1,0
BRDA:201,33,0,0
BRDA:201,33,1,0
BRDA:212,34,0,0
BRDA:212,34,1,0
BRDA:229,35,0,0
BRDA:229,35,1,0
BRDA:234,36,0,0
BRDA:234,36,1,0
BRDA:234,37,0,0
BRDA:234,37,1,0
BRDA:287,38,0,0
BRDA:287,38,1,0
BRDA:312,39,0,0
BRDA:312,39,1,0
BRDA:322,40,0,0
BRDA:322,40,1,0
BRDA:16,41,0,0
BRDA:16,41,1,0
BRDA:16,42,0,0
BRDA:16,42,1,0
BRF:86
BRH:0
end_of_record
TN:
SF:src\modules\public-order\public-order.controller.ts
FN:9,(anonymous_4)
FN:16,(anonymous_5)
FN:25,(anonymous_6)
FN:34,(anonymous_7)
FN:45,(anonymous_8)
FN:57,(anonymous_9)
FN:66,(anonymous_10)
FNF:7
FNH:0
FNDA:0,(anonymous_4)
FNDA:0,(anonymous_5)
FNDA:0,(anonymous_6)
FNDA:0,(anonymous_7)
FNDA:0,(anonymous_8)
FNDA:0,(anonymous_9)
FNDA:0,(anonymous_10)
DA:1,0
DA:2,0
DA:3,0
DA:4,0
DA:5,0
DA:8,0
DA:9,0
DA:16,0
DA:17,0
DA:25,0
DA:26,0
DA:34,0
DA:38,0
DA:45,0
DA:46,0
DA:57,0
DA:58,0
DA:66,0
DA:67,0
LF:19
LH:0
BRDA:57,0,0,0
BRDA:57,0,1,0
BRDA:57,1,0,0
BRDA:57,1,1,0
BRDA:9,2,0,0
BRDA:9,2,1,0
BRDA:9,3,0,0
BRDA:9,3,1,0
BRF:8
BRH:0
end_of_record
TN:
SF:src\modules\public-order\public-order.module.ts
FNF:0
FNH:0
DA:1,0
DA:2,0
DA:3,0
DA:4,0
DA:5,0
DA:12,0
LF:6
LH:0
BRF:0
BRH:0
end_of_record
TN:
SF:src\modules\public-order\public-order.service.ts
FN:21,(anonymous_2)
FN:26,(anonymous_3)
FN:39,(anonymous_4)
FN:70,(anonymous_5)
FN:111,(anonymous_6)
FN:157,(anonymous_7)
FN:162,(anonymous_8)
FN:216,(anonymous_9)
FN:229,(anonymous_10)
FN:235,(anonymous_11)
FN:248,(anonymous_12)
FN:259,(anonymous_13)
FN:277,(anonymous_14)
FN:474,(anonymous_15)
FN:536,(anonymous_16)
FN:541,(anonymous_17)
FNF:16
FNH:0
FNDA:0,(anonymous_2)
FNDA:0,(anonymous_3)
FNDA:0,(anonymous_4)
FNDA:0,(anonymous_5)
FNDA:0,(anonymous_6)
FNDA:0,(anonymous_7)
FNDA:0,(anonymous_8)
FNDA:0,(anonymous_9)
FNDA:0,(anonymous_10)
FNDA:0,(anonymous_11)
FNDA:0,(anonymous_12)
FNDA:0,(anonymous_13)
FNDA:0,(anonymous_14)
FNDA:0,(anonymous_15)
FNDA:0,(anonymous_16)
FNDA:0,(anonymous_17)
DA:1,1
DA:8,1
DA:9,1
DA:18,1
DA:19,0
DA:22,0
DA:23,0
DA:27,0
DA:28,0
DA:29,0
DA:30,0
DA:31,0
DA:32,0
DA:33,0
DA:40,0
DA:42,0
DA:56,0
DA:57,0
DA:60,0
DA:71,0
DA:73,0
DA:88,0
DA:89,0
DA:92,0
DA:93,0
DA:96,0
DA:97,0
DA:100,0
DA:101,0
DA:115,0
DA:117,0
DA:135,0
DA:136,0
DA:139,0
DA:140,0
DA:143,0
DA:144,0
DA:147,0
DA:148,0
DA:158,0
DA:160,0
DA:162,0
DA:166,0
DA:171,0
DA:172,0
DA:175,0
DA:176,0
DA:179,0
DA:184,0
DA:185,0
DA:187,0
DA:188,0
DA:189,0
DA:190,0
DA:192,0
DA:194,0
DA:195,0
DA:197,0
DA:198,0
DA:199,0
DA:202,0
DA:203,0
DA:204,0
DA:207,0
DA:210,0
DA:211,0
DA:214,0
DA:216,0
DA:232,0
DA:233,0
DA:235,0
DA:236,0
DA:238,0
DA:243,0
DA:244,0
DA:247,0
DA:248,0
DA:251,0
DA:252,0
DA:253,0
DA:255,0
DA:256,0
DA:259,0
DA:260,0
DA:266,0
DA:272,0
DA:273,0
DA:276,0
DA:277,0
DA:281,0
DA:282,0
DA:283,0
DA:284,0
DA:288,0
DA:289,0
DA:295,0
DA:306,0
DA:308,0
DA:309,0
DA:310,0
DA:311,0
DA:316,0
DA:321,0
DA:323,0
DA:325,0
DA:334,0
DA:336,0
DA:356,0
DA:357,0
DA:365,0
DA:367,0
DA:368,0
DA:380,0
DA:381,0
DA:382,0
DA:385,0
DA:386,0
DA:387,0
DA:388,0
DA:397,0
DA:398,0
DA:403,0
DA:414,0
DA:415,0
DA:416,0
DA:417,0
DA:420,0
DA:429,0
DA:430,0
DA:434,0
DA:440,0
DA:455,0
DA:456,0
DA:461,0
DA:475,0
DA:477,0
DA:499,0
DA:500,0
DA:522,0
DA:523,0
DA:526,0
DA:527,0
DA:530,0
DA:536,0
DA:541,0
LF:145
LH:4
BRDA:27,0,0,0
BRDA:27,0,1,0
BRDA:28,1,0,0
BRDA:28,1,1,0
BRDA:28,2,0,0
BRDA:28,2,1,0
BRDA:30,3,0,0
BRDA:30,3,1,0
BRDA:30,4,0,0
BRDA:30,4,1,0
BRDA:31,5,0,0
BRDA:31,5,1,0
BRDA:31,6,0,0
BRDA:31,6,1,0
BRDA:56,7,0,0
BRDA:56,7,1,0
BRDA:56,8,0,0
BRDA:56,8,1,0
BRDA:63,9,0,0
BRDA:63,9,1,0
BRDA:88,10,0,0
BRDA:88,10,1,0
BRDA:92,11,0,0
BRDA:92,11,1,0
BRDA:92,12,0,0
BRDA:92,12,1,0
BRDA:96,13,0,0
BRDA:96,13,1,0
BRDA:104,14,0,0
BRDA:104,14,1,0
BRDA:135,15,0,0
BRDA:135,15,1,0
BRDA:139,16,0,0
BRDA:139,16,1,0
BRDA:139,17,0,0
BRDA:139,17,1,0
BRDA:143,18,0,0
BRDA:143,18,1,0
BRDA:151,19,0,0
BRDA:151,19,1,0
BRDA:171,20,0,0
BRDA:171,20,1,0
BRDA:175,21,0,0
BRDA:175,21,1,0
BRDA:192,22,0,0
BRDA:192,22,1,0
BRDA:194,23,0,0
BRDA:194,23,1,0
BRDA:197,24,0,0
BRDA:197,24,1,0
BRDA:202,25,0,0
BRDA:202,25,1,0
BRDA:207,26,0,0
BRDA:207,26,1,0
BRDA:210,27,0,0
BRDA:210,27,1,0
BRDA:214,28,0,0
BRDA:214,28,1,0
BRDA:219,29,0,0
BRDA:219,29,1,0
BRDA:243,30,0,0
BRDA:243,30,1,0
BRDA:248,31,0,0
BRDA:248,31,1,0
BRDA:251,32,0,0
BRDA:251,32,1,0
BRDA:252,33,0,0
BRDA:252,33,1,0
BRDA:255,34,0,0
BRDA:255,34,1,0
BRDA:255,35,0,0
BRDA:255,35,1,0
BRDA:259,36,0,0
BRDA:259,36,1,0
BRDA:259,37,0,0
BRDA:259,37,1,0
BRDA:272,38,0,0
BRDA:272,38,1,0
BRDA:277,39,0,0
BRDA:277,39,1,0
BRDA:283,40,0,0
BRDA:283,40,1,0
BRDA:288,41,0,0
BRDA:288,41,1,0
BRDA:310,42,0,0
BRDA:310,42,1,0
BRDA:341,43,0,0
BRDA:341,43,1,0
BRDA:342,44,0,0
BRDA:342,44,1,0
BRDA:343,45,0,0
BRDA:343,45,1,0
BRDA:344,46,0,0
BRDA:344,46,1,0
BRDA:345,47,0,0
BRDA:345,47,1,0
BRDA:356,48,0,0
BRDA:356,48,1,0
BRDA:380,49,0,0
BRDA:380,49,1,0
BRDA:386,50,0,0
BRDA:386,50,1,0
BRDA:386,51,0,0
BRDA:386,51,1,0
BRDA:397,52,0,0
BRDA:397,52,1,0
BRDA:417,53,0,0
BRDA:417,53,1,0
BRDA:429,54,0,0
BRDA:429,54,1,0
BRDA:499,55,0,0
BRDA:499,55,1,0
BRDA:526,56,0,0
BRDA:526,56,1,0
BRDA:526,57,0,0
BRDA:526,57,1,0
BRDA:536,58,0,0
BRDA:536,58,1,0
BRDA:540,59,0,0
BRDA:540,59,1,0
BRDA:22,60,0,1
BRDA:22,60,1,0
BRDA:22,61,0,1
BRDA:22,61,1,1
BRDA:22,62,0,1
BRDA:22,62,1,0
BRDA:22,63,0,1
BRDA:22,63,1,1
BRF:128
BRH:6
end_of_record
TN:
SF:src\modules\public-order\dto\public-order.dto.ts
FN:70,(anonymous_2)
FN:74,(anonymous_3)
FN:109,(anonymous_4)
FNF:3
FNH:0
FNDA:0,(anonymous_2)
FNDA:0,(anonymous_3)
FNDA:0,(anonymous_4)
DA:1,0
DA:10,0
DA:16,0
DA:22,0
DA:28,0
DA:36,0
DA:54,0
DA:56,0
DA:59,0
DA:61,0
DA:65,0
DA:70,0
DA:71,0
DA:74,0
DA:75,0
DA:76,0
DA:77,0
DA:80,0
DA:82,0
DA:85,0
DA:89,0
DA:93,0
DA:97,0
DA:101,0
DA:105,0
DA:109,0
DA:110,0
LF:27
LH:0
BRDA:74,0,0,0
BRDA:74,0,1,0
BRF:2
BRH:0
end_of_record
TN:
SF:src\modules\public\dto\public.dto.ts
FN:68,(anonymous_2)
FN:101,(anonymous_3)
FNF:2
FNH:0
FNDA:0,(anonymous_2)
FNDA:0,(anonymous_3)
DA:1,0
DA:9,0
DA:15,0
DA:21,0
DA:27,0
DA:35,0
DA:52,0
DA:54,0
DA:57,0
DA:59,0
DA:63,0
DA:68,0
DA:69,0
DA:72,0
DA:74,0
DA:77,0
DA:81,0
DA:85,0
DA:89,0
DA:93,0
DA:97,0
DA:101,0
DA:102,0
LF:23
LH:0
BRF:0
BRH:0
end_of_record
TN:
SF:src\modules\upload\upload.controller.ts
FN:30,(anonymous_4)
FN:66,(anonymous_5)
FN:117,(anonymous_6)
FN:145,(anonymous_7)
FN:172,(anonymous_8)
FNF:5
FNH:0
FNDA:0,(anonymous_4)
FNDA:0,(anonymous_5)
FNDA:0,(anonymous_6)
FNDA:0,(anonymous_7)
FNDA:0,(anonymous_8)
DA:1,0
DA:12,0
DA:13,0
DA:21,0
DA:22,0
DA:23,0
DA:29,0
DA:30,0
DA:66,0
DA:70,0
DA:71,0
DA:74,0
DA:117,0
DA:121,0
DA:122,0
DA:125,0
DA:145,0
DA:146,0
DA:147,0
DA:150,0
DA:151,0
DA:172,0
DA:173,0
DA:174,0
DA:177,0
DA:178,0
LF:26
LH:0
BRDA:70,0,0,0
BRDA:70,0,1,0
BRDA:74,1,0,0
BRDA:74,1,1,0
BRDA:121,2,0,0
BRDA:121,2,1,0
BRDA:121,3,0,0
BRDA:121,3,1,0
BRDA:125,4,0,0
BRDA:125,4,1,0
BRDA:146,5,0,0
BRDA:146,5,1,0
BRDA:173,6,0,0
BRDA:173,6,1,0
BRDA:173,7,0,0
BRDA:173,7,1,0
BRDA:67,8,0,0
BRDA:67,8,1,0
BRDA:67,9,0,0
BRDA:67,9,1,0
BRDA:67,9,2,0
BRDA:30,10,0,0
BRDA:30,10,1,0
BRDA:30,11,0,0
BRDA:30,11,1,0
BRF:25
BRH:0
end_of_record
TN:
SF:src\modules\upload\upload.module.ts
FNF:0
FNH:0
DA:1,0
DA:2,0
DA:3,0
DA:4,0
DA:12,0
LF:5
LH:0
BRF:0
BRH:0
end_of_record
TN:
SF:src\modules\upload\upload.service.ts
FN:28,(anonymous_2)
FN:33,(anonymous_3)
FN:94,(anonymous_4)
FN:98,(anonymous_5)
FN:107,(anonymous_6)
FN:132,(anonymous_7)
FNF:6
FNH:6
FNDA:13,(anonymous_2)
FNDA:19,(anonymous_3)
FNDA:2,(anonymous_4)
FNDA:4,(anonymous_5)
FNDA:3,(anonymous_6)
FNDA:2,(anonymous_7)
DA:1,1
DA:2,1
DA:3,1
DA:12,1
DA:13,13
DA:14,13
DA:17,13
DA:26,13
DA:28,13
DA:37,19
DA:40,19
DA:41,3
DA:47,16
DA:48,2
DA:54,14
DA:55,14
DA:57,14
DA:58,14
DA:61,14
DA:68,14
DA:69,2
DA:70,2
DA:74,12
DA:78,12
DA:80,12
DA:86,2
DA:87,2
DA:98,2
DA:99,4
DA:101,2
DA:108,3
DA:110,3
DA:111,3
DA:113,3
DA:117,3
DA:118,2
DA:119,2
DA:122,1
DA:124,2
DA:125,2
DA:133,2
DA:134,2
DA:136,2
DA:140,2
DA:141,1
DA:142,1
DA:147,1
DA:149,1
DA:150,1
LF:49
LH:49
BRDA:35,0,0,12
BRDA:40,1,0,3
BRDA:40,1,1,16
BRDA:47,2,0,2
BRDA:47,2,1,14
BRDA:68,3,0,2
BRDA:68,3,1,12
BRDA:96,4,0,0
BRDA:117,5,0,2
BRDA:117,5,1,1
BRDA:140,6,0,1
BRDA:140,6,1,1
BRDA:28,7,0,1
BRDA:28,7,1,0
BRDA:28,8,0,1
BRDA:28,8,1,1
BRF:16
BRH:14
end_of_record
